<?xml version="1.0" encoding="UTF-8"?>
<testsuite name="serverpublisher" tests="1" failures="0" time="0.555" errors="1" skipped="0">
  <testcase classname="serverpublisher" name="pep257.xunit.missing_result" time="0.555">
    <error message="The test did not generate a result file:&#10;&#10;Error in file ./vendor/googletest/googlemock/scripts/fuse_gmock_files.py: Cannot parse file.&#10;checking ./build/serverpublisher/ament_cmake_python/serverpublisher/serverpublisher/__init__.py&#10;checking ./build/serverpublisher/ament_cmake_python/serverpublisher/serverpublisher/msg/__init__.py&#10;checking ./build/serverpublisher/ament_cmake_python/serverpublisher/serverpublisher/msg/_data.py&#10;checking ./build/serverpublisher/ament_cmake_python/serverpublisher/serverpublisher/msg/_num.py&#10;checking ./build/serverpublisher/ament_cmake_python/serverpublisher/serverpublisher/msg/_sphere.py&#10;checking ./build/serverpublisher/ament_cmake_python/serverpublisher/serverpublisher/srv/__init__.py&#10;checking ./build/serverpublisher/ament_cmake_python/serverpublisher/serverpublisher/srv/_add_three_ints.py&#10;checking ./build/serverpublisher/ament_cmake_python/serverpublisher/serverpublisher/srv/_change_string.py&#10;checking ./build/serverpublisher/ament_cmake_python/serverpublisher/setup.py&#10;checking ./build/serverpublisher/rosidl_generator_py/serverpublisher/__init__.py&#10;checking ./build/serverpublisher/rosidl_generator_py/serverpublisher/msg/__init__.py&#10;checking ./build/serverpublisher/rosidl_generator_py/serverpublisher/msg/_data.py&#10;checking ./build/serverpublisher/rosidl_generator_py/serverpublisher/msg/_num.py&#10;checking ./build/serverpublisher/rosidl_generator_py/serverpublisher/msg/_sphere.py&#10;checking ./build/serverpublisher/rosidl_generator_py/serverpublisher/srv/__init__.py&#10;checking ./build/serverpublisher/rosidl_generator_py/serverpublisher/srv/_add_three_ints.py&#10;checking ./build/serverpublisher/rosidl_generator_py/serverpublisher/srv/_change_string.py&#10;checking ./install/_local_setup_util_ps1.py&#10;checking ./install/_local_setup_util_sh.py&#10;checking ./install/serverpublisher/local/lib/python3.10/dist-packages/serverpublisher/__init__.py&#10;checking ./install/serverpublisher/local/lib/python3.10/dist-packages/serverpublisher/msg/__init__.py&#10;checking ./install/serverpublisher/local/lib/python3.10/dist-packages/serverpublisher/msg/_data.py&#10;checking ./install/serverpublisher/local/lib/python3.10/dist-packages/serverpublisher/msg/_num.py&#10;checking ./install/serverpublisher/local/lib/python3.10/dist-packages/serverpublisher/msg/_sphere.py&#10;checking ./install/serverpublisher/local/lib/python3.10/dist-packages/serverpublisher/srv/__init__.py&#10;checking ./install/serverpublisher/local/lib/python3.10/dist-packages/serverpublisher/srv/_add_three_ints.py&#10;checking ./install/serverpublisher/local/lib/python3.10/dist-packages/serverpublisher/srv/_change_string.py&#10;checking ./install/serverpublisher/share/serverpublisher/launch/bag_launch.py&#10;checking ./install/serverpublisher/share/serverpublisher/launch/cpp_pubsub_launch.py&#10;checking ./install/serverpublisher/share/serverpublisher/launch/rosbag_launch.py&#10;checking ./launch/bag_launch.py&#10;checking ./launch/cpp_pubsub_launch.py&#10;checking ./launch/rosbag_launch.py&#10;checking ./vendor/googletest/googlemock/scripts/fuse_gmock_files.py&#10;./vendor/googletest/googlemock/scripts/fuse_gmock_files.py: Cannot parse file.&#10;checking ./vendor/googletest/googlemock/scripts/generator/cpp/__init__.py&#10;checking ./vendor/googletest/googlemock/scripts/generator/cpp/ast.py&#10;./vendor/googletest/googlemock/scripts/generator/cpp/ast.py:117 in public method `IsDeclaration`: D401: First line should be in imperative mood (perhaps 'Return', not 'Returns')&#10;./vendor/googletest/googlemock/scripts/generator/cpp/ast.py:121 in public method `IsDefinition`: D401: First line should be in imperative mood (perhaps 'Return', not 'Returns')&#10;./vendor/googletest/googlemock/scripts/generator/cpp/ast.py:125 in public method `IsExportable`: D401: First line should be in imperative mood (perhaps 'Return', not 'Returns')&#10;./vendor/googletest/googlemock/scripts/generator/cpp/ast.py:129 in public method `Requires`: D400: First line should end with a period (not '?')&#10;./vendor/googletest/googlemock/scripts/generator/cpp/ast.py:129 in public method `Requires`: D401: First line should be in imperative mood; try rephrasing (found 'Does')&#10;./vendor/googletest/googlemock/scripts/generator/cpp/ast.py:414 in public method `__init__`: D205: 1 blank line required between summary line and description (found 0)&#10;./vendor/googletest/googlemock/scripts/generator/cpp/ast.py:414 in public method `__init__`: D400: First line should end with a period (not ':')&#10;./vendor/googletest/googlemock/scripts/generator/cpp/ast.py:414 in public method `__init__`: D415: First line should end with a period, question mark, or exclamation point (not ':')&#10;./vendor/googletest/googlemock/scripts/generator/cpp/ast.py:478 in public method `ToType`: D205: 1 blank line required between summary line and description (found 0)&#10;./vendor/googletest/googlemock/scripts/generator/cpp/ast.py:478 in public method `ToType`: D213: Multi-line docstring summary should start at the second line&#10;./vendor/googletest/googlemock/scripts/generator/cpp/ast.py:478 in public method `ToType`: D413: Missing blank line after last section ('Returns')&#10;./vendor/googletest/googlemock/scripts/generator/cpp/ast.py:478 in public method `ToType`: D407: Missing dashed underline after section ('Returns')&#10;./vendor/googletest/googlemock/scripts/generator/cpp/ast.py:478 in public method `ToType`: D406: Section name should end with a newline ('Returns', not 'Returns:')&#10;./vendor/googletest/googlemock/scripts/generator/cpp/ast.py:929 in public method `GetName`: D401: First line should be in imperative mood (perhaps 'Return', not 'Returns')&#10;./vendor/googletest/googlemock/scripts/generator/cpp/ast.py:1664 in public function `BuilderFromSource`: D213: Multi-line docstring summary should start at the second line&#10;./vendor/googletest/googlemock/scripts/generator/cpp/ast.py:1664 in public function `BuilderFromSource`: D401: First line should be in imperative mood; try rephrasing (found 'Utility')&#10;./vendor/googletest/googlemock/scripts/generator/cpp/ast.py:1664 in public function `BuilderFromSource`: D413: Missing blank line after last section ('Returns')&#10;./vendor/googletest/googlemock/scripts/generator/cpp/ast.py:1664 in public function `BuilderFromSource`: D407: Missing dashed underline after section ('Returns')&#10;./vendor/googletest/googlemock/scripts/generator/cpp/ast.py:1664 in public function `BuilderFromSource`: D406: Section name should end with a newline ('Returns', not 'Returns:')&#10;./vendor/googletest/googlemock/scripts/generator/cpp/ast.py:1677 in public function `PrintIndentifiers`: D213: Multi-line docstring summary should start at the second line&#10;./vendor/googletest/googlemock/scripts/generator/cpp/ast.py:1677 in public function `PrintIndentifiers`: D401: First line should be in imperative mood (perhaps 'Print', not 'Prints')&#10;./vendor/googletest/googlemock/scripts/generator/cpp/ast.py:1677 in public function `PrintIndentifiers`: D413: Missing blank line after last section ('Args')&#10;./vendor/googletest/googlemock/scripts/generator/cpp/ast.py:1677 in public function `PrintIndentifiers`: D407: Missing dashed underline after section ('Args')&#10;./vendor/googletest/googlemock/scripts/generator/cpp/ast.py:1701 in public function `PrintAllIndentifiers`: D213: Multi-line docstring summary should start at the second line&#10;./vendor/googletest/googlemock/scripts/generator/cpp/ast.py:1701 in public function `PrintAllIndentifiers`: D401: First line should be in imperative mood (perhaps 'Print', not 'Prints')&#10;./vendor/googletest/googlemock/scripts/generator/cpp/ast.py:1701 in public function `PrintAllIndentifiers`: D413: Missing blank line after last section ('Args')&#10;./vendor/googletest/googlemock/scripts/generator/cpp/ast.py:1701 in public function `PrintAllIndentifiers`: D407: Missing dashed underline after section ('Args')&#10;checking ./vendor/googletest/googlemock/scripts/generator/cpp/gmock_class.py&#10;./vendor/googletest/googlemock/scripts/generator/cpp/gmock_class.py:17 at module level: D213: Multi-line docstring summary should start at the second line&#10;checking ./vendor/googletest/googlemock/scripts/generator/cpp/gmock_class_test.py&#10;checking ./vendor/googletest/googlemock/scripts/generator/cpp/keywords.py&#10;checking ./vendor/googletest/googlemock/scripts/generator/cpp/tokenize.py&#10;Error in file ./vendor/googletest/googlemock/scripts/upload.py: Cannot parse file.&#10;./vendor/googletest/googlemock/scripts/generator/cpp/tokenize.py:65 in public class `Token`: D213: Multi-line docstring summary should start at the second line&#10;./vendor/googletest/googlemock/scripts/generator/cpp/tokenize.py:120 in public function `GetTokens`: D213: Multi-line docstring summary should start at the second line&#10;./vendor/googletest/googlemock/scripts/generator/cpp/tokenize.py:120 in public function `GetTokens`: D401: First line should be in imperative mood (perhaps 'Return', not 'Returns')&#10;./vendor/googletest/googlemock/scripts/generator/cpp/tokenize.py:120 in public function `GetTokens`: D413: Missing blank line after last section ('Yields')&#10;./vendor/googletest/googlemock/scripts/generator/cpp/tokenize.py:120 in public function `GetTokens`: D407: Missing dashed underline after section ('Yields')&#10;./vendor/googletest/googlemock/scripts/generator/cpp/tokenize.py:120 in public function `GetTokens`: D406: Section name should end with a newline ('Yields', not 'Yields:')&#10;checking ./vendor/googletest/googlemock/scripts/generator/cpp/utils.py&#10;./vendor/googletest/googlemock/scripts/generator/cpp/utils.py:31 in public function `ReadFile`: D401: First line should be in imperative mood (perhaps 'Return', not 'Returns')&#10;checking ./vendor/googletest/googlemock/scripts/generator/gmock_gen.py&#10;checking ./vendor/googletest/googlemock/scripts/gmock_doctor.py&#10;./vendor/googletest/googlemock/scripts/gmock_doctor.py:138 in private function `_FindAllMatches`: D202: No blank lines allowed after function docstring (found 1)&#10;./vendor/googletest/googlemock/scripts/gmock_doctor.py:138 in private function `_FindAllMatches`: D401: First line should be in imperative mood (perhaps 'Generate', not 'Generates')&#10;./vendor/googletest/googlemock/scripts/gmock_doctor.py:145 in private function `_GenericDiagnoser`: D213: Multi-line docstring summary should start at the second line&#10;./vendor/googletest/googlemock/scripts/gmock_doctor.py:145 in private function `_GenericDiagnoser`: D413: Missing blank line after last section ('Yields')&#10;./vendor/googletest/googlemock/scripts/gmock_doctor.py:145 in private function `_GenericDiagnoser`: D411: Missing blank line before section ('Yields')&#10;./vendor/googletest/googlemock/scripts/gmock_doctor.py:145 in private function `_GenericDiagnoser`: D407: Missing dashed underline after section ('Yields')&#10;./vendor/googletest/googlemock/scripts/gmock_doctor.py:145 in private function `_GenericDiagnoser`: D406: Section name should end with a newline ('Yields', not 'Yields:')&#10;./vendor/googletest/googlemock/scripts/gmock_doctor.py:167 in private function `_NeedToReturnReferenceDiagnoser`: D202: No blank lines allowed after function docstring (found 1)&#10;./vendor/googletest/googlemock/scripts/gmock_doctor.py:192 in private function `_NeedToReturnSomethingDiagnoser`: D202: No blank lines allowed after function docstring (found 1)&#10;./vendor/googletest/googlemock/scripts/gmock_doctor.py:219 in private function `_NeedToReturnNothingDiagnoser`: D202: No blank lines allowed after function docstring (found 1)&#10;./vendor/googletest/googlemock/scripts/gmock_doctor.py:256 in private function `_IncompleteByReferenceArgumentDiagnoser`: D202: No blank lines allowed after function docstring (found 1)&#10;./vendor/googletest/googlemock/scripts/gmock_doctor.py:283 in private function `_OverloadedFunctionMatcherDiagnoser`: D202: No blank lines allowed after function docstring (found 1)&#10;./vendor/googletest/googlemock/scripts/gmock_doctor.py:304 in private function `_OverloadedFunctionActionDiagnoser`: D202: No blank lines allowed after function docstring (found 1)&#10;./vendor/googletest/googlemock/scripts/gmock_doctor.py:329 in private function `_OverloadedMethodActionDiagnoser`: D202: No blank lines allowed after function docstring (found 1)&#10;./vendor/googletest/googlemock/scripts/gmock_doctor.py:358 in private function `_MockObjectPointerDiagnoser`: D202: No blank lines allowed after function docstring (found 1)&#10;./vendor/googletest/googlemock/scripts/gmock_doctor.py:397 in private function `_NeedToUseSymbolDiagnoser`: D202: No blank lines allowed after function docstring (found 1)&#10;./vendor/googletest/googlemock/scripts/gmock_doctor.py:417 in private function `_NeedToUseReturnNullDiagnoser`: D202: No blank lines allowed after function docstring (found 1)&#10;./vendor/googletest/googlemock/scripts/gmock_doctor.py:443 in private function `_TypeInTemplatedBaseDiagnoser`: D202: No blank lines allowed after function docstring (found 1)&#10;./vendor/googletest/googlemock/scripts/gmock_doctor.py:512 in private function `_WrongMockMethodMacroDiagnoser`: D202: No blank lines allowed after function docstring (found 1)&#10;./vendor/googletest/googlemock/scripts/gmock_doctor.py:540 in private function `_WrongParenPositionDiagnoser`: D202: No blank lines allowed after function docstring (found 1)&#10;./vendor/googletest/googlemock/scripts/gmock_doctor.py:578 in public function `Diagnose`: D202: No blank lines allowed after function docstring (found 1)&#10;./vendor/googletest/googlemock/scripts/gmock_doctor.py:578 in public function `Diagnose`: D401: First line should be in imperative mood (perhaps 'Generate', not 'Generates')&#10;checking ./vendor/googletest/googlemock/scripts/upload.py&#10;./vendor/googletest/googlemock/scripts/upload.py: Cannot parse file.&#10;checking ./vendor/googletest/googlemock/scripts/upload_gmock.py&#10;./vendor/googletest/googlemock/scripts/upload_gmock.py:32 at module level: D213: Multi-line docstring summary should start at the second line&#10;checking ./vendor/googletest/googlemock/test/gmock_leak_test.py&#10;checking ./vendor/googletest/googlemock/test/gmock_output_test.py&#10;./vendor/googletest/googlemock/test/gmock_output_test.py:32 at module level: D213: Multi-line docstring summary should start at the second line&#10;./vendor/googletest/googlemock/test/gmock_output_test.py:60 in public function `ToUnixLineEnding`: D202: No blank lines allowed after function docstring (found 1)&#10;./vendor/googletest/googlemock/test/gmock_output_test.py:60 in public function `ToUnixLineEnding`: D401: First line should be in imperative mood (perhaps 'Change', not 'Changes')&#10;./vendor/googletest/googlemock/test/gmock_output_test.py:66 in public function `RemoveReportHeaderAndFooter`: D202: No blank lines allowed after function docstring (found 1)&#10;./vendor/googletest/googlemock/test/gmock_output_test.py:66 in public function `RemoveReportHeaderAndFooter`: D401: First line should be in imperative mood (perhaps 'Remove', not 'Removes')&#10;./vendor/googletest/googlemock/test/gmock_output_test.py:77 in public function `RemoveLocations`: D202: No blank lines allowed after function docstring (found 1)&#10;./vendor/googletest/googlemock/test/gmock_output_test.py:77 in public function `RemoveLocations`: D213: Multi-line docstring summary should start at the second line&#10;./vendor/googletest/googlemock/test/gmock_output_test.py:77 in public function `RemoveLocations`: D301: Use r&quot;&quot;&quot; if any backslashes in a docstring&#10;./vendor/googletest/googlemock/test/gmock_output_test.py:77 in public function `RemoveLocations`: D401: First line should be in imperative mood (perhaps 'Remove', not 'Removes')&#10;./vendor/googletest/googlemock/test/gmock_output_test.py:77 in public function `RemoveLocations`: D413: Missing blank line after last section ('Returns')&#10;./vendor/googletest/googlemock/test/gmock_output_test.py:77 in public function `RemoveLocations`: D407: Missing dashed underline after section ('Returns')&#10;./vendor/googletest/googlemock/test/gmock_output_test.py:77 in public function `RemoveLocations`: D406: Section name should end with a newline ('Returns', not 'Returns:')&#10;./vendor/googletest/googlemock/test/gmock_output_test.py:93 in public function `NormalizeErrorMarker`: D202: No blank lines allowed after function docstring (found 1)&#10;./vendor/googletest/googlemock/test/gmock_output_test.py:93 in public function `NormalizeErrorMarker`: D401: First line should be in imperative mood (perhaps 'Normalize', not 'Normalizes')&#10;./vendor/googletest/googlemock/test/gmock_output_test.py:99 in public function `RemoveMemoryAddresses`: D202: No blank lines allowed after function docstring (found 1)&#10;./vendor/googletest/googlemock/test/gmock_output_test.py:99 in public function `RemoveMemoryAddresses`: D401: First line should be in imperative mood (perhaps 'Remove', not 'Removes')&#10;./vendor/googletest/googlemock/test/gmock_output_test.py:105 in public function `RemoveTestNamesOfLeakedMocks`: D202: No blank lines allowed after function docstring (found 1)&#10;./vendor/googletest/googlemock/test/gmock_output_test.py:105 in public function `RemoveTestNamesOfLeakedMocks`: D401: First line should be in imperative mood (perhaps 'Remove', not 'Removes')&#10;./vendor/googletest/googlemock/test/gmock_output_test.py:111 in public function `GetLeakyTests`: D202: No blank lines allowed after function docstring (found 1)&#10;./vendor/googletest/googlemock/test/gmock_output_test.py:111 in public function `GetLeakyTests`: D401: First line should be in imperative mood (perhaps 'Return', not 'Returns')&#10;./vendor/googletest/googlemock/test/gmock_output_test.py:120 in public function `GetNormalizedOutputAndLeakyTests`: D202: No blank lines allowed after function docstring (found 1)&#10;./vendor/googletest/googlemock/test/gmock_output_test.py:120 in public function `GetNormalizedOutputAndLeakyTests`: D213: Multi-line docstring summary should start at the second line&#10;./vendor/googletest/googlemock/test/gmock_output_test.py:120 in public function `GetNormalizedOutputAndLeakyTests`: D401: First line should be in imperative mood (perhaps 'Normalize', not 'Normalizes')&#10;./vendor/googletest/googlemock/test/gmock_output_test.py:120 in public function `GetNormalizedOutputAndLeakyTests`: D413: Missing blank line after last section ('Returns')&#10;./vendor/googletest/googlemock/test/gmock_output_test.py:120 in public function `GetNormalizedOutputAndLeakyTests`: D407: Missing dashed underline after section ('Returns')&#10;./vendor/googletest/googlemock/test/gmock_output_test.py:120 in public function `GetNormalizedOutputAndLeakyTests`: D406: Section name should end with a newline ('Returns', not 'Returns:')&#10;./vendor/googletest/googlemock/test/gmock_output_test.py:139 in public function `GetShellCommandOutput`: D202: No blank lines allowed after function docstring (found 1)&#10;./vendor/googletest/googlemock/test/gmock_output_test.py:139 in public function `GetShellCommandOutput`: D401: First line should be in imperative mood (perhaps 'Run', not 'Runs')&#10;./vendor/googletest/googlemock/test/gmock_output_test.py:145 in public function `GetNormalizedCommandOutputAndLeakyTests`: D202: No blank lines allowed after function docstring (found 1)&#10;./vendor/googletest/googlemock/test/gmock_output_test.py:145 in public function `GetNormalizedCommandOutputAndLeakyTests`: D213: Multi-line docstring summary should start at the second line&#10;./vendor/googletest/googlemock/test/gmock_output_test.py:145 in public function `GetNormalizedCommandOutputAndLeakyTests`: D401: First line should be in imperative mood (perhaps 'Run', not 'Runs')&#10;./vendor/googletest/googlemock/test/gmock_output_test.py:145 in public function `GetNormalizedCommandOutputAndLeakyTests`: D413: Missing blank line after last section ('Args')&#10;./vendor/googletest/googlemock/test/gmock_output_test.py:145 in public function `GetNormalizedCommandOutputAndLeakyTests`: D407: Missing dashed underline after section ('Args')&#10;checking ./vendor/googletest/googlemock/test/gmock_test_utils.py&#10;./vendor/googletest/googlemock/test/gmock_test_utils.py:55 in public function `GetSourceDir`: D202: No blank lines allowed after function docstring (found 1)&#10;./vendor/googletest/googlemock/test/gmock_test_utils.py:55 in public function `GetSourceDir`: D401: First line should be in imperative mood (perhaps 'Return', not 'Returns')&#10;./vendor/googletest/googlemock/test/gmock_test_utils.py:61 in public function `GetTestExecutablePath`: D202: No blank lines allowed after function docstring (found 1)&#10;./vendor/googletest/googlemock/test/gmock_test_utils.py:61 in public function `GetTestExecutablePath`: D213: Multi-line docstring summary should start at the second line&#10;./vendor/googletest/googlemock/test/gmock_test_utils.py:61 in public function `GetTestExecutablePath`: D401: First line should be in imperative mood (perhaps 'Return', not 'Returns')&#10;./vendor/googletest/googlemock/test/gmock_test_utils.py:61 in public function `GetTestExecutablePath`: D413: Missing blank line after last section ('Returns')&#10;./vendor/googletest/googlemock/test/gmock_test_utils.py:61 in public function `GetTestExecutablePath`: D407: Missing dashed underline after section ('Returns')&#10;./vendor/googletest/googlemock/test/gmock_test_utils.py:61 in public function `GetTestExecutablePath`: D406: Section name should end with a newline ('Returns', not 'Returns:')&#10;./vendor/googletest/googlemock/test/gmock_test_utils.py:77 in public function `GetExitStatus`: D202: No blank lines allowed after function docstring (found 1)&#10;./vendor/googletest/googlemock/test/gmock_test_utils.py:77 in public function `GetExitStatus`: D213: Multi-line docstring summary should start at the second line&#10;./vendor/googletest/googlemock/test/gmock_test_utils.py:77 in public function `GetExitStatus`: D401: First line should be in imperative mood (perhaps 'Return', not 'Returns')&#10;./vendor/googletest/googlemock/test/gmock_test_utils.py:77 in public function `GetExitStatus`: D413: Missing blank line after last section ('Args')&#10;./vendor/googletest/googlemock/test/gmock_test_utils.py:77 in public function `GetExitStatus`: D407: Missing dashed underline after section ('Args')&#10;./vendor/googletest/googlemock/test/gmock_test_utils.py:110 in public function `Main`: D202: No blank lines allowed after function docstring (found 1)&#10;./vendor/googletest/googlemock/test/gmock_test_utils.py:110 in public function `Main`: D401: First line should be in imperative mood (perhaps 'Run', not 'Runs')&#10;checking ./vendor/googletest/googletest/scripts/common.py&#10;./vendor/googletest/googletest/scripts/common.py:47 in public function `GetCommandOutput`: D202: No blank lines allowed after function docstring (found 1)&#10;./vendor/googletest/googletest/scripts/common.py:47 in public function `GetCommandOutput`: D401: First line should be in imperative mood (perhaps 'Run', not 'Runs')&#10;./vendor/googletest/googletest/scripts/common.py:56 in public function `GetSvnInfo`: D202: No blank lines allowed after function docstring (found 1)&#10;./vendor/googletest/googletest/scripts/common.py:56 in public function `GetSvnInfo`: D401: First line should be in imperative mood (perhaps 'Return', not 'Returns')&#10;./vendor/googletest/googletest/scripts/common.py:70 in public function `GetSvnTrunk`: D202: No blank lines allowed after function docstring (found 1)&#10;./vendor/googletest/googletest/scripts/common.py:70 in public function `GetSvnTrunk`: D401: First line should be in imperative mood (perhaps 'Return', not 'Returns')&#10;checking ./vendor/googletest/googletest/scripts/fuse_gtest_files.py&#10;./vendor/googletest/googletest/scripts/fuse_gtest_files.py:32 at module level: D205: 1 blank line required between summary line and description (found 0)&#10;./vendor/googletest/googletest/scripts/fuse_gtest_files.py:32 at module level: D213: Multi-line docstring summary should start at the second line&#10;./vendor/googletest/googletest/scripts/fuse_gtest_files.py:32 at module level: D400: First line should end with a period (not '0')&#10;./vendor/googletest/googletest/scripts/fuse_gtest_files.py:32 at module level: D415: First line should end with a period, question mark, or exclamation point (not '0')&#10;./vendor/googletest/googletest/scripts/fuse_gtest_files.py:32 at module level: D405: Section name should be properly capitalized ('Examples', not 'EXAMPLES')&#10;./vendor/googletest/googletest/scripts/fuse_gtest_files.py:32 at module level: D413: Missing blank line after last section ('Examples')&#10;./vendor/googletest/googletest/scripts/fuse_gtest_files.py:32 at module level: D407: Missing dashed underline after section ('Examples')&#10;./vendor/googletest/googletest/scripts/fuse_gtest_files.py:90 in public function `VerifyFileExists`: D202: No blank lines allowed after function docstring (found 1)&#10;Error in file ./vendor/googletest/googletest/scripts/gen_gtest_pred_impl.py: Cannot parse file.&#10;Error in file ./vendor/googletest/googletest/scripts/pump.py: Cannot parse file.&#10;Error in file ./vendor/googletest/googletest/scripts/release_docs.py: Cannot parse file.&#10;Error in file ./vendor/googletest/googletest/scripts/upload.py: Cannot parse file.&#10;./vendor/googletest/googletest/scripts/fuse_gtest_files.py:90 in public function `VerifyFileExists`: D213: Multi-line docstring summary should start at the second line&#10;./vendor/googletest/googletest/scripts/fuse_gtest_files.py:90 in public function `VerifyFileExists`: D401: First line should be in imperative mood (perhaps 'Verify', not 'Verifies')&#10;./vendor/googletest/googletest/scripts/fuse_gtest_files.py:104 in public function `ValidateGTestRootDir`: D202: No blank lines allowed after function docstring (found 1)&#10;./vendor/googletest/googletest/scripts/fuse_gtest_files.py:104 in public function `ValidateGTestRootDir`: D213: Multi-line docstring summary should start at the second line&#10;./vendor/googletest/googletest/scripts/fuse_gtest_files.py:104 in public function `ValidateGTestRootDir`: D401: First line should be in imperative mood (perhaps 'Make', not 'Makes')&#10;./vendor/googletest/googletest/scripts/fuse_gtest_files.py:114 in public function `VerifyOutputFile`: D202: No blank lines allowed after function docstring (found 1)&#10;./vendor/googletest/googletest/scripts/fuse_gtest_files.py:114 in public function `VerifyOutputFile`: D213: Multi-line docstring summary should start at the second line&#10;./vendor/googletest/googletest/scripts/fuse_gtest_files.py:114 in public function `VerifyOutputFile`: D401: First line should be in imperative mood (perhaps 'Verify', not 'Verifies')&#10;./vendor/googletest/googletest/scripts/fuse_gtest_files.py:140 in public function `ValidateOutputDir`: D202: No blank lines allowed after function docstring (found 1)&#10;./vendor/googletest/googletest/scripts/fuse_gtest_files.py:140 in public function `ValidateOutputDir`: D213: Multi-line docstring summary should start at the second line&#10;./vendor/googletest/googletest/scripts/fuse_gtest_files.py:140 in public function `ValidateOutputDir`: D401: First line should be in imperative mood (perhaps 'Make', not 'Makes')&#10;./vendor/googletest/googletest/scripts/fuse_gtest_files.py:150 in public function `FuseGTestH`: D202: No blank lines allowed after function docstring (found 1)&#10;./vendor/googletest/googletest/scripts/fuse_gtest_files.py:150 in public function `FuseGTestH`: D401: First line should be in imperative mood (perhaps 'Scan', not 'Scans')&#10;./vendor/googletest/googletest/scripts/fuse_gtest_files.py:156 in private nested function `ProcessFile`: D202: No blank lines allowed after function docstring (found 1)&#10;./vendor/googletest/googletest/scripts/fuse_gtest_files.py:156 in private nested function `ProcessFile`: D401: First line should be in imperative mood (perhaps 'Process', not 'Processes')&#10;./vendor/googletest/googletest/scripts/fuse_gtest_files.py:179 in public function `FuseGTestAllCcToFile`: D202: No blank lines allowed after function docstring (found 1)&#10;./vendor/googletest/googletest/scripts/fuse_gtest_files.py:179 in public function `FuseGTestAllCcToFile`: D401: First line should be in imperative mood (perhaps 'Scan', not 'Scans')&#10;./vendor/googletest/googletest/scripts/fuse_gtest_files.py:184 in private nested function `ProcessFile`: D202: No blank lines allowed after function docstring (found 1)&#10;./vendor/googletest/googletest/scripts/fuse_gtest_files.py:184 in private nested function `ProcessFile`: D401: First line should be in imperative mood (perhaps 'Process', not 'Processes')&#10;./vendor/googletest/googletest/scripts/fuse_gtest_files.py:222 in public function `FuseGTestAllCc`: D202: No blank lines allowed after function docstring (found 1)&#10;./vendor/googletest/googletest/scripts/fuse_gtest_files.py:222 in public function `FuseGTestAllCc`: D401: First line should be in imperative mood (perhaps 'Scan', not 'Scans')&#10;./vendor/googletest/googletest/scripts/fuse_gtest_files.py:230 in public function `FuseGTest`: D202: No blank lines allowed after function docstring (found 1)&#10;checking ./vendor/googletest/googletest/scripts/gen_gtest_pred_impl.py&#10;./vendor/googletest/googletest/scripts/gen_gtest_pred_impl.py: Cannot parse file.&#10;checking ./vendor/googletest/googletest/scripts/pump.py&#10;./vendor/googletest/googletest/scripts/pump.py: Cannot parse file.&#10;checking ./vendor/googletest/googletest/scripts/release_docs.py&#10;./vendor/googletest/googletest/scripts/release_docs.py: Cannot parse file.&#10;checking ./vendor/googletest/googletest/scripts/upload.py&#10;./vendor/googletest/googletest/scripts/upload.py: Cannot parse file.&#10;checking ./vendor/googletest/googletest/scripts/upload_gtest.py&#10;./vendor/googletest/googletest/scripts/upload_gtest.py:32 at module level: D213: Multi-line docstring summary should start at the second line&#10;checking ./vendor/googletest/googletest/test/gtest_break_on_failure_unittest.py&#10;./vendor/googletest/googletest/test/gtest_break_on_failure_unittest.py:32 at module level: D213: Multi-line docstring summary should start at the second line&#10;./vendor/googletest/googletest/test/gtest_break_on_failure_unittest.py:81 in public function `Run`: D202: No blank lines allowed after function docstring (found 1)&#10;./vendor/googletest/googletest/test/gtest_break_on_failure_unittest.py:81 in public function `Run`: D401: First line should be in imperative mood (perhaps 'Run', not 'Runs')&#10;./vendor/googletest/googletest/test/gtest_break_on_failure_unittest.py:94 in public class `GTestBreakOnFailureUnitTest`: D205: 1 blank line required between summary line and description (found 0)&#10;./vendor/googletest/googletest/test/gtest_break_on_failure_unittest.py:94 in public class `GTestBreakOnFailureUnitTest`: D213: Multi-line docstring summary should start at the second line&#10;./vendor/googletest/googletest/test/gtest_break_on_failure_unittest.py:94 in public class `GTestBreakOnFailureUnitTest`: D400: First line should end with a period (not 'r')&#10;./vendor/googletest/googletest/test/gtest_break_on_failure_unittest.py:94 in public class `GTestBreakOnFailureUnitTest`: D415: First line should end with a period, question mark, or exclamation point (not 'r')&#10;./vendor/googletest/googletest/test/gtest_break_on_failure_unittest.py:100 in public method `RunAndVerify`: D202: No blank lines allowed after function docstring (found 1)&#10;./vendor/googletest/googletest/test/gtest_break_on_failure_unittest.py:100 in public method `RunAndVerify`: D205: 1 blank line required between summary line and description (found 0)&#10;./vendor/googletest/googletest/test/gtest_break_on_failure_unittest.py:100 in public method `RunAndVerify`: D213: Multi-line docstring summary should start at the second line&#10;./vendor/googletest/googletest/test/gtest_break_on_failure_unittest.py:100 in public method `RunAndVerify`: D400: First line should end with a period (not 's')&#10;./vendor/googletest/googletest/test/gtest_break_on_failure_unittest.py:100 in public method `RunAndVerify`: D415: First line should end with a period, question mark, or exclamation point (not 's')&#10;./vendor/googletest/googletest/test/gtest_break_on_failure_unittest.py:100 in public method `RunAndVerify`: D401: First line should be in imperative mood (perhaps 'Run', not 'Runs')&#10;./vendor/googletest/googletest/test/gtest_break_on_failure_unittest.py:100 in public method `RunAndVerify`: D413: Missing blank line after last section ('Args')&#10;./vendor/googletest/googletest/test/gtest_break_on_failure_unittest.py:100 in public method `RunAndVerify`: D407: Missing dashed underline after section ('Args')&#10;./vendor/googletest/googletest/test/gtest_break_on_failure_unittest.py:145 in public method `testDefaultBehavior`: D202: No blank lines allowed after function docstring (found 1)&#10;./vendor/googletest/googletest/test/gtest_break_on_failure_unittest.py:152 in public method `testEnvVar`: D202: No blank lines allowed after function docstring (found 1)&#10;./vendor/googletest/googletest/test/gtest_break_on_failure_unittest.py:162 in public method `testFlag`: D202: No blank lines allowed after function docstring (found 1)&#10;./vendor/googletest/googletest/test/gtest_break_on_failure_unittest.py:172 in public method `testFlagOverridesEnvVar`: D202: No blank lines allowed after function docstring (found 1)&#10;./vendor/googletest/googletest/test/gtest_break_on_failure_unittest.py:188 in public method `testBreakOnFailureOverridesThrowOnFailure`: D202: No blank lines allowed after function docstring (found 1)&#10;./vendor/googletest/googletest/test/gtest_break_on_failure_unittest.py:200 in public method `testCatchExceptionsDoesNotInterfere`: D202: No blank lines allowed after function docstring (found 1)&#10;checking ./vendor/googletest/googletest/test/gtest_catch_exceptions_test.py&#10;./vendor/googletest/googletest/test/gtest_catch_exceptions_test.py:31 at module level: D213: Multi-line docstring summary should start at the second line&#10;./vendor/googletest/googletest/test/gtest_catch_exceptions_test.py:86 in public class `CatchSehExceptionsTest`: D204: 1 blank line required after class docstring (found 2)&#10;./vendor/googletest/googletest/test/gtest_catch_exceptions_test.py:115 in public class `CatchCxxExceptionsTest`: D208: Docstring is over-indented&#10;./vendor/googletest/googletest/test/gtest_catch_exceptions_test.py:115 in public class `CatchCxxExceptionsTest`: D213: Multi-line docstring summary should start at the second line&#10;checking ./vendor/googletest/googletest/test/gtest_color_test.py&#10;./vendor/googletest/googletest/test/gtest_color_test.py:48 in public function `SetEnvVar`: D202: No blank lines allowed after function docstring (found 1)&#10;./vendor/googletest/googletest/test/gtest_color_test.py:48 in public function `SetEnvVar`: D401: First line should be in imperative mood (perhaps 'Set', not 'Sets')&#10;./vendor/googletest/googletest/test/gtest_color_test.py:57 in public function `UsesColor`: D202: No blank lines allowed after function docstring (found 1)&#10;./vendor/googletest/googletest/test/gtest_color_test.py:57 in public function `UsesColor`: D401: First line should be in imperative mood (perhaps 'Run', not 'Runs')&#10;./vendor/googletest/googletest/test/gtest_color_test.py:72 in public method `testNoEnvVarNoFlag`: D202: No blank lines allowed after function docstring (found 1)&#10;./vendor/googletest/googletest/test/gtest_color_test.py:87 in public method `testFlagOnly`: D202: No blank lines allowed after function docstring (found 1)&#10;./vendor/googletest/googletest/test/gtest_color_test.py:98 in public method `testEnvVarOnly`: D202: No blank lines allowed after function docstring (found 1)&#10;./vendor/googletest/googletest/test/gtest_color_test.py:109 in public method `testEnvVarAndFlag`: D202: No blank lines allowed after function docstring (found 1)&#10;./vendor/googletest/googletest/test/gtest_color_test.py:116 in public method `testAliasesOfYesAndNo`: D202: No blank lines allowed after function docstring (found 1)&#10;checking ./vendor/googletest/googletest/test/gtest_env_var_test.py&#10;./vendor/googletest/googletest/test/gtest_env_var_test.py:56 in public function `SetEnvVar`: D202: No blank lines allowed after function docstring (found 1)&#10;./vendor/googletest/googletest/test/gtest_env_var_test.py:56 in public function `SetEnvVar`: D401: First line should be in imperative mood (perhaps 'Set', not 'Sets')&#10;./vendor/googletest/googletest/test/gtest_env_var_test.py:65 in public function `GetFlag`: D202: No blank lines allowed after function docstring (found 1)&#10;./vendor/googletest/googletest/test/gtest_env_var_test.py:65 in public function `GetFlag`: D401: First line should be in imperative mood (perhaps 'Run', not 'Runs')&#10;./vendor/googletest/googletest/test/gtest_env_var_test.py:74 in public function `TestFlag`: D202: No blank lines allowed after function docstring (found 1)&#10;./vendor/googletest/googletest/test/gtest_env_var_test.py:74 in public function `TestFlag`: D401: First line should be in imperative mood (perhaps 'Verify', not 'Verifies')&#10;./vendor/googletest/googletest/test/gtest_env_var_test.py:85 in public method `testEnvVarAffectsFlag`: D202: No blank lines allowed after function docstring (found 1)&#10;./vendor/googletest/googletest/test/gtest_env_var_test.py:103 in public method `testXmlOutputFile`: D202: No blank lines allowed after function docstring (found 1)&#10;./vendor/googletest/googletest/test/gtest_env_var_test.py:110 in public method `testXmlOutputFileOverride`: D202: No blank lines allowed after function docstring (found 1)&#10;./vendor/googletest/googletest/test/gtest_env_var_test.py:110 in public method `testXmlOutputFileOverride`: D400: First line should end with a period (not 'T')&#10;./vendor/googletest/googletest/test/gtest_env_var_test.py:110 in public method `testXmlOutputFileOverride`: D415: First line should end with a period, question mark, or exclamation point (not 'T')&#10;checking ./vendor/googletest/googletest/test/gtest_filter_unittest.py&#10;./vendor/googletest/googletest/test/gtest_filter_unittest.py:31 at module level: D213: Multi-line docstring summary should start at the second line&#10;./vendor/googletest/googletest/test/gtest_filter_unittest.py:173 in public function `SetEnvVar`: D202: No blank lines allowed after function docstring (found 1)&#10;./vendor/googletest/googletest/test/gtest_filter_unittest.py:173 in public function `SetEnvVar`: D401: First line should be in imperative mood (perhaps 'Set', not 'Sets')&#10;./vendor/googletest/googletest/test/gtest_filter_unittest.py:182 in public function `RunAndReturnOutput`: D202: No blank lines allowed after function docstring (found 1)&#10;./vendor/googletest/googletest/test/gtest_filter_unittest.py:182 in public function `RunAndReturnOutput`: D401: First line should be in imperative mood (perhaps 'Run', not 'Runs')&#10;./vendor/googletest/googletest/test/gtest_filter_unittest.py:189 in public function `RunAndExtractTestList`: D202: No blank lines allowed after function docstring (found 1)&#10;./vendor/googletest/googletest/test/gtest_filter_unittest.py:189 in public function `RunAndExtractTestList`: D401: First line should be in imperative mood (perhaps 'Run', not 'Runs')&#10;./vendor/googletest/googletest/test/gtest_filter_unittest.py:208 in public function `InvokeWithModifiedEnv`: D401: First line should be in imperative mood (perhaps 'Run', not 'Runs')&#10;./vendor/googletest/googletest/test/gtest_filter_unittest.py:219 in public function `RunWithSharding`: D202: No blank lines allowed after function docstring (found 1)&#10;./vendor/googletest/googletest/test/gtest_filter_unittest.py:219 in public function `RunWithSharding`: D401: First line should be in imperative mood (perhaps 'Run', not 'Runs')&#10;./vendor/googletest/googletest/test/gtest_filter_unittest.py:234 in public method `AssertSetEqual`: D202: No blank lines allowed after function docstring (found 1)&#10;./vendor/googletest/googletest/test/gtest_filter_unittest.py:234 in public method `AssertSetEqual`: D401: First line should be in imperative mood (perhaps 'Assert', not 'Asserts')&#10;./vendor/googletest/googletest/test/gtest_filter_unittest.py:243 in public method `AssertPartitionIsValid`: D202: No blank lines allowed after function docstring (found 1)&#10;./vendor/googletest/googletest/test/gtest_filter_unittest.py:243 in public method `AssertPartitionIsValid`: D401: First line should be in imperative mood (perhaps 'Assert', not 'Asserts')&#10;./vendor/googletest/googletest/test/gtest_filter_unittest.py:252 in public method `AdjustForParameterizedTests`: D202: No blank lines allowed after function docstring (found 1)&#10;./vendor/googletest/googletest/test/gtest_filter_unittest.py:261 in public method `RunAndVerify`: D202: No blank lines allowed after function docstring (found 1)&#10;./vendor/googletest/googletest/test/gtest_filter_unittest.py:261 in public method `RunAndVerify`: D401: First line should be in imperative mood (perhaps 'Check', not 'Checks')&#10;./vendor/googletest/googletest/test/gtest_filter_unittest.py:292 in public method `RunAndVerifyWithSharding`: D202: No blank lines allowed after function docstring (found 1)&#10;./vendor/googletest/googletest/test/gtest_filter_unittest.py:292 in public method `RunAndVerifyWithSharding`: D213: Multi-line docstring summary should start at the second line&#10;./vendor/googletest/googletest/test/gtest_filter_unittest.py:292 in public method `RunAndVerifyWithSharding`: D401: First line should be in imperative mood (perhaps 'Check', not 'Checks')&#10;./vendor/googletest/googletest/test/gtest_filter_unittest.py:292 in public method `RunAndVerifyWithSharding`: D413: Missing blank line after last section ('Args')&#10;./vendor/googletest/googletest/test/gtest_filter_unittest.py:292 in public method `RunAndVerifyWithSharding`: D407: Missing dashed underline after section ('Args')&#10;./vendor/googletest/googletest/test/gtest_filter_unittest.py:329 in public method `RunAndVerifyAllowingDisabled`: D202: No blank lines allowed after function docstring (found 1)&#10;./vendor/googletest/googletest/test/gtest_filter_unittest.py:329 in public method `RunAndVerifyAllowingDisabled`: D213: Multi-line docstring summary should start at the second line&#10;./vendor/googletest/googletest/test/gtest_filter_unittest.py:329 in public method `RunAndVerifyAllowingDisabled`: D401: First line should be in imperative mood (perhaps 'Check', not 'Checks')&#10;./vendor/googletest/googletest/test/gtest_filter_unittest.py:329 in public method `RunAndVerifyAllowingDisabled`: D413: Missing blank line after last section ('Args')&#10;./vendor/googletest/googletest/test/gtest_filter_unittest.py:329 in public method `RunAndVerifyAllowingDisabled`: D407: Missing dashed underline after section ('Args')&#10;./vendor/googletest/googletest/test/gtest_filter_unittest.py:350 in public method `setUp`: D202: No blank lines allowed after function docstring (found 1)&#10;./vendor/googletest/googletest/test/gtest_filter_unittest.py:350 in public method `setUp`: D213: Multi-line docstring summary should start at the second line&#10;./vendor/googletest/googletest/test/gtest_filter_unittest.py:350 in public method `setUp`: D401: First line should be in imperative mood (perhaps 'Set', not 'Sets')&#10;./vendor/googletest/googletest/test/gtest_filter_unittest.py:362 in public method `testDefaultBehavior`: D202: No blank lines allowed after function docstring (found 1)&#10;./vendor/googletest/googletest/test/gtest_filter_unittest.py:367 in public method `testDefaultBehaviorWithShards`: D202: No blank lines allowed after function docstring (found 1)&#10;./vendor/googletest/googletest/test/gtest_filter_unittest.py:376 in public method `testEmptyFilter`: D202: No blank lines allowed after function docstring (found 1)&#10;./vendor/googletest/googletest/test/gtest_filter_unittest.py:383 in public method `testBadFilter`: D202: No blank lines allowed after function docstring (found 1)&#10;./vendor/googletest/googletest/test/gtest_filter_unittest.py:389 in public method `testFullName`: D202: No blank lines allowed after function docstring (found 1)&#10;./vendor/googletest/googletest/test/gtest_filter_unittest.py:396 in public method `testUniversalFilters`: D202: No blank lines allowed after function docstring (found 1)&#10;./vendor/googletest/googletest/test/gtest_filter_unittest.py:405 in public method `testFilterByTestCase`: D202: No blank lines allowed after function docstring (found 1)&#10;./vendor/googletest/googletest/test/gtest_filter_unittest.py:415 in public method `testFilterByTest`: D202: No blank lines allowed after function docstring (found 1)&#10;./vendor/googletest/googletest/test/gtest_filter_unittest.py:420 in public method `testFilterDisabledTests`: D202: No blank lines allowed after function docstring (found 1)&#10;./vendor/googletest/googletest/test/gtest_filter_unittest.py:445 in public method `testWildcardInTestCaseName`: D202: No blank lines allowed after function docstring (found 1)&#10;./vendor/googletest/googletest/test/gtest_filter_unittest.py:457 in public method `testWildcardInTestName`: D202: No blank lines allowed after function docstring (found 1)&#10;./vendor/googletest/googletest/test/gtest_filter_unittest.py:462 in public method `testFilterWithoutDot`: D202: No blank lines allowed after function docstring (found 1)&#10;./vendor/googletest/googletest/test/gtest_filter_unittest.py:473 in public method `testTwoPatterns`: D202: No blank lines allowed after function docstring (found 1)&#10;./vendor/googletest/googletest/test/gtest_filter_unittest.py:486 in public method `testThreePatterns`: D202: No blank lines allowed after function docstring (found 1)&#10;./vendor/googletest/googletest/test/gtest_filter_unittest.py:567 in public method `testFlagOverridesEnvVar`: D202: No blank lines allowed after function docstring (found 1)&#10;./vendor/googletest/googletest/test/gtest_filter_unittest.py:577 in public method `testShardStatusFileIsCreated`: D202: No blank lines allowed after function docstring (found 1)&#10;./vendor/googletest/googletest/test/gtest_filter_unittest.py:591 in public method `testShardStatusFileIsCreatedWithListTests`: D202: No blank lines allowed after function docstring (found 1)&#10;./vendor/googletest/googletest/test/gtest_filter_unittest.py:615 in public method `testShardingWorksWithDeathTests`: D202: No blank lines allowed after function docstring (found 1)&#10;checking ./vendor/googletest/googletest/test/gtest_help_test.py&#10;./vendor/googletest/googletest/test/gtest_help_test.py:32 at module level: D213: Multi-line docstring summary should start at the second line&#10;./vendor/googletest/googletest/test/gtest_help_test.py:82 in public function `RunWithFlag`: D202: No blank lines allowed after function docstring (found 1)&#10;./vendor/googletest/googletest/test/gtest_help_test.py:82 in public function `RunWithFlag`: D213: Multi-line docstring summary should start at the second line&#10;./vendor/googletest/googletest/test/gtest_help_test.py:82 in public function `RunWithFlag`: D401: First line should be in imperative mood (perhaps 'Run', not 'Runs')&#10;./vendor/googletest/googletest/test/gtest_help_test.py:82 in public function `RunWithFlag`: D413: Missing blank line after last section ('Returns')&#10;./vendor/googletest/googletest/test/gtest_help_test.py:82 in public function `RunWithFlag`: D407: Missing dashed underline after section ('Returns')&#10;./vendor/googletest/googletest/test/gtest_help_test.py:82 in public function `RunWithFlag`: D406: Section name should end with a newline ('Returns', not 'Returns:')&#10;./vendor/googletest/googletest/test/gtest_help_test.py:102 in public method `TestHelpFlag`: D202: No blank lines allowed after function docstring (found 1)&#10;./vendor/googletest/googletest/test/gtest_help_test.py:102 in public method `TestHelpFlag`: D213: Multi-line docstring summary should start at the second line&#10;./vendor/googletest/googletest/test/gtest_help_test.py:102 in public method `TestHelpFlag`: D401: First line should be in imperative mood (perhaps 'Verify', not 'Verifies')&#10;./vendor/googletest/googletest/test/gtest_help_test.py:102 in public method `TestHelpFlag`: D413: Missing blank line after last section ('Args')&#10;./vendor/googletest/googletest/test/gtest_help_test.py:102 in public method `TestHelpFlag`: D407: Missing dashed underline after section ('Args')&#10;./vendor/googletest/googletest/test/gtest_help_test.py:126 in public method `TestNonHelpFlag`: D202: No blank lines allowed after function docstring (found 1)&#10;./vendor/googletest/googletest/test/gtest_help_test.py:126 in public method `TestNonHelpFlag`: D213: Multi-line docstring summary should start at the second line&#10;./vendor/googletest/googletest/test/gtest_help_test.py:126 in public method `TestNonHelpFlag`: D401: First line should be in imperative mood (perhaps 'Verify', not 'Verifies')&#10;./vendor/googletest/googletest/test/gtest_help_test.py:126 in public method `TestNonHelpFlag`: D413: Missing blank line after last section ('Args')&#10;./vendor/googletest/googletest/test/gtest_help_test.py:126 in public method `TestNonHelpFlag`: D407: Missing dashed underline after section ('Args')&#10;./vendor/googletest/googletest/test/gtest_help_test.py:159 in public method `testRunsTestsWithoutHelpFlag`: D202: No blank lines allowed after function docstring (found 1)&#10;./vendor/googletest/googletest/test/gtest_help_test.py:159 in public method `testRunsTestsWithoutHelpFlag`: D205: 1 blank line required between summary line and description (found 0)&#10;./vendor/googletest/googletest/test/gtest_help_test.py:159 in public method `testRunsTestsWithoutHelpFlag`: D209: Multi-line docstring closing quotes should be on a separate line&#10;./vendor/googletest/googletest/test/gtest_help_test.py:159 in public method `testRunsTestsWithoutHelpFlag`: D213: Multi-line docstring summary should start at the second line&#10;./vendor/googletest/googletest/test/gtest_help_test.py:159 in public method `testRunsTestsWithoutHelpFlag`: D400: First line should end with a period (not 'n')&#10;./vendor/googletest/googletest/test/gtest_help_test.py:159 in public method `testRunsTestsWithoutHelpFlag`: D415: First line should end with a period, question mark, or exclamation point (not 'n')&#10;./vendor/googletest/googletest/test/gtest_help_test.py:165 in public method `testRunsTestsWithGtestInternalFlag`: D202: No blank lines allowed after function docstring (found 1)&#10;./vendor/googletest/googletest/test/gtest_help_test.py:165 in public method `testRunsTestsWithGtestInternalFlag`: D205: 1 blank line required between summary line and description (found 0)&#10;./vendor/googletest/googletest/test/gtest_help_test.py:165 in public method `testRunsTestsWithGtestInternalFlag`: D209: Multi-line docstring closing quotes should be on a separate line&#10;./vendor/googletest/googletest/test/gtest_help_test.py:165 in public method `testRunsTestsWithGtestInternalFlag`: D213: Multi-line docstring summary should start at the second line&#10;./vendor/googletest/googletest/test/gtest_help_test.py:165 in public method `testRunsTestsWithGtestInternalFlag`: D400: First line should end with a period (not 'n')&#10;./vendor/googletest/googletest/test/gtest_help_test.py:165 in public method `testRunsTestsWithGtestInternalFlag`: D415: First line should end with a period, question mark, or exclamation point (not 'n')&#10;checking ./vendor/googletest/googletest/test/gtest_list_tests_unittest.py&#10;./vendor/googletest/googletest/test/gtest_list_tests_unittest.py:32 at module level: D213: Multi-line docstring summary should start at the second line&#10;./vendor/googletest/googletest/test/gtest_list_tests_unittest.py:118 in public function `Run`: D202: No blank lines allowed after function docstring (found 1)&#10;./vendor/googletest/googletest/test/gtest_list_tests_unittest.py:118 in public function `Run`: D401: First line should be in imperative mood (perhaps 'Run', not 'Runs')&#10;./vendor/googletest/googletest/test/gtest_list_tests_unittest.py:130 in public method `RunAndVerify`: D202: No blank lines allowed after function docstring (found 1)&#10;./vendor/googletest/googletest/test/gtest_list_tests_unittest.py:130 in public method `RunAndVerify`: D205: 1 blank line required between summary line and description (found 0)&#10;./vendor/googletest/googletest/test/gtest_list_tests_unittest.py:130 in public method `RunAndVerify`: D213: Multi-line docstring summary should start at the second line&#10;./vendor/googletest/googletest/test/gtest_list_tests_unittest.py:130 in public method `RunAndVerify`: D400: First line should end with a period (not 's')&#10;./vendor/googletest/googletest/test/gtest_list_tests_unittest.py:130 in public method `RunAndVerify`: D415: First line should end with a period, question mark, or exclamation point (not 's')&#10;./vendor/googletest/googletest/test/gtest_list_tests_unittest.py:130 in public method `RunAndVerify`: D401: First line should be in imperative mood (perhaps 'Run', not 'Runs')&#10;./vendor/googletest/googletest/test/gtest_list_tests_unittest.py:130 in public method `RunAndVerify`: D413: Missing blank line after last section ('Args')&#10;./vendor/googletest/googletest/test/gtest_list_tests_unittest.py:130 in public method `RunAndVerify`: D407: Missing dashed underline after section ('Args')&#10;./vendor/googletest/googletest/test/gtest_list_tests_unittest.py:174 in public method `testDefaultBehavior`: D202: No blank lines allowed after function docstring (found 1)&#10;./vendor/googletest/googletest/test/gtest_list_tests_unittest.py:181 in public method `testFlag`: D202: No blank lines allowed after function docstring (found 1)&#10;./vendor/googletest/googletest/test/gtest_list_tests_unittest.py:191 in public method `testOverrideNonFilterFlags`: D202: No blank lines allowed after function docstring (found 1)&#10;./vendor/googletest/googletest/test/gtest_list_tests_unittest.py:198 in public method `testWithFilterFlags`: D202: No blank lines allowed after function docstring (found 1)&#10;./vendor/googletest/googletest/test/gtest_list_tests_unittest.py:198 in public method `testWithFilterFlags`: D205: 1 blank line required between summary line and description (found 0)&#10;./vendor/googletest/googletest/test/gtest_list_tests_unittest.py:198 in public method `testWithFilterFlags`: D209: Multi-line docstring closing quotes should be on a separate line&#10;./vendor/googletest/googletest/test/gtest_list_tests_unittest.py:198 in public method `testWithFilterFlags`: D213: Multi-line docstring summary should start at the second line&#10;./vendor/googletest/googletest/test/gtest_list_tests_unittest.py:198 in public method `testWithFilterFlags`: D400: First line should end with a period (not 'e')&#10;./vendor/googletest/googletest/test/gtest_list_tests_unittest.py:198 in public method `testWithFilterFlags`: D415: First line should end with a period, question mark, or exclamation point (not 'e')&#10;checking ./vendor/googletest/googletest/test/gtest_output_test.py&#10;./vendor/googletest/googletest/test/gtest_output_test.py:32 at module level: D213: Multi-line docstring summary should start at the second line&#10;./vendor/googletest/googletest/test/gtest_output_test.py:84 in public function `ToUnixLineEnding`: D202: No blank lines allowed after function docstring (found 1)&#10;./vendor/googletest/googletest/test/gtest_output_test.py:84 in public function `ToUnixLineEnding`: D401: First line should be in imperative mood (perhaps 'Change', not 'Changes')&#10;./vendor/googletest/googletest/test/gtest_output_test.py:90 in public function `RemoveLocations`: D202: No blank lines allowed after function docstring (found 1)&#10;./vendor/googletest/googletest/test/gtest_output_test.py:90 in public function `RemoveLocations`: D213: Multi-line docstring summary should start at the second line&#10;./vendor/googletest/googletest/test/gtest_output_test.py:90 in public function `RemoveLocations`: D301: Use r&quot;&quot;&quot; if any backslashes in a docstring&#10;./vendor/googletest/googletest/test/gtest_output_test.py:90 in public function `RemoveLocations`: D401: First line should be in imperative mood (perhaps 'Remove', not 'Removes')&#10;./vendor/googletest/googletest/test/gtest_output_test.py:90 in public function `RemoveLocations`: D413: Missing blank line after last section ('Returns')&#10;./vendor/googletest/googletest/test/gtest_output_test.py:90 in public function `RemoveLocations`: D407: Missing dashed underline after section ('Returns')&#10;./vendor/googletest/googletest/test/gtest_output_test.py:90 in public function `RemoveLocations`: D406: Section name should end with a newline ('Returns', not 'Returns:')&#10;./vendor/googletest/googletest/test/gtest_output_test.py:106 in public function `RemoveStackTraceDetails`: D202: No blank lines allowed after function docstring (found 1)&#10;./vendor/googletest/googletest/test/gtest_output_test.py:106 in public function `RemoveStackTraceDetails`: D401: First line should be in imperative mood (perhaps 'Remove', not 'Removes')&#10;./vendor/googletest/googletest/test/gtest_output_test.py:114 in public function `RemoveStackTraces`: D202: No blank lines allowed after function docstring (found 1)&#10;./vendor/googletest/googletest/test/gtest_output_test.py:114 in public function `RemoveStackTraces`: D401: First line should be in imperative mood (perhaps 'Remove', not 'Removes')&#10;./vendor/googletest/googletest/test/gtest_output_test.py:121 in public function `RemoveTime`: D202: No blank lines allowed after function docstring (found 1)&#10;./vendor/googletest/googletest/test/gtest_output_test.py:121 in public function `RemoveTime`: D401: First line should be in imperative mood (perhaps 'Remove', not 'Removes')&#10;./vendor/googletest/googletest/test/gtest_output_test.py:127 in public function `RemoveTypeInfoDetails`: D202: No blank lines allowed after function docstring (found 1)&#10;./vendor/googletest/googletest/test/gtest_output_test.py:127 in public function `RemoveTypeInfoDetails`: D213: Multi-line docstring summary should start at the second line&#10;./vendor/googletest/googletest/test/gtest_output_test.py:127 in public function `RemoveTypeInfoDetails`: D401: First line should be in imperative mood (perhaps 'Remove', not 'Removes')&#10;./vendor/googletest/googletest/test/gtest_output_test.py:127 in public function `RemoveTypeInfoDetails`: D413: Missing blank line after last section ('Returns')&#10;./vendor/googletest/googletest/test/gtest_output_test.py:127 in public function `RemoveTypeInfoDetails`: D407: Missing dashed underline after section ('Returns')&#10;./vendor/googletest/googletest/test/gtest_output_test.py:127 in public function `RemoveTypeInfoDetails`: D406: Section name should end with a newline ('Returns', not 'Returns:')&#10;./vendor/googletest/googletest/test/gtest_output_test.py:141 in public function `NormalizeToCurrentPlatform`: D202: No blank lines allowed after function docstring (found 1)&#10;./vendor/googletest/googletest/test/gtest_output_test.py:141 in public function `NormalizeToCurrentPlatform`: D401: First line should be in imperative mood (perhaps 'Normalize', not 'Normalizes')&#10;./vendor/googletest/googletest/test/gtest_output_test.py:155 in public function `RemoveTestCounts`: D202: No blank lines allowed after function docstring (found 1)&#10;./vendor/googletest/googletest/test/gtest_output_test.py:155 in public function `RemoveTestCounts`: D401: First line should be in imperative mood (perhaps 'Remove', not 'Removes')&#10;./vendor/googletest/googletest/test/gtest_output_test.py:169 in public function `RemoveMatchingTests`: D202: No blank lines allowed after function docstring (found 1)&#10;./vendor/googletest/googletest/test/gtest_output_test.py:169 in public function `RemoveMatchingTests`: D213: Multi-line docstring summary should start at the second line&#10;./vendor/googletest/googletest/test/gtest_output_test.py:169 in public function `RemoveMatchingTests`: D401: First line should be in imperative mood (perhaps 'Remove', not 'Removes')&#10;./vendor/googletest/googletest/test/gtest_output_test.py:169 in public function `RemoveMatchingTests`: D413: Missing blank line after last section ('Returns')&#10;./vendor/googletest/googletest/test/gtest_output_test.py:169 in public function `RemoveMatchingTests`: D407: Missing dashed underline after section ('Returns')&#10;./vendor/googletest/googletest/test/gtest_output_test.py:169 in public function `RemoveMatchingTests`: D406: Section name should end with a newline ('Returns', not 'Returns:')&#10;./vendor/googletest/googletest/test/gtest_output_test.py:192 in public function `NormalizeOutput`: D202: No blank lines allowed after function docstring (found 1)&#10;./vendor/googletest/googletest/test/gtest_output_test.py:192 in public function `NormalizeOutput`: D401: First line should be in imperative mood (perhaps 'Normalize', not 'Normalizes')&#10;./vendor/googletest/googletest/test/gtest_output_test.py:202 in public function `GetShellCommandOutput`: D202: No blank lines allowed after function docstring (found 1)&#10;./vendor/googletest/googletest/test/gtest_output_test.py:202 in public function `GetShellCommandOutput`: D213: Multi-line docstring summary should start at the second line&#10;./vendor/googletest/googletest/test/gtest_output_test.py:202 in public function `GetShellCommandOutput`: D401: First line should be in imperative mood (perhaps 'Run', not 'Runs')&#10;./vendor/googletest/googletest/test/gtest_output_test.py:202 in public function `GetShellCommandOutput`: D413: Missing blank line after last section ('Returns')&#10;./vendor/googletest/googletest/test/gtest_output_test.py:202 in public function `GetShellCommandOutput`: D407: Missing dashed underline after section ('Returns')&#10;./vendor/googletest/googletest/test/gtest_output_test.py:202 in public function `GetShellCommandOutput`: D406: Section name should end with a newline ('Returns', not 'Returns:')&#10;./vendor/googletest/googletest/test/gtest_output_test.py:223 in public function `GetCommandOutput`: D202: No blank lines allowed after function docstring (found 1)&#10;./vendor/googletest/googletest/test/gtest_output_test.py:223 in public function `GetCommandOutput`: D205: 1 blank line required between summary line and description (found 0)&#10;./vendor/googletest/googletest/test/gtest_output_test.py:223 in public function `GetCommandOutput`: D213: Multi-line docstring summary should start at the second line&#10;./vendor/googletest/googletest/test/gtest_output_test.py:223 in public function `GetCommandOutput`: D400: First line should end with a period (not 'n')&#10;./vendor/googletest/googletest/test/gtest_output_test.py:223 in public function `GetCommandOutput`: D415: First line should end with a period, question mark, or exclamation point (not 'n')&#10;./vendor/googletest/googletest/test/gtest_output_test.py:223 in public function `GetCommandOutput`: D401: First line should be in imperative mood (perhaps 'Run', not 'Runs')&#10;./vendor/googletest/googletest/test/gtest_output_test.py:223 in public function `GetCommandOutput`: D413: Missing blank line after last section ('Args')&#10;./vendor/googletest/googletest/test/gtest_output_test.py:223 in public function `GetCommandOutput`: D407: Missing dashed underline after section ('Args')&#10;./vendor/googletest/googletest/test/gtest_output_test.py:240 in public function `GetOutputOfAllCommands`: D202: No blank lines allowed after function docstring (found 1)&#10;./vendor/googletest/googletest/test/gtest_output_test.py:240 in public function `GetOutputOfAllCommands`: D401: First line should be in imperative mood (perhaps 'Return', not 'Returns')&#10;checking ./vendor/googletest/googletest/test/gtest_shuffle_test.py&#10;./vendor/googletest/googletest/test/gtest_shuffle_test.py:79 in public function `RunAndReturnOutput`: D202: No blank lines allowed after function docstring (found 1)&#10;./vendor/googletest/googletest/test/gtest_shuffle_test.py:79 in public function `RunAndReturnOutput`: D401: First line should be in imperative mood (perhaps 'Run', not 'Runs')&#10;./vendor/googletest/googletest/test/gtest_shuffle_test.py:88 in public function `GetTestsForAllIterations`: D202: No blank lines allowed after function docstring (found 1)&#10;./vendor/googletest/googletest/test/gtest_shuffle_test.py:88 in public function `GetTestsForAllIterations`: D213: Multi-line docstring summary should start at the second line&#10;./vendor/googletest/googletest/test/gtest_shuffle_test.py:88 in public function `GetTestsForAllIterations`: D401: First line should be in imperative mood (perhaps 'Run', not 'Runs')&#10;./vendor/googletest/googletest/test/gtest_shuffle_test.py:88 in public function `GetTestsForAllIterations`: D413: Missing blank line after last section ('Returns')&#10;./vendor/googletest/googletest/test/gtest_shuffle_test.py:88 in public function `GetTestsForAllIterations`: D407: Missing dashed underline after section ('Returns')&#10;./vendor/googletest/googletest/test/gtest_shuffle_test.py:88 in public function `GetTestsForAllIterations`: D406: Section name should end with a newline ('Returns', not 'Returns:')&#10;./vendor/googletest/googletest/test/gtest_shuffle_test.py:111 in public function `GetTestCases`: D202: No blank lines allowed after function docstring (found 1)&#10;./vendor/googletest/googletest/test/gtest_shuffle_test.py:111 in public function `GetTestCases`: D213: Multi-line docstring summary should start at the second line&#10;./vendor/googletest/googletest/test/gtest_shuffle_test.py:111 in public function `GetTestCases`: D401: First line should be in imperative mood (perhaps 'Return', not 'Returns')&#10;./vendor/googletest/googletest/test/gtest_shuffle_test.py:111 in public function `GetTestCases`: D413: Missing blank line after last section ('Returns')&#10;./vendor/googletest/googletest/test/gtest_shuffle_test.py:111 in public function `GetTestCases`: D407: Missing dashed underline after section ('Returns')&#10;./vendor/googletest/googletest/test/gtest_shuffle_test.py:111 in public function `GetTestCases`: D406: Section name should end with a newline ('Returns', not 'Returns:')&#10;./vendor/googletest/googletest/test/gtest_shuffle_test.py:131 in public function `CalculateTestLists`: D202: No blank lines allowed after function docstring (found 1)&#10;./vendor/googletest/googletest/test/gtest_shuffle_test.py:131 in public function `CalculateTestLists`: D401: First line should be in imperative mood (perhaps 'Calculate', not 'Calculates')&#10;checking ./vendor/googletest/googletest/test/gtest_test_utils.py&#10;./vendor/googletest/googletest/test/gtest_test_utils.py:66 in public function `SetEnvVar`: D202: No blank lines allowed after function docstring (found 1)&#10;./vendor/googletest/googletest/test/gtest_test_utils.py:87 in private function `_ParseAndStripGTestFlags`: D202: No blank lines allowed after function docstring (found 1)&#10;./vendor/googletest/googletest/test/gtest_test_utils.py:87 in private function `_ParseAndStripGTestFlags`: D401: First line should be in imperative mood (perhaps 'Parse', not 'Parses')&#10;./vendor/googletest/googletest/test/gtest_test_utils.py:116 in public function `GetFlag`: D202: No blank lines allowed after function docstring (found 1)&#10;./vendor/googletest/googletest/test/gtest_test_utils.py:116 in public function `GetFlag`: D401: First line should be in imperative mood (perhaps 'Return', not 'Returns')&#10;./vendor/googletest/googletest/test/gtest_test_utils.py:127 in public function `GetSourceDir`: D202: No blank lines allowed after function docstring (found 1)&#10;./vendor/googletest/googletest/test/gtest_test_utils.py:127 in public function `GetSourceDir`: D401: First line should be in imperative mood (perhaps 'Return', not 'Returns')&#10;./vendor/googletest/googletest/test/gtest_test_utils.py:133 in public function `GetBuildDir`: D202: No blank lines allowed after function docstring (found 1)&#10;./vendor/googletest/googletest/test/gtest_test_utils.py:133 in public function `GetBuildDir`: D401: First line should be in imperative mood (perhaps 'Return', not 'Returns')&#10;./vendor/googletest/googletest/test/gtest_test_utils.py:148 in public function `GetTempDir`: D202: No blank lines allowed after function docstring (found 1)&#10;./vendor/googletest/googletest/test/gtest_test_utils.py:148 in public function `GetTempDir`: D401: First line should be in imperative mood (perhaps 'Return', not 'Returns')&#10;./vendor/googletest/googletest/test/gtest_test_utils.py:157 in public function `GetTestExecutablePath`: D202: No blank lines allowed after function docstring (found 1)&#10;./vendor/googletest/googletest/test/gtest_test_utils.py:157 in public function `GetTestExecutablePath`: D213: Multi-line docstring summary should start at the second line&#10;./vendor/googletest/googletest/test/gtest_test_utils.py:157 in public function `GetTestExecutablePath`: D401: First line should be in imperative mood (perhaps 'Return', not 'Returns')&#10;./vendor/googletest/googletest/test/gtest_test_utils.py:157 in public function `GetTestExecutablePath`: D413: Missing blank line after last section ('Returns')&#10;./vendor/googletest/googletest/test/gtest_test_utils.py:157 in public function `GetTestExecutablePath`: D407: Missing dashed underline after section ('Returns')&#10;./vendor/googletest/googletest/test/gtest_test_utils.py:157 in public function `GetTestExecutablePath`: D406: Section name should end with a newline ('Returns', not 'Returns:')&#10;./vendor/googletest/googletest/test/gtest_test_utils.py:188 in public function `GetExitStatus`: D202: No blank lines allowed after function docstring (found 1)&#10;./vendor/googletest/googletest/test/gtest_test_utils.py:188 in public function `GetExitStatus`: D213: Multi-line docstring summary should start at the second line&#10;./vendor/googletest/googletest/test/gtest_test_utils.py:188 in public function `GetExitStatus`: D401: First line should be in imperative mood (perhaps 'Return', not 'Returns')&#10;./vendor/googletest/googletest/test/gtest_test_utils.py:188 in public function `GetExitStatus`: D413: Missing blank line after last section ('Args')&#10;./vendor/googletest/googletest/test/gtest_test_utils.py:188 in public function `GetExitStatus`: D407: Missing dashed underline after section ('Args')&#10;./vendor/googletest/googletest/test/gtest_test_utils.py:209 in public method `__init__`: D202: No blank lines allowed after function docstring (found 1)&#10;./vendor/googletest/googletest/test/gtest_test_utils.py:209 in public method `__init__`: D213: Multi-line docstring summary should start at the second line&#10;./vendor/googletest/googletest/test/gtest_test_utils.py:209 in public method `__init__`: D401: First line should be in imperative mood (perhaps 'Change', not 'Changes')&#10;./vendor/googletest/googletest/test/gtest_test_utils.py:209 in public method `__init__`: D413: Missing blank line after last section ('Returns')&#10;./vendor/googletest/googletest/test/gtest_test_utils.py:209 in public method `__init__`: D407: Missing dashed underline after section ('Returns')&#10;./vendor/googletest/googletest/test/gtest_test_utils.py:209 in public method `__init__`: D406: Section name should end with a newline ('Returns', not 'Returns:')&#10;./vendor/googletest/googletest/test/gtest_test_utils.py:307 in public function `Main`: D202: No blank lines allowed after function docstring (found 1)&#10;./vendor/googletest/googletest/test/gtest_test_utils.py:307 in public function `Main`: D401: First line should be in imperative mood (perhaps 'Run', not 'Runs')&#10;checking ./vendor/googletest/googletest/test/gtest_throw_on_failure_test.py&#10;./vendor/googletest/googletest/test/gtest_throw_on_failure_test.py:32 at module level: D213: Multi-line docstring summary should start at the second line&#10;./vendor/googletest/googletest/test/gtest_throw_on_failure_test.py:59 in public function `SetEnvVar`: D202: No blank lines allowed after function docstring (found 1)&#10;./vendor/googletest/googletest/test/gtest_throw_on_failure_test.py:59 in public function `SetEnvVar`: D205: 1 blank line required between summary line and description (found 0)&#10;./vendor/googletest/googletest/test/gtest_throw_on_failure_test.py:59 in public function `SetEnvVar`: D213: Multi-line docstring summary should start at the second line&#10;./vendor/googletest/googletest/test/gtest_throw_on_failure_test.py:59 in public function `SetEnvVar`: D400: First line should end with a period (not 'e')&#10;./vendor/googletest/googletest/test/gtest_throw_on_failure_test.py:59 in public function `SetEnvVar`: D415: First line should end with a period, question mark, or exclamation point (not 'e')&#10;./vendor/googletest/googletest/test/gtest_throw_on_failure_test.py:59 in public function `SetEnvVar`: D401: First line should be in imperative mood (perhaps 'Set', not 'Sets')&#10;./vendor/googletest/googletest/test/gtest_throw_on_failure_test.py:71 in public function `Run`: D202: No blank lines allowed after function docstring (found 1)&#10;./vendor/googletest/googletest/test/gtest_throw_on_failure_test.py:71 in public function `Run`: D401: First line should be in imperative mood (perhaps 'Run', not 'Runs')&#10;./vendor/googletest/googletest/test/gtest_throw_on_failure_test.py:84 in public method `RunAndVerify`: D202: No blank lines allowed after function docstring (found 1)&#10;./vendor/googletest/googletest/test/gtest_throw_on_failure_test.py:84 in public method `RunAndVerify`: D205: 1 blank line required between summary line and description (found 0)&#10;./vendor/googletest/googletest/test/gtest_throw_on_failure_test.py:84 in public method `RunAndVerify`: D213: Multi-line docstring summary should start at the second line&#10;./vendor/googletest/googletest/test/gtest_throw_on_failure_test.py:84 in public method `RunAndVerify`: D400: First line should end with a period (not 's')&#10;./vendor/googletest/googletest/test/gtest_throw_on_failure_test.py:84 in public method `RunAndVerify`: D415: First line should end with a period, question mark, or exclamation point (not 's')&#10;./vendor/googletest/googletest/test/gtest_throw_on_failure_test.py:84 in public method `RunAndVerify`: D401: First line should be in imperative mood (perhaps 'Run', not 'Runs')&#10;./vendor/googletest/googletest/test/gtest_throw_on_failure_test.py:84 in public method `RunAndVerify`: D413: Missing blank line after last section ('Args')&#10;./vendor/googletest/googletest/test/gtest_throw_on_failure_test.py:84 in public method `RunAndVerify`: D407: Missing dashed underline after section ('Args')&#10;./vendor/googletest/googletest/test/gtest_throw_on_failure_test.py:129 in public method `testDefaultBehavior`: D202: No blank lines allowed after function docstring (found 1)&#10;./vendor/googletest/googletest/test/gtest_throw_on_failure_test.py:134 in public method `testThrowOnFailureEnvVar`: D202: No blank lines allowed after function docstring (found 1)&#10;./vendor/googletest/googletest/test/gtest_throw_on_failure_test.py:144 in public method `testThrowOnFailureFlag`: D202: No blank lines allowed after function docstring (found 1)&#10;./vendor/googletest/googletest/test/gtest_throw_on_failure_test.py:154 in public method `testThrowOnFailureFlagOverridesEnvVar`: D202: No blank lines allowed after function docstring (found 1)&#10;checking ./vendor/googletest/googletest/test/gtest_uninitialized_test.py&#10;./vendor/googletest/googletest/test/gtest_uninitialized_test.py:55 in public function `TestExitCodeAndOutput`: D202: No blank lines allowed after function docstring (found 1)&#10;./vendor/googletest/googletest/test/gtest_uninitialized_test.py:55 in public function `TestExitCodeAndOutput`: D401: First line should be in imperative mood (perhaps 'Run', not 'Runs')&#10;checking ./vendor/googletest/googletest/test/gtest_xml_outfiles_test.py&#10;checking ./vendor/googletest/googletest/test/gtest_xml_output_unittest.py&#10;./vendor/googletest/googletest/test/gtest_xml_output_unittest.py:32 at module level: D400: First line should end with a period (not 'e')&#10;./vendor/googletest/googletest/test/gtest_xml_output_unittest.py:32 at module level: D415: First line should end with a period, question mark, or exclamation point (not 'e')&#10;./vendor/googletest/googletest/test/gtest_xml_output_unittest.py:153 in public class `GTestXMLOutputUnitTest`: D200: One-line docstring should fit on one line with quotes (found 3)&#10;./vendor/googletest/googletest/test/gtest_xml_output_unittest.py:161 in public method `testNonEmptyXmlOutput`: D205: 1 blank line required between summary line and description (found 0)&#10;./vendor/googletest/googletest/test/gtest_xml_output_unittest.py:161 in public method `testNonEmptyXmlOutput`: D400: First line should end with a period (not 'd')&#10;./vendor/googletest/googletest/test/gtest_xml_output_unittest.py:161 in public method `testNonEmptyXmlOutput`: D415: First line should end with a period, question mark, or exclamation point (not 'd')&#10;./vendor/googletest/googletest/test/gtest_xml_output_unittest.py:168 in public method `testEmptyXmlOutput`: D202: No blank lines allowed after function docstring (found 1)&#10;./vendor/googletest/googletest/test/gtest_xml_output_unittest.py:168 in public method `testEmptyXmlOutput`: D213: Multi-line docstring summary should start at the second line&#10;./vendor/googletest/googletest/test/gtest_xml_output_unittest.py:177 in public method `testTimestampValue`: D213: Multi-line docstring summary should start at the second line&#10;./vendor/googletest/googletest/test/gtest_xml_output_unittest.py:202 in public method `testDefaultOutputFile`: D205: 1 blank line required between summary line and description (found 0)&#10;./vendor/googletest/googletest/test/gtest_xml_output_unittest.py:202 in public method `testDefaultOutputFile`: D400: First line should end with a period (not 'd')&#10;./vendor/googletest/googletest/test/gtest_xml_output_unittest.py:202 in public method `testDefaultOutputFile`: D415: First line should end with a period, question mark, or exclamation point (not 'd')&#10;./vendor/googletest/googletest/test/gtest_xml_output_unittest.py:225 in public method `testSuppressedXmlOutput`: D202: No blank lines allowed after function docstring (found 1)&#10;./vendor/googletest/googletest/test/gtest_xml_output_unittest.py:225 in public method `testSuppressedXmlOutput`: D205: 1 blank line required between summary line and description (found 0)&#10;./vendor/googletest/googletest/test/gtest_xml_output_unittest.py:225 in public method `testSuppressedXmlOutput`: D400: First line should end with a period (not 's')&#10;./vendor/googletest/googletest/test/gtest_xml_output_unittest.py:225 in public method `testSuppressedXmlOutput`: D415: First line should end with a period, question mark, or exclamation point (not 's')&#10;./vendor/googletest/googletest/test/gtest_xml_output_unittest.py:254 in public method `testFilteredTestXmlOutput`: D202: No blank lines allowed after function docstring (found 1)&#10;./vendor/googletest/googletest/test/gtest_xml_output_unittest.py:254 in public method `testFilteredTestXmlOutput`: D213: Multi-line docstring summary should start at the second line&#10;./vendor/googletest/googletest/test/gtest_xml_output_unittest.py:264 in private method `_GetXmlOutput`: D205: 1 blank line required between summary line and description (found 0)&#10;./vendor/googletest/googletest/test/gtest_xml_output_unittest.py:264 in private method `_GetXmlOutput`: D401: First line should be in imperative mood (perhaps 'Return', not 'Returns')&#10;./vendor/googletest/googletest/test/gtest_xml_output_unittest.py:289 in private method `_TestXmlOutput`: D202: No blank lines allowed after function docstring (found 1)&#10;./vendor/googletest/googletest/test/gtest_xml_output_unittest.py:289 in private method `_TestXmlOutput`: D205: 1 blank line required between summary line and description (found 0)&#10;./vendor/googletest/googletest/test/gtest_xml_output_unittest.py:289 in private method `_TestXmlOutput`: D400: First line should end with a period (not 'm')&#10;./vendor/googletest/googletest/test/gtest_xml_output_unittest.py:289 in private method `_TestXmlOutput`: D415: First line should end with a period, question mark, or exclamation point (not 'm')&#10;./vendor/googletest/googletest/test/gtest_xml_output_unittest.py:289 in private method `_TestXmlOutput`: D401: First line should be in imperative mood (perhaps 'Assert', not 'Asserts')&#10;checking ./vendor/googletest/googletest/test/gtest_xml_test_utils.py&#10;./vendor/googletest/googletest/test/gtest_xml_test_utils.py:32 at module level: D400: First line should end with a period (not 't')&#10;./vendor/googletest/googletest/test/gtest_xml_test_utils.py:32 at module level: D415: First line should end with a period, question mark, or exclamation point (not 't')&#10;./vendor/googletest/googletest/test/gtest_xml_test_utils.py:46 in public class `GTestXMLTestCase`: D200: One-line docstring should fit on one line with quotes (found 3)&#10;./vendor/googletest/googletest/test/gtest_xml_test_utils.py:46 in public class `GTestXMLTestCase`: D204: 1 blank line required after class docstring (found 2)&#10;./vendor/googletest/googletest/test/gtest_xml_test_utils.py:52 in public method `AssertEquivalentNodes`: D202: No blank lines allowed after function docstring (found 1)&#10;./vendor/googletest/googletest/test/gtest_xml_test_utils.py:52 in public method `AssertEquivalentNodes`: D205: 1 blank line required between summary line and description (found 0)&#10;./vendor/googletest/googletest/test/gtest_xml_test_utils.py:52 in public method `AssertEquivalentNodes`: D400: First line should end with a period (not 'o')&#10;./vendor/googletest/googletest/test/gtest_xml_test_utils.py:52 in public method `AssertEquivalentNodes`: D415: First line should end with a period, question mark, or exclamation point (not 'o')&#10;./vendor/googletest/googletest/test/gtest_xml_test_utils.py:52 in public method `AssertEquivalentNodes`: D401: First line should be in imperative mood (perhaps 'Assert', not 'Asserts')&#10;./vendor/googletest/googletest/test/gtest_xml_test_utils.py:118 in private method `_GetChildren`: D202: No blank lines allowed after function docstring (found 1)&#10;./vendor/googletest/googletest/test/gtest_xml_test_utils.py:118 in private method `_GetChildren`: D205: 1 blank line required between summary line and description (found 0)&#10;./vendor/googletest/googletest/test/gtest_xml_test_utils.py:118 in private method `_GetChildren`: D401: First line should be in imperative mood (perhaps 'Fetch', not 'Fetches')&#10;./vendor/googletest/googletest/test/gtest_xml_test_utils.py:151 in public method `NormalizeXml`: D202: No blank lines allowed after function docstring (found 1)&#10;./vendor/googletest/googletest/test/gtest_xml_test_utils.py:151 in public method `NormalizeXml`: D205: 1 blank line required between summary line and description (found 0)&#10;./vendor/googletest/googletest/test/gtest_xml_test_utils.py:151 in public method `NormalizeXml`: D400: First line should end with a period (not 't')&#10;./vendor/googletest/googletest/test/gtest_xml_test_utils.py:151 in public method `NormalizeXml`: D415: First line should end with a period, question mark, or exclamation point (not 't')&#10;Error in file ./vendor/googletest/googletest/xcode/Scripts/versiongenerate.py: Cannot parse file.&#10;./vendor/googletest/googletest/test/gtest_xml_test_utils.py:151 in public method `NormalizeXml`: D401: First line should be in imperative mood (perhaps 'Normalize', not 'Normalizes')&#10;checking ./vendor/googletest/googletest/xcode/Scripts/versiongenerate.py&#10;./vendor/googletest/googletest/xcode/Scripts/versiongenerate.py: Cannot parse file.&#10;453 errors&#10;Traceback (most recent call last):&#10;  File &quot;/opt/ros/humble/bin/ament_pep257&quot;, line 33, in &lt;module&gt;&#10;    sys.exit(load_entry_point('ament-pep257==0.12.4', 'console_scripts', 'ament_pep257')())&#10;  File &quot;/opt/ros/humble/lib/python3.10/site-packages/ament_pep257/main.py&quot;, line 149, in main&#10;    xml = get_xunit_content(report, testname, time.time() - start_time)&#10;  File &quot;/opt/ros/humble/lib/python3.10/site-packages/ament_pep257/main.py&quot;, line 259, in get_xunit_content&#10;    '%s (%s:%d)' % (&#10;TypeError: %d format: a real number is required, not str&#10;"/>
  </testcase>
</testsuite>
