<?xml version="1.0" encoding="utf-8"?><testsuites><testsuite name="pytest" errors="0" failures="0" skipped="0" tests="3" time="1.208" timestamp="2022-11-02T21:21:33.779419" hostname="sahruday-Legion-S7-15ACH6"><testcase classname="examples_rclpy_executors.executors.test.test_copyright" name="test_copyright" time="0.585" /><testcase classname="examples_rclpy_executors.executors.test.test_flake8" name="test_flake8" time="0.427" /><testcase classname="examples_rclpy_executors.executors.test.test_pep257" name="test_pep257" time="0.089" /></testsuite></testsuites>