[0.000000] (-) TimerEvent: {}
[0.000343] (serverpublisher) JobQueued: {'identifier': 'serverpublisher', 'dependencies': OrderedDict([('serverpublisher', '/home/chotu/Beginner_Tutorials_Ros2/install/serverpublisher')])}
[0.000443] (serverpublisher) JobStarted: {'identifier': 'serverpublisher'}
[0.015209] (serverpublisher) Command: {'cmd': ['/usr/bin/ctest', '-C', 'Release', '-D', 'ExperimentalTest', '--no-compress-output', '-V', '--force-new-ctest-process'], 'cwd': '/home/chotu/Beginner_Tutorials_Ros2/build/serverpublisher', 'env': OrderedDict([('USER', 'chotu'), ('XDG_SESSION_TYPE', 'x11'), ('SHLVL', '1'), ('LD_LIBRARY_PATH', '/home/chotu/Beginner_Tutorials_Ros2/install/serverpublisher/lib:/usr/lib/x86_64-linux-gnu/gazebo-11/plugins:/opt/ros/humble/opt/rviz_ogre_vendor/lib:/opt/ros/humble/lib/x86_64-linux-gnu:/opt/ros/humble/lib'), ('HOME', '/home/chotu'), ('OLDPWD', '/home/chotu'), ('DESKTOP_SESSION', 'ubuntu'), ('ROS_PYTHON_VERSION', '3'), ('GNOME_SHELL_SESSION_MODE', 'ubuntu'), ('GTK_MODULES', 'gail:atk-bridge'), ('SYSTEMD_EXEC_PID', '2728'), ('DBUS_SESSION_BUS_ADDRESS', 'unix:path=/run/user/1000/bus'), ('COLORTERM', 'truecolor'), ('_colcon_cd_root', '/opt/ros/humble/'), ('ROS_DISTRO', 'humble'), ('LOGNAME', 'chotu'), ('_', '/usr/bin/colcon'), ('ROS_VERSION', '2'), ('XDG_SESSION_CLASS', 'user'), ('USERNAME', 'chotu'), ('TERM', 'xterm-256color'), ('GNOME_DESKTOP_SESSION_ID', 'this-is-deprecated'), ('ROS_LOCALHOST_ONLY', '1'), ('WINDOWPATH', '2'), ('PATH', '/opt/ros/humble/bin:/usr/local/sbin:/usr/local/bin:/usr/sbin:/usr/bin:/sbin:/bin:/usr/games:/usr/local/games:/snap/bin:/snap/bin'), ('SESSION_MANAGER', 'local/chotu25:@/tmp/.ICE-unix/2544,unix/chotu25:/tmp/.ICE-unix/2544'), ('XDG_MENU_PREFIX', 'gnome-'), ('GNOME_TERMINAL_SCREEN', '/org/gnome/Terminal/screen/9c0edb00_dce6_4147_9cb2_75b43c7c51b2'), ('XDG_RUNTIME_DIR', '/run/user/1000'), ('DISPLAY', ':0'), ('LANG', 'en_US.UTF-8'), ('XDG_CURRENT_DESKTOP', 'ubuntu:GNOME'), ('XMODIFIERS', '@im=ibus'), ('XDG_SESSION_DESKTOP', 'ubuntu'), ('XAUTHORITY', '/run/user/1000/gdm/Xauthority'), ('GNOME_TERMINAL_SERVICE', ':1.1256'), ('SSH_AGENT_LAUNCHER', 'gnome-keyring'), ('SSH_AUTH_SOCK', '/run/user/1000/keyring/ssh'), ('AMENT_PREFIX_PATH', '/home/chotu/Beginner_Tutorials_Ros2/install/serverpublisher:/opt/ros/humble'), ('SHELL', '/bin/bash'), ('QT_ACCESSIBILITY', '1'), ('GDMSESSION', 'ubuntu'), ('GPG_AGENT_INFO', '/run/user/1000/gnupg/S.gpg-agent:0:1'), ('QT_IM_MODULE', 'ibus'), ('PWD', '/home/chotu/Beginner_Tutorials_Ros2/build/serverpublisher'), ('LC_ALL', 'en_US.UTF-8'), ('XDG_CONFIG_DIRS', '/etc/xdg/xdg-ubuntu:/etc/xdg'), ('XDG_DATA_DIRS', '/usr/share/ubuntu:/usr/share/gnome:/usr/local/share/:/usr/share/:/var/lib/snapd/desktop'), ('PYTHONPATH', '/home/chotu/Beginner_Tutorials_Ros2/install/serverpublisher/local/lib/python3.10/dist-packages:/opt/ros/humble/lib/python3.10/site-packages:/opt/ros/humble/local/lib/python3.10/dist-packages'), ('COLCON', '1'), ('VTE_VERSION', '6800'), ('CMAKE_PREFIX_PATH', '/home/chotu/Beginner_Tutorials_Ros2/install/serverpublisher')]), 'shell': False}
[0.020388] (serverpublisher) StdoutLine: {'line': b'UpdateCTestConfiguration  from :/home/chotu/Beginner_Tutorials_Ros2/build/serverpublisher/CTestConfiguration.ini\n'}
[0.020529] (serverpublisher) StdoutLine: {'line': b'Parse Config file:/home/chotu/Beginner_Tutorials_Ros2/build/serverpublisher/CTestConfiguration.ini\n'}
[0.020643] (serverpublisher) StdoutLine: {'line': b'   Site: chotu25\n'}
[0.020772] (serverpublisher) StdoutLine: {'line': b'   Build name: (empty)\n'}
[0.020837] (serverpublisher) StdoutLine: {'line': b' Add coverage exclude regular expressions.\n'}
[0.020896] (serverpublisher) StdoutLine: {'line': b'Create new tag: 20221206-0557 - Experimental\n'}
[0.020951] (serverpublisher) StdoutLine: {'line': b'UpdateCTestConfiguration  from :/home/chotu/Beginner_Tutorials_Ros2/build/serverpublisher/CTestConfiguration.ini\n'}
[0.021032] (serverpublisher) StdoutLine: {'line': b'Parse Config file:/home/chotu/Beginner_Tutorials_Ros2/build/serverpublisher/CTestConfiguration.ini\n'}
[0.021112] (serverpublisher) StdoutLine: {'line': b'Test project /home/chotu/Beginner_Tutorials_Ros2/build/serverpublisher\n'}
[0.021220] (serverpublisher) StdoutLine: {'line': b'Constructing a list of tests\n'}
[0.021279] (serverpublisher) StdoutLine: {'line': b'Done constructing a list of tests\n'}
[0.021328] (serverpublisher) StdoutLine: {'line': b'Updating test list for fixtures\n'}
[0.021370] (serverpublisher) StdoutLine: {'line': b'Added 0 tests to meet fixture requirements\n'}
[0.021414] (serverpublisher) StdoutLine: {'line': b'Checking test dependency graph...\n'}
[0.021456] (serverpublisher) StdoutLine: {'line': b'Checking test dependency graph end\n'}
[0.021496] (serverpublisher) StdoutLine: {'line': b'test 1\n'}
[0.021537] (serverpublisher) StdoutLine: {'line': b'    Start 1: server_test\n'}
[0.021578] (serverpublisher) StdoutLine: {'line': b'\n'}
[0.021620] (serverpublisher) StdoutLine: {'line': b'1: Test command: /usr/bin/python3.10 "-u" "/opt/ros/humble/share/ament_cmake_test/cmake/run_test.py" "/home/chotu/Beginner_Tutorials_Ros2/build/serverpublisher/test_results/serverpublisher/server_test.gtest.xml" "--package-name" "serverpublisher" "--output-file" "/home/chotu/Beginner_Tutorials_Ros2/build/serverpublisher/ament_cmake_gtest/server_test.txt" "--command" "/home/chotu/Beginner_Tutorials_Ros2/build/serverpublisher/server_test" "--gtest_output=xml:/home/chotu/Beginner_Tutorials_Ros2/build/serverpublisher/test_results/serverpublisher/server_test.gtest.xml"\n'}
[0.021670] (serverpublisher) StdoutLine: {'line': b'1: Test timeout computed to be: 60\n'}
[0.055734] (serverpublisher) StdoutLine: {'line': b"1: -- run_test.py: invoking following command in '/home/chotu/Beginner_Tutorials_Ros2/build/serverpublisher':\n"}
[0.055911] (serverpublisher) StdoutLine: {'line': b'1:  - /home/chotu/Beginner_Tutorials_Ros2/build/serverpublisher/server_test --gtest_output=xml:/home/chotu/Beginner_Tutorials_Ros2/build/serverpublisher/test_results/serverpublisher/server_test.gtest.xml\n'}
[0.062836] (serverpublisher) StdoutLine: {'line': b'1: [==========] Running 3 tests from 1 test suite.\n'}
[0.063009] (serverpublisher) StdoutLine: {'line': b'1: [----------] Global test environment set-up.\n'}
[0.063100] (serverpublisher) StdoutLine: {'line': b'1: [----------] 3 tests from test_services_client\n'}
[0.063180] (serverpublisher) StdoutLine: {'line': b'1: unknown file: Failure\n'}
[0.063247] (serverpublisher) StdoutLine: {'line': b'1: C++ exception with description "context is already initialized" thrown in SetUpTestSuite().\n'}
[0.063314] (serverpublisher) StdoutLine: {'line': b'1: [ RUN      ] test_services_client.Manipulation1\n'}
[0.070703] (serverpublisher) StdoutLine: {'line': b'1: [INFO] [1670306227.430338356] [string_server1]: DONE WITH TEST1\n'}
[0.070875] (serverpublisher) StdoutLine: {'line': b'1: \n'}
[0.072322] (serverpublisher) StdoutLine: {'line': b'1: [       OK ] test_services_client.Manipulation1 (10 ms)\n'}
[0.072422] (serverpublisher) StdoutLine: {'line': b'1: [ RUN      ] test_services_client.Manipulation2\n'}
[0.075981] (serverpublisher) StdoutLine: {'line': b'1: [INFO] [1670306227.435774304] [string_server2]: DONE WITH TEST2\n'}
[0.076092] (serverpublisher) StdoutLine: {'line': b'1: \n'}
[0.077318] (serverpublisher) StdoutLine: {'line': b'1: [       OK ] test_services_client.Manipulation2 (5 ms)\n'}
[0.077411] (serverpublisher) StdoutLine: {'line': b'1: [ RUN      ] test_services_client.Subscriber1\n'}
[0.080834] (serverpublisher) StdoutLine: {'line': b'1: [INFO] [1670306227.440635875] [subscriber]: DONE WITH TEST3\n'}
[0.080949] (serverpublisher) StdoutLine: {'line': b'1: \n'}
[0.082036] (serverpublisher) StdoutLine: {'line': b'1: [       OK ] test_services_client.Subscriber1 (4 ms)\n'}
[0.082130] (serverpublisher) StdoutLine: {'line': b'1: [----------] 3 tests from test_services_client (19 ms total)\n'}
[0.082192] (serverpublisher) StdoutLine: {'line': b'1: \n'}
[0.082240] (serverpublisher) StdoutLine: {'line': b'1: [----------] Global test environment tear-down\n'}
[0.082328] (serverpublisher) StdoutLine: {'line': b'1: [==========] 3 tests from 1 test suite ran. (19 ms total)\n'}
[0.082426] (serverpublisher) StdoutLine: {'line': b'1: [  PASSED  ] 3 tests.\n'}
[0.099854] (-) TimerEvent: {}
[0.182936] (serverpublisher) StdoutLine: {'line': b'1: DONE SHUTTING DOWN ROS\n'}
[0.183730] (serverpublisher) StdoutLine: {'line': b'1: -- run_test.py: return code 0\n'}
[0.183949] (serverpublisher) StdoutLine: {'line': b"1: -- run_test.py: inject classname prefix into gtest result file '/home/chotu/Beginner_Tutorials_Ros2/build/serverpublisher/test_results/serverpublisher/server_test.gtest.xml'\n"}
[0.184068] (serverpublisher) StdoutLine: {'line': b"1: -- run_test.py: verify result file '/home/chotu/Beginner_Tutorials_Ros2/build/serverpublisher/test_results/serverpublisher/server_test.gtest.xml'\n"}
[0.189802] (serverpublisher) StdoutLine: {'line': b'1/2 Test #1: server_test ......................   Passed    0.17 sec\n'}
[0.189992] (serverpublisher) StdoutLine: {'line': b'test 2\n'}
[0.190066] (serverpublisher) StdoutLine: {'line': b'    Start 2: pep257\n'}
[0.190126] (serverpublisher) StdoutLine: {'line': b'\n'}
[0.190181] (serverpublisher) StdoutLine: {'line': b'2: Test command: /usr/bin/python3.10 "-u" "/opt/ros/humble/share/ament_cmake_test/cmake/run_test.py" "/home/chotu/Beginner_Tutorials_Ros2/build/serverpublisher/test_results/serverpublisher/pep257.xunit.xml" "--package-name" "serverpublisher" "--output-file" "/home/chotu/Beginner_Tutorials_Ros2/build/serverpublisher/ament_pep257/pep257.txt" "--command" "/opt/ros/humble/bin/ament_pep257" "--xunit-file" "/home/chotu/Beginner_Tutorials_Ros2/build/serverpublisher/test_results/serverpublisher/pep257.xunit.xml"\n'}
[0.190234] (serverpublisher) StdoutLine: {'line': b'2: Test timeout computed to be: 60\n'}
[0.199943] (-) TimerEvent: {}
[0.235690] (serverpublisher) StdoutLine: {'line': b"2: -- run_test.py: invoking following command in '/home/chotu/Beginner_Tutorials_Ros2':\n"}
[0.235941] (serverpublisher) StdoutLine: {'line': b'2:  - /opt/ros/humble/bin/ament_pep257 --xunit-file /home/chotu/Beginner_Tutorials_Ros2/build/serverpublisher/test_results/serverpublisher/pep257.xunit.xml\n'}
[0.300041] (-) TimerEvent: {}
[0.400271] (-) TimerEvent: {}
[0.495497] (serverpublisher) StdoutLine: {'line': b'2: Error in file ./vendor/googletest/googlemock/scripts/fuse_gmock_files.py: Cannot parse file.\n'}
[0.500332] (-) TimerEvent: {}
[0.579428] (serverpublisher) StdoutLine: {'line': b'2: checking ./build/serverpublisher/ament_cmake_python/serverpublisher/serverpublisher/__init__.py\n'}
[0.580838] (serverpublisher) StdoutLine: {'line': b'2: checking ./build/serverpublisher/ament_cmake_python/serverpublisher/setup.py\n'}
[0.580911] (serverpublisher) StdoutLine: {'line': b'2: checking ./build/serverpublisher/rosidl_generator_py/serverpublisher/__init__.py\n'}
[0.580961] (serverpublisher) StdoutLine: {'line': b'2: checking ./build/serverpublisher/rosidl_generator_py/serverpublisher/msg/__init__.py\n'}
[0.581006] (serverpublisher) StdoutLine: {'line': b'2: checking ./build/serverpublisher/rosidl_generator_py/serverpublisher/msg/_data.py\n'}
[0.581056] (serverpublisher) StdoutLine: {'line': b'2: checking ./build/serverpublisher/rosidl_generator_py/serverpublisher/msg/_num.py\n'}
[0.581101] (serverpublisher) StdoutLine: {'line': b'2: checking ./build/serverpublisher/rosidl_generator_py/serverpublisher/msg/_sphere.py\n'}
[0.581144] (serverpublisher) StdoutLine: {'line': b'2: checking ./build/serverpublisher/rosidl_generator_py/serverpublisher/srv/__init__.py\n'}
[0.581189] (serverpublisher) StdoutLine: {'line': b'2: checking ./build/serverpublisher/rosidl_generator_py/serverpublisher/srv/_add_three_ints.py\n'}
[0.581230] (serverpublisher) StdoutLine: {'line': b'2: checking ./build/serverpublisher/rosidl_generator_py/serverpublisher/srv/_change_string.py\n'}
[0.581272] (serverpublisher) StdoutLine: {'line': b'2: checking ./install/_local_setup_util_ps1.py\n'}
[0.581313] (serverpublisher) StdoutLine: {'line': b'2: checking ./install/_local_setup_util_sh.py\n'}
[0.581355] (serverpublisher) StdoutLine: {'line': b'2: checking ./install/serverpublisher/local/lib/python3.10/dist-packages/serverpublisher/__init__.py\n'}
[0.581410] (serverpublisher) StdoutLine: {'line': b'2: checking ./install/serverpublisher/local/lib/python3.10/dist-packages/serverpublisher/msg/__init__.py\n'}
[0.581454] (serverpublisher) StdoutLine: {'line': b'2: checking ./install/serverpublisher/local/lib/python3.10/dist-packages/serverpublisher/msg/_data.py\n'}
[0.581498] (serverpublisher) StdoutLine: {'line': b'2: checking ./install/serverpublisher/local/lib/python3.10/dist-packages/serverpublisher/msg/_num.py\n'}
[0.581541] (serverpublisher) StdoutLine: {'line': b'2: checking ./install/serverpublisher/local/lib/python3.10/dist-packages/serverpublisher/msg/_sphere.py\n'}
[0.581582] (serverpublisher) StdoutLine: {'line': b'2: checking ./install/serverpublisher/local/lib/python3.10/dist-packages/serverpublisher/srv/__init__.py\n'}
[0.581624] (serverpublisher) StdoutLine: {'line': b'2: checking ./install/serverpublisher/local/lib/python3.10/dist-packages/serverpublisher/srv/_add_three_ints.py\n'}
[0.581665] (serverpublisher) StdoutLine: {'line': b'2: checking ./install/serverpublisher/local/lib/python3.10/dist-packages/serverpublisher/srv/_change_string.py\n'}
[0.581706] (serverpublisher) StdoutLine: {'line': b'2: checking ./install/serverpublisher/share/serverpublisher/launch/bag_launch.py\n'}
[0.581747] (serverpublisher) StdoutLine: {'line': b'2: checking ./install/serverpublisher/share/serverpublisher/launch/cpp_pubsub_launch.py\n'}
[0.581786] (serverpublisher) StdoutLine: {'line': b'2: checking ./install/serverpublisher/share/serverpublisher/launch/rosbag_launch.py\n'}
[0.581827] (serverpublisher) StdoutLine: {'line': b'2: checking ./launch/bag_launch.py\n'}
[0.581866] (serverpublisher) StdoutLine: {'line': b'2: checking ./launch/cpp_pubsub_launch.py\n'}
[0.581906] (serverpublisher) StdoutLine: {'line': b'2: checking ./launch/rosbag_launch.py\n'}
[0.581946] (serverpublisher) StdoutLine: {'line': b'2: checking ./vendor/googletest/googlemock/scripts/fuse_gmock_files.py\n'}
[0.581987] (serverpublisher) StdoutLine: {'line': b'2: ./vendor/googletest/googlemock/scripts/fuse_gmock_files.py: Cannot parse file.\n'}
[0.582028] (serverpublisher) StdoutLine: {'line': b'2: checking ./vendor/googletest/googlemock/scripts/generator/cpp/__init__.py\n'}
[0.582068] (serverpublisher) StdoutLine: {'line': b'2: checking ./vendor/googletest/googlemock/scripts/generator/cpp/ast.py\n'}
[0.582109] (serverpublisher) StdoutLine: {'line': b"2: ./vendor/googletest/googlemock/scripts/generator/cpp/ast.py:117 in public method `IsDeclaration`: D401: First line should be in imperative mood (perhaps 'Return', not 'Returns')\n"}
[0.582157] (serverpublisher) StdoutLine: {'line': b"2: ./vendor/googletest/googlemock/scripts/generator/cpp/ast.py:121 in public method `IsDefinition`: D401: First line should be in imperative mood (perhaps 'Return', not 'Returns')\n"}
[0.582200] (serverpublisher) StdoutLine: {'line': b"2: ./vendor/googletest/googlemock/scripts/generator/cpp/ast.py:125 in public method `IsExportable`: D401: First line should be in imperative mood (perhaps 'Return', not 'Returns')\n"}
[0.582242] (serverpublisher) StdoutLine: {'line': b"2: ./vendor/googletest/googlemock/scripts/generator/cpp/ast.py:129 in public method `Requires`: D400: First line should end with a period (not '?')\n"}
[0.582285] (serverpublisher) StdoutLine: {'line': b"2: ./vendor/googletest/googlemock/scripts/generator/cpp/ast.py:129 in public method `Requires`: D401: First line should be in imperative mood; try rephrasing (found 'Does')\n"}
[0.582328] (serverpublisher) StdoutLine: {'line': b'2: ./vendor/googletest/googlemock/scripts/generator/cpp/ast.py:414 in public method `__init__`: D205: 1 blank line required between summary line and description (found 0)\n'}
[0.582370] (serverpublisher) StdoutLine: {'line': b"2: ./vendor/googletest/googlemock/scripts/generator/cpp/ast.py:414 in public method `__init__`: D400: First line should end with a period (not ':')\n"}
[0.582411] (serverpublisher) StdoutLine: {'line': b"2: ./vendor/googletest/googlemock/scripts/generator/cpp/ast.py:414 in public method `__init__`: D415: First line should end with a period, question mark, or exclamation point (not ':')\n"}
[0.582458] (serverpublisher) StdoutLine: {'line': b'2: ./vendor/googletest/googlemock/scripts/generator/cpp/ast.py:478 in public method `ToType`: D205: 1 blank line required between summary line and description (found 0)\n'}
[0.582501] (serverpublisher) StdoutLine: {'line': b'2: ./vendor/googletest/googlemock/scripts/generator/cpp/ast.py:478 in public method `ToType`: D213: Multi-line docstring summary should start at the second line\n'}
[0.582551] (serverpublisher) StdoutLine: {'line': b"2: ./vendor/googletest/googlemock/scripts/generator/cpp/ast.py:478 in public method `ToType`: D413: Missing blank line after last section ('Returns')\n"}
[0.582594] (serverpublisher) StdoutLine: {'line': b"2: ./vendor/googletest/googlemock/scripts/generator/cpp/ast.py:478 in public method `ToType`: D407: Missing dashed underline after section ('Returns')\n"}
[0.582636] (serverpublisher) StdoutLine: {'line': b"2: ./vendor/googletest/googlemock/scripts/generator/cpp/ast.py:478 in public method `ToType`: D406: Section name should end with a newline ('Returns', not 'Returns:')\n"}
[0.582678] (serverpublisher) StdoutLine: {'line': b"2: ./vendor/googletest/googlemock/scripts/generator/cpp/ast.py:929 in public method `GetName`: D401: First line should be in imperative mood (perhaps 'Return', not 'Returns')\n"}
[0.582720] (serverpublisher) StdoutLine: {'line': b'2: ./vendor/googletest/googlemock/scripts/generator/cpp/ast.py:1664 in public function `BuilderFromSource`: D213: Multi-line docstring summary should start at the second line\n'}
[0.582763] (serverpublisher) StdoutLine: {'line': b"2: ./vendor/googletest/googlemock/scripts/generator/cpp/ast.py:1664 in public function `BuilderFromSource`: D401: First line should be in imperative mood; try rephrasing (found 'Utility')\n"}
[0.582805] (serverpublisher) StdoutLine: {'line': b"2: ./vendor/googletest/googlemock/scripts/generator/cpp/ast.py:1664 in public function `BuilderFromSource`: D413: Missing blank line after last section ('Returns')\n"}
[0.582846] (serverpublisher) StdoutLine: {'line': b"2: ./vendor/googletest/googlemock/scripts/generator/cpp/ast.py:1664 in public function `BuilderFromSource`: D407: Missing dashed underline after section ('Returns')\n"}
[0.582888] (serverpublisher) StdoutLine: {'line': b"2: ./vendor/googletest/googlemock/scripts/generator/cpp/ast.py:1664 in public function `BuilderFromSource`: D406: Section name should end with a newline ('Returns', not 'Returns:')\n"}
[0.582931] (serverpublisher) StdoutLine: {'line': b'2: ./vendor/googletest/googlemock/scripts/generator/cpp/ast.py:1677 in public function `PrintIndentifiers`: D213: Multi-line docstring summary should start at the second line\n'}
[0.582974] (serverpublisher) StdoutLine: {'line': b"2: ./vendor/googletest/googlemock/scripts/generator/cpp/ast.py:1677 in public function `PrintIndentifiers`: D401: First line should be in imperative mood (perhaps 'Print', not 'Prints')\n"}
[0.583038] (serverpublisher) StdoutLine: {'line': b"2: ./vendor/googletest/googlemock/scripts/generator/cpp/ast.py:1677 in public function `PrintIndentifiers`: D413: Missing blank line after last section ('Args')\n"}
[0.583100] (serverpublisher) StdoutLine: {'line': b"2: ./vendor/googletest/googlemock/scripts/generator/cpp/ast.py:1677 in public function `PrintIndentifiers`: D407: Missing dashed underline after section ('Args')\n"}
[0.583143] (serverpublisher) StdoutLine: {'line': b'2: ./vendor/googletest/googlemock/scripts/generator/cpp/ast.py:1701 in public function `PrintAllIndentifiers`: D213: Multi-line docstring summary should start at the second line\n'}
[0.583194] (serverpublisher) StdoutLine: {'line': b"2: ./vendor/googletest/googlemock/scripts/generator/cpp/ast.py:1701 in public function `PrintAllIndentifiers`: D401: First line should be in imperative mood (perhaps 'Print', not 'Prints')\n"}
[0.583241] (serverpublisher) StdoutLine: {'line': b"2: ./vendor/googletest/googlemock/scripts/generator/cpp/ast.py:1701 in public function `PrintAllIndentifiers`: D413: Missing blank line after last section ('Args')\n"}
[0.583291] (serverpublisher) StdoutLine: {'line': b"2: ./vendor/googletest/googlemock/scripts/generator/cpp/ast.py:1701 in public function `PrintAllIndentifiers`: D407: Missing dashed underline after section ('Args')\n"}
[0.583334] (serverpublisher) StdoutLine: {'line': b'2: checking ./vendor/googletest/googlemock/scripts/generator/cpp/gmock_class.py\n'}
[0.583376] (serverpublisher) StdoutLine: {'line': b'2: ./vendor/googletest/googlemock/scripts/generator/cpp/gmock_class.py:17 at module level: D213: Multi-line docstring summary should start at the second line\n'}
[0.583417] (serverpublisher) StdoutLine: {'line': b'2: checking ./vendor/googletest/googlemock/scripts/generator/cpp/gmock_class_test.py\n'}
[0.583457] (serverpublisher) StdoutLine: {'line': b'2: checking ./vendor/googletest/googlemock/scripts/generator/cpp/keywords.py\n'}
[0.583500] (serverpublisher) StdoutLine: {'line': b'2: checking ./vendor/googletest/googlemock/scripts/generator/cpp/tokenize.py\n'}
[0.583541] (serverpublisher) StdoutLine: {'line': b'2: ./vendor/googletest/googlemock/scripts/generator/cpp/tokenize.py:65 in public class `Token`: D213: Multi-line docstring summary should start at the second line\n'}
[0.583586] (serverpublisher) StdoutLine: {'line': b'2: ./vendor/googletest/googlemock/scripts/generator/cpp/tokenize.py:120 in public function `GetTokens`: D213: Multi-line docstring summary should start at the second line\n'}
[0.583628] (serverpublisher) StdoutLine: {'line': b"2: ./vendor/googletest/googlemock/scripts/generator/cpp/tokenize.py:120 in public function `GetTokens`: D401: First line should be in imperative mood (perhaps 'Return', not 'Returns')\n"}
[0.583670] (serverpublisher) StdoutLine: {'line': b"2: ./vendor/googletest/googlemock/scripts/generator/cpp/tokenize.py:120 in public function `GetTokens`: D413: Missing blank line after last section ('Yields')\n"}
[0.595280] (serverpublisher) StdoutLine: {'line': b"2: ./vendor/googletest/googlemock/scripts/generator/cpp/tokenize.py:120 in public function `GetTokens`: D407: Missing dashed underline after section ('Yields')Error in file ./vendor/googletest/googlemock/scripts/upload.py: Cannot parse file.\n"}
[0.600399] (-) TimerEvent: {}
[0.604177] (serverpublisher) StdoutLine: {'line': b'2: \n'}
[0.604413] (serverpublisher) StdoutLine: {'line': b"2: ./vendor/googletest/googlemock/scripts/generator/cpp/tokenize.py:120 in public function `GetTokens`: D406: Section name should end with a newline ('Yields', not 'Yields:')\n"}
[0.604482] (serverpublisher) StdoutLine: {'line': b'2: checking ./vendor/googletest/googlemock/scripts/generator/cpp/utils.py\n'}
[0.604570] (serverpublisher) StdoutLine: {'line': b"2: ./vendor/googletest/googlemock/scripts/generator/cpp/utils.py:31 in public function `ReadFile`: D401: First line should be in imperative mood (perhaps 'Return', not 'Returns')\n"}
[0.604663] (serverpublisher) StdoutLine: {'line': b'2: checking ./vendor/googletest/googlemock/scripts/generator/gmock_gen.py\n'}
[0.604720] (serverpublisher) StdoutLine: {'line': b'2: checking ./vendor/googletest/googlemock/scripts/gmock_doctor.py\n'}
[0.604775] (serverpublisher) StdoutLine: {'line': b'2: ./vendor/googletest/googlemock/scripts/gmock_doctor.py:138 in private function `_FindAllMatches`: D202: No blank lines allowed after function docstring (found 1)\n'}
[0.604829] (serverpublisher) StdoutLine: {'line': b"2: ./vendor/googletest/googlemock/scripts/gmock_doctor.py:138 in private function `_FindAllMatches`: D401: First line should be in imperative mood (perhaps 'Generate', not 'Generates')\n"}
[0.604882] (serverpublisher) StdoutLine: {'line': b'2: ./vendor/googletest/googlemock/scripts/gmock_doctor.py:145 in private function `_GenericDiagnoser`: D213: Multi-line docstring summary should start at the second line\n'}
[0.604937] (serverpublisher) StdoutLine: {'line': b"2: ./vendor/googletest/googlemock/scripts/gmock_doctor.py:145 in private function `_GenericDiagnoser`: D413: Missing blank line after last section ('Yields')\n"}
[0.605000] (serverpublisher) StdoutLine: {'line': b"2: ./vendor/googletest/googlemock/scripts/gmock_doctor.py:145 in private function `_GenericDiagnoser`: D411: Missing blank line before section ('Yields')\n"}
[0.605052] (serverpublisher) StdoutLine: {'line': b"2: ./vendor/googletest/googlemock/scripts/gmock_doctor.py:145 in private function `_GenericDiagnoser`: D407: Missing dashed underline after section ('Yields')\n"}
[0.605102] (serverpublisher) StdoutLine: {'line': b"2: ./vendor/googletest/googlemock/scripts/gmock_doctor.py:145 in private function `_GenericDiagnoser`: D406: Section name should end with a newline ('Yields', not 'Yields:')\n"}
[0.605154] (serverpublisher) StdoutLine: {'line': b'2: ./vendor/googletest/googlemock/scripts/gmock_doctor.py:167 in private function `_NeedToReturnReferenceDiagnoser`: D202: No blank lines allowed after function docstring (found 1)\n'}
[0.605209] (serverpublisher) StdoutLine: {'line': b'2: ./vendor/googletest/googlemock/scripts/gmock_doctor.py:192 in private function `_NeedToReturnSomethingDiagnoser`: D202: No blank lines allowed after function docstring (found 1)\n'}
[0.605269] (serverpublisher) StdoutLine: {'line': b'2: ./vendor/googletest/googlemock/scripts/gmock_doctor.py:219 in private function `_NeedToReturnNothingDiagnoser`: D202: No blank lines allowed after function docstring (found 1)\n'}
[0.605325] (serverpublisher) StdoutLine: {'line': b'2: ./vendor/googletest/googlemock/scripts/gmock_doctor.py:256 in private function `_IncompleteByReferenceArgumentDiagnoser`: D202: No blank lines allowed after function docstring (found 1)\n'}
[0.605383] (serverpublisher) StdoutLine: {'line': b'2: ./vendor/googletest/googlemock/scripts/gmock_doctor.py:283 in private function `_OverloadedFunctionMatcherDiagnoser`: D202: No blank lines allowed after function docstring (found 1)\n'}
[0.605439] (serverpublisher) StdoutLine: {'line': b'2: ./vendor/googletest/googlemock/scripts/gmock_doctor.py:304 in private function `_OverloadedFunctionActionDiagnoser`: D202: No blank lines allowed after function docstring (found 1)\n'}
[0.605496] (serverpublisher) StdoutLine: {'line': b'2: ./vendor/googletest/googlemock/scripts/gmock_doctor.py:329 in private function `_OverloadedMethodActionDiagnoser`: D202: No blank lines allowed after function docstring (found 1)\n'}
[0.605555] (serverpublisher) StdoutLine: {'line': b'2: ./vendor/googletest/googlemock/scripts/gmock_doctor.py:358 in private function `_MockObjectPointerDiagnoser`: D202: No blank lines allowed after function docstring (found 1)\n'}
[0.605640] (serverpublisher) StdoutLine: {'line': b'2: ./vendor/googletest/googlemock/scripts/gmock_doctor.py:397 in private function `_NeedToUseSymbolDiagnoser`: D202: No blank lines allowed after function docstring (found 1)\n'}
[0.605701] (serverpublisher) StdoutLine: {'line': b'2: ./vendor/googletest/googlemock/scripts/gmock_doctor.py:417 in private function `_NeedToUseReturnNullDiagnoser`: D202: No blank lines allowed after function docstring (found 1)\n'}
[0.605758] (serverpublisher) StdoutLine: {'line': b'2: ./vendor/googletest/googlemock/scripts/gmock_doctor.py:443 in private function `_TypeInTemplatedBaseDiagnoser`: D202: No blank lines allowed after function docstring (found 1)\n'}
[0.605814] (serverpublisher) StdoutLine: {'line': b'2: ./vendor/googletest/googlemock/scripts/gmock_doctor.py:512 in private function `_WrongMockMethodMacroDiagnoser`: D202: No blank lines allowed after function docstring (found 1)\n'}
[0.605880] (serverpublisher) StdoutLine: {'line': b'2: ./vendor/googletest/googlemock/scripts/gmock_doctor.py:540 in private function `_WrongParenPositionDiagnoser`: D202: No blank lines allowed after function docstring (found 1)\n'}
[0.605937] (serverpublisher) StdoutLine: {'line': b'2: ./vendor/googletest/googlemock/scripts/gmock_doctor.py:578 in public function `Diagnose`: D202: No blank lines allowed after function docstring (found 1)\n'}
[0.605991] (serverpublisher) StdoutLine: {'line': b"2: ./vendor/googletest/googlemock/scripts/gmock_doctor.py:578 in public function `Diagnose`: D401: First line should be in imperative mood (perhaps 'Generate', not 'Generates')\n"}
[0.606041] (serverpublisher) StdoutLine: {'line': b'2: checking ./vendor/googletest/googlemock/scripts/upload.py\n'}
[0.606084] (serverpublisher) StdoutLine: {'line': b'2: ./vendor/googletest/googlemock/scripts/upload.py: Cannot parse file.\n'}
[0.606127] (serverpublisher) StdoutLine: {'line': b'2: checking ./vendor/googletest/googlemock/scripts/upload_gmock.py\n'}
[0.606170] (serverpublisher) StdoutLine: {'line': b'2: ./vendor/googletest/googlemock/scripts/upload_gmock.py:32 at module level: D213: Multi-line docstring summary should start at the second line\n'}
[0.606213] (serverpublisher) StdoutLine: {'line': b'2: checking ./vendor/googletest/googlemock/test/gmock_leak_test.py\n'}
[0.606255] (serverpublisher) StdoutLine: {'line': b'2: checking ./vendor/googletest/googlemock/test/gmock_output_test.py\n'}
[0.606297] (serverpublisher) StdoutLine: {'line': b'2: ./vendor/googletest/googlemock/test/gmock_output_test.py:32 at module level: D213: Multi-line docstring summary should start at the second line\n'}
[0.606339] (serverpublisher) StdoutLine: {'line': b'2: ./vendor/googletest/googlemock/test/gmock_output_test.py:60 in public function `ToUnixLineEnding`: D202: No blank lines allowed after function docstring (found 1)\n'}
[0.606382] (serverpublisher) StdoutLine: {'line': b"2: ./vendor/googletest/googlemock/test/gmock_output_test.py:60 in public function `ToUnixLineEnding`: D401: First line should be in imperative mood (perhaps 'Change', not 'Changes')\n"}
[0.606424] (serverpublisher) StdoutLine: {'line': b'2: ./vendor/googletest/googlemock/test/gmock_output_test.py:66 in public function `RemoveReportHeaderAndFooter`: D202: No blank lines allowed after function docstring (found 1)\n'}
[0.606466] (serverpublisher) StdoutLine: {'line': b"2: ./vendor/googletest/googlemock/test/gmock_output_test.py:66 in public function `RemoveReportHeaderAndFooter`: D401: First line should be in imperative mood (perhaps 'Remove', not 'Removes')\n"}
[0.606508] (serverpublisher) StdoutLine: {'line': b'2: ./vendor/googletest/googlemock/test/gmock_output_test.py:77 in public function `RemoveLocations`: D202: No blank lines allowed after function docstring (found 1)\n'}
[0.606553] (serverpublisher) StdoutLine: {'line': b'2: ./vendor/googletest/googlemock/test/gmock_output_test.py:77 in public function `RemoveLocations`: D213: Multi-line docstring summary should start at the second line\n'}
[0.606596] (serverpublisher) StdoutLine: {'line': b'2: ./vendor/googletest/googlemock/test/gmock_output_test.py:77 in public function `RemoveLocations`: D301: Use r""" if any backslashes in a docstring\n'}
[0.606638] (serverpublisher) StdoutLine: {'line': b"2: ./vendor/googletest/googlemock/test/gmock_output_test.py:77 in public function `RemoveLocations`: D401: First line should be in imperative mood (perhaps 'Remove', not 'Removes')\n"}
[0.606681] (serverpublisher) StdoutLine: {'line': b"2: ./vendor/googletest/googlemock/test/gmock_output_test.py:77 in public function `RemoveLocations`: D413: Missing blank line after last section ('Returns')\n"}
[0.606724] (serverpublisher) StdoutLine: {'line': b"2: ./vendor/googletest/googlemock/test/gmock_output_test.py:77 in public function `RemoveLocations`: D407: Missing dashed underline after section ('Returns')\n"}
[0.606766] (serverpublisher) StdoutLine: {'line': b"2: ./vendor/googletest/googlemock/test/gmock_output_test.py:77 in public function `RemoveLocations`: D406: Section name should end with a newline ('Returns', not 'Returns:')\n"}
[0.606809] (serverpublisher) StdoutLine: {'line': b'2: ./vendor/googletest/googlemock/test/gmock_output_test.py:93 in public function `NormalizeErrorMarker`: D202: No blank lines allowed after function docstring (found 1)\n'}
[0.606851] (serverpublisher) StdoutLine: {'line': b"2: ./vendor/googletest/googlemock/test/gmock_output_test.py:93 in public function `NormalizeErrorMarker`: D401: First line should be in imperative mood (perhaps 'Normalize', not 'Normalizes')\n"}
[0.606898] (serverpublisher) StdoutLine: {'line': b'2: ./vendor/googletest/googlemock/test/gmock_output_test.py:99 in public function `RemoveMemoryAddresses`: D202: No blank lines allowed after function docstring (found 1)\n'}
[0.606938] (serverpublisher) StdoutLine: {'line': b"2: ./vendor/googletest/googlemock/test/gmock_output_test.py:99 in public function `RemoveMemoryAddresses`: D401: First line should be in imperative mood (perhaps 'Remove', not 'Removes')\n"}
[0.606980] (serverpublisher) StdoutLine: {'line': b'2: ./vendor/googletest/googlemock/test/gmock_output_test.py:105 in public function `RemoveTestNamesOfLeakedMocks`: D202: No blank lines allowed after function docstring (found 1)\n'}
[0.607022] (serverpublisher) StdoutLine: {'line': b"2: ./vendor/googletest/googlemock/test/gmock_output_test.py:105 in public function `RemoveTestNamesOfLeakedMocks`: D401: First line should be in imperative mood (perhaps 'Remove', not 'Removes')\n"}
[0.607070] (serverpublisher) StdoutLine: {'line': b'2: ./vendor/googletest/googlemock/test/gmock_output_test.py:111 in public function `GetLeakyTests`: D202: No blank lines allowed after function docstring (found 1)\n'}
[0.615589] (serverpublisher) StdoutLine: {'line': b"2: ./vendor/googletest/googlemock/test/gmock_output_test.py:111 in public function `GetLeakyTests`: D401: First line should be in imperative mood (perhaps 'Return', not 'Returns')\n"}
[0.615757] (serverpublisher) StdoutLine: {'line': b'2: ./vendor/googletest/googlemock/test/gmock_output_test.py:120 in public function `GetNormalizedOutputAndLeakyTests`: D202: No blank lines allowed after function docstring (found 1)\n'}
[0.615821] (serverpublisher) StdoutLine: {'line': b'2: ./vendor/googletest/googlemock/test/gmock_output_test.py:120 in public function `GetNormalizedOutputAndLeakyTests`: D213: Multi-line docstring summary should start at the second line\n'}
[0.615878] (serverpublisher) StdoutLine: {'line': b"2: ./vendor/googletest/googlemock/test/gmock_output_test.py:120 in public function `GetNormalizedOutputAndLeakyTests`: D401: First line should be in imperative mood (perhaps 'Normalize', not 'Normalizes')\n"}
[0.615936] (serverpublisher) StdoutLine: {'line': b"2: ./vendor/googletest/googlemock/test/gmock_output_test.py:120 in public function `GetNormalizedOutputAndLeakyTests`: D413: Missing blank line after last section ('Returns')\n"}
[0.615992] (serverpublisher) StdoutLine: {'line': b"2: ./vendor/googletest/googlemock/test/gmock_output_test.py:120 in public function `GetNormalizedOutputAndLeakyTests`: D407: Missing dashed underline after section ('Returns')\n"}
[0.616047] (serverpublisher) StdoutLine: {'line': b"2: ./vendor/googletest/googlemock/test/gmock_output_test.py:120 in public function `GetNormalizedOutputAndLeakyTests`: D406: Section name should end with a newline ('Returns', not 'Returns:')\n"}
[0.616102] (serverpublisher) StdoutLine: {'line': b'2: ./vendor/googletest/googlemock/test/gmock_output_test.py:139 in public function `GetShellCommandOutput`: D202: No blank lines allowed after function docstring (found 1)\n'}
[0.616154] (serverpublisher) StdoutLine: {'line': b"2: ./vendor/googletest/googlemock/test/gmock_output_test.py:139 in public function `GetShellCommandOutput`: D401: First line should be in imperative mood (perhaps 'Run', not 'Runs')\n"}
[0.616212] (serverpublisher) StdoutLine: {'line': b'2: ./vendor/googletest/googlemock/test/gmock_output_test.py:145 in public function `GetNormalizedCommandOutputAndLeakyTests`: D202: No blank lines allowed after function docstring (found 1)\n'}
[0.616266] (serverpublisher) StdoutLine: {'line': b'2: ./vendor/googletest/googlemock/test/gmock_output_test.py:145 in public function `GetNormalizedCommandOutputAndLeakyTests`: D213: Multi-line docstring summary should start at the second line\n'}
[0.616320] (serverpublisher) StdoutLine: {'line': b"2: ./vendor/googletest/googlemock/test/gmock_output_test.py:145 in public function `GetNormalizedCommandOutputAndLeakyTests`: D401: First line should be in imperative mood (perhaps 'Run', not 'Runs')\n"}
[0.616379] (serverpublisher) StdoutLine: {'line': b"2: ./vendor/googletest/googlemock/test/gmock_output_test.py:145 in public function `GetNormalizedCommandOutputAndLeakyTests`: D413: Missing blank line after last section ('Args')\n"}
[0.616432] (serverpublisher) StdoutLine: {'line': b"2: ./vendor/googletest/googlemock/test/gmock_output_test.py:145 in public function `GetNormalizedCommandOutputAndLeakyTests`: D407: Missing dashed underline after section ('Args')\n"}
[0.616486] (serverpublisher) StdoutLine: {'line': b'2: checking ./vendor/googletest/googlemock/test/gmock_test_utils.py\n'}
[0.616533] (serverpublisher) StdoutLine: {'line': b'2: ./vendor/googletest/googlemock/test/gmock_test_utils.py:55 in public function `GetSourceDir`: D202: No blank lines allowed after function docstring (found 1)\n'}
[0.616581] (serverpublisher) StdoutLine: {'line': b"2: ./vendor/googletest/googlemock/test/gmock_test_utils.py:55 in public function `GetSourceDir`: D401: First line should be in imperative mood (perhaps 'Return', not 'Returns')\n"}
[0.616630] (serverpublisher) StdoutLine: {'line': b'2: ./vendor/googletest/googlemock/test/gmock_test_utils.py:61 in public function `GetTestExecutablePath`: D202: No blank lines allowed after function docstring (found 1)\n'}
[0.616673] (serverpublisher) StdoutLine: {'line': b'2: ./vendor/googletest/googlemock/test/gmock_test_utils.py:61 in public function `GetTestExecutablePath`: D213: Multi-line docstring summary should start at the second line\n'}
[0.616716] (serverpublisher) StdoutLine: {'line': b"2: ./vendor/googletest/googlemock/test/gmock_test_utils.py:61 in public function `GetTestExecutablePath`: D401: First line should be in imperative mood (perhaps 'Return', not 'Returns')\n"}
[0.616760] (serverpublisher) StdoutLine: {'line': b"2: ./vendor/googletest/googlemock/test/gmock_test_utils.py:61 in public function `GetTestExecutablePath`: D413: Missing blank line after last section ('Returns')\n"}
[0.616802] (serverpublisher) StdoutLine: {'line': b"2: ./vendor/googletest/googlemock/test/gmock_test_utils.py:61 in public function `GetTestExecutablePath`: D407: Missing dashed underline after section ('Returns')\n"}
[0.616966] (serverpublisher) StdoutLine: {'line': b"2: ./vendor/googletest/googlemock/test/gmock_test_utils.py:61 in public function `GetTestExecutablePath`: D406: Section name should end with a newline ('Returns', not 'Returns:')\n"}
[0.617010] (serverpublisher) StdoutLine: {'line': b'2: ./vendor/googletest/googlemock/test/gmock_test_utils.py:77 in public function `GetExitStatus`: D202: No blank lines allowed after function docstring (found 1)\n'}
[0.617054] (serverpublisher) StdoutLine: {'line': b'2: ./vendor/googletest/googlemock/test/gmock_test_utils.py:77 in public function `GetExitStatus`: D213: Multi-line docstring summary should start at the second line\n'}
[0.617096] (serverpublisher) StdoutLine: {'line': b"2: ./vendor/googletest/googlemock/test/gmock_test_utils.py:77 in public function `GetExitStatus`: D401: First line should be in imperative mood (perhaps 'Return', not 'Returns')\n"}
[0.617138] (serverpublisher) StdoutLine: {'line': b"2: ./vendor/googletest/googlemock/test/gmock_test_utils.py:77 in public function `GetExitStatus`: D413: Missing blank line after last section ('Args')\n"}
[0.617180] (serverpublisher) StdoutLine: {'line': b"2: ./vendor/googletest/googlemock/test/gmock_test_utils.py:77 in public function `GetExitStatus`: D407: Missing dashed underline after section ('Args')\n"}
[0.617224] (serverpublisher) StdoutLine: {'line': b'2: ./vendor/googletest/googlemock/test/gmock_test_utils.py:110 in public function `Main`: D202: No blank lines allowed after function docstring (found 1)\n'}
[0.617270] (serverpublisher) StdoutLine: {'line': b"2: ./vendor/googletest/googlemock/test/gmock_test_utils.py:110 in public function `Main`: D401: First line should be in imperative mood (perhaps 'Run', not 'Runs')\n"}
[0.617340] (serverpublisher) StdoutLine: {'line': b'2: checking ./vendor/googletest/googletest/scripts/common.py\n'}
[0.617401] (serverpublisher) StdoutLine: {'line': b'2: ./vendor/googletest/googletest/scripts/common.py:47 in public function `GetCommandOutput`: D202: No blank lines allowed after function docstring (found 1)\n'}
[0.617467] (serverpublisher) StdoutLine: {'line': b"2: ./vendor/googletest/googletest/scripts/common.py:47 in public function `GetCommandOutput`: D401: First line should be in imperative mood (perhaps 'Run', not 'Runs')\n"}
[0.617524] (serverpublisher) StdoutLine: {'line': b'2: ./vendor/googletest/googletest/scripts/common.py:56 in public function `GetSvnInfo`: D202: No blank lines allowed after function docstring (found 1)\n'}
[0.617569] (serverpublisher) StdoutLine: {'line': b"2: ./vendor/googletest/googletest/scripts/common.py:56 in public function `GetSvnInfo`: D401: First line should be in imperative mood (perhaps 'Return', not 'Returns')\n"}
[0.617612] (serverpublisher) StdoutLine: {'line': b'2: ./vendor/googletest/googletest/scripts/common.py:70 in public function `GetSvnTrunk`: D202: No blank lines allowed after function docstring (found 1)\n'}
[0.617653] (serverpublisher) StdoutLine: {'line': b"2: ./vendor/googletest/googletest/scripts/common.py:70 in public function `GetSvnTrunk`: D401: First line should be in imperative mood (perhaps 'Return', not 'Returns')\n"}
[0.617694] (serverpublisher) StdoutLine: {'line': b'2: checking ./vendor/googletest/googletest/scripts/fuse_gtest_files.py\n'}
[0.617736] (serverpublisher) StdoutLine: {'line': b'2: ./vendor/googletest/googletest/scripts/fuse_gtest_files.py:32 at module level: D205: 1 blank line required between summary line and description (found 0)\n'}
[0.617779] (serverpublisher) StdoutLine: {'line': b'2: ./vendor/googletest/googletest/scripts/fuse_gtest_files.py:32 at module level: D213: Multi-line docstring summary should start at the second line\n'}
[0.617819] (serverpublisher) StdoutLine: {'line': b"2: ./vendor/googletest/googletest/scripts/fuse_gtest_files.py:32 at module level: D400: First line should end with a period (not '0')\n"}
[0.617861] (serverpublisher) StdoutLine: {'line': b"2: ./vendor/googletest/googletest/scripts/fuse_gtest_files.py:32 at module level: D415: First line should end with a period, question mark, or exclamation point (not '0')\n"}
[0.617902] (serverpublisher) StdoutLine: {'line': b"2: ./vendor/googletest/googletest/scripts/fuse_gtest_files.py:32 at module level: D405: Section name should be properly capitalized ('Examples', not 'EXAMPLES')\n"}
[0.617943] (serverpublisher) StdoutLine: {'line': b"2: ./vendor/googletest/googletest/scripts/fuse_gtest_files.py:32 at module level: D413: Missing blank line after last section ('Examples')\n"}
[0.617985] (serverpublisher) StdoutLine: {'line': b"2: ./vendor/googletest/googletest/scripts/fuse_gtest_files.py:32 at module level: D407: Missing dashed underline after section ('Examples')\n"}
[0.618027] (serverpublisher) StdoutLine: {'line': b'2: ./vendor/googletest/googletest/scripts/fuse_gtest_files.py:90 in public function `VerifyFileExists`: D202: No blank lines allowed after function docstring (found 1)\n'}
[0.618071] (serverpublisher) StdoutLine: {'line': b'2: ./vendor/googletest/googletest/scripts/fuse_gtest_files.py:90 in public function `VerifyFileExists`: D213: Multi-line docstring summary should start at the second line\n'}
[0.618137] (serverpublisher) StdoutLine: {'line': b"2: ./vendor/googletest/googletest/scripts/fuse_gtest_files.py:90 in public function `VerifyFileExists`: D401: First line should be in imperative mood (perhaps 'Verify', not 'Verifies')\n"}
[0.618179] (serverpublisher) StdoutLine: {'line': b'2: ./vendor/googletest/googletest/scripts/fuse_gtest_files.py:104 in public function `ValidateGTestRootDir`: D202: No blank lines allowed after function docstring (found 1)\n'}
[0.618229] (serverpublisher) StdoutLine: {'line': b'2: ./vendor/googletest/googletest/scripts/fuse_gtest_files.py:104 in public function `ValidateGTestRootDir`: D213: Multi-line docstring summary should start at the second line\n'}
[0.618274] (serverpublisher) StdoutLine: {'line': b'2: Error in file ./vendor/googletest/googletest/scripts/gen_gtest_pred_impl.py: Cannot parse file.\n'}
[0.619088] (serverpublisher) StdoutLine: {'line': b'2: Error in file ./vendor/googletest/googletest/scripts/pump.py: Cannot parse file.\n'}
[0.619415] (serverpublisher) StdoutLine: {'line': b'2: Error in file ./vendor/googletest/googletest/scripts/release_docs.py: Cannot parse file.\n'}
[0.619790] (serverpublisher) StdoutLine: {'line': b'2: Error in file ./vendor/googletest/googletest/scripts/upload.py: Cannot parse file.\n'}
[0.631616] (serverpublisher) StdoutLine: {'line': b"2: ./vendor/googletest/googletest/scripts/fuse_gtest_files.py:104 in public function `ValidateGTestRootDir`: D401: First line should be in imperative mood (perhaps 'Make', not 'Makes')\n"}
[0.631885] (serverpublisher) StdoutLine: {'line': b'2: ./vendor/googletest/googletest/scripts/fuse_gtest_files.py:114 in public function `VerifyOutputFile`: D202: No blank lines allowed after function docstring (found 1)\n'}
[0.631952] (serverpublisher) StdoutLine: {'line': b'2: ./vendor/googletest/googletest/scripts/fuse_gtest_files.py:114 in public function `VerifyOutputFile`: D213: Multi-line docstring summary should start at the second line\n'}
[0.632011] (serverpublisher) StdoutLine: {'line': b"2: ./vendor/googletest/googletest/scripts/fuse_gtest_files.py:114 in public function `VerifyOutputFile`: D401: First line should be in imperative mood (perhaps 'Verify', not 'Verifies')\n"}
[0.632067] (serverpublisher) StdoutLine: {'line': b'2: ./vendor/googletest/googletest/scripts/fuse_gtest_files.py:140 in public function `ValidateOutputDir`: D202: No blank lines allowed after function docstring (found 1)\n'}
[0.632132] (serverpublisher) StdoutLine: {'line': b'2: ./vendor/googletest/googletest/scripts/fuse_gtest_files.py:140 in public function `ValidateOutputDir`: D213: Multi-line docstring summary should start at the second line\n'}
[0.632189] (serverpublisher) StdoutLine: {'line': b"2: ./vendor/googletest/googletest/scripts/fuse_gtest_files.py:140 in public function `ValidateOutputDir`: D401: First line should be in imperative mood (perhaps 'Make', not 'Makes')\n"}
[0.632243] (serverpublisher) StdoutLine: {'line': b'2: ./vendor/googletest/googletest/scripts/fuse_gtest_files.py:150 in public function `FuseGTestH`: D202: No blank lines allowed after function docstring (found 1)\n'}
[0.632299] (serverpublisher) StdoutLine: {'line': b"2: ./vendor/googletest/googletest/scripts/fuse_gtest_files.py:150 in public function `FuseGTestH`: D401: First line should be in imperative mood (perhaps 'Scan', not 'Scans')\n"}
[0.632354] (serverpublisher) StdoutLine: {'line': b'2: ./vendor/googletest/googletest/scripts/fuse_gtest_files.py:156 in private nested function `ProcessFile`: D202: No blank lines allowed after function docstring (found 1)\n'}
[0.632407] (serverpublisher) StdoutLine: {'line': b"2: ./vendor/googletest/googletest/scripts/fuse_gtest_files.py:156 in private nested function `ProcessFile`: D401: First line should be in imperative mood (perhaps 'Process', not 'Processes')\n"}
[0.632461] (serverpublisher) StdoutLine: {'line': b'2: ./vendor/googletest/googletest/scripts/fuse_gtest_files.py:179 in public function `FuseGTestAllCcToFile`: D202: No blank lines allowed after function docstring (found 1)\n'}
[0.632508] (serverpublisher) StdoutLine: {'line': b"2: ./vendor/googletest/googletest/scripts/fuse_gtest_files.py:179 in public function `FuseGTestAllCcToFile`: D401: First line should be in imperative mood (perhaps 'Scan', not 'Scans')\n"}
[0.632552] (serverpublisher) StdoutLine: {'line': b'2: ./vendor/googletest/googletest/scripts/fuse_gtest_files.py:184 in private nested function `ProcessFile`: D202: No blank lines allowed after function docstring (found 1)\n'}
[0.632603] (serverpublisher) StdoutLine: {'line': b"2: ./vendor/googletest/googletest/scripts/fuse_gtest_files.py:184 in private nested function `ProcessFile`: D401: First line should be in imperative mood (perhaps 'Process', not 'Processes')\n"}
[0.632648] (serverpublisher) StdoutLine: {'line': b'2: ./vendor/googletest/googletest/scripts/fuse_gtest_files.py:222 in public function `FuseGTestAllCc`: D202: No blank lines allowed after function docstring (found 1)\n'}
[0.632696] (serverpublisher) StdoutLine: {'line': b"2: ./vendor/googletest/googletest/scripts/fuse_gtest_files.py:222 in public function `FuseGTestAllCc`: D401: First line should be in imperative mood (perhaps 'Scan', not 'Scans')\n"}
[0.632739] (serverpublisher) StdoutLine: {'line': b'2: ./vendor/googletest/googletest/scripts/fuse_gtest_files.py:230 in public function `FuseGTest`: D202: No blank lines allowed after function docstring (found 1)\n'}
[0.632782] (serverpublisher) StdoutLine: {'line': b'2: checking ./vendor/googletest/googletest/scripts/gen_gtest_pred_impl.py\n'}
[0.632845] (serverpublisher) StdoutLine: {'line': b'2: ./vendor/googletest/googletest/scripts/gen_gtest_pred_impl.py: Cannot parse file.\n'}
[0.632891] (serverpublisher) StdoutLine: {'line': b'2: checking ./vendor/googletest/googletest/scripts/pump.py\n'}
[0.632933] (serverpublisher) StdoutLine: {'line': b'2: ./vendor/googletest/googletest/scripts/pump.py: Cannot parse file.\n'}
[0.632984] (serverpublisher) StdoutLine: {'line': b'2: checking ./vendor/googletest/googletest/scripts/release_docs.py\n'}
[0.633029] (serverpublisher) StdoutLine: {'line': b'2: ./vendor/googletest/googletest/scripts/release_docs.py: Cannot parse file.\n'}
[0.633073] (serverpublisher) StdoutLine: {'line': b'2: checking ./vendor/googletest/googletest/scripts/upload.py\n'}
[0.633117] (serverpublisher) StdoutLine: {'line': b'2: ./vendor/googletest/googletest/scripts/upload.py: Cannot parse file.\n'}
[0.633159] (serverpublisher) StdoutLine: {'line': b'2: checking ./vendor/googletest/googletest/scripts/upload_gtest.py\n'}
[0.633201] (serverpublisher) StdoutLine: {'line': b'2: ./vendor/googletest/googletest/scripts/upload_gtest.py:32 at module level: D213: Multi-line docstring summary should start at the second line\n'}
[0.633244] (serverpublisher) StdoutLine: {'line': b'2: checking ./vendor/googletest/googletest/test/gtest_break_on_failure_unittest.py\n'}
[0.633287] (serverpublisher) StdoutLine: {'line': b'2: ./vendor/googletest/googletest/test/gtest_break_on_failure_unittest.py:32 at module level: D213: Multi-line docstring summary should start at the second line\n'}
[0.633330] (serverpublisher) StdoutLine: {'line': b'2: ./vendor/googletest/googletest/test/gtest_break_on_failure_unittest.py:81 in public function `Run`: D202: No blank lines allowed after function docstring (found 1)\n'}
[0.633373] (serverpublisher) StdoutLine: {'line': b"2: ./vendor/googletest/googletest/test/gtest_break_on_failure_unittest.py:81 in public function `Run`: D401: First line should be in imperative mood (perhaps 'Run', not 'Runs')\n"}
[0.633415] (serverpublisher) StdoutLine: {'line': b'2: ./vendor/googletest/googletest/test/gtest_break_on_failure_unittest.py:94 in public class `GTestBreakOnFailureUnitTest`: D205: 1 blank line required between summary line and description (found 0)\n'}
[0.633474] (serverpublisher) StdoutLine: {'line': b'2: ./vendor/googletest/googletest/test/gtest_break_on_failure_unittest.py:94 in public class `GTestBreakOnFailureUnitTest`: D213: Multi-line docstring summary should start at the second line\n'}
[0.633530] (serverpublisher) StdoutLine: {'line': b"2: ./vendor/googletest/googletest/test/gtest_break_on_failure_unittest.py:94 in public class `GTestBreakOnFailureUnitTest`: D400: First line should end with a period (not 'r')\n"}
[0.633574] (serverpublisher) StdoutLine: {'line': b"2: ./vendor/googletest/googletest/test/gtest_break_on_failure_unittest.py:94 in public class `GTestBreakOnFailureUnitTest`: D415: First line should end with a period, question mark, or exclamation point (not 'r')\n"}
[0.633618] (serverpublisher) StdoutLine: {'line': b'2: ./vendor/googletest/googletest/test/gtest_break_on_failure_unittest.py:100 in public method `RunAndVerify`: D202: No blank lines allowed after function docstring (found 1)\n'}
[0.633662] (serverpublisher) StdoutLine: {'line': b'2: ./vendor/googletest/googletest/test/gtest_break_on_failure_unittest.py:100 in public method `RunAndVerify`: D205: 1 blank line required between summary line and description (found 0)\n'}
[0.633711] (serverpublisher) StdoutLine: {'line': b'2: ./vendor/googletest/googletest/test/gtest_break_on_failure_unittest.py:100 in public method `RunAndVerify`: D213: Multi-line docstring summary should start at the second line\n'}
[0.633754] (serverpublisher) StdoutLine: {'line': b"2: ./vendor/googletest/googletest/test/gtest_break_on_failure_unittest.py:100 in public method `RunAndVerify`: D400: First line should end with a period (not 's')\n"}
[0.633797] (serverpublisher) StdoutLine: {'line': b"2: ./vendor/googletest/googletest/test/gtest_break_on_failure_unittest.py:100 in public method `RunAndVerify`: D415: First line should end with a period, question mark, or exclamation point (not 's')\n"}
[0.633858] (serverpublisher) StdoutLine: {'line': b"2: ./vendor/googletest/googletest/test/gtest_break_on_failure_unittest.py:100 in public method `RunAndVerify`: D401: First line should be in imperative mood (perhaps 'Run', not 'Runs')\n"}
[0.633904] (serverpublisher) StdoutLine: {'line': b"2: ./vendor/googletest/googletest/test/gtest_break_on_failure_unittest.py:100 in public method `RunAndVerify`: D413: Missing blank line after last section ('Args')\n"}
[0.633960] (serverpublisher) StdoutLine: {'line': b"2: ./vendor/googletest/googletest/test/gtest_break_on_failure_unittest.py:100 in public method `RunAndVerify`: D407: Missing dashed underline after section ('Args')\n"}
[0.634033] (serverpublisher) StdoutLine: {'line': b'2: ./vendor/googletest/googletest/test/gtest_break_on_failure_unittest.py:145 in public method `testDefaultBehavior`: D202: No blank lines allowed after function docstring (found 1)\n'}
[0.634081] (serverpublisher) StdoutLine: {'line': b'2: ./vendor/googletest/googletest/test/gtest_break_on_failure_unittest.py:152 in public method `testEnvVar`: D202: No blank lines allowed after function docstring (found 1)\n'}
[0.634124] (serverpublisher) StdoutLine: {'line': b'2: ./vendor/googletest/googletest/test/gtest_break_on_failure_unittest.py:162 in public method `testFlag`: D202: No blank lines allowed after function docstring (found 1)\n'}
[0.634166] (serverpublisher) StdoutLine: {'line': b'2: ./vendor/googletest/googletest/test/gtest_break_on_failure_unittest.py:172 in public method `testFlagOverridesEnvVar`: D202: No blank lines allowed after function docstring (found 1)\n'}
[0.634208] (serverpublisher) StdoutLine: {'line': b'2: ./vendor/googletest/googletest/test/gtest_break_on_failure_unittest.py:188 in public method `testBreakOnFailureOverridesThrowOnFailure`: D202: No blank lines allowed after function docstring (found 1)\n'}
[0.634259] (serverpublisher) StdoutLine: {'line': b'2: ./vendor/googletest/googletest/test/gtest_break_on_failure_unittest.py:200 in public method `testCatchExceptionsDoesNotInterfere`: D202: No blank lines allowed after function docstring (found 1)\n'}
[0.634304] (serverpublisher) StdoutLine: {'line': b'2: checking ./vendor/googletest/googletest/test/gtest_catch_exceptions_test.py\n'}
[0.634350] (serverpublisher) StdoutLine: {'line': b'2: ./vendor/googletest/googletest/test/gtest_catch_exceptions_test.py:31 at module level: D213: Multi-line docstring summary should start at the second line\n'}
[0.634395] (serverpublisher) StdoutLine: {'line': b'2: ./vendor/googletest/googletest/test/gtest_catch_exceptions_test.py:86 in public class `CatchSehExceptionsTest`: D204: 1 blank line required after class docstring (found 2)\n'}
[0.656752] (serverpublisher) StdoutLine: {'line': b'2: ./vendor/googletest/googletest/test/gtest_catch_exceptions_test.py:115 in public class `CatchCxxExceptionsTest`: D208: Docstring is over-indented\n'}
[0.657018] (serverpublisher) StdoutLine: {'line': b'2: ./vendor/googletest/googletest/test/gtest_catch_exceptions_test.py:115 in public class `CatchCxxExceptionsTest`: D213: Multi-line docstring summary should start at the second line\n'}
[0.657092] (serverpublisher) StdoutLine: {'line': b'2: checking ./vendor/googletest/googletest/test/gtest_color_test.py\n'}
[0.657152] (serverpublisher) StdoutLine: {'line': b'2: ./vendor/googletest/googletest/test/gtest_color_test.py:48 in public function `SetEnvVar`: D202: No blank lines allowed after function docstring (found 1)\n'}
[0.657216] (serverpublisher) StdoutLine: {'line': b"2: ./vendor/googletest/googletest/test/gtest_color_test.py:48 in public function `SetEnvVar`: D401: First line should be in imperative mood (perhaps 'Set', not 'Sets')\n"}
[0.657272] (serverpublisher) StdoutLine: {'line': b'2: ./vendor/googletest/googletest/test/gtest_color_test.py:57 in public function `UsesColor`: D202: No blank lines allowed after function docstring (found 1)\n'}
[0.657325] (serverpublisher) StdoutLine: {'line': b"2: ./vendor/googletest/googletest/test/gtest_color_test.py:57 in public function `UsesColor`: D401: First line should be in imperative mood (perhaps 'Run', not 'Runs')\n"}
[0.657379] (serverpublisher) StdoutLine: {'line': b'2: ./vendor/googletest/googletest/test/gtest_color_test.py:72 in public method `testNoEnvVarNoFlag`: D202: No blank lines allowed after function docstring (found 1)\n'}
[0.657432] (serverpublisher) StdoutLine: {'line': b'2: ./vendor/googletest/googletest/test/gtest_color_test.py:87 in public method `testFlagOnly`: D202: No blank lines allowed after function docstring (found 1)\n'}
[0.657486] (serverpublisher) StdoutLine: {'line': b'2: ./vendor/googletest/googletest/test/gtest_color_test.py:98 in public method `testEnvVarOnly`: D202: No blank lines allowed after function docstring (found 1)\n'}
[0.657608] (serverpublisher) StdoutLine: {'line': b'2: ./vendor/googletest/googletest/test/gtest_color_test.py:109 in public method `testEnvVarAndFlag`: D202: No blank lines allowed after function docstring (found 1)\n'}
[0.657657] (serverpublisher) StdoutLine: {'line': b'2: ./vendor/googletest/googletest/test/gtest_color_test.py:116 in public method `testAliasesOfYesAndNo`: D202: No blank lines allowed after function docstring (found 1)\n'}
[0.657702] (serverpublisher) StdoutLine: {'line': b'2: checking ./vendor/googletest/googletest/test/gtest_env_var_test.py\n'}
[0.657746] (serverpublisher) StdoutLine: {'line': b'2: ./vendor/googletest/googletest/test/gtest_env_var_test.py:56 in public function `SetEnvVar`: D202: No blank lines allowed after function docstring (found 1)\n'}
[0.657796] (serverpublisher) StdoutLine: {'line': b"2: ./vendor/googletest/googletest/test/gtest_env_var_test.py:56 in public function `SetEnvVar`: D401: First line should be in imperative mood (perhaps 'Set', not 'Sets')\n"}
[0.657854] (serverpublisher) StdoutLine: {'line': b'2: ./vendor/googletest/googletest/test/gtest_env_var_test.py:65 in public function `GetFlag`: D202: No blank lines allowed after function docstring (found 1)\n'}
[0.657900] (serverpublisher) StdoutLine: {'line': b"2: ./vendor/googletest/googletest/test/gtest_env_var_test.py:65 in public function `GetFlag`: D401: First line should be in imperative mood (perhaps 'Run', not 'Runs')\n"}
[0.657945] (serverpublisher) StdoutLine: {'line': b'2: ./vendor/googletest/googletest/test/gtest_env_var_test.py:74 in public function `TestFlag`: D202: No blank lines allowed after function docstring (found 1)\n'}
[0.657988] (serverpublisher) StdoutLine: {'line': b"2: ./vendor/googletest/googletest/test/gtest_env_var_test.py:74 in public function `TestFlag`: D401: First line should be in imperative mood (perhaps 'Verify', not 'Verifies')\n"}
[0.658031] (serverpublisher) StdoutLine: {'line': b'2: ./vendor/googletest/googletest/test/gtest_env_var_test.py:85 in public method `testEnvVarAffectsFlag`: D202: No blank lines allowed after function docstring (found 1)\n'}
[0.658074] (serverpublisher) StdoutLine: {'line': b'2: ./vendor/googletest/googletest/test/gtest_env_var_test.py:103 in public method `testXmlOutputFile`: D202: No blank lines allowed after function docstring (found 1)\n'}
[0.658118] (serverpublisher) StdoutLine: {'line': b'2: ./vendor/googletest/googletest/test/gtest_env_var_test.py:110 in public method `testXmlOutputFileOverride`: D202: No blank lines allowed after function docstring (found 1)\n'}
[0.658175] (serverpublisher) StdoutLine: {'line': b"2: ./vendor/googletest/googletest/test/gtest_env_var_test.py:110 in public method `testXmlOutputFileOverride`: D400: First line should end with a period (not 'T')\n"}
[0.658220] (serverpublisher) StdoutLine: {'line': b"2: ./vendor/googletest/googletest/test/gtest_env_var_test.py:110 in public method `testXmlOutputFileOverride`: D415: First line should end with a period, question mark, or exclamation point (not 'T')\n"}
[0.658263] (serverpublisher) StdoutLine: {'line': b'2: checking ./vendor/googletest/googletest/test/gtest_filter_unittest.py\n'}
[0.658306] (serverpublisher) StdoutLine: {'line': b'2: ./vendor/googletest/googletest/test/gtest_filter_unittest.py:31 at module level: D213: Multi-line docstring summary should start at the second line\n'}
[0.658350] (serverpublisher) StdoutLine: {'line': b'2: ./vendor/googletest/googletest/test/gtest_filter_unittest.py:173 in public function `SetEnvVar`: D202: No blank lines allowed after function docstring (found 1)\n'}
[0.658397] (serverpublisher) StdoutLine: {'line': b"2: ./vendor/googletest/googletest/test/gtest_filter_unittest.py:173 in public function `SetEnvVar`: D401: First line should be in imperative mood (perhaps 'Set', not 'Sets')\n"}
[0.658440] (serverpublisher) StdoutLine: {'line': b'2: ./vendor/googletest/googletest/test/gtest_filter_unittest.py:182 in public function `RunAndReturnOutput`: D202: No blank lines allowed after function docstring (found 1)\n'}
[0.658483] (serverpublisher) StdoutLine: {'line': b"2: ./vendor/googletest/googletest/test/gtest_filter_unittest.py:182 in public function `RunAndReturnOutput`: D401: First line should be in imperative mood (perhaps 'Run', not 'Runs')\n"}
[0.658526] (serverpublisher) StdoutLine: {'line': b'2: ./vendor/googletest/googletest/test/gtest_filter_unittest.py:189 in public function `RunAndExtractTestList`: D202: No blank lines allowed after function docstring (found 1)\n'}
[0.658568] (serverpublisher) StdoutLine: {'line': b"2: ./vendor/googletest/googletest/test/gtest_filter_unittest.py:189 in public function `RunAndExtractTestList`: D401: First line should be in imperative mood (perhaps 'Run', not 'Runs')\n"}
[0.658610] (serverpublisher) StdoutLine: {'line': b"2: ./vendor/googletest/googletest/test/gtest_filter_unittest.py:208 in public function `InvokeWithModifiedEnv`: D401: First line should be in imperative mood (perhaps 'Run', not 'Runs')\n"}
[0.658651] (serverpublisher) StdoutLine: {'line': b'2: ./vendor/googletest/googletest/test/gtest_filter_unittest.py:219 in public function `RunWithSharding`: D202: No blank lines allowed after function docstring (found 1)\n'}
[0.658705] (serverpublisher) StdoutLine: {'line': b"2: ./vendor/googletest/googletest/test/gtest_filter_unittest.py:219 in public function `RunWithSharding`: D401: First line should be in imperative mood (perhaps 'Run', not 'Runs')\n"}
[0.658760] (serverpublisher) StdoutLine: {'line': b'2: ./vendor/googletest/googletest/test/gtest_filter_unittest.py:234 in public method `AssertSetEqual`: D202: No blank lines allowed after function docstring (found 1)\n'}
[0.658823] (serverpublisher) StdoutLine: {'line': b"2: ./vendor/googletest/googletest/test/gtest_filter_unittest.py:234 in public method `AssertSetEqual`: D401: First line should be in imperative mood (perhaps 'Assert', not 'Asserts')\n"}
[0.658871] (serverpublisher) StdoutLine: {'line': b'2: ./vendor/googletest/googletest/test/gtest_filter_unittest.py:243 in public method `AssertPartitionIsValid`: D202: No blank lines allowed after function docstring (found 1)\n'}
[0.658915] (serverpublisher) StdoutLine: {'line': b"2: ./vendor/googletest/googletest/test/gtest_filter_unittest.py:243 in public method `AssertPartitionIsValid`: D401: First line should be in imperative mood (perhaps 'Assert', not 'Asserts')\n"}
[0.658959] (serverpublisher) StdoutLine: {'line': b'2: ./vendor/googletest/googletest/test/gtest_filter_unittest.py:252 in public method `AdjustForParameterizedTests`: D202: No blank lines allowed after function docstring (found 1)\n'}
[0.659002] (serverpublisher) StdoutLine: {'line': b'2: ./vendor/googletest/googletest/test/gtest_filter_unittest.py:261 in public method `RunAndVerify`: D202: No blank lines allowed after function docstring (found 1)\n'}
[0.659050] (serverpublisher) StdoutLine: {'line': b"2: ./vendor/googletest/googletest/test/gtest_filter_unittest.py:261 in public method `RunAndVerify`: D401: First line should be in imperative mood (perhaps 'Check', not 'Checks')\n"}
[0.659093] (serverpublisher) StdoutLine: {'line': b'2: ./vendor/googletest/googletest/test/gtest_filter_unittest.py:292 in public method `RunAndVerifyWithSharding`: D202: No blank lines allowed after function docstring (found 1)\n'}
[0.659135] (serverpublisher) StdoutLine: {'line': b'2: ./vendor/googletest/googletest/test/gtest_filter_unittest.py:292 in public method `RunAndVerifyWithSharding`: D213: Multi-line docstring summary should start at the second line\n'}
[0.659179] (serverpublisher) StdoutLine: {'line': b"2: ./vendor/googletest/googletest/test/gtest_filter_unittest.py:292 in public method `RunAndVerifyWithSharding`: D401: First line should be in imperative mood (perhaps 'Check', not 'Checks')\n"}
[0.659222] (serverpublisher) StdoutLine: {'line': b"2: ./vendor/googletest/googletest/test/gtest_filter_unittest.py:292 in public method `RunAndVerifyWithSharding`: D413: Missing blank line after last section ('Args')\n"}
[0.659273] (serverpublisher) StdoutLine: {'line': b"2: ./vendor/googletest/googletest/test/gtest_filter_unittest.py:292 in public method `RunAndVerifyWithSharding`: D407: Missing dashed underline after section ('Args')\n"}
[0.659318] (serverpublisher) StdoutLine: {'line': b'2: ./vendor/googletest/googletest/test/gtest_filter_unittest.py:329 in public method `RunAndVerifyAllowingDisabled`: D202: No blank lines allowed after function docstring (found 1)\n'}
[0.659362] (serverpublisher) StdoutLine: {'line': b'2: ./vendor/googletest/googletest/test/gtest_filter_unittest.py:329 in public method `RunAndVerifyAllowingDisabled`: D213: Multi-line docstring summary should start at the second line\n'}
[0.659410] (serverpublisher) StdoutLine: {'line': b"2: ./vendor/googletest/googletest/test/gtest_filter_unittest.py:329 in public method `RunAndVerifyAllowingDisabled`: D401: First line should be in imperative mood (perhaps 'Check', not 'Checks')\n"}
[0.664075] (serverpublisher) StdoutLine: {'line': b"2: ./vendor/googletest/googletest/test/gtest_filter_unittest.py:329 in public method `RunAndVerifyAllowingDisabled`: D413: Missing blank line after last section ('Args')\n"}
[0.664340] (serverpublisher) StdoutLine: {'line': b"2: ./vendor/googletest/googletest/test/gtest_filter_unittest.py:329 in public method `RunAndVerifyAllowingDisabled`: D407: Missing dashed underline after section ('Args')\n"}
[0.664405] (serverpublisher) StdoutLine: {'line': b'2: ./vendor/googletest/googletest/test/gtest_filter_unittest.py:350 in public method `setUp`: D202: No blank lines allowed after function docstring (found 1)\n'}
[0.664464] (serverpublisher) StdoutLine: {'line': b'2: ./vendor/googletest/googletest/test/gtest_filter_unittest.py:350 in public method `setUp`: D213: Multi-line docstring summary should start at the second line\n'}
[0.664521] (serverpublisher) StdoutLine: {'line': b"2: ./vendor/googletest/googletest/test/gtest_filter_unittest.py:350 in public method `setUp`: D401: First line should be in imperative mood (perhaps 'Set', not 'Sets')\n"}
[0.664585] (serverpublisher) StdoutLine: {'line': b'2: ./vendor/googletest/googletest/test/gtest_filter_unittest.py:362 in public method `testDefaultBehavior`: D202: No blank lines allowed after function docstring (found 1)\n'}
[0.664646] (serverpublisher) StdoutLine: {'line': b'2: ./vendor/googletest/googletest/test/gtest_filter_unittest.py:367 in public method `testDefaultBehaviorWithShards`: D202: No blank lines allowed after function docstring (found 1)\n'}
[0.664701] (serverpublisher) StdoutLine: {'line': b'2: ./vendor/googletest/googletest/test/gtest_filter_unittest.py:376 in public method `testEmptyFilter`: D202: No blank lines allowed after function docstring (found 1)\n'}
[0.664786] (serverpublisher) StdoutLine: {'line': b'2: ./vendor/googletest/googletest/test/gtest_filter_unittest.py:383 in public method `testBadFilter`: D202: No blank lines allowed after function docstring (found 1)\n'}
[0.664844] (serverpublisher) StdoutLine: {'line': b'2: ./vendor/googletest/googletest/test/gtest_filter_unittest.py:389 in public method `testFullName`: D202: No blank lines allowed after function docstring (found 1)\n'}
[0.664898] (serverpublisher) StdoutLine: {'line': b'2: ./vendor/googletest/googletest/test/gtest_filter_unittest.py:396 in public method `testUniversalFilters`: D202: No blank lines allowed after function docstring (found 1)\n'}
[0.664950] (serverpublisher) StdoutLine: {'line': b'2: ./vendor/googletest/googletest/test/gtest_filter_unittest.py:405 in public method `testFilterByTestCase`: D202: No blank lines allowed after function docstring (found 1)\n'}
[0.665003] (serverpublisher) StdoutLine: {'line': b'2: ./vendor/googletest/googletest/test/gtest_filter_unittest.py:415 in public method `testFilterByTest`: D202: No blank lines allowed after function docstring (found 1)\n'}
[0.665055] (serverpublisher) StdoutLine: {'line': b'2: ./vendor/googletest/googletest/test/gtest_filter_unittest.py:420 in public method `testFilterDisabledTests`: D202: No blank lines allowed after function docstring (found 1)\n'}
[0.665107] (serverpublisher) StdoutLine: {'line': b'2: ./vendor/googletest/googletest/test/gtest_filter_unittest.py:445 in public method `testWildcardInTestCaseName`: D202: No blank lines allowed after function docstring (found 1)\n'}
[0.665160] (serverpublisher) StdoutLine: {'line': b'2: ./vendor/googletest/googletest/test/gtest_filter_unittest.py:457 in public method `testWildcardInTestName`: D202: No blank lines allowed after function docstring (found 1)\n'}
[0.665212] (serverpublisher) StdoutLine: {'line': b'2: ./vendor/googletest/googletest/test/gtest_filter_unittest.py:462 in public method `testFilterWithoutDot`: D202: No blank lines allowed after function docstring (found 1)\n'}
[0.665265] (serverpublisher) StdoutLine: {'line': b'2: ./vendor/googletest/googletest/test/gtest_filter_unittest.py:473 in public method `testTwoPatterns`: D202: No blank lines allowed after function docstring (found 1)\n'}
[0.665318] (serverpublisher) StdoutLine: {'line': b'2: ./vendor/googletest/googletest/test/gtest_filter_unittest.py:486 in public method `testThreePatterns`: D202: No blank lines allowed after function docstring (found 1)\n'}
[0.665370] (serverpublisher) StdoutLine: {'line': b'2: ./vendor/googletest/googletest/test/gtest_filter_unittest.py:567 in public method `testFlagOverridesEnvVar`: D202: No blank lines allowed after function docstring (found 1)\n'}
[0.665431] (serverpublisher) StdoutLine: {'line': b'2: ./vendor/googletest/googletest/test/gtest_filter_unittest.py:577 in public method `testShardStatusFileIsCreated`: D202: No blank lines allowed after function docstring (found 1)\n'}
[0.665488] (serverpublisher) StdoutLine: {'line': b'2: ./vendor/googletest/googletest/test/gtest_filter_unittest.py:591 in public method `testShardStatusFileIsCreatedWithListTests`: D202: No blank lines allowed after function docstring (found 1)\n'}
[0.665614] (serverpublisher) StdoutLine: {'line': b'2: ./vendor/googletest/googletest/test/gtest_filter_unittest.py:615 in public method `testShardingWorksWithDeathTests`: D202: No blank lines allowed after function docstring (found 1)\n'}
[0.665674] (serverpublisher) StdoutLine: {'line': b'2: checking ./vendor/googletest/googletest/test/gtest_help_test.py\n'}
[0.665757] (serverpublisher) StdoutLine: {'line': b'2: ./vendor/googletest/googletest/test/gtest_help_test.py:32 at module level: D213: Multi-line docstring summary should start at the second line\n'}
[0.665813] (serverpublisher) StdoutLine: {'line': b'2: ./vendor/googletest/googletest/test/gtest_help_test.py:82 in public function `RunWithFlag`: D202: No blank lines allowed after function docstring (found 1)\n'}
[0.665859] (serverpublisher) StdoutLine: {'line': b'2: ./vendor/googletest/googletest/test/gtest_help_test.py:82 in public function `RunWithFlag`: D213: Multi-line docstring summary should start at the second line\n'}
[0.665910] (serverpublisher) StdoutLine: {'line': b"2: ./vendor/googletest/googletest/test/gtest_help_test.py:82 in public function `RunWithFlag`: D401: First line should be in imperative mood (perhaps 'Run', not 'Runs')\n"}
[0.665955] (serverpublisher) StdoutLine: {'line': b"2: ./vendor/googletest/googletest/test/gtest_help_test.py:82 in public function `RunWithFlag`: D413: Missing blank line after last section ('Returns')\n"}
[0.665998] (serverpublisher) StdoutLine: {'line': b"2: ./vendor/googletest/googletest/test/gtest_help_test.py:82 in public function `RunWithFlag`: D407: Missing dashed underline after section ('Returns')\n"}
[0.666041] (serverpublisher) StdoutLine: {'line': b"2: ./vendor/googletest/googletest/test/gtest_help_test.py:82 in public function `RunWithFlag`: D406: Section name should end with a newline ('Returns', not 'Returns:')\n"}
[0.666085] (serverpublisher) StdoutLine: {'line': b'2: ./vendor/googletest/googletest/test/gtest_help_test.py:102 in public method `TestHelpFlag`: D202: No blank lines allowed after function docstring (found 1)\n'}
[0.666127] (serverpublisher) StdoutLine: {'line': b'2: ./vendor/googletest/googletest/test/gtest_help_test.py:102 in public method `TestHelpFlag`: D213: Multi-line docstring summary should start at the second line\n'}
[0.666169] (serverpublisher) StdoutLine: {'line': b"2: ./vendor/googletest/googletest/test/gtest_help_test.py:102 in public method `TestHelpFlag`: D401: First line should be in imperative mood (perhaps 'Verify', not 'Verifies')\n"}
[0.666213] (serverpublisher) StdoutLine: {'line': b"2: ./vendor/googletest/googletest/test/gtest_help_test.py:102 in public method `TestHelpFlag`: D413: Missing blank line after last section ('Args')\n"}
[0.666256] (serverpublisher) StdoutLine: {'line': b"2: ./vendor/googletest/googletest/test/gtest_help_test.py:102 in public method `TestHelpFlag`: D407: Missing dashed underline after section ('Args')\n"}
[0.666299] (serverpublisher) StdoutLine: {'line': b'2: ./vendor/googletest/googletest/test/gtest_help_test.py:126 in public method `TestNonHelpFlag`: D202: No blank lines allowed after function docstring (found 1)\n'}
[0.666341] (serverpublisher) StdoutLine: {'line': b'2: ./vendor/googletest/googletest/test/gtest_help_test.py:126 in public method `TestNonHelpFlag`: D213: Multi-line docstring summary should start at the second line\n'}
[0.666385] (serverpublisher) StdoutLine: {'line': b"2: ./vendor/googletest/googletest/test/gtest_help_test.py:126 in public method `TestNonHelpFlag`: D401: First line should be in imperative mood (perhaps 'Verify', not 'Verifies')\n"}
[0.666429] (serverpublisher) StdoutLine: {'line': b"2: ./vendor/googletest/googletest/test/gtest_help_test.py:126 in public method `TestNonHelpFlag`: D413: Missing blank line after last section ('Args')\n"}
[0.666473] (serverpublisher) StdoutLine: {'line': b"2: ./vendor/googletest/googletest/test/gtest_help_test.py:126 in public method `TestNonHelpFlag`: D407: Missing dashed underline after section ('Args')\n"}
[0.666516] (serverpublisher) StdoutLine: {'line': b'2: ./vendor/googletest/googletest/test/gtest_help_test.py:159 in public method `testRunsTestsWithoutHelpFlag`: D202: No blank lines allowed after function docstring (found 1)\n'}
[0.666558] (serverpublisher) StdoutLine: {'line': b'2: ./vendor/googletest/googletest/test/gtest_help_test.py:159 in public method `testRunsTestsWithoutHelpFlag`: D205: 1 blank line required between summary line and description (found 0)\n'}
[0.666602] (serverpublisher) StdoutLine: {'line': b'2: ./vendor/googletest/googletest/test/gtest_help_test.py:159 in public method `testRunsTestsWithoutHelpFlag`: D209: Multi-line docstring closing quotes should be on a separate line\n'}
[0.666644] (serverpublisher) StdoutLine: {'line': b'2: ./vendor/googletest/googletest/test/gtest_help_test.py:159 in public method `testRunsTestsWithoutHelpFlag`: D213: Multi-line docstring summary should start at the second line\n'}
[0.666706] (serverpublisher) StdoutLine: {'line': b"2: ./vendor/googletest/googletest/test/gtest_help_test.py:159 in public method `testRunsTestsWithoutHelpFlag`: D400: First line should end with a period (not 'n')\n"}
[0.666750] (serverpublisher) StdoutLine: {'line': b"2: ./vendor/googletest/googletest/test/gtest_help_test.py:159 in public method `testRunsTestsWithoutHelpFlag`: D415: First line should end with a period, question mark, or exclamation point (not 'n')\n"}
[0.666811] (serverpublisher) StdoutLine: {'line': b'2: ./vendor/googletest/googletest/test/gtest_help_test.py:165 in public method `testRunsTestsWithGtestInternalFlag`: D202: No blank lines allowed after function docstring (found 1)\n'}
[0.666862] (serverpublisher) StdoutLine: {'line': b'2: ./vendor/googletest/googletest/test/gtest_help_test.py:165 in public method `testRunsTestsWithGtestInternalFlag`: D205: 1 blank line required between summary line and description (found 0)\n'}
[0.676886] (serverpublisher) StdoutLine: {'line': b'2: ./vendor/googletest/googletest/test/gtest_help_test.py:165 in public method `testRunsTestsWithGtestInternalFlag`: D209: Multi-line docstring closing quotes should be on a separate line\n'}
[0.677117] (serverpublisher) StdoutLine: {'line': b'2: ./vendor/googletest/googletest/test/gtest_help_test.py:165 in public method `testRunsTestsWithGtestInternalFlag`: D213: Multi-line docstring summary should start at the second line\n'}
[0.677182] (serverpublisher) StdoutLine: {'line': b"2: ./vendor/googletest/googletest/test/gtest_help_test.py:165 in public method `testRunsTestsWithGtestInternalFlag`: D400: First line should end with a period (not 'n')\n"}
[0.677241] (serverpublisher) StdoutLine: {'line': b"2: ./vendor/googletest/googletest/test/gtest_help_test.py:165 in public method `testRunsTestsWithGtestInternalFlag`: D415: First line should end with a period, question mark, or exclamation point (not 'n')\n"}
[0.677298] (serverpublisher) StdoutLine: {'line': b'2: checking ./vendor/googletest/googletest/test/gtest_list_tests_unittest.py\n'}
[0.677354] (serverpublisher) StdoutLine: {'line': b'2: ./vendor/googletest/googletest/test/gtest_list_tests_unittest.py:32 at module level: D213: Multi-line docstring summary should start at the second line\n'}
[0.677408] (serverpublisher) StdoutLine: {'line': b'2: ./vendor/googletest/googletest/test/gtest_list_tests_unittest.py:118 in public function `Run`: D202: No blank lines allowed after function docstring (found 1)\n'}
[0.677463] (serverpublisher) StdoutLine: {'line': b"2: ./vendor/googletest/googletest/test/gtest_list_tests_unittest.py:118 in public function `Run`: D401: First line should be in imperative mood (perhaps 'Run', not 'Runs')\n"}
[0.677518] (serverpublisher) StdoutLine: {'line': b'2: ./vendor/googletest/googletest/test/gtest_list_tests_unittest.py:130 in public method `RunAndVerify`: D202: No blank lines allowed after function docstring (found 1)\n'}
[0.677570] (serverpublisher) StdoutLine: {'line': b'2: ./vendor/googletest/googletest/test/gtest_list_tests_unittest.py:130 in public method `RunAndVerify`: D205: 1 blank line required between summary line and description (found 0)\n'}
[0.677614] (serverpublisher) StdoutLine: {'line': b'2: ./vendor/googletest/googletest/test/gtest_list_tests_unittest.py:130 in public method `RunAndVerify`: D213: Multi-line docstring summary should start at the second line\n'}
[0.677657] (serverpublisher) StdoutLine: {'line': b"2: ./vendor/googletest/googletest/test/gtest_list_tests_unittest.py:130 in public method `RunAndVerify`: D400: First line should end with a period (not 's')\n"}
[0.677700] (serverpublisher) StdoutLine: {'line': b"2: ./vendor/googletest/googletest/test/gtest_list_tests_unittest.py:130 in public method `RunAndVerify`: D415: First line should end with a period, question mark, or exclamation point (not 's')\n"}
[0.677767] (serverpublisher) StdoutLine: {'line': b"2: ./vendor/googletest/googletest/test/gtest_list_tests_unittest.py:130 in public method `RunAndVerify`: D401: First line should be in imperative mood (perhaps 'Run', not 'Runs')\n"}
[0.677822] (serverpublisher) StdoutLine: {'line': b"2: ./vendor/googletest/googletest/test/gtest_list_tests_unittest.py:130 in public method `RunAndVerify`: D413: Missing blank line after last section ('Args')\n"}
[0.677867] (serverpublisher) StdoutLine: {'line': b"2: ./vendor/googletest/googletest/test/gtest_list_tests_unittest.py:130 in public method `RunAndVerify`: D407: Missing dashed underline after section ('Args')\n"}
[0.677911] (serverpublisher) StdoutLine: {'line': b'2: ./vendor/googletest/googletest/test/gtest_list_tests_unittest.py:174 in public method `testDefaultBehavior`: D202: No blank lines allowed after function docstring (found 1)\n'}
[0.677954] (serverpublisher) StdoutLine: {'line': b'2: ./vendor/googletest/googletest/test/gtest_list_tests_unittest.py:181 in public method `testFlag`: D202: No blank lines allowed after function docstring (found 1)\n'}
[0.677997] (serverpublisher) StdoutLine: {'line': b'2: ./vendor/googletest/googletest/test/gtest_list_tests_unittest.py:191 in public method `testOverrideNonFilterFlags`: D202: No blank lines allowed after function docstring (found 1)\n'}
[0.678044] (serverpublisher) StdoutLine: {'line': b'2: ./vendor/googletest/googletest/test/gtest_list_tests_unittest.py:198 in public method `testWithFilterFlags`: D202: No blank lines allowed after function docstring (found 1)\n'}
[0.678094] (serverpublisher) StdoutLine: {'line': b'2: ./vendor/googletest/googletest/test/gtest_list_tests_unittest.py:198 in public method `testWithFilterFlags`: D205: 1 blank line required between summary line and description (found 0)\n'}
[0.678138] (serverpublisher) StdoutLine: {'line': b'2: ./vendor/googletest/googletest/test/gtest_list_tests_unittest.py:198 in public method `testWithFilterFlags`: D209: Multi-line docstring closing quotes should be on a separate line\n'}
[0.678181] (serverpublisher) StdoutLine: {'line': b'2: ./vendor/googletest/googletest/test/gtest_list_tests_unittest.py:198 in public method `testWithFilterFlags`: D213: Multi-line docstring summary should start at the second line\n'}
[0.678224] (serverpublisher) StdoutLine: {'line': b"2: ./vendor/googletest/googletest/test/gtest_list_tests_unittest.py:198 in public method `testWithFilterFlags`: D400: First line should end with a period (not 'e')\n"}
[0.678267] (serverpublisher) StdoutLine: {'line': b"2: ./vendor/googletest/googletest/test/gtest_list_tests_unittest.py:198 in public method `testWithFilterFlags`: D415: First line should end with a period, question mark, or exclamation point (not 'e')\n"}
[0.678310] (serverpublisher) StdoutLine: {'line': b'2: checking ./vendor/googletest/googletest/test/gtest_output_test.py\n'}
[0.678353] (serverpublisher) StdoutLine: {'line': b'2: ./vendor/googletest/googletest/test/gtest_output_test.py:32 at module level: D213: Multi-line docstring summary should start at the second line\n'}
[0.678395] (serverpublisher) StdoutLine: {'line': b'2: ./vendor/googletest/googletest/test/gtest_output_test.py:84 in public function `ToUnixLineEnding`: D202: No blank lines allowed after function docstring (found 1)\n'}
[0.678439] (serverpublisher) StdoutLine: {'line': b"2: ./vendor/googletest/googletest/test/gtest_output_test.py:84 in public function `ToUnixLineEnding`: D401: First line should be in imperative mood (perhaps 'Change', not 'Changes')\n"}
[0.678482] (serverpublisher) StdoutLine: {'line': b'2: ./vendor/googletest/googletest/test/gtest_output_test.py:90 in public function `RemoveLocations`: D202: No blank lines allowed after function docstring (found 1)\n'}
[0.678524] (serverpublisher) StdoutLine: {'line': b'2: ./vendor/googletest/googletest/test/gtest_output_test.py:90 in public function `RemoveLocations`: D213: Multi-line docstring summary should start at the second line\n'}
[0.678567] (serverpublisher) StdoutLine: {'line': b'2: ./vendor/googletest/googletest/test/gtest_output_test.py:90 in public function `RemoveLocations`: D301: Use r""" if any backslashes in a docstring\n'}
[0.678609] (serverpublisher) StdoutLine: {'line': b"2: ./vendor/googletest/googletest/test/gtest_output_test.py:90 in public function `RemoveLocations`: D401: First line should be in imperative mood (perhaps 'Remove', not 'Removes')\n"}
[0.678658] (serverpublisher) StdoutLine: {'line': b"2: ./vendor/googletest/googletest/test/gtest_output_test.py:90 in public function `RemoveLocations`: D413: Missing blank line after last section ('Returns')\n"}
[0.678701] (serverpublisher) StdoutLine: {'line': b"2: ./vendor/googletest/googletest/test/gtest_output_test.py:90 in public function `RemoveLocations`: D407: Missing dashed underline after section ('Returns')\n"}
[0.678762] (serverpublisher) StdoutLine: {'line': b"2: ./vendor/googletest/googletest/test/gtest_output_test.py:90 in public function `RemoveLocations`: D406: Section name should end with a newline ('Returns', not 'Returns:')\n"}
[0.678808] (serverpublisher) StdoutLine: {'line': b'2: ./vendor/googletest/googletest/test/gtest_output_test.py:106 in public function `RemoveStackTraceDetails`: D202: No blank lines allowed after function docstring (found 1)\n'}
[0.678853] (serverpublisher) StdoutLine: {'line': b"2: ./vendor/googletest/googletest/test/gtest_output_test.py:106 in public function `RemoveStackTraceDetails`: D401: First line should be in imperative mood (perhaps 'Remove', not 'Removes')\n"}
[0.678896] (serverpublisher) StdoutLine: {'line': b'2: ./vendor/googletest/googletest/test/gtest_output_test.py:114 in public function `RemoveStackTraces`: D202: No blank lines allowed after function docstring (found 1)\n'}
[0.678938] (serverpublisher) StdoutLine: {'line': b"2: ./vendor/googletest/googletest/test/gtest_output_test.py:114 in public function `RemoveStackTraces`: D401: First line should be in imperative mood (perhaps 'Remove', not 'Removes')\n"}
[0.678980] (serverpublisher) StdoutLine: {'line': b'2: ./vendor/googletest/googletest/test/gtest_output_test.py:121 in public function `RemoveTime`: D202: No blank lines allowed after function docstring (found 1)\n'}
[0.679022] (serverpublisher) StdoutLine: {'line': b"2: ./vendor/googletest/googletest/test/gtest_output_test.py:121 in public function `RemoveTime`: D401: First line should be in imperative mood (perhaps 'Remove', not 'Removes')\n"}
[0.679068] (serverpublisher) StdoutLine: {'line': b'2: ./vendor/googletest/googletest/test/gtest_output_test.py:127 in public function `RemoveTypeInfoDetails`: D202: No blank lines allowed after function docstring (found 1)\n'}
[0.679112] (serverpublisher) StdoutLine: {'line': b'2: ./vendor/googletest/googletest/test/gtest_output_test.py:127 in public function `RemoveTypeInfoDetails`: D213: Multi-line docstring summary should start at the second line\n'}
[0.679162] (serverpublisher) StdoutLine: {'line': b"2: ./vendor/googletest/googletest/test/gtest_output_test.py:127 in public function `RemoveTypeInfoDetails`: D401: First line should be in imperative mood (perhaps 'Remove', not 'Removes')\n"}
[0.679206] (serverpublisher) StdoutLine: {'line': b"2: ./vendor/googletest/googletest/test/gtest_output_test.py:127 in public function `RemoveTypeInfoDetails`: D413: Missing blank line after last section ('Returns')\n"}
[0.679248] (serverpublisher) StdoutLine: {'line': b"2: ./vendor/googletest/googletest/test/gtest_output_test.py:127 in public function `RemoveTypeInfoDetails`: D407: Missing dashed underline after section ('Returns')\n"}
[0.679291] (serverpublisher) StdoutLine: {'line': b"2: ./vendor/googletest/googletest/test/gtest_output_test.py:127 in public function `RemoveTypeInfoDetails`: D406: Section name should end with a newline ('Returns', not 'Returns:')\n"}
[0.679333] (serverpublisher) StdoutLine: {'line': b'2: ./vendor/googletest/googletest/test/gtest_output_test.py:141 in public function `NormalizeToCurrentPlatform`: D202: No blank lines allowed after function docstring (found 1)\n'}
[0.695673] (serverpublisher) StdoutLine: {'line': b"2: ./vendor/googletest/googletest/test/gtest_output_test.py:141 in public function `NormalizeToCurrentPlatform`: D401: First line should be in imperative mood (perhaps 'Normalize', not 'Normalizes')\n"}
[0.695907] (serverpublisher) StdoutLine: {'line': b'2: ./vendor/googletest/googletest/test/gtest_output_test.py:155 in public function `RemoveTestCounts`: D202: No blank lines allowed after function docstring (found 1)\n'}
[0.695980] (serverpublisher) StdoutLine: {'line': b"2: ./vendor/googletest/googletest/test/gtest_output_test.py:155 in public function `RemoveTestCounts`: D401: First line should be in imperative mood (perhaps 'Remove', not 'Removes')\n"}
[0.696038] (serverpublisher) StdoutLine: {'line': b'2: ./vendor/googletest/googletest/test/gtest_output_test.py:169 in public function `RemoveMatchingTests`: D202: No blank lines allowed after function docstring (found 1)\n'}
[0.696094] (serverpublisher) StdoutLine: {'line': b'2: ./vendor/googletest/googletest/test/gtest_output_test.py:169 in public function `RemoveMatchingTests`: D213: Multi-line docstring summary should start at the second line\n'}
[0.696149] (serverpublisher) StdoutLine: {'line': b"2: ./vendor/googletest/googletest/test/gtest_output_test.py:169 in public function `RemoveMatchingTests`: D401: First line should be in imperative mood (perhaps 'Remove', not 'Removes')\n"}
[0.696202] (serverpublisher) StdoutLine: {'line': b"2: ./vendor/googletest/googletest/test/gtest_output_test.py:169 in public function `RemoveMatchingTests`: D413: Missing blank line after last section ('Returns')\n"}
[0.696255] (serverpublisher) StdoutLine: {'line': b"2: ./vendor/googletest/googletest/test/gtest_output_test.py:169 in public function `RemoveMatchingTests`: D407: Missing dashed underline after section ('Returns')\n"}
[0.696307] (serverpublisher) StdoutLine: {'line': b"2: ./vendor/googletest/googletest/test/gtest_output_test.py:169 in public function `RemoveMatchingTests`: D406: Section name should end with a newline ('Returns', not 'Returns:')\n"}
[0.696358] (serverpublisher) StdoutLine: {'line': b'2: ./vendor/googletest/googletest/test/gtest_output_test.py:192 in public function `NormalizeOutput`: D202: No blank lines allowed after function docstring (found 1)\n'}
[0.696410] (serverpublisher) StdoutLine: {'line': b"2: ./vendor/googletest/googletest/test/gtest_output_test.py:192 in public function `NormalizeOutput`: D401: First line should be in imperative mood (perhaps 'Normalize', not 'Normalizes')\n"}
[0.696465] (serverpublisher) StdoutLine: {'line': b'2: ./vendor/googletest/googletest/test/gtest_output_test.py:202 in public function `GetShellCommandOutput`: D202: No blank lines allowed after function docstring (found 1)\n'}
[0.696520] (serverpublisher) StdoutLine: {'line': b'2: ./vendor/googletest/googletest/test/gtest_output_test.py:202 in public function `GetShellCommandOutput`: D213: Multi-line docstring summary should start at the second line\n'}
[0.696574] (serverpublisher) StdoutLine: {'line': b"2: ./vendor/googletest/googletest/test/gtest_output_test.py:202 in public function `GetShellCommandOutput`: D401: First line should be in imperative mood (perhaps 'Run', not 'Runs')\n"}
[0.696637] (serverpublisher) StdoutLine: {'line': b"2: ./vendor/googletest/googletest/test/gtest_output_test.py:202 in public function `GetShellCommandOutput`: D413: Missing blank line after last section ('Returns')\n"}
[0.696686] (serverpublisher) StdoutLine: {'line': b"2: ./vendor/googletest/googletest/test/gtest_output_test.py:202 in public function `GetShellCommandOutput`: D407: Missing dashed underline after section ('Returns')\n"}
[0.696749] (serverpublisher) StdoutLine: {'line': b"2: ./vendor/googletest/googletest/test/gtest_output_test.py:202 in public function `GetShellCommandOutput`: D406: Section name should end with a newline ('Returns', not 'Returns:')\n"}
[0.696798] (serverpublisher) StdoutLine: {'line': b'2: ./vendor/googletest/googletest/test/gtest_output_test.py:223 in public function `GetCommandOutput`: D202: No blank lines allowed after function docstring (found 1)\n'}
[0.696851] (serverpublisher) StdoutLine: {'line': b'2: ./vendor/googletest/googletest/test/gtest_output_test.py:223 in public function `GetCommandOutput`: D205: 1 blank line required between summary line and description (found 0)\n'}
[0.696901] (serverpublisher) StdoutLine: {'line': b'2: ./vendor/googletest/googletest/test/gtest_output_test.py:223 in public function `GetCommandOutput`: D213: Multi-line docstring summary should start at the second line\n'}
[0.696946] (serverpublisher) StdoutLine: {'line': b"2: ./vendor/googletest/googletest/test/gtest_output_test.py:223 in public function `GetCommandOutput`: D400: First line should end with a period (not 'n')\n"}
[0.696990] (serverpublisher) StdoutLine: {'line': b"2: ./vendor/googletest/googletest/test/gtest_output_test.py:223 in public function `GetCommandOutput`: D415: First line should end with a period, question mark, or exclamation point (not 'n')\n"}
[0.697035] (serverpublisher) StdoutLine: {'line': b"2: ./vendor/googletest/googletest/test/gtest_output_test.py:223 in public function `GetCommandOutput`: D401: First line should be in imperative mood (perhaps 'Run', not 'Runs')\n"}
[0.697079] (serverpublisher) StdoutLine: {'line': b"2: ./vendor/googletest/googletest/test/gtest_output_test.py:223 in public function `GetCommandOutput`: D413: Missing blank line after last section ('Args')\n"}
[0.697123] (serverpublisher) StdoutLine: {'line': b"2: ./vendor/googletest/googletest/test/gtest_output_test.py:223 in public function `GetCommandOutput`: D407: Missing dashed underline after section ('Args')\n"}
[0.697168] (serverpublisher) StdoutLine: {'line': b'2: ./vendor/googletest/googletest/test/gtest_output_test.py:240 in public function `GetOutputOfAllCommands`: D202: No blank lines allowed after function docstring (found 1)\n'}
[0.697212] (serverpublisher) StdoutLine: {'line': b"2: ./vendor/googletest/googletest/test/gtest_output_test.py:240 in public function `GetOutputOfAllCommands`: D401: First line should be in imperative mood (perhaps 'Return', not 'Returns')\n"}
[0.697255] (serverpublisher) StdoutLine: {'line': b'2: checking ./vendor/googletest/googletest/test/gtest_shuffle_test.py\n'}
[0.697298] (serverpublisher) StdoutLine: {'line': b'2: ./vendor/googletest/googletest/test/gtest_shuffle_test.py:79 in public function `RunAndReturnOutput`: D202: No blank lines allowed after function docstring (found 1)\n'}
[0.697341] (serverpublisher) StdoutLine: {'line': b"2: ./vendor/googletest/googletest/test/gtest_shuffle_test.py:79 in public function `RunAndReturnOutput`: D401: First line should be in imperative mood (perhaps 'Run', not 'Runs')\n"}
[0.697384] (serverpublisher) StdoutLine: {'line': b'2: ./vendor/googletest/googletest/test/gtest_shuffle_test.py:88 in public function `GetTestsForAllIterations`: D202: No blank lines allowed after function docstring (found 1)\n'}
[0.697427] (serverpublisher) StdoutLine: {'line': b'2: ./vendor/googletest/googletest/test/gtest_shuffle_test.py:88 in public function `GetTestsForAllIterations`: D213: Multi-line docstring summary should start at the second line\n'}
[0.697471] (serverpublisher) StdoutLine: {'line': b"2: ./vendor/googletest/googletest/test/gtest_shuffle_test.py:88 in public function `GetTestsForAllIterations`: D401: First line should be in imperative mood (perhaps 'Run', not 'Runs')\n"}
[0.697516] (serverpublisher) StdoutLine: {'line': b"2: ./vendor/googletest/googletest/test/gtest_shuffle_test.py:88 in public function `GetTestsForAllIterations`: D413: Missing blank line after last section ('Returns')\n"}
[0.697563] (serverpublisher) StdoutLine: {'line': b"2: ./vendor/googletest/googletest/test/gtest_shuffle_test.py:88 in public function `GetTestsForAllIterations`: D407: Missing dashed underline after section ('Returns')\n"}
[0.697609] (serverpublisher) StdoutLine: {'line': b"2: ./vendor/googletest/googletest/test/gtest_shuffle_test.py:88 in public function `GetTestsForAllIterations`: D406: Section name should end with a newline ('Returns', not 'Returns:')\n"}
[0.697709] (serverpublisher) StdoutLine: {'line': b'2: ./vendor/googletest/googletest/test/gtest_shuffle_test.py:111 in public function `GetTestCases`: D202: No blank lines allowed after function docstring (found 1)\n'}
[0.697774] (serverpublisher) StdoutLine: {'line': b'2: ./vendor/googletest/googletest/test/gtest_shuffle_test.py:111 in public function `GetTestCases`: D213: Multi-line docstring summary should start at the second line\n'}
[0.697826] (serverpublisher) StdoutLine: {'line': b"2: ./vendor/googletest/googletest/test/gtest_shuffle_test.py:111 in public function `GetTestCases`: D401: First line should be in imperative mood (perhaps 'Return', not 'Returns')\n"}
[0.697873] (serverpublisher) StdoutLine: {'line': b"2: ./vendor/googletest/googletest/test/gtest_shuffle_test.py:111 in public function `GetTestCases`: D413: Missing blank line after last section ('Returns')\n"}
[0.697917] (serverpublisher) StdoutLine: {'line': b"2: ./vendor/googletest/googletest/test/gtest_shuffle_test.py:111 in public function `GetTestCases`: D407: Missing dashed underline after section ('Returns')\n"}
[0.697960] (serverpublisher) StdoutLine: {'line': b"2: ./vendor/googletest/googletest/test/gtest_shuffle_test.py:111 in public function `GetTestCases`: D406: Section name should end with a newline ('Returns', not 'Returns:')\n"}
[0.698002] (serverpublisher) StdoutLine: {'line': b'2: ./vendor/googletest/googletest/test/gtest_shuffle_test.py:131 in public function `CalculateTestLists`: D202: No blank lines allowed after function docstring (found 1)\n'}
[0.698051] (serverpublisher) StdoutLine: {'line': b"2: ./vendor/googletest/googletest/test/gtest_shuffle_test.py:131 in public function `CalculateTestLists`: D401: First line should be in imperative mood (perhaps 'Calculate', not 'Calculates')\n"}
[0.698094] (serverpublisher) StdoutLine: {'line': b'2: checking ./vendor/googletest/googletest/test/gtest_test_utils.py\n'}
[0.698136] (serverpublisher) StdoutLine: {'line': b'2: ./vendor/googletest/googletest/test/gtest_test_utils.py:66 in public function `SetEnvVar`: D202: No blank lines allowed after function docstring (found 1)\n'}
[0.698178] (serverpublisher) StdoutLine: {'line': b'2: ./vendor/googletest/googletest/test/gtest_test_utils.py:87 in private function `_ParseAndStripGTestFlags`: D202: No blank lines allowed after function docstring (found 1)\n'}
[0.698221] (serverpublisher) StdoutLine: {'line': b"2: ./vendor/googletest/googletest/test/gtest_test_utils.py:87 in private function `_ParseAndStripGTestFlags`: D401: First line should be in imperative mood (perhaps 'Parse', not 'Parses')\n"}
[0.698264] (serverpublisher) StdoutLine: {'line': b'2: ./vendor/googletest/googletest/test/gtest_test_utils.py:116 in public function `GetFlag`: D202: No blank lines allowed after function docstring (found 1)\n'}
[0.700458] (-) TimerEvent: {}
[0.703872] (serverpublisher) StdoutLine: {'line': b"2: ./vendor/googletest/googletest/test/gtest_test_utils.py:116 in public function `GetFlag`: D401: First line should be in imperative mood (perhaps 'Return', not 'Returns')\n"}
[0.704077] (serverpublisher) StdoutLine: {'line': b'2: ./vendor/googletest/googletest/test/gtest_test_utils.py:127 in public function `GetSourceDir`: D202: No blank lines allowed after function docstring (found 1)\n'}
[0.704138] (serverpublisher) StdoutLine: {'line': b"2: ./vendor/googletest/googletest/test/gtest_test_utils.py:127 in public function `GetSourceDir`: D401: First line should be in imperative mood (perhaps 'Return', not 'Returns')\n"}
[0.704194] (serverpublisher) StdoutLine: {'line': b'2: ./vendor/googletest/googletest/test/gtest_test_utils.py:133 in public function `GetBuildDir`: D202: No blank lines allowed after function docstring (found 1)\n'}
[0.704247] (serverpublisher) StdoutLine: {'line': b"2: ./vendor/googletest/googletest/test/gtest_test_utils.py:133 in public function `GetBuildDir`: D401: First line should be in imperative mood (perhaps 'Return', not 'Returns')\n"}
[0.704300] (serverpublisher) StdoutLine: {'line': b'2: ./vendor/googletest/googletest/test/gtest_test_utils.py:148 in public function `GetTempDir`: D202: No blank lines allowed after function docstring (found 1)\n'}
[0.704352] (serverpublisher) StdoutLine: {'line': b"2: ./vendor/googletest/googletest/test/gtest_test_utils.py:148 in public function `GetTempDir`: D401: First line should be in imperative mood (perhaps 'Return', not 'Returns')\n"}
[0.704411] (serverpublisher) StdoutLine: {'line': b'2: ./vendor/googletest/googletest/test/gtest_test_utils.py:157 in public function `GetTestExecutablePath`: D202: No blank lines allowed after function docstring (found 1)\n'}
[0.704462] (serverpublisher) StdoutLine: {'line': b'2: ./vendor/googletest/googletest/test/gtest_test_utils.py:157 in public function `GetTestExecutablePath`: D213: Multi-line docstring summary should start at the second line\n'}
[0.704513] (serverpublisher) StdoutLine: {'line': b"2: ./vendor/googletest/googletest/test/gtest_test_utils.py:157 in public function `GetTestExecutablePath`: D401: First line should be in imperative mood (perhaps 'Return', not 'Returns')\n"}
[0.704565] (serverpublisher) StdoutLine: {'line': b"2: ./vendor/googletest/googletest/test/gtest_test_utils.py:157 in public function `GetTestExecutablePath`: D413: Missing blank line after last section ('Returns')\n"}
[0.704626] (serverpublisher) StdoutLine: {'line': b"2: ./vendor/googletest/googletest/test/gtest_test_utils.py:157 in public function `GetTestExecutablePath`: D407: Missing dashed underline after section ('Returns')\n"}
[0.704672] (serverpublisher) StdoutLine: {'line': b"2: ./vendor/googletest/googletest/test/gtest_test_utils.py:157 in public function `GetTestExecutablePath`: D406: Section name should end with a newline ('Returns', not 'Returns:')\n"}
[0.704721] (serverpublisher) StdoutLine: {'line': b'2: ./vendor/googletest/googletest/test/gtest_test_utils.py:188 in public function `GetExitStatus`: D202: No blank lines allowed after function docstring (found 1)\n'}
[0.704786] (serverpublisher) StdoutLine: {'line': b'2: ./vendor/googletest/googletest/test/gtest_test_utils.py:188 in public function `GetExitStatus`: D213: Multi-line docstring summary should start at the second line\n'}
[0.704832] (serverpublisher) StdoutLine: {'line': b"2: ./vendor/googletest/googletest/test/gtest_test_utils.py:188 in public function `GetExitStatus`: D401: First line should be in imperative mood (perhaps 'Return', not 'Returns')\n"}
[0.704876] (serverpublisher) StdoutLine: {'line': b"2: ./vendor/googletest/googletest/test/gtest_test_utils.py:188 in public function `GetExitStatus`: D413: Missing blank line after last section ('Args')\n"}
[0.704918] (serverpublisher) StdoutLine: {'line': b"2: ./vendor/googletest/googletest/test/gtest_test_utils.py:188 in public function `GetExitStatus`: D407: Missing dashed underline after section ('Args')\n"}
[0.704961] (serverpublisher) StdoutLine: {'line': b'2: ./vendor/googletest/googletest/test/gtest_test_utils.py:209 in public method `__init__`: D202: No blank lines allowed after function docstring (found 1)\n'}
[0.705012] (serverpublisher) StdoutLine: {'line': b'2: ./vendor/googletest/googletest/test/gtest_test_utils.py:209 in public method `__init__`: D213: Multi-line docstring summary should start at the second line\n'}
[0.705058] (serverpublisher) StdoutLine: {'line': b"2: ./vendor/googletest/googletest/test/gtest_test_utils.py:209 in public method `__init__`: D401: First line should be in imperative mood (perhaps 'Change', not 'Changes')\n"}
[0.705102] (serverpublisher) StdoutLine: {'line': b"2: ./vendor/googletest/googletest/test/gtest_test_utils.py:209 in public method `__init__`: D413: Missing blank line after last section ('Returns')\n"}
[0.705145] (serverpublisher) StdoutLine: {'line': b"2: ./vendor/googletest/googletest/test/gtest_test_utils.py:209 in public method `__init__`: D407: Missing dashed underline after section ('Returns')\n"}
[0.705189] (serverpublisher) StdoutLine: {'line': b"2: ./vendor/googletest/googletest/test/gtest_test_utils.py:209 in public method `__init__`: D406: Section name should end with a newline ('Returns', not 'Returns:')\n"}
[0.705230] (serverpublisher) StdoutLine: {'line': b'2: ./vendor/googletest/googletest/test/gtest_test_utils.py:307 in public function `Main`: D202: No blank lines allowed after function docstring (found 1)\n'}
[0.705274] (serverpublisher) StdoutLine: {'line': b"2: ./vendor/googletest/googletest/test/gtest_test_utils.py:307 in public function `Main`: D401: First line should be in imperative mood (perhaps 'Run', not 'Runs')\n"}
[0.705323] (serverpublisher) StdoutLine: {'line': b'2: checking ./vendor/googletest/googletest/test/gtest_throw_on_failure_test.py\n'}
[0.705367] (serverpublisher) StdoutLine: {'line': b'2: ./vendor/googletest/googletest/test/gtest_throw_on_failure_test.py:32 at module level: D213: Multi-line docstring summary should start at the second line\n'}
[0.705410] (serverpublisher) StdoutLine: {'line': b'2: ./vendor/googletest/googletest/test/gtest_throw_on_failure_test.py:59 in public function `SetEnvVar`: D202: No blank lines allowed after function docstring (found 1)\n'}
[0.705452] (serverpublisher) StdoutLine: {'line': b'2: ./vendor/googletest/googletest/test/gtest_throw_on_failure_test.py:59 in public function `SetEnvVar`: D205: 1 blank line required between summary line and description (found 0)\n'}
[0.705495] (serverpublisher) StdoutLine: {'line': b'2: ./vendor/googletest/googletest/test/gtest_throw_on_failure_test.py:59 in public function `SetEnvVar`: D213: Multi-line docstring summary should start at the second line\n'}
[0.705548] (serverpublisher) StdoutLine: {'line': b"2: ./vendor/googletest/googletest/test/gtest_throw_on_failure_test.py:59 in public function `SetEnvVar`: D400: First line should end with a period (not 'e')\n"}
[0.705594] (serverpublisher) StdoutLine: {'line': b"2: ./vendor/googletest/googletest/test/gtest_throw_on_failure_test.py:59 in public function `SetEnvVar`: D415: First line should end with a period, question mark, or exclamation point (not 'e')\n"}
[0.705682] (serverpublisher) StdoutLine: {'line': b"2: ./vendor/googletest/googletest/test/gtest_throw_on_failure_test.py:59 in public function `SetEnvVar`: D401: First line should be in imperative mood (perhaps 'Set', not 'Sets')\n"}
[0.705743] (serverpublisher) StdoutLine: {'line': b'2: ./vendor/googletest/googletest/test/gtest_throw_on_failure_test.py:71 in public function `Run`: D202: No blank lines allowed after function docstring (found 1)\n'}
[0.705813] (serverpublisher) StdoutLine: {'line': b"2: ./vendor/googletest/googletest/test/gtest_throw_on_failure_test.py:71 in public function `Run`: D401: First line should be in imperative mood (perhaps 'Run', not 'Runs')\n"}
[0.705879] (serverpublisher) StdoutLine: {'line': b'2: ./vendor/googletest/googletest/test/gtest_throw_on_failure_test.py:84 in public method `RunAndVerify`: D202: No blank lines allowed after function docstring (found 1)\n'}
[0.705932] (serverpublisher) StdoutLine: {'line': b'2: ./vendor/googletest/googletest/test/gtest_throw_on_failure_test.py:84 in public method `RunAndVerify`: D205: 1 blank line required between summary line and description (found 0)\n'}
[0.705979] (serverpublisher) StdoutLine: {'line': b'2: ./vendor/googletest/googletest/test/gtest_throw_on_failure_test.py:84 in public method `RunAndVerify`: D213: Multi-line docstring summary should start at the second line\n'}
[0.706022] (serverpublisher) StdoutLine: {'line': b"2: ./vendor/googletest/googletest/test/gtest_throw_on_failure_test.py:84 in public method `RunAndVerify`: D400: First line should end with a period (not 's')\n"}
[0.706064] (serverpublisher) StdoutLine: {'line': b"2: ./vendor/googletest/googletest/test/gtest_throw_on_failure_test.py:84 in public method `RunAndVerify`: D415: First line should end with a period, question mark, or exclamation point (not 's')\n"}
[0.706107] (serverpublisher) StdoutLine: {'line': b"2: ./vendor/googletest/googletest/test/gtest_throw_on_failure_test.py:84 in public method `RunAndVerify`: D401: First line should be in imperative mood (perhaps 'Run', not 'Runs')\n"}
[0.706150] (serverpublisher) StdoutLine: {'line': b"2: ./vendor/googletest/googletest/test/gtest_throw_on_failure_test.py:84 in public method `RunAndVerify`: D413: Missing blank line after last section ('Args')\n"}
[0.706192] (serverpublisher) StdoutLine: {'line': b"2: ./vendor/googletest/googletest/test/gtest_throw_on_failure_test.py:84 in public method `RunAndVerify`: D407: Missing dashed underline after section ('Args')\n"}
[0.706245] (serverpublisher) StdoutLine: {'line': b'2: ./vendor/googletest/googletest/test/gtest_throw_on_failure_test.py:129 in public method `testDefaultBehavior`: D202: No blank lines allowed after function docstring (found 1)\n'}
[0.706289] (serverpublisher) StdoutLine: {'line': b'2: ./vendor/googletest/googletest/test/gtest_throw_on_failure_test.py:134 in public method `testThrowOnFailureEnvVar`: D202: No blank lines allowed after function docstring (found 1)\n'}
[0.706332] (serverpublisher) StdoutLine: {'line': b'2: ./vendor/googletest/googletest/test/gtest_throw_on_failure_test.py:144 in public method `testThrowOnFailureFlag`: D202: No blank lines allowed after function docstring (found 1)\n'}
[0.706374] (serverpublisher) StdoutLine: {'line': b'2: ./vendor/googletest/googletest/test/gtest_throw_on_failure_test.py:154 in public method `testThrowOnFailureFlagOverridesEnvVar`: D202: No blank lines allowed after function docstring (found 1)\n'}
[0.706416] (serverpublisher) StdoutLine: {'line': b'2: checking ./vendor/googletest/googletest/test/gtest_uninitialized_test.py\n'}
[0.706460] (serverpublisher) StdoutLine: {'line': b'2: ./vendor/googletest/googletest/test/gtest_uninitialized_test.py:55 in public function `TestExitCodeAndOutput`: D202: No blank lines allowed after function docstring (found 1)\n'}
[0.721738] (serverpublisher) StdoutLine: {'line': b'2: Error in file ./vendor/googletest/googletest/xcode/Scripts/versiongenerate.py: Cannot parse file.\n'}
[0.721959] (serverpublisher) StdoutLine: {'line': b"2: ./vendor/googletest/googletest/test/gtest_uninitialized_test.py:55 in public function `TestExitCodeAndOutput`: D401: First line should be in imperative mood (perhaps 'Run', not 'Runs')\n"}
[0.722067] (serverpublisher) StdoutLine: {'line': b'2: checking ./vendor/googletest/googletest/test/gtest_xml_outfiles_test.py\n'}
[0.722126] (serverpublisher) StdoutLine: {'line': b'2: checking ./vendor/googletest/googletest/test/gtest_xml_output_unittest.py\n'}
[0.722181] (serverpublisher) StdoutLine: {'line': b"2: ./vendor/googletest/googletest/test/gtest_xml_output_unittest.py:32 at module level: D400: First line should end with a period (not 'e')\n"}
[0.722239] (serverpublisher) StdoutLine: {'line': b"2: ./vendor/googletest/googletest/test/gtest_xml_output_unittest.py:32 at module level: D415: First line should end with a period, question mark, or exclamation point (not 'e')\n"}
[0.722295] (serverpublisher) StdoutLine: {'line': b'2: ./vendor/googletest/googletest/test/gtest_xml_output_unittest.py:153 in public class `GTestXMLOutputUnitTest`: D200: One-line docstring should fit on one line with quotes (found 3)\n'}
[0.722349] (serverpublisher) StdoutLine: {'line': b'2: ./vendor/googletest/googletest/test/gtest_xml_output_unittest.py:161 in public method `testNonEmptyXmlOutput`: D205: 1 blank line required between summary line and description (found 0)\n'}
[0.722403] (serverpublisher) StdoutLine: {'line': b"2: ./vendor/googletest/googletest/test/gtest_xml_output_unittest.py:161 in public method `testNonEmptyXmlOutput`: D400: First line should end with a period (not 'd')\n"}
[0.722457] (serverpublisher) StdoutLine: {'line': b"2: ./vendor/googletest/googletest/test/gtest_xml_output_unittest.py:161 in public method `testNonEmptyXmlOutput`: D415: First line should end with a period, question mark, or exclamation point (not 'd')\n"}
[0.722511] (serverpublisher) StdoutLine: {'line': b'2: ./vendor/googletest/googletest/test/gtest_xml_output_unittest.py:168 in public method `testEmptyXmlOutput`: D202: No blank lines allowed after function docstring (found 1)\n'}
[0.722570] (serverpublisher) StdoutLine: {'line': b'2: ./vendor/googletest/googletest/test/gtest_xml_output_unittest.py:168 in public method `testEmptyXmlOutput`: D213: Multi-line docstring summary should start at the second line\n'}
[0.722621] (serverpublisher) StdoutLine: {'line': b'2: ./vendor/googletest/googletest/test/gtest_xml_output_unittest.py:177 in public method `testTimestampValue`: D213: Multi-line docstring summary should start at the second line\n'}
[0.722670] (serverpublisher) StdoutLine: {'line': b'2: ./vendor/googletest/googletest/test/gtest_xml_output_unittest.py:202 in public method `testDefaultOutputFile`: D205: 1 blank line required between summary line and description (found 0)\n'}
[0.722722] (serverpublisher) StdoutLine: {'line': b"2: ./vendor/googletest/googletest/test/gtest_xml_output_unittest.py:202 in public method `testDefaultOutputFile`: D400: First line should end with a period (not 'd')\n"}
[0.722778] (serverpublisher) StdoutLine: {'line': b"2: ./vendor/googletest/googletest/test/gtest_xml_output_unittest.py:202 in public method `testDefaultOutputFile`: D415: First line should end with a period, question mark, or exclamation point (not 'd')\n"}
[0.722824] (serverpublisher) StdoutLine: {'line': b'2: ./vendor/googletest/googletest/test/gtest_xml_output_unittest.py:225 in public method `testSuppressedXmlOutput`: D202: No blank lines allowed after function docstring (found 1)\n'}
[0.722866] (serverpublisher) StdoutLine: {'line': b'2: ./vendor/googletest/googletest/test/gtest_xml_output_unittest.py:225 in public method `testSuppressedXmlOutput`: D205: 1 blank line required between summary line and description (found 0)\n'}
[0.722916] (serverpublisher) StdoutLine: {'line': b"2: ./vendor/googletest/googletest/test/gtest_xml_output_unittest.py:225 in public method `testSuppressedXmlOutput`: D400: First line should end with a period (not 's')\n"}
[0.722960] (serverpublisher) StdoutLine: {'line': b"2: ./vendor/googletest/googletest/test/gtest_xml_output_unittest.py:225 in public method `testSuppressedXmlOutput`: D415: First line should end with a period, question mark, or exclamation point (not 's')\n"}
[0.723002] (serverpublisher) StdoutLine: {'line': b'2: ./vendor/googletest/googletest/test/gtest_xml_output_unittest.py:254 in public method `testFilteredTestXmlOutput`: D202: No blank lines allowed after function docstring (found 1)\n'}
[0.723043] (serverpublisher) StdoutLine: {'line': b'2: ./vendor/googletest/googletest/test/gtest_xml_output_unittest.py:254 in public method `testFilteredTestXmlOutput`: D213: Multi-line docstring summary should start at the second line\n'}
[0.723084] (serverpublisher) StdoutLine: {'line': b'2: ./vendor/googletest/googletest/test/gtest_xml_output_unittest.py:264 in private method `_GetXmlOutput`: D205: 1 blank line required between summary line and description (found 0)\n'}
[0.723127] (serverpublisher) StdoutLine: {'line': b"2: ./vendor/googletest/googletest/test/gtest_xml_output_unittest.py:264 in private method `_GetXmlOutput`: D401: First line should be in imperative mood (perhaps 'Return', not 'Returns')\n"}
[0.723169] (serverpublisher) StdoutLine: {'line': b'2: ./vendor/googletest/googletest/test/gtest_xml_output_unittest.py:289 in private method `_TestXmlOutput`: D202: No blank lines allowed after function docstring (found 1)\n'}
[0.723211] (serverpublisher) StdoutLine: {'line': b'2: ./vendor/googletest/googletest/test/gtest_xml_output_unittest.py:289 in private method `_TestXmlOutput`: D205: 1 blank line required between summary line and description (found 0)\n'}
[0.723254] (serverpublisher) StdoutLine: {'line': b"2: ./vendor/googletest/googletest/test/gtest_xml_output_unittest.py:289 in private method `_TestXmlOutput`: D400: First line should end with a period (not 'm')\n"}
[0.723297] (serverpublisher) StdoutLine: {'line': b"2: ./vendor/googletest/googletest/test/gtest_xml_output_unittest.py:289 in private method `_TestXmlOutput`: D415: First line should end with a period, question mark, or exclamation point (not 'm')\n"}
[0.723339] (serverpublisher) StdoutLine: {'line': b"2: ./vendor/googletest/googletest/test/gtest_xml_output_unittest.py:289 in private method `_TestXmlOutput`: D401: First line should be in imperative mood (perhaps 'Assert', not 'Asserts')\n"}
[0.723382] (serverpublisher) StdoutLine: {'line': b'2: checking ./vendor/googletest/googletest/test/gtest_xml_test_utils.py\n'}
[0.723425] (serverpublisher) StdoutLine: {'line': b"2: ./vendor/googletest/googletest/test/gtest_xml_test_utils.py:32 at module level: D400: First line should end with a period (not 't')\n"}
[0.723472] (serverpublisher) StdoutLine: {'line': b"2: ./vendor/googletest/googletest/test/gtest_xml_test_utils.py:32 at module level: D415: First line should end with a period, question mark, or exclamation point (not 't')\n"}
[0.723515] (serverpublisher) StdoutLine: {'line': b'2: ./vendor/googletest/googletest/test/gtest_xml_test_utils.py:46 in public class `GTestXMLTestCase`: D200: One-line docstring should fit on one line with quotes (found 3)\n'}
[0.723559] (serverpublisher) StdoutLine: {'line': b'2: ./vendor/googletest/googletest/test/gtest_xml_test_utils.py:46 in public class `GTestXMLTestCase`: D204: 1 blank line required after class docstring (found 2)\n'}
[0.723602] (serverpublisher) StdoutLine: {'line': b'2: ./vendor/googletest/googletest/test/gtest_xml_test_utils.py:52 in public method `AssertEquivalentNodes`: D202: No blank lines allowed after function docstring (found 1)\n'}
[0.723644] (serverpublisher) StdoutLine: {'line': b'2: ./vendor/googletest/googletest/test/gtest_xml_test_utils.py:52 in public method `AssertEquivalentNodes`: D205: 1 blank line required between summary line and description (found 0)\n'}
[0.723688] (serverpublisher) StdoutLine: {'line': b"2: ./vendor/googletest/googletest/test/gtest_xml_test_utils.py:52 in public method `AssertEquivalentNodes`: D400: First line should end with a period (not 'o')\n"}
[0.723750] (serverpublisher) StdoutLine: {'line': b"2: ./vendor/googletest/googletest/test/gtest_xml_test_utils.py:52 in public method `AssertEquivalentNodes`: D415: First line should end with a period, question mark, or exclamation point (not 'o')\n"}
[0.723797] (serverpublisher) StdoutLine: {'line': b"2: ./vendor/googletest/googletest/test/gtest_xml_test_utils.py:52 in public method `AssertEquivalentNodes`: D401: First line should be in imperative mood (perhaps 'Assert', not 'Asserts')\n"}
[0.723840] (serverpublisher) StdoutLine: {'line': b'2: ./vendor/googletest/googletest/test/gtest_xml_test_utils.py:118 in private method `_GetChildren`: D202: No blank lines allowed after function docstring (found 1)\n'}
[0.723883] (serverpublisher) StdoutLine: {'line': b'2: ./vendor/googletest/googletest/test/gtest_xml_test_utils.py:118 in private method `_GetChildren`: D205: 1 blank line required between summary line and description (found 0)\n'}
[0.723926] (serverpublisher) StdoutLine: {'line': b"2: ./vendor/googletest/googletest/test/gtest_xml_test_utils.py:118 in private method `_GetChildren`: D401: First line should be in imperative mood (perhaps 'Fetch', not 'Fetches')\n"}
[0.723976] (serverpublisher) StdoutLine: {'line': b'2: ./vendor/googletest/googletest/test/gtest_xml_test_utils.py:151 in public method `NormalizeXml`: D202: No blank lines allowed after function docstring (found 1)\n'}
[0.724019] (serverpublisher) StdoutLine: {'line': b'2: ./vendor/googletest/googletest/test/gtest_xml_test_utils.py:151 in public method `NormalizeXml`: D205: 1 blank line required between summary line and description (found 0)\n'}
[0.724062] (serverpublisher) StdoutLine: {'line': b"2: ./vendor/googletest/googletest/test/gtest_xml_test_utils.py:151 in public method `NormalizeXml`: D400: First line should end with a period (not 't')\n"}
[0.724104] (serverpublisher) StdoutLine: {'line': b"2: ./vendor/googletest/googletest/test/gtest_xml_test_utils.py:151 in public method `NormalizeXml`: D415: First line should end with a period, question mark, or exclamation point (not 't')\n"}
[0.724147] (serverpublisher) StdoutLine: {'line': b"2: ./vendor/googletest/googletest/test/gtest_xml_test_utils.py:151 in public method `NormalizeXml`: D401: First line should be in imperative mood (perhaps 'Normalize', not 'Normalizes')\n"}
[0.724189] (serverpublisher) StdoutLine: {'line': b'2: checking ./vendor/googletest/googletest/xcode/Scripts/versiongenerate.py\n'}
[0.724230] (serverpublisher) StdoutLine: {'line': b'2: ./vendor/googletest/googletest/xcode/Scripts/versiongenerate.py: Cannot parse file.\n'}
[0.724272] (serverpublisher) StdoutLine: {'line': b'2: 453 errors\n'}
[0.736973] (serverpublisher) StdoutLine: {'line': b'2: Traceback (most recent call last):\n'}
[0.737132] (serverpublisher) StdoutLine: {'line': b'2:   File "/opt/ros/humble/bin/ament_pep257", line 33, in <module>\n'}
[0.737194] (serverpublisher) StdoutLine: {'line': b"2:     sys.exit(load_entry_point('ament-pep257==0.12.4', 'console_scripts', 'ament_pep257')())\n"}
[0.737250] (serverpublisher) StdoutLine: {'line': b'2:   File "/opt/ros/humble/lib/python3.10/site-packages/ament_pep257/main.py", line 149, in main\n'}
[0.737304] (serverpublisher) StdoutLine: {'line': b'2:     xml = get_xunit_content(report, testname, time.time() - start_time)\n'}
[0.737358] (serverpublisher) StdoutLine: {'line': b'2:   File "/opt/ros/humble/lib/python3.10/site-packages/ament_pep257/main.py", line 259, in get_xunit_content\n'}
[0.737412] (serverpublisher) StdoutLine: {'line': b"2:     '%s (%s:%d)' % (\n"}
[0.737465] (serverpublisher) StdoutLine: {'line': b'2: TypeError: %d format: a real number is required, not str\n'}
[0.751057] (serverpublisher) StdoutLine: {'line': b'2: -- run_test.py: return code 1\n'}
[0.751226] (serverpublisher) StdoutLine: {'line': b"2: -- run_test.py: generate result file '/home/chotu/Beginner_Tutorials_Ros2/build/serverpublisher/test_results/serverpublisher/pep257.xunit.xml' with failed test\n"}
[0.751852] (serverpublisher) StdoutLine: {'line': b"2: -- run_test.py: verify result file '/home/chotu/Beginner_Tutorials_Ros2/build/serverpublisher/test_results/serverpublisher/pep257.xunit.xml'\n"}
[0.759992] (serverpublisher) StdoutLine: {'line': b'2/2 Test #2: pep257 ...........................***Failed    0.57 sec\n'}
[0.760351] (serverpublisher) StdoutLine: {'line': b'\n'}
[0.760431] (serverpublisher) StdoutLine: {'line': b'50% tests passed\x1b[0;0m, \x1b[0;31m1 tests failed\x1b[0;0m out of 2\n'}
[0.760493] (serverpublisher) StdoutLine: {'line': b'\n'}
[0.760556] (serverpublisher) StdoutLine: {'line': b'Label Time Summary:\n'}
[0.760646] (serverpublisher) StdoutLine: {'line': b'gtest     =   0.17 sec*proc (1 test)\n'}
[0.760700] (serverpublisher) StdoutLine: {'line': b'linter    =   0.57 sec*proc (1 test)\n'}
[0.760765] (serverpublisher) StdoutLine: {'line': b'pep257    =   0.57 sec*proc (1 test)\n'}
[0.760815] (serverpublisher) StdoutLine: {'line': b'\n'}
[0.760878] (serverpublisher) StdoutLine: {'line': b'Total Test time (real) =   0.74 sec\n'}
[0.760929] (serverpublisher) StdoutLine: {'line': b'\n'}
[0.760976] (serverpublisher) StdoutLine: {'line': b'The following tests FAILED:\n'}
[0.761028] (serverpublisher) StdoutLine: {'line': b'\t\x1b[0;31m  2 - pep257 (Failed)\x1b[0;0m\n'}
[0.783118] (serverpublisher) StderrLine: {'line': b'Errors while running CTest\n'}
[0.783288] (serverpublisher) StderrLine: {'line': b'Output from these tests are in: /home/chotu/Beginner_Tutorials_Ros2/build/serverpublisher/Testing/Temporary/LastTest.log\n'}
[0.783351] (serverpublisher) StderrLine: {'line': b'Use "--rerun-failed --output-on-failure" to re-run the failed cases verbosely.\n'}
[0.784453] (serverpublisher) CommandEnded: {'returncode': 8}
[0.784822] (serverpublisher) TestFailure: {'identifier': 'serverpublisher'}
[0.784871] (serverpublisher) JobEnded: {'identifier': 'serverpublisher', 'rc': 0}
[0.785166] (-) EventReactorShutdown: {}
