[0.370s] Invoking command in '/home/sahruday/Documents/Github/Ros2/build/examples_rclcpp_minimal_action_client': CMAKE_PREFIX_PATH=${CMAKE_PREFIX_PATH}:/home/sahruday/Documents/Github/Ros2/install/launch_testing_examples:/home/sahruday/Documents/Github/Ros2/install/examples_rclpy_pointcloud_publisher:/home/sahruday/Documents/Github/Ros2/install/examples_rclpy_minimal_subscriber:/home/sahruday/Documents/Github/Ros2/install/examples_rclpy_minimal_service:/home/sahruday/Documents/Github/Ros2/install/examples_rclpy_minimal_publisher:/home/sahruday/Documents/Github/Ros2/install/examples_rclpy_minimal_client:/home/sahruday/Documents/Github/Ros2/install/examples_rclpy_minimal_action_server:/home/sahruday/Documents/Github/Ros2/install/examples_rclpy_minimal_action_client:/home/sahruday/Documents/Github/Ros2/install/examples_rclpy_guard_conditions:/home/sahruday/Documents/Github/Ros2/install/examples_rclpy_executors:/home/sahruday/ros2_humble/install/rqt_bag_plugins:/home/sahruday/ros2_humble/install/rqt_bag:/home/sahruday/ros2_humble/install/ros2bag:/home/sahruday/ros2_humble/install/tracetools_test:/home/sahruday/ros2_humble/install/tracetools_launch:/home/sahruday/ros2_humble/install/topic_monitor:/home/sahruday/ros2_humble/install/tf2_tools:/home/sahruday/ros2_humble/install/examples_tf2_py:/home/sahruday/ros2_humble/install/tf2_ros_py:/home/sahruday/ros2_humble/install/sros2:/home/sahruday/ros2_humble/install/rqt_topic:/home/sahruday/ros2_humble/install/rqt_srv:/home/sahruday/ros2_humble/install/rqt_shell:/home/sahruday/ros2_humble/install/rqt_service_caller:/home/sahruday/ros2_humble/install/rqt_reconfigure:/home/sahruday/ros2_humble/install/rqt_py_console:/home/sahruday/ros2_humble/install/rqt_publisher:/home/sahruday/ros2_humble/install/rqt_plot:/home/sahruday/ros2_humble/install/rqt_action:/home/sahruday/ros2_humble/install/rqt_msg:/home/sahruday/ros2_humble/install/rqt_console:/home/sahruday/ros2_humble/install/rqt:/home/sahruday/ros2_humble/install/rqt_graph:/home/sahruday/ros2_humble/install/rqt_gui_py:/home/sahruday/ros2_humble/install/rqt_gui:/home/sahruday/ros2_humble/install/ros2trace:/home/sahruday/ros2_humble/install/ros2topic:/home/sahruday/ros2_humble/install/ros2test:/home/sahruday/ros2_humble/install/ros2component:/home/sahruday/ros2_humble/install/ros2param:/home/sahruday/ros2_humble/install/ros2lifecycle:/home/sahruday/ros2_humble/install/ros2service:/home/sahruday/ros2_humble/install/ros2run:/home/sahruday/ros2_humble/install/ros2launch:/home/sahruday/ros2_humble/install/ros2pkg:/home/sahruday/ros2_humble/install/ros2node:/home/sahruday/ros2_humble/install/ros2multicast:/home/sahruday/ros2_humble/install/ros2interface:/home/sahruday/ros2_humble/install/ros2doctor:/home/sahruday/ros2_humble/install/ros2action:/home/sahruday/ros2_humble/install/ros2cli:/home/sahruday/ros2_humble/install/quality_of_service_demo_py:/home/sahruday/ros2_humble/install/lifecycle_py:/home/sahruday/ros2_humble/install/launch_testing_ros:/home/sahruday/ros2_humble/install/launch_ros:/home/sahruday/ros2_humble/install/examples_rclpy_pointcloud_publisher:/home/sahruday/ros2_humble/install/examples_rclpy_minimal_subscriber:/home/sahruday/ros2_humble/install/examples_rclpy_minimal_service:/home/sahruday/ros2_humble/install/examples_rclpy_minimal_publisher:/home/sahruday/ros2_humble/install/examples_rclpy_minimal_client:/home/sahruday/ros2_humble/install/examples_rclpy_minimal_action_server:/home/sahruday/ros2_humble/install/examples_rclpy_minimal_action_client:/home/sahruday/ros2_humble/install/examples_rclpy_guard_conditions:/home/sahruday/ros2_humble/install/examples_rclpy_executors:/home/sahruday/ros2_humble/install/demo_nodes_py:/home/sahruday/ros2_humble/install/action_tutorials_py:/home/sahruday/ros2_humble/install/ament_uncrustify:/home/sahruday/ros2_humble/install/tracetools_trace:/home/sahruday/ros2_humble/install/tracetools_read:/home/sahruday/ros2_humble/install/test_tracetools_launch:/home/sahruday/ros2_humble/install/test_launch_ros:/home/sahruday/ros2_humble/install/sensor_msgs_py:/home/sahruday/ros2_humble/install/rpyutils:/home/sahruday/ros2_humble/install/rosidl_runtime_py:/home/sahruday/ros2_humble/install/rosidl_cli:/home/sahruday/ros2_humble/install/launch_pytest:/home/sahruday/ros2_humble/install/launch_testing:/home/sahruday/ros2_humble/install/launch_yaml:/home/sahruday/ros2_humble/install/launch_xml:/home/sahruday/ros2_humble/install/launch:/home/sahruday/ros2_humble/install/osrf_pycommon:/home/sahruday/ros2_humble/install/launch_testing_examples:/home/sahruday/ros2_humble/install/domain_coordinator:/home/sahruday/ros2_humble/install/ament_xmllint:/home/sahruday/ros2_humble/install/ament_pyflakes:/home/sahruday/ros2_humble/install/ament_pycodestyle:/home/sahruday/ros2_humble/install/ament_pep257:/home/sahruday/ros2_humble/install/ament_pclint:/home/sahruday/ros2_humble/install/ament_package:/home/sahruday/ros2_humble/install/ament_mypy:/home/sahruday/ros2_humble/install/ament_lint_cmake:/home/sahruday/ros2_humble/install/ament_flake8:/home/sahruday/ros2_humble/install/ament_copyright:/home/sahruday/ros2_humble/install/ament_lint:/home/sahruday/ros2_humble/install/ament_index_python:/home/sahruday/ros2_humble/install/ament_cpplint:/home/sahruday/ros2_humble/install/ament_cppcheck:/home/sahruday/ros2_humble/install/ament_clang_tidy:/home/sahruday/ros2_humble/install/ament_clang_format /usr/bin/cmake /home/sahruday/Documents/Github/Ros2/src/examples/rclcpp/actions/minimal_action_client -DCMAKE_INSTALL_PREFIX=/home/sahruday/Documents/Github/Ros2/install/examples_rclcpp_minimal_action_client
[2.052s] -- The C compiler identification is GNU 11.3.0
[2.052s] -- The CXX compiler identification is GNU 11.3.0
[2.052s] -- Detecting C compiler ABI info
[2.052s] -- Detecting C compiler ABI info - done
[2.052s] -- Check for working C compiler: /usr/bin/cc - skipped
[2.052s] -- Detecting C compile features
[2.052s] -- Detecting C compile features - done
[2.052s] -- Detecting CXX compiler ABI info
[2.052s] -- Detecting CXX compiler ABI info - done
[2.053s] -- Check for working CXX compiler: /usr/bin/c++ - skipped
[2.053s] -- Detecting CXX compile features
[2.053s] -- Detecting CXX compile features - done
[2.053s] -- Found ament_cmake: 1.3.2 (/home/sahruday/ros2_humble/install/ament_cmake/share/ament_cmake/cmake)
[2.291s] -- Found Python3: /usr/bin/python3.10 (found version "3.10.6") found components: Interpreter 
[2.952s] -- Found example_interfaces: 0.9.3 (/home/sahruday/ros2_humble/install/example_interfaces/share/example_interfaces/cmake)
[3.176s] -- Found rosidl_generator_c: 3.1.3 (/home/sahruday/ros2_humble/install/rosidl_generator_c/share/rosidl_generator_c/cmake)
[3.221s] -- Found rosidl_adapter: 3.1.3 (/home/sahruday/ros2_humble/install/rosidl_adapter/share/rosidl_adapter/cmake)
[3.264s] -- Found rosidl_generator_cpp: 3.1.3 (/home/sahruday/ros2_humble/install/rosidl_generator_cpp/share/rosidl_generator_cpp/cmake)
[3.362s] -- Using all available rosidl_typesupport_c: rosidl_typesupport_introspection_c;rosidl_typesupport_fastrtps_c
[3.482s] -- Using all available rosidl_typesupport_cpp: rosidl_typesupport_introspection_cpp;rosidl_typesupport_fastrtps_cpp
[3.804s] -- Found rclcpp: 16.0.1 (/home/sahruday/ros2_humble/install/rclcpp/share/rclcpp/cmake)
[4.027s] -- Found rmw_implementation_cmake: 6.1.0 (/home/sahruday/ros2_humble/install/rmw_implementation_cmake/share/rmw_implementation_cmake/cmake)
[4.082s] -- Found rmw_fastrtps_cpp: 6.2.1 (/home/sahruday/ros2_humble/install/rmw_fastrtps_cpp/share/rmw_fastrtps_cpp/cmake)
[4.493s] -- Found OpenSSL: /usr/lib/x86_64-linux-gnu/libcrypto.so (found version "3.0.2")  
[4.568s] -- Found FastRTPS: /home/sahruday/ros2_humble/install/fastrtps/include  
[4.739s] -- Using RMW implementation 'rmw_fastrtps_cpp' as default
[4.815s] -- Looking for pthread.h
[4.942s] -- Looking for pthread.h - found
[4.942s] -- Performing Test CMAKE_HAVE_LIBC_PTHREAD
[5.073s] -- Performing Test CMAKE_HAVE_LIBC_PTHREAD - Success
[5.074s] -- Found Threads: TRUE  
[5.324s] -- Found rclcpp_action: 16.0.1 (/home/sahruday/ros2_humble/install/rclcpp_action/share/rclcpp_action/cmake)
[5.531s] -- Found ament_lint_auto: 0.12.4 (/home/sahruday/ros2_humble/install/ament_lint_auto/share/ament_lint_auto/cmake)
[5.963s] -- Added test 'copyright' to check source files copyright and LICENSE
[5.971s] -- Added test 'cppcheck' to perform static code analysis on C / C++ code
[5.971s] -- Configured cppcheck include dirs: 
[5.971s] -- Configured cppcheck exclude dirs and/or files: 
[5.979s] -- Added test 'cpplint' to check C / C++ code against the Google style
[5.979s] -- Configured cpplint exclude dirs and/or files: 
[5.986s] -- Added test 'lint_cmake' to check CMake code style
[5.994s] -- Added test 'uncrustify' to check C / C++ code style
[5.994s] -- Configured uncrustify additional arguments: 
[6.001s] -- Added test 'xmllint' to check XML markup files
[6.039s] -- Configuring done
[6.105s] -- Generating done
[6.105s] -- Build files have been written to: /home/sahruday/Documents/Github/Ros2/build/examples_rclcpp_minimal_action_client
[6.515s] Invoked command in '/home/sahruday/Documents/Github/Ros2/build/examples_rclcpp_minimal_action_client' returned '0': CMAKE_PREFIX_PATH=${CMAKE_PREFIX_PATH}:/home/sahruday/Documents/Github/Ros2/install/launch_testing_examples:/home/sahruday/Documents/Github/Ros2/install/examples_rclpy_pointcloud_publisher:/home/sahruday/Documents/Github/Ros2/install/examples_rclpy_minimal_subscriber:/home/sahruday/Documents/Github/Ros2/install/examples_rclpy_minimal_service:/home/sahruday/Documents/Github/Ros2/install/examples_rclpy_minimal_publisher:/home/sahruday/Documents/Github/Ros2/install/examples_rclpy_minimal_client:/home/sahruday/Documents/Github/Ros2/install/examples_rclpy_minimal_action_server:/home/sahruday/Documents/Github/Ros2/install/examples_rclpy_minimal_action_client:/home/sahruday/Documents/Github/Ros2/install/examples_rclpy_guard_conditions:/home/sahruday/Documents/Github/Ros2/install/examples_rclpy_executors:/home/sahruday/ros2_humble/install/rqt_bag_plugins:/home/sahruday/ros2_humble/install/rqt_bag:/home/sahruday/ros2_humble/install/ros2bag:/home/sahruday/ros2_humble/install/tracetools_test:/home/sahruday/ros2_humble/install/tracetools_launch:/home/sahruday/ros2_humble/install/topic_monitor:/home/sahruday/ros2_humble/install/tf2_tools:/home/sahruday/ros2_humble/install/examples_tf2_py:/home/sahruday/ros2_humble/install/tf2_ros_py:/home/sahruday/ros2_humble/install/sros2:/home/sahruday/ros2_humble/install/rqt_topic:/home/sahruday/ros2_humble/install/rqt_srv:/home/sahruday/ros2_humble/install/rqt_shell:/home/sahruday/ros2_humble/install/rqt_service_caller:/home/sahruday/ros2_humble/install/rqt_reconfigure:/home/sahruday/ros2_humble/install/rqt_py_console:/home/sahruday/ros2_humble/install/rqt_publisher:/home/sahruday/ros2_humble/install/rqt_plot:/home/sahruday/ros2_humble/install/rqt_action:/home/sahruday/ros2_humble/install/rqt_msg:/home/sahruday/ros2_humble/install/rqt_console:/home/sahruday/ros2_humble/install/rqt:/home/sahruday/ros2_humble/install/rqt_graph:/home/sahruday/ros2_humble/install/rqt_gui_py:/home/sahruday/ros2_humble/install/rqt_gui:/home/sahruday/ros2_humble/install/ros2trace:/home/sahruday/ros2_humble/install/ros2topic:/home/sahruday/ros2_humble/install/ros2test:/home/sahruday/ros2_humble/install/ros2component:/home/sahruday/ros2_humble/install/ros2param:/home/sahruday/ros2_humble/install/ros2lifecycle:/home/sahruday/ros2_humble/install/ros2service:/home/sahruday/ros2_humble/install/ros2run:/home/sahruday/ros2_humble/install/ros2launch:/home/sahruday/ros2_humble/install/ros2pkg:/home/sahruday/ros2_humble/install/ros2node:/home/sahruday/ros2_humble/install/ros2multicast:/home/sahruday/ros2_humble/install/ros2interface:/home/sahruday/ros2_humble/install/ros2doctor:/home/sahruday/ros2_humble/install/ros2action:/home/sahruday/ros2_humble/install/ros2cli:/home/sahruday/ros2_humble/install/quality_of_service_demo_py:/home/sahruday/ros2_humble/install/lifecycle_py:/home/sahruday/ros2_humble/install/launch_testing_ros:/home/sahruday/ros2_humble/install/launch_ros:/home/sahruday/ros2_humble/install/examples_rclpy_pointcloud_publisher:/home/sahruday/ros2_humble/install/examples_rclpy_minimal_subscriber:/home/sahruday/ros2_humble/install/examples_rclpy_minimal_service:/home/sahruday/ros2_humble/install/examples_rclpy_minimal_publisher:/home/sahruday/ros2_humble/install/examples_rclpy_minimal_client:/home/sahruday/ros2_humble/install/examples_rclpy_minimal_action_server:/home/sahruday/ros2_humble/install/examples_rclpy_minimal_action_client:/home/sahruday/ros2_humble/install/examples_rclpy_guard_conditions:/home/sahruday/ros2_humble/install/examples_rclpy_executors:/home/sahruday/ros2_humble/install/demo_nodes_py:/home/sahruday/ros2_humble/install/action_tutorials_py:/home/sahruday/ros2_humble/install/ament_uncrustify:/home/sahruday/ros2_humble/install/tracetools_trace:/home/sahruday/ros2_humble/install/tracetools_read:/home/sahruday/ros2_humble/install/test_tracetools_launch:/home/sahruday/ros2_humble/install/test_launch_ros:/home/sahruday/ros2_humble/install/sensor_msgs_py:/home/sahruday/ros2_humble/install/rpyutils:/home/sahruday/ros2_humble/install/rosidl_runtime_py:/home/sahruday/ros2_humble/install/rosidl_cli:/home/sahruday/ros2_humble/install/launch_pytest:/home/sahruday/ros2_humble/install/launch_testing:/home/sahruday/ros2_humble/install/launch_yaml:/home/sahruday/ros2_humble/install/launch_xml:/home/sahruday/ros2_humble/install/launch:/home/sahruday/ros2_humble/install/osrf_pycommon:/home/sahruday/ros2_humble/install/launch_testing_examples:/home/sahruday/ros2_humble/install/domain_coordinator:/home/sahruday/ros2_humble/install/ament_xmllint:/home/sahruday/ros2_humble/install/ament_pyflakes:/home/sahruday/ros2_humble/install/ament_pycodestyle:/home/sahruday/ros2_humble/install/ament_pep257:/home/sahruday/ros2_humble/install/ament_pclint:/home/sahruday/ros2_humble/install/ament_package:/home/sahruday/ros2_humble/install/ament_mypy:/home/sahruday/ros2_humble/install/ament_lint_cmake:/home/sahruday/ros2_humble/install/ament_flake8:/home/sahruday/ros2_humble/install/ament_copyright:/home/sahruday/ros2_humble/install/ament_lint:/home/sahruday/ros2_humble/install/ament_index_python:/home/sahruday/ros2_humble/install/ament_cpplint:/home/sahruday/ros2_humble/install/ament_cppcheck:/home/sahruday/ros2_humble/install/ament_clang_tidy:/home/sahruday/ros2_humble/install/ament_clang_format /usr/bin/cmake /home/sahruday/Documents/Github/Ros2/src/examples/rclcpp/actions/minimal_action_client -DCMAKE_INSTALL_PREFIX=/home/sahruday/Documents/Github/Ros2/install/examples_rclcpp_minimal_action_client
[6.525s] Invoking command in '/home/sahruday/Documents/Github/Ros2/build/examples_rclcpp_minimal_action_client': CMAKE_PREFIX_PATH=${CMAKE_PREFIX_PATH}:/home/sahruday/Documents/Github/Ros2/install/launch_testing_examples:/home/sahruday/Documents/Github/Ros2/install/examples_rclpy_pointcloud_publisher:/home/sahruday/Documents/Github/Ros2/install/examples_rclpy_minimal_subscriber:/home/sahruday/Documents/Github/Ros2/install/examples_rclpy_minimal_service:/home/sahruday/Documents/Github/Ros2/install/examples_rclpy_minimal_publisher:/home/sahruday/Documents/Github/Ros2/install/examples_rclpy_minimal_client:/home/sahruday/Documents/Github/Ros2/install/examples_rclpy_minimal_action_server:/home/sahruday/Documents/Github/Ros2/install/examples_rclpy_minimal_action_client:/home/sahruday/Documents/Github/Ros2/install/examples_rclpy_guard_conditions:/home/sahruday/Documents/Github/Ros2/install/examples_rclpy_executors:/home/sahruday/ros2_humble/install/rqt_bag_plugins:/home/sahruday/ros2_humble/install/rqt_bag:/home/sahruday/ros2_humble/install/ros2bag:/home/sahruday/ros2_humble/install/tracetools_test:/home/sahruday/ros2_humble/install/tracetools_launch:/home/sahruday/ros2_humble/install/topic_monitor:/home/sahruday/ros2_humble/install/tf2_tools:/home/sahruday/ros2_humble/install/examples_tf2_py:/home/sahruday/ros2_humble/install/tf2_ros_py:/home/sahruday/ros2_humble/install/sros2:/home/sahruday/ros2_humble/install/rqt_topic:/home/sahruday/ros2_humble/install/rqt_srv:/home/sahruday/ros2_humble/install/rqt_shell:/home/sahruday/ros2_humble/install/rqt_service_caller:/home/sahruday/ros2_humble/install/rqt_reconfigure:/home/sahruday/ros2_humble/install/rqt_py_console:/home/sahruday/ros2_humble/install/rqt_publisher:/home/sahruday/ros2_humble/install/rqt_plot:/home/sahruday/ros2_humble/install/rqt_action:/home/sahruday/ros2_humble/install/rqt_msg:/home/sahruday/ros2_humble/install/rqt_console:/home/sahruday/ros2_humble/install/rqt:/home/sahruday/ros2_humble/install/rqt_graph:/home/sahruday/ros2_humble/install/rqt_gui_py:/home/sahruday/ros2_humble/install/rqt_gui:/home/sahruday/ros2_humble/install/ros2trace:/home/sahruday/ros2_humble/install/ros2topic:/home/sahruday/ros2_humble/install/ros2test:/home/sahruday/ros2_humble/install/ros2component:/home/sahruday/ros2_humble/install/ros2param:/home/sahruday/ros2_humble/install/ros2lifecycle:/home/sahruday/ros2_humble/install/ros2service:/home/sahruday/ros2_humble/install/ros2run:/home/sahruday/ros2_humble/install/ros2launch:/home/sahruday/ros2_humble/install/ros2pkg:/home/sahruday/ros2_humble/install/ros2node:/home/sahruday/ros2_humble/install/ros2multicast:/home/sahruday/ros2_humble/install/ros2interface:/home/sahruday/ros2_humble/install/ros2doctor:/home/sahruday/ros2_humble/install/ros2action:/home/sahruday/ros2_humble/install/ros2cli:/home/sahruday/ros2_humble/install/quality_of_service_demo_py:/home/sahruday/ros2_humble/install/lifecycle_py:/home/sahruday/ros2_humble/install/launch_testing_ros:/home/sahruday/ros2_humble/install/launch_ros:/home/sahruday/ros2_humble/install/examples_rclpy_pointcloud_publisher:/home/sahruday/ros2_humble/install/examples_rclpy_minimal_subscriber:/home/sahruday/ros2_humble/install/examples_rclpy_minimal_service:/home/sahruday/ros2_humble/install/examples_rclpy_minimal_publisher:/home/sahruday/ros2_humble/install/examples_rclpy_minimal_client:/home/sahruday/ros2_humble/install/examples_rclpy_minimal_action_server:/home/sahruday/ros2_humble/install/examples_rclpy_minimal_action_client:/home/sahruday/ros2_humble/install/examples_rclpy_guard_conditions:/home/sahruday/ros2_humble/install/examples_rclpy_executors:/home/sahruday/ros2_humble/install/demo_nodes_py:/home/sahruday/ros2_humble/install/action_tutorials_py:/home/sahruday/ros2_humble/install/ament_uncrustify:/home/sahruday/ros2_humble/install/tracetools_trace:/home/sahruday/ros2_humble/install/tracetools_read:/home/sahruday/ros2_humble/install/test_tracetools_launch:/home/sahruday/ros2_humble/install/test_launch_ros:/home/sahruday/ros2_humble/install/sensor_msgs_py:/home/sahruday/ros2_humble/install/rpyutils:/home/sahruday/ros2_humble/install/rosidl_runtime_py:/home/sahruday/ros2_humble/install/rosidl_cli:/home/sahruday/ros2_humble/install/launch_pytest:/home/sahruday/ros2_humble/install/launch_testing:/home/sahruday/ros2_humble/install/launch_yaml:/home/sahruday/ros2_humble/install/launch_xml:/home/sahruday/ros2_humble/install/launch:/home/sahruday/ros2_humble/install/osrf_pycommon:/home/sahruday/ros2_humble/install/launch_testing_examples:/home/sahruday/ros2_humble/install/domain_coordinator:/home/sahruday/ros2_humble/install/ament_xmllint:/home/sahruday/ros2_humble/install/ament_pyflakes:/home/sahruday/ros2_humble/install/ament_pycodestyle:/home/sahruday/ros2_humble/install/ament_pep257:/home/sahruday/ros2_humble/install/ament_pclint:/home/sahruday/ros2_humble/install/ament_package:/home/sahruday/ros2_humble/install/ament_mypy:/home/sahruday/ros2_humble/install/ament_lint_cmake:/home/sahruday/ros2_humble/install/ament_flake8:/home/sahruday/ros2_humble/install/ament_copyright:/home/sahruday/ros2_humble/install/ament_lint:/home/sahruday/ros2_humble/install/ament_index_python:/home/sahruday/ros2_humble/install/ament_cpplint:/home/sahruday/ros2_humble/install/ament_cppcheck:/home/sahruday/ros2_humble/install/ament_clang_tidy:/home/sahruday/ros2_humble/install/ament_clang_format /usr/bin/cmake --build /home/sahruday/Documents/Github/Ros2/build/examples_rclcpp_minimal_action_client -- -j16 -l16
[6.781s] [ 25%] [32mBuilding CXX object CMakeFiles/action_client_not_composable_with_cancel.dir/not_composable_with_cancel.cpp.o[0m
[6.783s] [ 25%] [32mBuilding CXX object CMakeFiles/action_client_member_functions.dir/member_functions.cpp.o[0m
[6.816s] [ 37%] [32mBuilding CXX object CMakeFiles/action_client_not_composable.dir/not_composable.cpp.o[0m
[6.850s] [ 50%] [32mBuilding CXX object CMakeFiles/action_client_not_composable_with_feedback.dir/not_composable_with_feedback.cpp.o[0m
[44.161s] [01m[Kc++:[m[K [01;31m[Kfatal error: [m[KKilled signal terminated program cc1plus
[44.161s] compilation terminated.
[44.162s] gmake[2]: *** [CMakeFiles/action_client_not_composable_with_cancel.dir/build.make:76: CMakeFiles/action_client_not_composable_with_cancel.dir/not_composable_with_cancel.cpp.o] Error 1
[44.162s] gmake[1]: *** [CMakeFiles/Makefile2:195: CMakeFiles/action_client_not_composable_with_cancel.dir/all] Error 2
[44.162s] gmake[1]: *** Waiting for unfinished jobs....
[48.006s] [ 62%] [32m[1mLinking CXX executable action_client_not_composable[0m
[48.960s] [ 75%] [32m[1mLinking CXX executable action_client_not_composable_with_feedback[0m
[52.023s] [ 87%] [32m[1mLinking CXX executable action_client_member_functions[0m
[55.221s] [ 87%] Built target action_client_not_composable
[55.819s] [ 87%] Built target action_client_not_composable_with_feedback
[57.816s] [ 87%] Built target action_client_member_functions
[57.824s] gmake: *** [Makefile:146: all] Error 2
