<?xml version="1.0" encoding="UTF-8"?>
<Site BuildName="(empty)"
	BuildStamp="20221103-0121-Experimental"
	Name="sahruday-Legion-S7-15ACH6"
	Generator="ctest-3.22.1"
	CompilerName="/usr/bin/c++"
	CompilerVersion="11.3.0"
	OSName="Linux"
	Hostname="sahruday-Legion-S7-15ACH6"
	OSRelease="5.15.0-52-generic"
	OSVersion="#58-Ubuntu SMP Thu Oct 13 08:03:55 UTC 2022"
	OSPlatform="x86_64"
	Is64Bits="1"
	VendorString="AuthenticAMD"
	VendorID="Advanced Micro Devices"
	FamilyID="25"
	ModelID="80"
	ProcessorCacheSize="512"
	NumberOfLogicalCPU="16"
	NumberOfPhysicalCPU="8"
	TotalVirtualMemory="2047"
	TotalPhysicalMemory="15356"
	LogicalProcessorsPerPhysical="2"
	ProcessorClockFrequency="4177.87"
	>
	<Testing>
		<StartDateTime>Nov 02 21:21 EDT</StartDateTime>
		<StartTestTime>1667438494</StartTestTime>
		<TestList>
			<Test>./copyright</Test>
			<Test>./cppcheck</Test>
			<Test>./cpplint</Test>
			<Test>./lint_cmake</Test>
			<Test>./uncrustify</Test>
			<Test>./xmllint</Test>
		</TestList>
		<Test Status="passed">
			<Name>copyright</Name>
			<Path>.</Path>
			<FullName>./copyright</FullName>
			<FullCommandLine>/usr/bin/python3.10 "-u" "/home/sahruday/ros2_humble/install/ament_cmake_test/share/ament_cmake_test/cmake/run_test.py" "/home/sahruday/ros2_ws/build/examples_rclcpp_minimal_subscriber/test_results/examples_rclcpp_minimal_subscriber/copyright.xunit.xml" "--package-name" "examples_rclcpp_minimal_subscriber" "--output-file" "/home/sahruday/ros2_ws/build/examples_rclcpp_minimal_subscriber/ament_copyright/copyright.txt" "--command" "/home/sahruday/ros2_humble/install/ament_copyright/bin/ament_copyright" "--xunit-file" "/home/sahruday/ros2_ws/build/examples_rclcpp_minimal_subscriber/test_results/examples_rclcpp_minimal_subscriber/copyright.xunit.xml"</FullCommandLine>
			<Results>
				<NamedMeasurement type="numeric/double" name="Execution Time">
					<Value>1.90947</Value>
				</NamedMeasurement>
				<NamedMeasurement type="numeric/double" name="Processors">
					<Value>1</Value>
				</NamedMeasurement>
				<NamedMeasurement type="text/string" name="Completion Status">
					<Value>Completed</Value>
				</NamedMeasurement>
				<NamedMeasurement type="text/string" name="Command Line">
					<Value>/usr/bin/python3.10 "-u" "/home/sahruday/ros2_humble/install/ament_cmake_test/share/ament_cmake_test/cmake/run_test.py" "/home/sahruday/ros2_ws/build/examples_rclcpp_minimal_subscriber/test_results/examples_rclcpp_minimal_subscriber/copyright.xunit.xml" "--package-name" "examples_rclcpp_minimal_subscriber" "--output-file" "/home/sahruday/ros2_ws/build/examples_rclcpp_minimal_subscriber/ament_copyright/copyright.txt" "--command" "/home/sahruday/ros2_humble/install/ament_copyright/bin/ament_copyright" "--xunit-file" "/home/sahruday/ros2_ws/build/examples_rclcpp_minimal_subscriber/test_results/examples_rclcpp_minimal_subscriber/copyright.xunit.xml"</Value>
				</NamedMeasurement>
				<NamedMeasurement type="text/string" name="Environment">
					<Value>#CTEST_RESOURCE_GROUP_COUNT=</Value>
				</NamedMeasurement>
				<Measurement>
					<Value>-- run_test.py: invoking following command in '/home/sahruday/ros2_ws/src/examples/rclcpp/topics/minimal_subscriber':
 - /home/sahruday/ros2_humble/install/ament_copyright/bin/ament_copyright --xunit-file /home/sahruday/ros2_ws/build/examples_rclcpp_minimal_subscriber/test_results/examples_rclcpp_minimal_subscriber/copyright.xunit.xml
No problems found, checked 10 files
-- run_test.py: return code 0
-- run_test.py: verify result file '/home/sahruday/ros2_ws/build/examples_rclcpp_minimal_subscriber/test_results/examples_rclcpp_minimal_subscriber/copyright.xunit.xml'
</Value>
				</Measurement>
			</Results>
			<Labels>
				<Label>copyright</Label>
				<Label>linter</Label>
			</Labels>
		</Test>
		<Test Status="passed">
			<Name>cppcheck</Name>
			<Path>.</Path>
			<FullName>./cppcheck</FullName>
			<FullCommandLine>/usr/bin/python3.10 "-u" "/home/sahruday/ros2_humble/install/ament_cmake_test/share/ament_cmake_test/cmake/run_test.py" "/home/sahruday/ros2_ws/build/examples_rclcpp_minimal_subscriber/test_results/examples_rclcpp_minimal_subscriber/cppcheck.xunit.xml" "--package-name" "examples_rclcpp_minimal_subscriber" "--output-file" "/home/sahruday/ros2_ws/build/examples_rclcpp_minimal_subscriber/ament_cppcheck/cppcheck.txt" "--command" "/home/sahruday/ros2_humble/install/ament_cppcheck/bin/ament_cppcheck" "--xunit-file" "/home/sahruday/ros2_ws/build/examples_rclcpp_minimal_subscriber/test_results/examples_rclcpp_minimal_subscriber/cppcheck.xunit.xml"</FullCommandLine>
			<Results>
				<NamedMeasurement type="numeric/double" name="Execution Time">
					<Value>0.773734</Value>
				</NamedMeasurement>
				<NamedMeasurement type="numeric/double" name="Processors">
					<Value>1</Value>
				</NamedMeasurement>
				<NamedMeasurement type="text/string" name="Completion Status">
					<Value>Completed</Value>
				</NamedMeasurement>
				<NamedMeasurement type="text/string" name="Command Line">
					<Value>/usr/bin/python3.10 "-u" "/home/sahruday/ros2_humble/install/ament_cmake_test/share/ament_cmake_test/cmake/run_test.py" "/home/sahruday/ros2_ws/build/examples_rclcpp_minimal_subscriber/test_results/examples_rclcpp_minimal_subscriber/cppcheck.xunit.xml" "--package-name" "examples_rclcpp_minimal_subscriber" "--output-file" "/home/sahruday/ros2_ws/build/examples_rclcpp_minimal_subscriber/ament_cppcheck/cppcheck.txt" "--command" "/home/sahruday/ros2_humble/install/ament_cppcheck/bin/ament_cppcheck" "--xunit-file" "/home/sahruday/ros2_ws/build/examples_rclcpp_minimal_subscriber/test_results/examples_rclcpp_minimal_subscriber/cppcheck.xunit.xml"</Value>
				</NamedMeasurement>
				<NamedMeasurement type="text/string" name="Environment">
					<Value>#CTEST_RESOURCE_GROUP_COUNT=</Value>
				</NamedMeasurement>
				<Measurement>
					<Value>-- run_test.py: invoking following command in '/home/sahruday/ros2_ws/src/examples/rclcpp/topics/minimal_subscriber':
 - /home/sahruday/ros2_humble/install/ament_cppcheck/bin/ament_cppcheck --xunit-file /home/sahruday/ros2_ws/build/examples_rclcpp_minimal_subscriber/test_results/examples_rclcpp_minimal_subscriber/cppcheck.xunit.xml
cppcheck 2.7 has known performance issues and therefore will not be used, set the AMENT_CPPCHECK_ALLOW_SLOW_VERSIONS environment variable to override this.
-- run_test.py: return code 0
-- run_test.py: verify result file '/home/sahruday/ros2_ws/build/examples_rclcpp_minimal_subscriber/test_results/examples_rclcpp_minimal_subscriber/cppcheck.xunit.xml'
</Value>
				</Measurement>
			</Results>
			<Labels>
				<Label>cppcheck</Label>
				<Label>linter</Label>
			</Labels>
		</Test>
		<Test Status="passed">
			<Name>cpplint</Name>
			<Path>.</Path>
			<FullName>./cpplint</FullName>
			<FullCommandLine>/usr/bin/python3.10 "-u" "/home/sahruday/ros2_humble/install/ament_cmake_test/share/ament_cmake_test/cmake/run_test.py" "/home/sahruday/ros2_ws/build/examples_rclcpp_minimal_subscriber/test_results/examples_rclcpp_minimal_subscriber/cpplint.xunit.xml" "--package-name" "examples_rclcpp_minimal_subscriber" "--output-file" "/home/sahruday/ros2_ws/build/examples_rclcpp_minimal_subscriber/ament_cpplint/cpplint.txt" "--command" "/home/sahruday/ros2_humble/install/ament_cpplint/bin/ament_cpplint" "--xunit-file" "/home/sahruday/ros2_ws/build/examples_rclcpp_minimal_subscriber/test_results/examples_rclcpp_minimal_subscriber/cpplint.xunit.xml"</FullCommandLine>
			<Results>
				<NamedMeasurement type="numeric/double" name="Execution Time">
					<Value>1.02939</Value>
				</NamedMeasurement>
				<NamedMeasurement type="numeric/double" name="Processors">
					<Value>1</Value>
				</NamedMeasurement>
				<NamedMeasurement type="text/string" name="Completion Status">
					<Value>Completed</Value>
				</NamedMeasurement>
				<NamedMeasurement type="text/string" name="Command Line">
					<Value>/usr/bin/python3.10 "-u" "/home/sahruday/ros2_humble/install/ament_cmake_test/share/ament_cmake_test/cmake/run_test.py" "/home/sahruday/ros2_ws/build/examples_rclcpp_minimal_subscriber/test_results/examples_rclcpp_minimal_subscriber/cpplint.xunit.xml" "--package-name" "examples_rclcpp_minimal_subscriber" "--output-file" "/home/sahruday/ros2_ws/build/examples_rclcpp_minimal_subscriber/ament_cpplint/cpplint.txt" "--command" "/home/sahruday/ros2_humble/install/ament_cpplint/bin/ament_cpplint" "--xunit-file" "/home/sahruday/ros2_ws/build/examples_rclcpp_minimal_subscriber/test_results/examples_rclcpp_minimal_subscriber/cpplint.xunit.xml"</Value>
				</NamedMeasurement>
				<NamedMeasurement type="text/string" name="Environment">
					<Value>#CTEST_RESOURCE_GROUP_COUNT=</Value>
				</NamedMeasurement>
				<Measurement>
					<Value>-- run_test.py: invoking following command in '/home/sahruday/ros2_ws/src/examples/rclcpp/topics/minimal_subscriber':
 - /home/sahruday/ros2_humble/install/ament_cpplint/bin/ament_cpplint --xunit-file /home/sahruday/ros2_ws/build/examples_rclcpp_minimal_subscriber/test_results/examples_rclcpp_minimal_subscriber/cpplint.xunit.xml
Using '--root=..' argument

Done processing /home/sahruday/ros2_ws/src/examples/rclcpp/topics/minimal_subscriber/content_filtering.cpp

Done processing /home/sahruday/ros2_ws/src/examples/rclcpp/topics/minimal_subscriber/lambda.cpp

Done processing /home/sahruday/ros2_ws/src/examples/rclcpp/topics/minimal_subscriber/member_function.cpp

Done processing /home/sahruday/ros2_ws/src/examples/rclcpp/topics/minimal_subscriber/member_function_with_topic_statistics.cpp

Done processing /home/sahruday/ros2_ws/src/examples/rclcpp/topics/minimal_subscriber/member_function_with_type_adapter.cpp

Done processing /home/sahruday/ros2_ws/src/examples/rclcpp/topics/minimal_subscriber/member_function_with_unique_network_flow_endpoints.cpp

Done processing /home/sahruday/ros2_ws/src/examples/rclcpp/topics/minimal_subscriber/not_composable.cpp

Done processing /home/sahruday/ros2_ws/src/examples/rclcpp/topics/minimal_subscriber/static_wait_set_subscriber.cpp

Done processing /home/sahruday/ros2_ws/src/examples/rclcpp/topics/minimal_subscriber/time_triggered_wait_set_subscriber.cpp

Done processing /home/sahruday/ros2_ws/src/examples/rclcpp/topics/minimal_subscriber/wait_set_subscriber.cpp

No problems found
-- run_test.py: return code 0
-- run_test.py: verify result file '/home/sahruday/ros2_ws/build/examples_rclcpp_minimal_subscriber/test_results/examples_rclcpp_minimal_subscriber/cpplint.xunit.xml'
</Value>
				</Measurement>
			</Results>
			<Labels>
				<Label>cpplint</Label>
				<Label>linter</Label>
			</Labels>
		</Test>
		<Test Status="passed">
			<Name>lint_cmake</Name>
			<Path>.</Path>
			<FullName>./lint_cmake</FullName>
			<FullCommandLine>/usr/bin/python3.10 "-u" "/home/sahruday/ros2_humble/install/ament_cmake_test/share/ament_cmake_test/cmake/run_test.py" "/home/sahruday/ros2_ws/build/examples_rclcpp_minimal_subscriber/test_results/examples_rclcpp_minimal_subscriber/lint_cmake.xunit.xml" "--package-name" "examples_rclcpp_minimal_subscriber" "--output-file" "/home/sahruday/ros2_ws/build/examples_rclcpp_minimal_subscriber/ament_lint_cmake/lint_cmake.txt" "--command" "/home/sahruday/ros2_humble/install/ament_lint_cmake/bin/ament_lint_cmake" "--xunit-file" "/home/sahruday/ros2_ws/build/examples_rclcpp_minimal_subscriber/test_results/examples_rclcpp_minimal_subscriber/lint_cmake.xunit.xml"</FullCommandLine>
			<Results>
				<NamedMeasurement type="numeric/double" name="Execution Time">
					<Value>0.786644</Value>
				</NamedMeasurement>
				<NamedMeasurement type="numeric/double" name="Processors">
					<Value>1</Value>
				</NamedMeasurement>
				<NamedMeasurement type="text/string" name="Completion Status">
					<Value>Completed</Value>
				</NamedMeasurement>
				<NamedMeasurement type="text/string" name="Command Line">
					<Value>/usr/bin/python3.10 "-u" "/home/sahruday/ros2_humble/install/ament_cmake_test/share/ament_cmake_test/cmake/run_test.py" "/home/sahruday/ros2_ws/build/examples_rclcpp_minimal_subscriber/test_results/examples_rclcpp_minimal_subscriber/lint_cmake.xunit.xml" "--package-name" "examples_rclcpp_minimal_subscriber" "--output-file" "/home/sahruday/ros2_ws/build/examples_rclcpp_minimal_subscriber/ament_lint_cmake/lint_cmake.txt" "--command" "/home/sahruday/ros2_humble/install/ament_lint_cmake/bin/ament_lint_cmake" "--xunit-file" "/home/sahruday/ros2_ws/build/examples_rclcpp_minimal_subscriber/test_results/examples_rclcpp_minimal_subscriber/lint_cmake.xunit.xml"</Value>
				</NamedMeasurement>
				<NamedMeasurement type="text/string" name="Environment">
					<Value>#CTEST_RESOURCE_GROUP_COUNT=</Value>
				</NamedMeasurement>
				<Measurement>
					<Value>-- run_test.py: invoking following command in '/home/sahruday/ros2_ws/src/examples/rclcpp/topics/minimal_subscriber':
 - /home/sahruday/ros2_humble/install/ament_lint_cmake/bin/ament_lint_cmake --xunit-file /home/sahruday/ros2_ws/build/examples_rclcpp_minimal_subscriber/test_results/examples_rclcpp_minimal_subscriber/lint_cmake.xunit.xml

No problems found
-- run_test.py: return code 0
-- run_test.py: verify result file '/home/sahruday/ros2_ws/build/examples_rclcpp_minimal_subscriber/test_results/examples_rclcpp_minimal_subscriber/lint_cmake.xunit.xml'
</Value>
				</Measurement>
			</Results>
			<Labels>
				<Label>lint_cmake</Label>
				<Label>linter</Label>
			</Labels>
		</Test>
		<Test Status="passed">
			<Name>uncrustify</Name>
			<Path>.</Path>
			<FullName>./uncrustify</FullName>
			<FullCommandLine>/usr/bin/python3.10 "-u" "/home/sahruday/ros2_humble/install/ament_cmake_test/share/ament_cmake_test/cmake/run_test.py" "/home/sahruday/ros2_ws/build/examples_rclcpp_minimal_subscriber/test_results/examples_rclcpp_minimal_subscriber/uncrustify.xunit.xml" "--package-name" "examples_rclcpp_minimal_subscriber" "--output-file" "/home/sahruday/ros2_ws/build/examples_rclcpp_minimal_subscriber/ament_uncrustify/uncrustify.txt" "--command" "/home/sahruday/ros2_humble/install/ament_uncrustify/bin/ament_uncrustify" "--xunit-file" "/home/sahruday/ros2_ws/build/examples_rclcpp_minimal_subscriber/test_results/examples_rclcpp_minimal_subscriber/uncrustify.xunit.xml"</FullCommandLine>
			<Results>
				<NamedMeasurement type="numeric/double" name="Execution Time">
					<Value>0.654091</Value>
				</NamedMeasurement>
				<NamedMeasurement type="numeric/double" name="Processors">
					<Value>1</Value>
				</NamedMeasurement>
				<NamedMeasurement type="text/string" name="Completion Status">
					<Value>Completed</Value>
				</NamedMeasurement>
				<NamedMeasurement type="text/string" name="Command Line">
					<Value>/usr/bin/python3.10 "-u" "/home/sahruday/ros2_humble/install/ament_cmake_test/share/ament_cmake_test/cmake/run_test.py" "/home/sahruday/ros2_ws/build/examples_rclcpp_minimal_subscriber/test_results/examples_rclcpp_minimal_subscriber/uncrustify.xunit.xml" "--package-name" "examples_rclcpp_minimal_subscriber" "--output-file" "/home/sahruday/ros2_ws/build/examples_rclcpp_minimal_subscriber/ament_uncrustify/uncrustify.txt" "--command" "/home/sahruday/ros2_humble/install/ament_uncrustify/bin/ament_uncrustify" "--xunit-file" "/home/sahruday/ros2_ws/build/examples_rclcpp_minimal_subscriber/test_results/examples_rclcpp_minimal_subscriber/uncrustify.xunit.xml"</Value>
				</NamedMeasurement>
				<NamedMeasurement type="text/string" name="Environment">
					<Value>#CTEST_RESOURCE_GROUP_COUNT=</Value>
				</NamedMeasurement>
				<Measurement>
					<Value>-- run_test.py: invoking following command in '/home/sahruday/ros2_ws/src/examples/rclcpp/topics/minimal_subscriber':
 - /home/sahruday/ros2_humble/install/ament_uncrustify/bin/ament_uncrustify --xunit-file /home/sahruday/ros2_ws/build/examples_rclcpp_minimal_subscriber/test_results/examples_rclcpp_minimal_subscriber/uncrustify.xunit.xml
No code style divergence in file 'content_filtering.cpp'

No code style divergence in file 'lambda.cpp'

No code style divergence in file 'member_function.cpp'

No code style divergence in file 'member_function_with_topic_statistics.cpp'

No code style divergence in file 'member_function_with_type_adapter.cpp'

No code style divergence in file 'member_function_with_unique_network_flow_endpoints.cpp'

No code style divergence in file 'not_composable.cpp'

No code style divergence in file 'static_wait_set_subscriber.cpp'

No code style divergence in file 'time_triggered_wait_set_subscriber.cpp'

No code style divergence in file 'wait_set_subscriber.cpp'

No problems found
-- run_test.py: return code 0
-- run_test.py: verify result file '/home/sahruday/ros2_ws/build/examples_rclcpp_minimal_subscriber/test_results/examples_rclcpp_minimal_subscriber/uncrustify.xunit.xml'
</Value>
				</Measurement>
			</Results>
			<Labels>
				<Label>linter</Label>
				<Label>uncrustify</Label>
			</Labels>
		</Test>
		<Test Status="passed">
			<Name>xmllint</Name>
			<Path>.</Path>
			<FullName>./xmllint</FullName>
			<FullCommandLine>/usr/bin/python3.10 "-u" "/home/sahruday/ros2_humble/install/ament_cmake_test/share/ament_cmake_test/cmake/run_test.py" "/home/sahruday/ros2_ws/build/examples_rclcpp_minimal_subscriber/test_results/examples_rclcpp_minimal_subscriber/xmllint.xunit.xml" "--package-name" "examples_rclcpp_minimal_subscriber" "--output-file" "/home/sahruday/ros2_ws/build/examples_rclcpp_minimal_subscriber/ament_xmllint/xmllint.txt" "--command" "/home/sahruday/ros2_humble/install/ament_xmllint/bin/ament_xmllint" "--xunit-file" "/home/sahruday/ros2_ws/build/examples_rclcpp_minimal_subscriber/test_results/examples_rclcpp_minimal_subscriber/xmllint.xunit.xml"</FullCommandLine>
			<Results>
				<NamedMeasurement type="numeric/double" name="Execution Time">
					<Value>0.79656</Value>
				</NamedMeasurement>
				<NamedMeasurement type="numeric/double" name="Processors">
					<Value>1</Value>
				</NamedMeasurement>
				<NamedMeasurement type="text/string" name="Completion Status">
					<Value>Completed</Value>
				</NamedMeasurement>
				<NamedMeasurement type="text/string" name="Command Line">
					<Value>/usr/bin/python3.10 "-u" "/home/sahruday/ros2_humble/install/ament_cmake_test/share/ament_cmake_test/cmake/run_test.py" "/home/sahruday/ros2_ws/build/examples_rclcpp_minimal_subscriber/test_results/examples_rclcpp_minimal_subscriber/xmllint.xunit.xml" "--package-name" "examples_rclcpp_minimal_subscriber" "--output-file" "/home/sahruday/ros2_ws/build/examples_rclcpp_minimal_subscriber/ament_xmllint/xmllint.txt" "--command" "/home/sahruday/ros2_humble/install/ament_xmllint/bin/ament_xmllint" "--xunit-file" "/home/sahruday/ros2_ws/build/examples_rclcpp_minimal_subscriber/test_results/examples_rclcpp_minimal_subscriber/xmllint.xunit.xml"</Value>
				</NamedMeasurement>
				<NamedMeasurement type="text/string" name="Environment">
					<Value>#CTEST_RESOURCE_GROUP_COUNT=</Value>
				</NamedMeasurement>
				<Measurement>
					<Value>-- run_test.py: invoking following command in '/home/sahruday/ros2_ws/src/examples/rclcpp/topics/minimal_subscriber':
 - /home/sahruday/ros2_humble/install/ament_xmllint/bin/ament_xmllint --xunit-file /home/sahruday/ros2_ws/build/examples_rclcpp_minimal_subscriber/test_results/examples_rclcpp_minimal_subscriber/xmllint.xunit.xml
File 'package.xml' is valid

No problems found
-- run_test.py: return code 0
-- run_test.py: verify result file '/home/sahruday/ros2_ws/build/examples_rclcpp_minimal_subscriber/test_results/examples_rclcpp_minimal_subscriber/xmllint.xunit.xml'
</Value>
				</Measurement>
			</Results>
			<Labels>
				<Label>linter</Label>
				<Label>xmllint</Label>
			</Labels>
		</Test>
		<EndDateTime>Nov 02 21:21 EDT</EndDateTime>
		<EndTestTime>1667438500</EndTestTime>
		<ElapsedMinutes>0</ElapsedMinutes>
	</Testing>
</Site>
