[0.016s] Invoking command in '/home/chotu/Beginner_Tutorials_Ros2/build/serverpublisher': AMENT_PREFIX_PATH=/home/chotu/Beginner_Tutorials_Ros2/install/serverpublisher:${AMENT_PREFIX_PATH} CMAKE_PREFIX_PATH=/home/chotu/Beginner_Tutorials_Ros2/install/serverpublisher LD_LIBRARY_PATH=/home/chotu/Beginner_Tutorials_Ros2/install/serverpublisher/lib:${LD_LIBRARY_PATH} PYTHONPATH=/home/chotu/Beginner_Tutorials_Ros2/install/serverpublisher/local/lib/python3.10/dist-packages:${PYTHONPATH} /usr/bin/ctest -C Release -D ExperimentalTest --no-compress-output -V --force-new-ctest-process
[0.021s] UpdateCTestConfiguration  from :/home/chotu/Beginner_Tutorials_Ros2/build/serverpublisher/CTestConfiguration.ini
[0.021s] Parse Config file:/home/chotu/Beginner_Tutorials_Ros2/build/serverpublisher/CTestConfiguration.ini
[0.021s]    Site: chotu25
[0.021s]    Build name: (empty)
[0.022s]  Add coverage exclude regular expressions.
[0.022s] Create new tag: 20221206-0557 - Experimental
[0.022s] UpdateCTestConfiguration  from :/home/chotu/Beginner_Tutorials_Ros2/build/serverpublisher/CTestConfiguration.ini
[0.022s] Parse Config file:/home/chotu/Beginner_Tutorials_Ros2/build/serverpublisher/CTestConfiguration.ini
[0.022s] Test project /home/chotu/Beginner_Tutorials_Ros2/build/serverpublisher
[0.022s] Constructing a list of tests
[0.022s] Done constructing a list of tests
[0.022s] Updating test list for fixtures
[0.022s] Added 0 tests to meet fixture requirements
[0.022s] Checking test dependency graph...
[0.022s] Checking test dependency graph end
[0.022s] test 1
[0.023s]     Start 1: server_test
[0.023s] 
[0.023s] 1: Test command: /usr/bin/python3.10 "-u" "/opt/ros/humble/share/ament_cmake_test/cmake/run_test.py" "/home/chotu/Beginner_Tutorials_Ros2/build/serverpublisher/test_results/serverpublisher/server_test.gtest.xml" "--package-name" "serverpublisher" "--output-file" "/home/chotu/Beginner_Tutorials_Ros2/build/serverpublisher/ament_cmake_gtest/server_test.txt" "--command" "/home/chotu/Beginner_Tutorials_Ros2/build/serverpublisher/server_test" "--gtest_output=xml:/home/chotu/Beginner_Tutorials_Ros2/build/serverpublisher/test_results/serverpublisher/server_test.gtest.xml"
[0.023s] 1: Test timeout computed to be: 60
[0.064s] 1: -- run_test.py: invoking following command in '/home/chotu/Beginner_Tutorials_Ros2/build/serverpublisher':
[0.064s] 1:  - /home/chotu/Beginner_Tutorials_Ros2/build/serverpublisher/server_test --gtest_output=xml:/home/chotu/Beginner_Tutorials_Ros2/build/serverpublisher/test_results/serverpublisher/server_test.gtest.xml
[0.070s] 1: [==========] Running 3 tests from 1 test suite.
[0.070s] 1: [----------] Global test environment set-up.
[0.070s] 1: [----------] 3 tests from test_services_client
[0.070s] 1: unknown file: Failure
[0.070s] 1: C++ exception with description "context is already initialized" thrown in SetUpTestSuite().
[0.070s] 1: [ RUN      ] test_services_client.Manipulation1
[0.076s] 1: [INFO] [1670306277.288782895] [string_server1]: DONE WITH TEST1
[0.076s] 1: 
[0.077s] 1: [       OK ] test_services_client.Manipulation1 (7 ms)
[0.077s] 1: [ RUN      ] test_services_client.Manipulation2
[0.079s] 1: [INFO] [1670306277.292536767] [string_server2]: DONE WITH TEST2
[0.079s] 1: 
[0.080s] 1: [       OK ] test_services_client.Manipulation2 (3 ms)
[0.080s] 1: [ RUN      ] test_services_client.Subscriber1
[0.083s] 1: [INFO] [1670306277.295889136] [subscriber]: DONE WITH TEST3
[0.083s] 1: 
[0.083s] 1: [       OK ] test_services_client.Subscriber1 (3 ms)
[0.084s] 1: [----------] 3 tests from test_services_client (14 ms total)
[0.084s] 1: 
[0.084s] 1: [----------] Global test environment tear-down
[0.084s] 1: [==========] 3 tests from 1 test suite ran. (14 ms total)
[0.084s] 1: [  PASSED  ] 3 tests.
[0.184s] 1: DONE SHUTTING DOWN ROS
[0.185s] 1: -- run_test.py: return code 0
[0.185s] 1: -- run_test.py: inject classname prefix into gtest result file '/home/chotu/Beginner_Tutorials_Ros2/build/serverpublisher/test_results/serverpublisher/server_test.gtest.xml'
[0.186s] 1: -- run_test.py: verify result file '/home/chotu/Beginner_Tutorials_Ros2/build/serverpublisher/test_results/serverpublisher/server_test.gtest.xml'
[0.192s] 1/2 Test #1: server_test ......................   Passed    0.17 sec
[0.192s] test 2
[0.192s]     Start 2: pep257
[0.192s] 
[0.193s] 2: Test command: /usr/bin/python3.10 "-u" "/opt/ros/humble/share/ament_cmake_test/cmake/run_test.py" "/home/chotu/Beginner_Tutorials_Ros2/build/serverpublisher/test_results/serverpublisher/pep257.xunit.xml" "--package-name" "serverpublisher" "--output-file" "/home/chotu/Beginner_Tutorials_Ros2/build/serverpublisher/ament_pep257/pep257.txt" "--command" "/opt/ros/humble/bin/ament_pep257" "--xunit-file" "/home/chotu/Beginner_Tutorials_Ros2/build/serverpublisher/test_results/serverpublisher/pep257.xunit.xml"
[0.193s] 2: Test timeout computed to be: 60
[0.226s] 2: -- run_test.py: invoking following command in '/home/chotu/Beginner_Tutorials_Ros2':
[0.227s] 2:  - /opt/ros/humble/bin/ament_pep257 --xunit-file /home/chotu/Beginner_Tutorials_Ros2/build/serverpublisher/test_results/serverpublisher/pep257.xunit.xml
[0.484s] 2: Error in file ./vendor/googletest/googlemock/scripts/fuse_gmock_files.py: Cannot parse file.
[0.567s] 2: checking ./build/serverpublisher/ament_cmake_python/serverpublisher/serverpublisher/__init__.py
[0.567s] 2: checking ./build/serverpublisher/ament_cmake_python/serverpublisher/setup.py
[0.567s] 2: checking ./build/serverpublisher/rosidl_generator_py/serverpublisher/__init__.py
[0.567s] 2: checking ./build/serverpublisher/rosidl_generator_py/serverpublisher/msg/__init__.py
[0.568s] 2: checking ./build/serverpublisher/rosidl_generator_py/serverpublisher/msg/_data.py
[0.568s] 2: checking ./build/serverpublisher/rosidl_generator_py/serverpublisher/msg/_num.py
[0.568s] 2: checking ./build/serverpublisher/rosidl_generator_py/serverpublisher/msg/_sphere.py
[0.568s] 2: checking ./build/serverpublisher/rosidl_generator_py/serverpublisher/srv/__init__.py
[0.568s] 2: checking ./build/serverpublisher/rosidl_generator_py/serverpublisher/srv/_add_three_ints.py
[0.568s] 2: checking ./build/serverpublisher/rosidl_generator_py/serverpublisher/srv/_change_string.py
[0.568s] 2: checking ./install/_local_setup_util_ps1.py
[0.568s] 2: checking ./install/_local_setup_util_sh.py
[0.568s] 2: checking ./install/serverpublisher/local/lib/python3.10/dist-packages/serverpublisher/__init__.py
[0.568s] 2: checking ./install/serverpublisher/local/lib/python3.10/dist-packages/serverpublisher/msg/__init__.py
[0.568s] 2: checking ./install/serverpublisher/local/lib/python3.10/dist-packages/serverpublisher/msg/_data.py
[0.568s] 2: checking ./install/serverpublisher/local/lib/python3.10/dist-packages/serverpublisher/msg/_num.py
[0.568s] 2: checking ./install/serverpublisher/local/lib/python3.10/dist-packages/serverpublisher/msg/_sphere.py
[0.568s] 2: checking ./install/serverpublisher/local/lib/python3.10/dist-packages/serverpublisher/srv/__init__.py
[0.568s] 2: checking ./install/serverpublisher/local/lib/python3.10/dist-packages/serverpublisher/srv/_add_three_ints.py
[0.569s] 2: checking ./install/serverpublisher/local/lib/python3.10/dist-packages/serverpublisher/srv/_change_string.py
[0.569s] 2: checking ./install/serverpublisher/share/serverpublisher/launch/bag_launch.py
[0.569s] 2: checking ./install/serverpublisher/share/serverpublisher/launch/cpp_pubsub_launch.py
[0.569s] 2: checking ./install/serverpublisher/share/serverpublisher/launch/rosbag_launch.py
[0.569s] 2: checking ./launch/bag_launch.py
[0.569s] 2: checking ./launch/cpp_pubsub_launch.py
[0.569s] 2: checking ./launch/rosbag_launch.py
[0.569s] 2: checking ./vendor/googletest/googlemock/scripts/fuse_gmock_files.py
[0.569s] 2: ./vendor/googletest/googlemock/scripts/fuse_gmock_files.py: Cannot parse file.
[0.569s] 2: checking ./vendor/googletest/googlemock/scripts/generator/cpp/__init__.py
[0.569s] 2: checking ./vendor/googletest/googlemock/scripts/generator/cpp/ast.py
[0.569s] 2: ./vendor/googletest/googlemock/scripts/generator/cpp/ast.py:117 in public method `IsDeclaration`: D401: First line should be in imperative mood (perhaps 'Return', not 'Returns')
[0.569s] 2: ./vendor/googletest/googlemock/scripts/generator/cpp/ast.py:121 in public method `IsDefinition`: D401: First line should be in imperative mood (perhaps 'Return', not 'Returns')
[0.569s] 2: ./vendor/googletest/googlemock/scripts/generator/cpp/ast.py:125 in public method `IsExportable`: D401: First line should be in imperative mood (perhaps 'Return', not 'Returns')
[0.569s] 2: ./vendor/googletest/googlemock/scripts/generator/cpp/ast.py:129 in public method `Requires`: D400: First line should end with a period (not '?')
[0.569s] 2: ./vendor/googletest/googlemock/scripts/generator/cpp/ast.py:129 in public method `Requires`: D401: First line should be in imperative mood; try rephrasing (found 'Does')
[0.570s] 2: ./vendor/googletest/googlemock/scripts/generator/cpp/ast.py:414 in public method `__init__`: D205: 1 blank line required between summary line and description (found 0)
[0.570s] 2: ./vendor/googletest/googlemock/scripts/generator/cpp/ast.py:414 in public method `__init__`: D400: First line should end with a period (not ':')
[0.570s] 2: ./vendor/googletest/googlemock/scripts/generator/cpp/ast.py:414 in public method `__init__`: D415: First line should end with a period, question mark, or exclamation point (not ':')
[0.570s] 2: ./vendor/googletest/googlemock/scripts/generator/cpp/ast.py:478 in public method `ToType`: D205: 1 blank line required between summary line and description (found 0)
[0.570s] 2: ./vendor/googletest/googlemock/scripts/generator/cpp/ast.py:478 in public method `ToType`: D213: Multi-line docstring summary should start at the second line
[0.570s] 2: ./vendor/googletest/googlemock/scripts/generator/cpp/ast.py:478 in public method `ToType`: D413: Missing blank line after last section ('Returns')
[0.570s] 2: ./vendor/googletest/googlemock/scripts/generator/cpp/ast.py:478 in public method `ToType`: D407: Missing dashed underline after section ('Returns')
[0.570s] 2: ./vendor/googletest/googlemock/scripts/generator/cpp/ast.py:478 in public method `ToType`: D406: Section name should end with a newline ('Returns', not 'Returns:')
[0.570s] 2: ./vendor/googletest/googlemock/scripts/generator/cpp/ast.py:929 in public method `GetName`: D401: First line should be in imperative mood (perhaps 'Return', not 'Returns')
[0.570s] 2: ./vendor/googletest/googlemock/scripts/generator/cpp/ast.py:1664 in public function `BuilderFromSource`: D213: Multi-line docstring summary should start at the second line
[0.570s] 2: ./vendor/googletest/googlemock/scripts/generator/cpp/ast.py:1664 in public function `BuilderFromSource`: D401: First line should be in imperative mood; try rephrasing (found 'Utility')
[0.570s] 2: ./vendor/googletest/googlemock/scripts/generator/cpp/ast.py:1664 in public function `BuilderFromSource`: D413: Missing blank line after last section ('Returns')
[0.570s] 2: ./vendor/googletest/googlemock/scripts/generator/cpp/ast.py:1664 in public function `BuilderFromSource`: D407: Missing dashed underline after section ('Returns')
[0.570s] 2: ./vendor/googletest/googlemock/scripts/generator/cpp/ast.py:1664 in public function `BuilderFromSource`: D406: Section name should end with a newline ('Returns', not 'Returns:')
[0.570s] 2: ./vendor/googletest/googlemock/scripts/generator/cpp/ast.py:1677 in public function `PrintIndentifiers`: D213: Multi-line docstring summary should start at the second line
[0.570s] 2: ./vendor/googletest/googlemock/scripts/generator/cpp/ast.py:1677 in public function `PrintIndentifiers`: D401: First line should be in imperative mood (perhaps 'Print', not 'Prints')
[0.570s] 2: ./vendor/googletest/googlemock/scripts/generator/cpp/ast.py:1677 in public function `PrintIndentifiers`: D413: Missing blank line after last section ('Args')
[0.571s] 2: ./vendor/googletest/googlemock/scripts/generator/cpp/ast.py:1677 in public function `PrintIndentifiers`: D407: Missing dashed underline after section ('Args')
[0.571s] 2: ./vendor/googletest/googlemock/scripts/generator/cpp/ast.py:1701 in public function `PrintAllIndentifiers`: D213: Multi-line docstring summary should start at the second line
[0.571s] 2: ./vendor/googletest/googlemock/scripts/generator/cpp/ast.py:1701 in public function `PrintAllIndentifiers`: D401: First line should be in imperative mood (perhaps 'Print', not 'Prints')
[0.571s] 2: ./vendor/googletest/googlemock/scripts/generator/cpp/ast.py:1701 in public function `PrintAllIndentifiers`: D413: Missing blank line after last section ('Args')
[0.571s] 2: ./vendor/googletest/googlemock/scripts/generator/cpp/ast.py:1701 in public function `PrintAllIndentifiers`: D407: Missing dashed underline after section ('Args')
[0.571s] 2: checking ./vendor/googletest/googlemock/scripts/generator/cpp/gmock_class.py
[0.571s] 2: ./vendor/googletest/googlemock/scripts/generator/cpp/gmock_class.py:17 at module level: D213: Multi-line docstring summary should start at the second line
[0.571s] 2: checking ./vendor/googletest/googlemock/scripts/generator/cpp/gmock_class_test.py
[0.571s] 2: checking ./vendor/googletest/googlemock/scripts/generator/cpp/keywords.py
[0.571s] 2: checking ./vendor/googletest/googlemock/scripts/generator/cpp/tokenize.py
[0.571s] 2: ./vendor/googletest/googlemock/scripts/generator/cpp/tokenize.py:65 in public class `Token`: D213: Multi-line docstring summary should start at the second line
[0.571s] 2: ./vendor/googletest/googlemock/scripts/generator/cpp/tokenize.py:120 in public function `GetTokens`: D213: Multi-line docstring summary should start at the second line
[0.571s] 2: ./vendor/googletest/googlemock/scripts/generator/cpp/tokenize.py:120 in public function `GetTokens`: D401: First line should be in imperative mood (perhaps 'Return', not 'Returns')
[0.571s] 2: ./vendor/googletest/googlemock/scripts/generator/cpp/tokenize.py:120 in public function `GetTokens`: D413: Missing blank line after last section ('Yields')
[0.581s] 2: ./vendor/googletest/googlemock/scripts/generator/cpp/tokenize.py:120 in public function `GetTokens`: D407: Missing dashed underline after section ('Yields')Error in file ./vendor/googletest/googlemock/scripts/upload.py: Cannot parse file.
[0.590s] 2: 
[0.590s] 2: ./vendor/googletest/googlemock/scripts/generator/cpp/tokenize.py:120 in public function `GetTokens`: D406: Section name should end with a newline ('Yields', not 'Yields:')
[0.590s] 2: checking ./vendor/googletest/googlemock/scripts/generator/cpp/utils.py
[0.590s] 2: ./vendor/googletest/googlemock/scripts/generator/cpp/utils.py:31 in public function `ReadFile`: D401: First line should be in imperative mood (perhaps 'Return', not 'Returns')
[0.590s] 2: checking ./vendor/googletest/googlemock/scripts/generator/gmock_gen.py
[0.591s] 2: checking ./vendor/googletest/googlemock/scripts/gmock_doctor.py
[0.591s] 2: ./vendor/googletest/googlemock/scripts/gmock_doctor.py:138 in private function `_FindAllMatches`: D202: No blank lines allowed after function docstring (found 1)
[0.591s] 2: ./vendor/googletest/googlemock/scripts/gmock_doctor.py:138 in private function `_FindAllMatches`: D401: First line should be in imperative mood (perhaps 'Generate', not 'Generates')
[0.591s] 2: ./vendor/googletest/googlemock/scripts/gmock_doctor.py:145 in private function `_GenericDiagnoser`: D213: Multi-line docstring summary should start at the second line
[0.591s] 2: ./vendor/googletest/googlemock/scripts/gmock_doctor.py:145 in private function `_GenericDiagnoser`: D413: Missing blank line after last section ('Yields')
[0.591s] 2: ./vendor/googletest/googlemock/scripts/gmock_doctor.py:145 in private function `_GenericDiagnoser`: D411: Missing blank line before section ('Yields')
[0.591s] 2: ./vendor/googletest/googlemock/scripts/gmock_doctor.py:145 in private function `_GenericDiagnoser`: D407: Missing dashed underline after section ('Yields')
[0.591s] 2: ./vendor/googletest/googlemock/scripts/gmock_doctor.py:145 in private function `_GenericDiagnoser`: D406: Section name should end with a newline ('Yields', not 'Yields:')
[0.591s] 2: ./vendor/googletest/googlemock/scripts/gmock_doctor.py:167 in private function `_NeedToReturnReferenceDiagnoser`: D202: No blank lines allowed after function docstring (found 1)
[0.591s] 2: ./vendor/googletest/googlemock/scripts/gmock_doctor.py:192 in private function `_NeedToReturnSomethingDiagnoser`: D202: No blank lines allowed after function docstring (found 1)
[0.591s] 2: ./vendor/googletest/googlemock/scripts/gmock_doctor.py:219 in private function `_NeedToReturnNothingDiagnoser`: D202: No blank lines allowed after function docstring (found 1)
[0.591s] 2: ./vendor/googletest/googlemock/scripts/gmock_doctor.py:256 in private function `_IncompleteByReferenceArgumentDiagnoser`: D202: No blank lines allowed after function docstring (found 1)
[0.591s] 2: ./vendor/googletest/googlemock/scripts/gmock_doctor.py:283 in private function `_OverloadedFunctionMatcherDiagnoser`: D202: No blank lines allowed after function docstring (found 1)
[0.591s] 2: ./vendor/googletest/googlemock/scripts/gmock_doctor.py:304 in private function `_OverloadedFunctionActionDiagnoser`: D202: No blank lines allowed after function docstring (found 1)
[0.591s] 2: ./vendor/googletest/googlemock/scripts/gmock_doctor.py:329 in private function `_OverloadedMethodActionDiagnoser`: D202: No blank lines allowed after function docstring (found 1)
[0.592s] 2: ./vendor/googletest/googlemock/scripts/gmock_doctor.py:358 in private function `_MockObjectPointerDiagnoser`: D202: No blank lines allowed after function docstring (found 1)
[0.592s] 2: ./vendor/googletest/googlemock/scripts/gmock_doctor.py:397 in private function `_NeedToUseSymbolDiagnoser`: D202: No blank lines allowed after function docstring (found 1)
[0.592s] 2: ./vendor/googletest/googlemock/scripts/gmock_doctor.py:417 in private function `_NeedToUseReturnNullDiagnoser`: D202: No blank lines allowed after function docstring (found 1)
[0.592s] 2: ./vendor/googletest/googlemock/scripts/gmock_doctor.py:443 in private function `_TypeInTemplatedBaseDiagnoser`: D202: No blank lines allowed after function docstring (found 1)
[0.592s] 2: ./vendor/googletest/googlemock/scripts/gmock_doctor.py:512 in private function `_WrongMockMethodMacroDiagnoser`: D202: No blank lines allowed after function docstring (found 1)
[0.592s] 2: ./vendor/googletest/googlemock/scripts/gmock_doctor.py:540 in private function `_WrongParenPositionDiagnoser`: D202: No blank lines allowed after function docstring (found 1)
[0.592s] 2: ./vendor/googletest/googlemock/scripts/gmock_doctor.py:578 in public function `Diagnose`: D202: No blank lines allowed after function docstring (found 1)
[0.592s] 2: ./vendor/googletest/googlemock/scripts/gmock_doctor.py:578 in public function `Diagnose`: D401: First line should be in imperative mood (perhaps 'Generate', not 'Generates')
[0.592s] 2: checking ./vendor/googletest/googlemock/scripts/upload.py
[0.592s] 2: ./vendor/googletest/googlemock/scripts/upload.py: Cannot parse file.
[0.592s] 2: checking ./vendor/googletest/googlemock/scripts/upload_gmock.py
[0.592s] 2: ./vendor/googletest/googlemock/scripts/upload_gmock.py:32 at module level: D213: Multi-line docstring summary should start at the second line
[0.592s] 2: checking ./vendor/googletest/googlemock/test/gmock_leak_test.py
[0.592s] 2: checking ./vendor/googletest/googlemock/test/gmock_output_test.py
[0.592s] 2: ./vendor/googletest/googlemock/test/gmock_output_test.py:32 at module level: D213: Multi-line docstring summary should start at the second line
[0.592s] 2: ./vendor/googletest/googlemock/test/gmock_output_test.py:60 in public function `ToUnixLineEnding`: D202: No blank lines allowed after function docstring (found 1)
[0.593s] 2: ./vendor/googletest/googlemock/test/gmock_output_test.py:60 in public function `ToUnixLineEnding`: D401: First line should be in imperative mood (perhaps 'Change', not 'Changes')
[0.593s] 2: ./vendor/googletest/googlemock/test/gmock_output_test.py:66 in public function `RemoveReportHeaderAndFooter`: D202: No blank lines allowed after function docstring (found 1)
[0.593s] 2: ./vendor/googletest/googlemock/test/gmock_output_test.py:66 in public function `RemoveReportHeaderAndFooter`: D401: First line should be in imperative mood (perhaps 'Remove', not 'Removes')
[0.593s] 2: ./vendor/googletest/googlemock/test/gmock_output_test.py:77 in public function `RemoveLocations`: D202: No blank lines allowed after function docstring (found 1)
[0.593s] 2: ./vendor/googletest/googlemock/test/gmock_output_test.py:77 in public function `RemoveLocations`: D213: Multi-line docstring summary should start at the second line
[0.593s] 2: ./vendor/googletest/googlemock/test/gmock_output_test.py:77 in public function `RemoveLocations`: D301: Use r""" if any backslashes in a docstring
[0.593s] 2: ./vendor/googletest/googlemock/test/gmock_output_test.py:77 in public function `RemoveLocations`: D401: First line should be in imperative mood (perhaps 'Remove', not 'Removes')
[0.593s] 2: ./vendor/googletest/googlemock/test/gmock_output_test.py:77 in public function `RemoveLocations`: D413: Missing blank line after last section ('Returns')
[0.593s] 2: ./vendor/googletest/googlemock/test/gmock_output_test.py:77 in public function `RemoveLocations`: D407: Missing dashed underline after section ('Returns')
[0.593s] 2: ./vendor/googletest/googlemock/test/gmock_output_test.py:77 in public function `RemoveLocations`: D406: Section name should end with a newline ('Returns', not 'Returns:')
[0.593s] 2: ./vendor/googletest/googlemock/test/gmock_output_test.py:93 in public function `NormalizeErrorMarker`: D202: No blank lines allowed after function docstring (found 1)
[0.593s] 2: ./vendor/googletest/googlemock/test/gmock_output_test.py:93 in public function `NormalizeErrorMarker`: D401: First line should be in imperative mood (perhaps 'Normalize', not 'Normalizes')
[0.593s] 2: ./vendor/googletest/googlemock/test/gmock_output_test.py:99 in public function `RemoveMemoryAddresses`: D202: No blank lines allowed after function docstring (found 1)
[0.593s] 2: ./vendor/googletest/googlemock/test/gmock_output_test.py:99 in public function `RemoveMemoryAddresses`: D401: First line should be in imperative mood (perhaps 'Remove', not 'Removes')
[0.593s] 2: ./vendor/googletest/googlemock/test/gmock_output_test.py:105 in public function `RemoveTestNamesOfLeakedMocks`: D202: No blank lines allowed after function docstring (found 1)
[0.593s] 2: ./vendor/googletest/googlemock/test/gmock_output_test.py:105 in public function `RemoveTestNamesOfLeakedMocks`: D401: First line should be in imperative mood (perhaps 'Remove', not 'Removes')
[0.594s] 2: ./vendor/googletest/googlemock/test/gmock_output_test.py:111 in public function `GetLeakyTests`: D202: No blank lines allowed after function docstring (found 1)
[0.601s] 2: ./vendor/googletest/googlemock/test/gmock_output_test.py:111 in public function `GetLeakyTests`: D401: First line should be in imperative mood (perhaps 'Return', not 'Returns')
[0.601s] 2: ./vendor/googletest/googlemock/test/gmock_output_test.py:120 in public function `GetNormalizedOutputAndLeakyTests`: D202: No blank lines allowed after function docstring (found 1)
[0.602s] 2: ./vendor/googletest/googlemock/test/gmock_output_test.py:120 in public function `GetNormalizedOutputAndLeakyTests`: D213: Multi-line docstring summary should start at the second line
[0.602s] 2: ./vendor/googletest/googlemock/test/gmock_output_test.py:120 in public function `GetNormalizedOutputAndLeakyTests`: D401: First line should be in imperative mood (perhaps 'Normalize', not 'Normalizes')
[0.602s] 2: ./vendor/googletest/googlemock/test/gmock_output_test.py:120 in public function `GetNormalizedOutputAndLeakyTests`: D413: Missing blank line after last section ('Returns')
[0.602s] 2: ./vendor/googletest/googlemock/test/gmock_output_test.py:120 in public function `GetNormalizedOutputAndLeakyTests`: D407: Missing dashed underline after section ('Returns')
[0.602s] 2: ./vendor/googletest/googlemock/test/gmock_output_test.py:120 in public function `GetNormalizedOutputAndLeakyTests`: D406: Section name should end with a newline ('Returns', not 'Returns:')
[0.602s] 2: ./vendor/googletest/googlemock/test/gmock_output_test.py:139 in public function `GetShellCommandOutput`: D202: No blank lines allowed after function docstring (found 1)
[0.602s] 2: ./vendor/googletest/googlemock/test/gmock_output_test.py:139 in public function `GetShellCommandOutput`: D401: First line should be in imperative mood (perhaps 'Run', not 'Runs')
[0.602s] 2: ./vendor/googletest/googlemock/test/gmock_output_test.py:145 in public function `GetNormalizedCommandOutputAndLeakyTests`: D202: No blank lines allowed after function docstring (found 1)
[0.602s] 2: ./vendor/googletest/googlemock/test/gmock_output_test.py:145 in public function `GetNormalizedCommandOutputAndLeakyTests`: D213: Multi-line docstring summary should start at the second line
[0.602s] 2: ./vendor/googletest/googlemock/test/gmock_output_test.py:145 in public function `GetNormalizedCommandOutputAndLeakyTests`: D401: First line should be in imperative mood (perhaps 'Run', not 'Runs')
[0.602s] 2: ./vendor/googletest/googlemock/test/gmock_output_test.py:145 in public function `GetNormalizedCommandOutputAndLeakyTests`: D413: Missing blank line after last section ('Args')
[0.602s] 2: ./vendor/googletest/googlemock/test/gmock_output_test.py:145 in public function `GetNormalizedCommandOutputAndLeakyTests`: D407: Missing dashed underline after section ('Args')
[0.603s] 2: checking ./vendor/googletest/googlemock/test/gmock_test_utils.py
[0.603s] 2: ./vendor/googletest/googlemock/test/gmock_test_utils.py:55 in public function `GetSourceDir`: D202: No blank lines allowed after function docstring (found 1)
[0.603s] 2: ./vendor/googletest/googlemock/test/gmock_test_utils.py:55 in public function `GetSourceDir`: D401: First line should be in imperative mood (perhaps 'Return', not 'Returns')
[0.603s] 2: ./vendor/googletest/googlemock/test/gmock_test_utils.py:61 in public function `GetTestExecutablePath`: D202: No blank lines allowed after function docstring (found 1)
[0.603s] 2: ./vendor/googletest/googlemock/test/gmock_test_utils.py:61 in public function `GetTestExecutablePath`: D213: Multi-line docstring summary should start at the second line
[0.603s] 2: ./vendor/googletest/googlemock/test/gmock_test_utils.py:61 in public function `GetTestExecutablePath`: D401: First line should be in imperative mood (perhaps 'Return', not 'Returns')
[0.603s] 2: ./vendor/googletest/googlemock/test/gmock_test_utils.py:61 in public function `GetTestExecutablePath`: D413: Missing blank line after last section ('Returns')
[0.603s] 2: ./vendor/googletest/googlemock/test/gmock_test_utils.py:61 in public function `GetTestExecutablePath`: D407: Missing dashed underline after section ('Returns')
[0.603s] 2: ./vendor/googletest/googlemock/test/gmock_test_utils.py:61 in public function `GetTestExecutablePath`: D406: Section name should end with a newline ('Returns', not 'Returns:')
[0.603s] 2: ./vendor/googletest/googlemock/test/gmock_test_utils.py:77 in public function `GetExitStatus`: D202: No blank lines allowed after function docstring (found 1)
[0.603s] 2: ./vendor/googletest/googlemock/test/gmock_test_utils.py:77 in public function `GetExitStatus`: D213: Multi-line docstring summary should start at the second line
[0.603s] 2: ./vendor/googletest/googlemock/test/gmock_test_utils.py:77 in public function `GetExitStatus`: D401: First line should be in imperative mood (perhaps 'Return', not 'Returns')
[0.603s] 2: ./vendor/googletest/googlemock/test/gmock_test_utils.py:77 in public function `GetExitStatus`: D413: Missing blank line after last section ('Args')
[0.603s] 2: ./vendor/googletest/googlemock/test/gmock_test_utils.py:77 in public function `GetExitStatus`: D407: Missing dashed underline after section ('Args')
[0.603s] 2: ./vendor/googletest/googlemock/test/gmock_test_utils.py:110 in public function `Main`: D202: No blank lines allowed after function docstring (found 1)
[0.604s] 2: ./vendor/googletest/googlemock/test/gmock_test_utils.py:110 in public function `Main`: D401: First line should be in imperative mood (perhaps 'Run', not 'Runs')
[0.604s] 2: checking ./vendor/googletest/googletest/scripts/common.py
[0.604s] 2: ./vendor/googletest/googletest/scripts/common.py:47 in public function `GetCommandOutput`: D202: No blank lines allowed after function docstring (found 1)
[0.604s] 2: ./vendor/googletest/googletest/scripts/common.py:47 in public function `GetCommandOutput`: D401: First line should be in imperative mood (perhaps 'Run', not 'Runs')
[0.604s] 2: ./vendor/googletest/googletest/scripts/common.py:56 in public function `GetSvnInfo`: D202: No blank lines allowed after function docstring (found 1)
[0.604s] 2: ./vendor/googletest/googletest/scripts/common.py:56 in public function `GetSvnInfo`: D401: First line should be in imperative mood (perhaps 'Return', not 'Returns')
[0.604s] 2: ./vendor/googletest/googletest/scripts/common.py:70 in public function `GetSvnTrunk`: D202: No blank lines allowed after function docstring (found 1)
[0.604s] 2: ./vendor/googletest/googletest/scripts/common.py:70 in public function `GetSvnTrunk`: D401: First line should be in imperative mood (perhaps 'Return', not 'Returns')
[0.604s] 2: checking ./vendor/googletest/googletest/scripts/fuse_gtest_files.py
[0.604s] 2: ./vendor/googletest/googletest/scripts/fuse_gtest_files.py:32 at module level: D205: 1 blank line required between summary line and description (found 0)
[0.604s] 2: ./vendor/googletest/googletest/scripts/fuse_gtest_files.py:32 at module level: D213: Multi-line docstring summary should start at the second line
[0.604s] 2: ./vendor/googletest/googletest/scripts/fuse_gtest_files.py:32 at module level: D400: First line should end with a period (not '0')
[0.604s] 2: ./vendor/googletest/googletest/scripts/fuse_gtest_files.py:32 at module level: D415: First line should end with a period, question mark, or exclamation point (not '0')
[0.604s] 2: ./vendor/googletest/googletest/scripts/fuse_gtest_files.py:32 at module level: D405: Section name should be properly capitalized ('Examples', not 'EXAMPLES')
[0.604s] 2: ./vendor/googletest/googletest/scripts/fuse_gtest_files.py:32 at module level: D413: Missing blank line after last section ('Examples')
[0.604s] 2: ./vendor/googletest/googletest/scripts/fuse_gtest_files.py:32 at module level: D407: Missing dashed underline after section ('Examples')
[0.605s] 2: ./vendor/googletest/googletest/scripts/fuse_gtest_files.py:90 in public function `VerifyFileExists`: D202: No blank lines allowed after function docstring (found 1)
[0.605s] 2: ./vendor/googletest/googletest/scripts/fuse_gtest_files.py:90 in public function `VerifyFileExists`: D213: Multi-line docstring summary should start at the second line
[0.605s] 2: ./vendor/googletest/googletest/scripts/fuse_gtest_files.py:90 in public function `VerifyFileExists`: D401: First line should be in imperative mood (perhaps 'Verify', not 'Verifies')
[0.605s] 2: ./vendor/googletest/googletest/scripts/fuse_gtest_files.py:104 in public function `ValidateGTestRootDir`: D202: No blank lines allowed after function docstring (found 1)
[0.605s] 2: ./vendor/googletest/googletest/scripts/fuse_gtest_files.py:104 in public function `ValidateGTestRootDir`: D213: Multi-line docstring summary should start at the second line
[0.605s] 2: Error in file ./vendor/googletest/googletest/scripts/gen_gtest_pred_impl.py: Cannot parse file.
[0.605s] 2: Error in file ./vendor/googletest/googletest/scripts/pump.py: Cannot parse file.
[0.605s] 2: Error in file ./vendor/googletest/googletest/scripts/release_docs.py: Cannot parse file.
[0.605s] 2: Error in file ./vendor/googletest/googletest/scripts/upload.py: Cannot parse file.
[0.617s] 2: ./vendor/googletest/googletest/scripts/fuse_gtest_files.py:104 in public function `ValidateGTestRootDir`: D401: First line should be in imperative mood (perhaps 'Make', not 'Makes')
[0.617s] 2: ./vendor/googletest/googletest/scripts/fuse_gtest_files.py:114 in public function `VerifyOutputFile`: D202: No blank lines allowed after function docstring (found 1)
[0.618s] 2: ./vendor/googletest/googletest/scripts/fuse_gtest_files.py:114 in public function `VerifyOutputFile`: D213: Multi-line docstring summary should start at the second line
[0.618s] 2: ./vendor/googletest/googletest/scripts/fuse_gtest_files.py:114 in public function `VerifyOutputFile`: D401: First line should be in imperative mood (perhaps 'Verify', not 'Verifies')
[0.618s] 2: ./vendor/googletest/googletest/scripts/fuse_gtest_files.py:140 in public function `ValidateOutputDir`: D202: No blank lines allowed after function docstring (found 1)
[0.618s] 2: ./vendor/googletest/googletest/scripts/fuse_gtest_files.py:140 in public function `ValidateOutputDir`: D213: Multi-line docstring summary should start at the second line
[0.618s] 2: ./vendor/googletest/googletest/scripts/fuse_gtest_files.py:140 in public function `ValidateOutputDir`: D401: First line should be in imperative mood (perhaps 'Make', not 'Makes')
[0.618s] 2: ./vendor/googletest/googletest/scripts/fuse_gtest_files.py:150 in public function `FuseGTestH`: D202: No blank lines allowed after function docstring (found 1)
[0.618s] 2: ./vendor/googletest/googletest/scripts/fuse_gtest_files.py:150 in public function `FuseGTestH`: D401: First line should be in imperative mood (perhaps 'Scan', not 'Scans')
[0.618s] 2: ./vendor/googletest/googletest/scripts/fuse_gtest_files.py:156 in private nested function `ProcessFile`: D202: No blank lines allowed after function docstring (found 1)
[0.618s] 2: ./vendor/googletest/googletest/scripts/fuse_gtest_files.py:156 in private nested function `ProcessFile`: D401: First line should be in imperative mood (perhaps 'Process', not 'Processes')
[0.618s] 2: ./vendor/googletest/googletest/scripts/fuse_gtest_files.py:179 in public function `FuseGTestAllCcToFile`: D202: No blank lines allowed after function docstring (found 1)
[0.618s] 2: ./vendor/googletest/googletest/scripts/fuse_gtest_files.py:179 in public function `FuseGTestAllCcToFile`: D401: First line should be in imperative mood (perhaps 'Scan', not 'Scans')
[0.618s] 2: ./vendor/googletest/googletest/scripts/fuse_gtest_files.py:184 in private nested function `ProcessFile`: D202: No blank lines allowed after function docstring (found 1)
[0.618s] 2: ./vendor/googletest/googletest/scripts/fuse_gtest_files.py:184 in private nested function `ProcessFile`: D401: First line should be in imperative mood (perhaps 'Process', not 'Processes')
[0.618s] 2: ./vendor/googletest/googletest/scripts/fuse_gtest_files.py:222 in public function `FuseGTestAllCc`: D202: No blank lines allowed after function docstring (found 1)
[0.618s] 2: ./vendor/googletest/googletest/scripts/fuse_gtest_files.py:222 in public function `FuseGTestAllCc`: D401: First line should be in imperative mood (perhaps 'Scan', not 'Scans')
[0.618s] 2: ./vendor/googletest/googletest/scripts/fuse_gtest_files.py:230 in public function `FuseGTest`: D202: No blank lines allowed after function docstring (found 1)
[0.618s] 2: checking ./vendor/googletest/googletest/scripts/gen_gtest_pred_impl.py
[0.619s] 2: ./vendor/googletest/googletest/scripts/gen_gtest_pred_impl.py: Cannot parse file.
[0.619s] 2: checking ./vendor/googletest/googletest/scripts/pump.py
[0.619s] 2: ./vendor/googletest/googletest/scripts/pump.py: Cannot parse file.
[0.619s] 2: checking ./vendor/googletest/googletest/scripts/release_docs.py
[0.619s] 2: ./vendor/googletest/googletest/scripts/release_docs.py: Cannot parse file.
[0.619s] 2: checking ./vendor/googletest/googletest/scripts/upload.py
[0.619s] 2: ./vendor/googletest/googletest/scripts/upload.py: Cannot parse file.
[0.619s] 2: checking ./vendor/googletest/googletest/scripts/upload_gtest.py
[0.619s] 2: ./vendor/googletest/googletest/scripts/upload_gtest.py:32 at module level: D213: Multi-line docstring summary should start at the second line
[0.619s] 2: checking ./vendor/googletest/googletest/test/gtest_break_on_failure_unittest.py
[0.619s] 2: ./vendor/googletest/googletest/test/gtest_break_on_failure_unittest.py:32 at module level: D213: Multi-line docstring summary should start at the second line
[0.619s] 2: ./vendor/googletest/googletest/test/gtest_break_on_failure_unittest.py:81 in public function `Run`: D202: No blank lines allowed after function docstring (found 1)
[0.619s] 2: ./vendor/googletest/googletest/test/gtest_break_on_failure_unittest.py:81 in public function `Run`: D401: First line should be in imperative mood (perhaps 'Run', not 'Runs')
[0.619s] 2: ./vendor/googletest/googletest/test/gtest_break_on_failure_unittest.py:94 in public class `GTestBreakOnFailureUnitTest`: D205: 1 blank line required between summary line and description (found 0)
[0.619s] 2: ./vendor/googletest/googletest/test/gtest_break_on_failure_unittest.py:94 in public class `GTestBreakOnFailureUnitTest`: D213: Multi-line docstring summary should start at the second line
[0.619s] 2: ./vendor/googletest/googletest/test/gtest_break_on_failure_unittest.py:94 in public class `GTestBreakOnFailureUnitTest`: D400: First line should end with a period (not 'r')
[0.620s] 2: ./vendor/googletest/googletest/test/gtest_break_on_failure_unittest.py:94 in public class `GTestBreakOnFailureUnitTest`: D415: First line should end with a period, question mark, or exclamation point (not 'r')
[0.620s] 2: ./vendor/googletest/googletest/test/gtest_break_on_failure_unittest.py:100 in public method `RunAndVerify`: D202: No blank lines allowed after function docstring (found 1)
[0.620s] 2: ./vendor/googletest/googletest/test/gtest_break_on_failure_unittest.py:100 in public method `RunAndVerify`: D205: 1 blank line required between summary line and description (found 0)
[0.620s] 2: ./vendor/googletest/googletest/test/gtest_break_on_failure_unittest.py:100 in public method `RunAndVerify`: D213: Multi-line docstring summary should start at the second line
[0.620s] 2: ./vendor/googletest/googletest/test/gtest_break_on_failure_unittest.py:100 in public method `RunAndVerify`: D400: First line should end with a period (not 's')
[0.620s] 2: ./vendor/googletest/googletest/test/gtest_break_on_failure_unittest.py:100 in public method `RunAndVerify`: D415: First line should end with a period, question mark, or exclamation point (not 's')
[0.620s] 2: ./vendor/googletest/googletest/test/gtest_break_on_failure_unittest.py:100 in public method `RunAndVerify`: D401: First line should be in imperative mood (perhaps 'Run', not 'Runs')
[0.620s] 2: ./vendor/googletest/googletest/test/gtest_break_on_failure_unittest.py:100 in public method `RunAndVerify`: D413: Missing blank line after last section ('Args')
[0.620s] 2: ./vendor/googletest/googletest/test/gtest_break_on_failure_unittest.py:100 in public method `RunAndVerify`: D407: Missing dashed underline after section ('Args')
[0.620s] 2: ./vendor/googletest/googletest/test/gtest_break_on_failure_unittest.py:145 in public method `testDefaultBehavior`: D202: No blank lines allowed after function docstring (found 1)
[0.620s] 2: ./vendor/googletest/googletest/test/gtest_break_on_failure_unittest.py:152 in public method `testEnvVar`: D202: No blank lines allowed after function docstring (found 1)
[0.620s] 2: ./vendor/googletest/googletest/test/gtest_break_on_failure_unittest.py:162 in public method `testFlag`: D202: No blank lines allowed after function docstring (found 1)
[0.620s] 2: ./vendor/googletest/googletest/test/gtest_break_on_failure_unittest.py:172 in public method `testFlagOverridesEnvVar`: D202: No blank lines allowed after function docstring (found 1)
[0.620s] 2: ./vendor/googletest/googletest/test/gtest_break_on_failure_unittest.py:188 in public method `testBreakOnFailureOverridesThrowOnFailure`: D202: No blank lines allowed after function docstring (found 1)
[0.620s] 2: ./vendor/googletest/googletest/test/gtest_break_on_failure_unittest.py:200 in public method `testCatchExceptionsDoesNotInterfere`: D202: No blank lines allowed after function docstring (found 1)
[0.620s] 2: checking ./vendor/googletest/googletest/test/gtest_catch_exceptions_test.py
[0.621s] 2: ./vendor/googletest/googletest/test/gtest_catch_exceptions_test.py:31 at module level: D213: Multi-line docstring summary should start at the second line
[0.621s] 2: ./vendor/googletest/googletest/test/gtest_catch_exceptions_test.py:86 in public class `CatchSehExceptionsTest`: D204: 1 blank line required after class docstring (found 2)
[0.642s] 2: ./vendor/googletest/googletest/test/gtest_catch_exceptions_test.py:115 in public class `CatchCxxExceptionsTest`: D208: Docstring is over-indented
[0.642s] 2: ./vendor/googletest/googletest/test/gtest_catch_exceptions_test.py:115 in public class `CatchCxxExceptionsTest`: D213: Multi-line docstring summary should start at the second line
[0.642s] 2: checking ./vendor/googletest/googletest/test/gtest_color_test.py
[0.642s] 2: ./vendor/googletest/googletest/test/gtest_color_test.py:48 in public function `SetEnvVar`: D202: No blank lines allowed after function docstring (found 1)
[0.642s] 2: ./vendor/googletest/googletest/test/gtest_color_test.py:48 in public function `SetEnvVar`: D401: First line should be in imperative mood (perhaps 'Set', not 'Sets')
[0.642s] 2: ./vendor/googletest/googletest/test/gtest_color_test.py:57 in public function `UsesColor`: D202: No blank lines allowed after function docstring (found 1)
[0.642s] 2: ./vendor/googletest/googletest/test/gtest_color_test.py:57 in public function `UsesColor`: D401: First line should be in imperative mood (perhaps 'Run', not 'Runs')
[0.642s] 2: ./vendor/googletest/googletest/test/gtest_color_test.py:72 in public method `testNoEnvVarNoFlag`: D202: No blank lines allowed after function docstring (found 1)
[0.643s] 2: ./vendor/googletest/googletest/test/gtest_color_test.py:87 in public method `testFlagOnly`: D202: No blank lines allowed after function docstring (found 1)
[0.643s] 2: ./vendor/googletest/googletest/test/gtest_color_test.py:98 in public method `testEnvVarOnly`: D202: No blank lines allowed after function docstring (found 1)
[0.643s] 2: ./vendor/googletest/googletest/test/gtest_color_test.py:109 in public method `testEnvVarAndFlag`: D202: No blank lines allowed after function docstring (found 1)
[0.643s] 2: ./vendor/googletest/googletest/test/gtest_color_test.py:116 in public method `testAliasesOfYesAndNo`: D202: No blank lines allowed after function docstring (found 1)
[0.643s] 2: checking ./vendor/googletest/googletest/test/gtest_env_var_test.py
[0.643s] 2: ./vendor/googletest/googletest/test/gtest_env_var_test.py:56 in public function `SetEnvVar`: D202: No blank lines allowed after function docstring (found 1)
[0.643s] 2: ./vendor/googletest/googletest/test/gtest_env_var_test.py:56 in public function `SetEnvVar`: D401: First line should be in imperative mood (perhaps 'Set', not 'Sets')
[0.643s] 2: ./vendor/googletest/googletest/test/gtest_env_var_test.py:65 in public function `GetFlag`: D202: No blank lines allowed after function docstring (found 1)
[0.643s] 2: ./vendor/googletest/googletest/test/gtest_env_var_test.py:65 in public function `GetFlag`: D401: First line should be in imperative mood (perhaps 'Run', not 'Runs')
[0.643s] 2: ./vendor/googletest/googletest/test/gtest_env_var_test.py:74 in public function `TestFlag`: D202: No blank lines allowed after function docstring (found 1)
[0.643s] 2: ./vendor/googletest/googletest/test/gtest_env_var_test.py:74 in public function `TestFlag`: D401: First line should be in imperative mood (perhaps 'Verify', not 'Verifies')
[0.643s] 2: ./vendor/googletest/googletest/test/gtest_env_var_test.py:85 in public method `testEnvVarAffectsFlag`: D202: No blank lines allowed after function docstring (found 1)
[0.643s] 2: ./vendor/googletest/googletest/test/gtest_env_var_test.py:103 in public method `testXmlOutputFile`: D202: No blank lines allowed after function docstring (found 1)
[0.643s] 2: ./vendor/googletest/googletest/test/gtest_env_var_test.py:110 in public method `testXmlOutputFileOverride`: D202: No blank lines allowed after function docstring (found 1)
[0.643s] 2: ./vendor/googletest/googletest/test/gtest_env_var_test.py:110 in public method `testXmlOutputFileOverride`: D400: First line should end with a period (not 'T')
[0.644s] 2: ./vendor/googletest/googletest/test/gtest_env_var_test.py:110 in public method `testXmlOutputFileOverride`: D415: First line should end with a period, question mark, or exclamation point (not 'T')
[0.644s] 2: checking ./vendor/googletest/googletest/test/gtest_filter_unittest.py
[0.644s] 2: ./vendor/googletest/googletest/test/gtest_filter_unittest.py:31 at module level: D213: Multi-line docstring summary should start at the second line
[0.644s] 2: ./vendor/googletest/googletest/test/gtest_filter_unittest.py:173 in public function `SetEnvVar`: D202: No blank lines allowed after function docstring (found 1)
[0.644s] 2: ./vendor/googletest/googletest/test/gtest_filter_unittest.py:173 in public function `SetEnvVar`: D401: First line should be in imperative mood (perhaps 'Set', not 'Sets')
[0.644s] 2: ./vendor/googletest/googletest/test/gtest_filter_unittest.py:182 in public function `RunAndReturnOutput`: D202: No blank lines allowed after function docstring (found 1)
[0.644s] 2: ./vendor/googletest/googletest/test/gtest_filter_unittest.py:182 in public function `RunAndReturnOutput`: D401: First line should be in imperative mood (perhaps 'Run', not 'Runs')
[0.644s] 2: ./vendor/googletest/googletest/test/gtest_filter_unittest.py:189 in public function `RunAndExtractTestList`: D202: No blank lines allowed after function docstring (found 1)
[0.644s] 2: ./vendor/googletest/googletest/test/gtest_filter_unittest.py:189 in public function `RunAndExtractTestList`: D401: First line should be in imperative mood (perhaps 'Run', not 'Runs')
[0.644s] 2: ./vendor/googletest/googletest/test/gtest_filter_unittest.py:208 in public function `InvokeWithModifiedEnv`: D401: First line should be in imperative mood (perhaps 'Run', not 'Runs')
[0.644s] 2: ./vendor/googletest/googletest/test/gtest_filter_unittest.py:219 in public function `RunWithSharding`: D202: No blank lines allowed after function docstring (found 1)
[0.644s] 2: ./vendor/googletest/googletest/test/gtest_filter_unittest.py:219 in public function `RunWithSharding`: D401: First line should be in imperative mood (perhaps 'Run', not 'Runs')
[0.644s] 2: ./vendor/googletest/googletest/test/gtest_filter_unittest.py:234 in public method `AssertSetEqual`: D202: No blank lines allowed after function docstring (found 1)
[0.644s] 2: ./vendor/googletest/googletest/test/gtest_filter_unittest.py:234 in public method `AssertSetEqual`: D401: First line should be in imperative mood (perhaps 'Assert', not 'Asserts')
[0.644s] 2: ./vendor/googletest/googletest/test/gtest_filter_unittest.py:243 in public method `AssertPartitionIsValid`: D202: No blank lines allowed after function docstring (found 1)
[0.644s] 2: ./vendor/googletest/googletest/test/gtest_filter_unittest.py:243 in public method `AssertPartitionIsValid`: D401: First line should be in imperative mood (perhaps 'Assert', not 'Asserts')
[0.645s] 2: ./vendor/googletest/googletest/test/gtest_filter_unittest.py:252 in public method `AdjustForParameterizedTests`: D202: No blank lines allowed after function docstring (found 1)
[0.645s] 2: ./vendor/googletest/googletest/test/gtest_filter_unittest.py:261 in public method `RunAndVerify`: D202: No blank lines allowed after function docstring (found 1)
[0.645s] 2: ./vendor/googletest/googletest/test/gtest_filter_unittest.py:261 in public method `RunAndVerify`: D401: First line should be in imperative mood (perhaps 'Check', not 'Checks')
[0.645s] 2: ./vendor/googletest/googletest/test/gtest_filter_unittest.py:292 in public method `RunAndVerifyWithSharding`: D202: No blank lines allowed after function docstring (found 1)
[0.645s] 2: ./vendor/googletest/googletest/test/gtest_filter_unittest.py:292 in public method `RunAndVerifyWithSharding`: D213: Multi-line docstring summary should start at the second line
[0.645s] 2: ./vendor/googletest/googletest/test/gtest_filter_unittest.py:292 in public method `RunAndVerifyWithSharding`: D401: First line should be in imperative mood (perhaps 'Check', not 'Checks')
[0.645s] 2: ./vendor/googletest/googletest/test/gtest_filter_unittest.py:292 in public method `RunAndVerifyWithSharding`: D413: Missing blank line after last section ('Args')
[0.645s] 2: ./vendor/googletest/googletest/test/gtest_filter_unittest.py:292 in public method `RunAndVerifyWithSharding`: D407: Missing dashed underline after section ('Args')
[0.645s] 2: ./vendor/googletest/googletest/test/gtest_filter_unittest.py:329 in public method `RunAndVerifyAllowingDisabled`: D202: No blank lines allowed after function docstring (found 1)
[0.645s] 2: ./vendor/googletest/googletest/test/gtest_filter_unittest.py:329 in public method `RunAndVerifyAllowingDisabled`: D213: Multi-line docstring summary should start at the second line
[0.645s] 2: ./vendor/googletest/googletest/test/gtest_filter_unittest.py:329 in public method `RunAndVerifyAllowingDisabled`: D401: First line should be in imperative mood (perhaps 'Check', not 'Checks')
[0.649s] 2: ./vendor/googletest/googletest/test/gtest_filter_unittest.py:329 in public method `RunAndVerifyAllowingDisabled`: D413: Missing blank line after last section ('Args')
[0.649s] 2: ./vendor/googletest/googletest/test/gtest_filter_unittest.py:329 in public method `RunAndVerifyAllowingDisabled`: D407: Missing dashed underline after section ('Args')
[0.649s] 2: ./vendor/googletest/googletest/test/gtest_filter_unittest.py:350 in public method `setUp`: D202: No blank lines allowed after function docstring (found 1)
[0.649s] 2: ./vendor/googletest/googletest/test/gtest_filter_unittest.py:350 in public method `setUp`: D213: Multi-line docstring summary should start at the second line
[0.649s] 2: ./vendor/googletest/googletest/test/gtest_filter_unittest.py:350 in public method `setUp`: D401: First line should be in imperative mood (perhaps 'Set', not 'Sets')
[0.649s] 2: ./vendor/googletest/googletest/test/gtest_filter_unittest.py:362 in public method `testDefaultBehavior`: D202: No blank lines allowed after function docstring (found 1)
[0.649s] 2: ./vendor/googletest/googletest/test/gtest_filter_unittest.py:367 in public method `testDefaultBehaviorWithShards`: D202: No blank lines allowed after function docstring (found 1)
[0.650s] 2: ./vendor/googletest/googletest/test/gtest_filter_unittest.py:376 in public method `testEmptyFilter`: D202: No blank lines allowed after function docstring (found 1)
[0.650s] 2: ./vendor/googletest/googletest/test/gtest_filter_unittest.py:383 in public method `testBadFilter`: D202: No blank lines allowed after function docstring (found 1)
[0.650s] 2: ./vendor/googletest/googletest/test/gtest_filter_unittest.py:389 in public method `testFullName`: D202: No blank lines allowed after function docstring (found 1)
[0.650s] 2: ./vendor/googletest/googletest/test/gtest_filter_unittest.py:396 in public method `testUniversalFilters`: D202: No blank lines allowed after function docstring (found 1)
[0.650s] 2: ./vendor/googletest/googletest/test/gtest_filter_unittest.py:405 in public method `testFilterByTestCase`: D202: No blank lines allowed after function docstring (found 1)
[0.650s] 2: ./vendor/googletest/googletest/test/gtest_filter_unittest.py:415 in public method `testFilterByTest`: D202: No blank lines allowed after function docstring (found 1)
[0.650s] 2: ./vendor/googletest/googletest/test/gtest_filter_unittest.py:420 in public method `testFilterDisabledTests`: D202: No blank lines allowed after function docstring (found 1)
[0.650s] 2: ./vendor/googletest/googletest/test/gtest_filter_unittest.py:445 in public method `testWildcardInTestCaseName`: D202: No blank lines allowed after function docstring (found 1)
[0.650s] 2: ./vendor/googletest/googletest/test/gtest_filter_unittest.py:457 in public method `testWildcardInTestName`: D202: No blank lines allowed after function docstring (found 1)
[0.650s] 2: ./vendor/googletest/googletest/test/gtest_filter_unittest.py:462 in public method `testFilterWithoutDot`: D202: No blank lines allowed after function docstring (found 1)
[0.650s] 2: ./vendor/googletest/googletest/test/gtest_filter_unittest.py:473 in public method `testTwoPatterns`: D202: No blank lines allowed after function docstring (found 1)
[0.650s] 2: ./vendor/googletest/googletest/test/gtest_filter_unittest.py:486 in public method `testThreePatterns`: D202: No blank lines allowed after function docstring (found 1)
[0.650s] 2: ./vendor/googletest/googletest/test/gtest_filter_unittest.py:567 in public method `testFlagOverridesEnvVar`: D202: No blank lines allowed after function docstring (found 1)
[0.650s] 2: ./vendor/googletest/googletest/test/gtest_filter_unittest.py:577 in public method `testShardStatusFileIsCreated`: D202: No blank lines allowed after function docstring (found 1)
[0.650s] 2: ./vendor/googletest/googletest/test/gtest_filter_unittest.py:591 in public method `testShardStatusFileIsCreatedWithListTests`: D202: No blank lines allowed after function docstring (found 1)
[0.650s] 2: ./vendor/googletest/googletest/test/gtest_filter_unittest.py:615 in public method `testShardingWorksWithDeathTests`: D202: No blank lines allowed after function docstring (found 1)
[0.651s] 2: checking ./vendor/googletest/googletest/test/gtest_help_test.py
[0.651s] 2: ./vendor/googletest/googletest/test/gtest_help_test.py:32 at module level: D213: Multi-line docstring summary should start at the second line
[0.651s] 2: ./vendor/googletest/googletest/test/gtest_help_test.py:82 in public function `RunWithFlag`: D202: No blank lines allowed after function docstring (found 1)
[0.651s] 2: ./vendor/googletest/googletest/test/gtest_help_test.py:82 in public function `RunWithFlag`: D213: Multi-line docstring summary should start at the second line
[0.651s] 2: ./vendor/googletest/googletest/test/gtest_help_test.py:82 in public function `RunWithFlag`: D401: First line should be in imperative mood (perhaps 'Run', not 'Runs')
[0.651s] 2: ./vendor/googletest/googletest/test/gtest_help_test.py:82 in public function `RunWithFlag`: D413: Missing blank line after last section ('Returns')
[0.651s] 2: ./vendor/googletest/googletest/test/gtest_help_test.py:82 in public function `RunWithFlag`: D407: Missing dashed underline after section ('Returns')
[0.651s] 2: ./vendor/googletest/googletest/test/gtest_help_test.py:82 in public function `RunWithFlag`: D406: Section name should end with a newline ('Returns', not 'Returns:')
[0.651s] 2: ./vendor/googletest/googletest/test/gtest_help_test.py:102 in public method `TestHelpFlag`: D202: No blank lines allowed after function docstring (found 1)
[0.651s] 2: ./vendor/googletest/googletest/test/gtest_help_test.py:102 in public method `TestHelpFlag`: D213: Multi-line docstring summary should start at the second line
[0.651s] 2: ./vendor/googletest/googletest/test/gtest_help_test.py:102 in public method `TestHelpFlag`: D401: First line should be in imperative mood (perhaps 'Verify', not 'Verifies')
[0.651s] 2: ./vendor/googletest/googletest/test/gtest_help_test.py:102 in public method `TestHelpFlag`: D413: Missing blank line after last section ('Args')
[0.651s] 2: ./vendor/googletest/googletest/test/gtest_help_test.py:102 in public method `TestHelpFlag`: D407: Missing dashed underline after section ('Args')
[0.651s] 2: ./vendor/googletest/googletest/test/gtest_help_test.py:126 in public method `TestNonHelpFlag`: D202: No blank lines allowed after function docstring (found 1)
[0.651s] 2: ./vendor/googletest/googletest/test/gtest_help_test.py:126 in public method `TestNonHelpFlag`: D213: Multi-line docstring summary should start at the second line
[0.651s] 2: ./vendor/googletest/googletest/test/gtest_help_test.py:126 in public method `TestNonHelpFlag`: D401: First line should be in imperative mood (perhaps 'Verify', not 'Verifies')
[0.652s] 2: ./vendor/googletest/googletest/test/gtest_help_test.py:126 in public method `TestNonHelpFlag`: D413: Missing blank line after last section ('Args')
[0.652s] 2: ./vendor/googletest/googletest/test/gtest_help_test.py:126 in public method `TestNonHelpFlag`: D407: Missing dashed underline after section ('Args')
[0.652s] 2: ./vendor/googletest/googletest/test/gtest_help_test.py:159 in public method `testRunsTestsWithoutHelpFlag`: D202: No blank lines allowed after function docstring (found 1)
[0.652s] 2: ./vendor/googletest/googletest/test/gtest_help_test.py:159 in public method `testRunsTestsWithoutHelpFlag`: D205: 1 blank line required between summary line and description (found 0)
[0.652s] 2: ./vendor/googletest/googletest/test/gtest_help_test.py:159 in public method `testRunsTestsWithoutHelpFlag`: D209: Multi-line docstring closing quotes should be on a separate line
[0.652s] 2: ./vendor/googletest/googletest/test/gtest_help_test.py:159 in public method `testRunsTestsWithoutHelpFlag`: D213: Multi-line docstring summary should start at the second line
[0.652s] 2: ./vendor/googletest/googletest/test/gtest_help_test.py:159 in public method `testRunsTestsWithoutHelpFlag`: D400: First line should end with a period (not 'n')
[0.652s] 2: ./vendor/googletest/googletest/test/gtest_help_test.py:159 in public method `testRunsTestsWithoutHelpFlag`: D415: First line should end with a period, question mark, or exclamation point (not 'n')
[0.652s] 2: ./vendor/googletest/googletest/test/gtest_help_test.py:165 in public method `testRunsTestsWithGtestInternalFlag`: D202: No blank lines allowed after function docstring (found 1)
[0.652s] 2: ./vendor/googletest/googletest/test/gtest_help_test.py:165 in public method `testRunsTestsWithGtestInternalFlag`: D205: 1 blank line required between summary line and description (found 0)
[0.662s] 2: ./vendor/googletest/googletest/test/gtest_help_test.py:165 in public method `testRunsTestsWithGtestInternalFlag`: D209: Multi-line docstring closing quotes should be on a separate line
[0.663s] 2: ./vendor/googletest/googletest/test/gtest_help_test.py:165 in public method `testRunsTestsWithGtestInternalFlag`: D213: Multi-line docstring summary should start at the second line
[0.663s] 2: ./vendor/googletest/googletest/test/gtest_help_test.py:165 in public method `testRunsTestsWithGtestInternalFlag`: D400: First line should end with a period (not 'n')
[0.663s] 2: ./vendor/googletest/googletest/test/gtest_help_test.py:165 in public method `testRunsTestsWithGtestInternalFlag`: D415: First line should end with a period, question mark, or exclamation point (not 'n')
[0.663s] 2: checking ./vendor/googletest/googletest/test/gtest_list_tests_unittest.py
[0.663s] 2: ./vendor/googletest/googletest/test/gtest_list_tests_unittest.py:32 at module level: D213: Multi-line docstring summary should start at the second line
[0.663s] 2: ./vendor/googletest/googletest/test/gtest_list_tests_unittest.py:118 in public function `Run`: D202: No blank lines allowed after function docstring (found 1)
[0.663s] 2: ./vendor/googletest/googletest/test/gtest_list_tests_unittest.py:118 in public function `Run`: D401: First line should be in imperative mood (perhaps 'Run', not 'Runs')
[0.663s] 2: ./vendor/googletest/googletest/test/gtest_list_tests_unittest.py:130 in public method `RunAndVerify`: D202: No blank lines allowed after function docstring (found 1)
[0.663s] 2: ./vendor/googletest/googletest/test/gtest_list_tests_unittest.py:130 in public method `RunAndVerify`: D205: 1 blank line required between summary line and description (found 0)
[0.663s] 2: ./vendor/googletest/googletest/test/gtest_list_tests_unittest.py:130 in public method `RunAndVerify`: D213: Multi-line docstring summary should start at the second line
[0.663s] 2: ./vendor/googletest/googletest/test/gtest_list_tests_unittest.py:130 in public method `RunAndVerify`: D400: First line should end with a period (not 's')
[0.663s] 2: ./vendor/googletest/googletest/test/gtest_list_tests_unittest.py:130 in public method `RunAndVerify`: D415: First line should end with a period, question mark, or exclamation point (not 's')
[0.663s] 2: ./vendor/googletest/googletest/test/gtest_list_tests_unittest.py:130 in public method `RunAndVerify`: D401: First line should be in imperative mood (perhaps 'Run', not 'Runs')
[0.663s] 2: ./vendor/googletest/googletest/test/gtest_list_tests_unittest.py:130 in public method `RunAndVerify`: D413: Missing blank line after last section ('Args')
[0.663s] 2: ./vendor/googletest/googletest/test/gtest_list_tests_unittest.py:130 in public method `RunAndVerify`: D407: Missing dashed underline after section ('Args')
[0.663s] 2: ./vendor/googletest/googletest/test/gtest_list_tests_unittest.py:174 in public method `testDefaultBehavior`: D202: No blank lines allowed after function docstring (found 1)
[0.664s] 2: ./vendor/googletest/googletest/test/gtest_list_tests_unittest.py:181 in public method `testFlag`: D202: No blank lines allowed after function docstring (found 1)
[0.664s] 2: ./vendor/googletest/googletest/test/gtest_list_tests_unittest.py:191 in public method `testOverrideNonFilterFlags`: D202: No blank lines allowed after function docstring (found 1)
[0.664s] 2: ./vendor/googletest/googletest/test/gtest_list_tests_unittest.py:198 in public method `testWithFilterFlags`: D202: No blank lines allowed after function docstring (found 1)
[0.664s] 2: ./vendor/googletest/googletest/test/gtest_list_tests_unittest.py:198 in public method `testWithFilterFlags`: D205: 1 blank line required between summary line and description (found 0)
[0.664s] 2: ./vendor/googletest/googletest/test/gtest_list_tests_unittest.py:198 in public method `testWithFilterFlags`: D209: Multi-line docstring closing quotes should be on a separate line
[0.664s] 2: ./vendor/googletest/googletest/test/gtest_list_tests_unittest.py:198 in public method `testWithFilterFlags`: D213: Multi-line docstring summary should start at the second line
[0.664s] 2: ./vendor/googletest/googletest/test/gtest_list_tests_unittest.py:198 in public method `testWithFilterFlags`: D400: First line should end with a period (not 'e')
[0.664s] 2: ./vendor/googletest/googletest/test/gtest_list_tests_unittest.py:198 in public method `testWithFilterFlags`: D415: First line should end with a period, question mark, or exclamation point (not 'e')
[0.664s] 2: checking ./vendor/googletest/googletest/test/gtest_output_test.py
[0.664s] 2: ./vendor/googletest/googletest/test/gtest_output_test.py:32 at module level: D213: Multi-line docstring summary should start at the second line
[0.664s] 2: ./vendor/googletest/googletest/test/gtest_output_test.py:84 in public function `ToUnixLineEnding`: D202: No blank lines allowed after function docstring (found 1)
[0.664s] 2: ./vendor/googletest/googletest/test/gtest_output_test.py:84 in public function `ToUnixLineEnding`: D401: First line should be in imperative mood (perhaps 'Change', not 'Changes')
[0.664s] 2: ./vendor/googletest/googletest/test/gtest_output_test.py:90 in public function `RemoveLocations`: D202: No blank lines allowed after function docstring (found 1)
[0.664s] 2: ./vendor/googletest/googletest/test/gtest_output_test.py:90 in public function `RemoveLocations`: D213: Multi-line docstring summary should start at the second line
[0.664s] 2: ./vendor/googletest/googletest/test/gtest_output_test.py:90 in public function `RemoveLocations`: D301: Use r""" if any backslashes in a docstring
[0.664s] 2: ./vendor/googletest/googletest/test/gtest_output_test.py:90 in public function `RemoveLocations`: D401: First line should be in imperative mood (perhaps 'Remove', not 'Removes')
[0.665s] 2: ./vendor/googletest/googletest/test/gtest_output_test.py:90 in public function `RemoveLocations`: D413: Missing blank line after last section ('Returns')
[0.665s] 2: ./vendor/googletest/googletest/test/gtest_output_test.py:90 in public function `RemoveLocations`: D407: Missing dashed underline after section ('Returns')
[0.665s] 2: ./vendor/googletest/googletest/test/gtest_output_test.py:90 in public function `RemoveLocations`: D406: Section name should end with a newline ('Returns', not 'Returns:')
[0.665s] 2: ./vendor/googletest/googletest/test/gtest_output_test.py:106 in public function `RemoveStackTraceDetails`: D202: No blank lines allowed after function docstring (found 1)
[0.665s] 2: ./vendor/googletest/googletest/test/gtest_output_test.py:106 in public function `RemoveStackTraceDetails`: D401: First line should be in imperative mood (perhaps 'Remove', not 'Removes')
[0.665s] 2: ./vendor/googletest/googletest/test/gtest_output_test.py:114 in public function `RemoveStackTraces`: D202: No blank lines allowed after function docstring (found 1)
[0.665s] 2: ./vendor/googletest/googletest/test/gtest_output_test.py:114 in public function `RemoveStackTraces`: D401: First line should be in imperative mood (perhaps 'Remove', not 'Removes')
[0.665s] 2: ./vendor/googletest/googletest/test/gtest_output_test.py:121 in public function `RemoveTime`: D202: No blank lines allowed after function docstring (found 1)
[0.665s] 2: ./vendor/googletest/googletest/test/gtest_output_test.py:121 in public function `RemoveTime`: D401: First line should be in imperative mood (perhaps 'Remove', not 'Removes')
[0.665s] 2: ./vendor/googletest/googletest/test/gtest_output_test.py:127 in public function `RemoveTypeInfoDetails`: D202: No blank lines allowed after function docstring (found 1)
[0.665s] 2: ./vendor/googletest/googletest/test/gtest_output_test.py:127 in public function `RemoveTypeInfoDetails`: D213: Multi-line docstring summary should start at the second line
[0.665s] 2: ./vendor/googletest/googletest/test/gtest_output_test.py:127 in public function `RemoveTypeInfoDetails`: D401: First line should be in imperative mood (perhaps 'Remove', not 'Removes')
[0.665s] 2: ./vendor/googletest/googletest/test/gtest_output_test.py:127 in public function `RemoveTypeInfoDetails`: D413: Missing blank line after last section ('Returns')
[0.665s] 2: ./vendor/googletest/googletest/test/gtest_output_test.py:127 in public function `RemoveTypeInfoDetails`: D407: Missing dashed underline after section ('Returns')
[0.665s] 2: ./vendor/googletest/googletest/test/gtest_output_test.py:127 in public function `RemoveTypeInfoDetails`: D406: Section name should end with a newline ('Returns', not 'Returns:')
[0.665s] 2: ./vendor/googletest/googletest/test/gtest_output_test.py:141 in public function `NormalizeToCurrentPlatform`: D202: No blank lines allowed after function docstring (found 1)
[0.681s] 2: ./vendor/googletest/googletest/test/gtest_output_test.py:141 in public function `NormalizeToCurrentPlatform`: D401: First line should be in imperative mood (perhaps 'Normalize', not 'Normalizes')
[0.681s] 2: ./vendor/googletest/googletest/test/gtest_output_test.py:155 in public function `RemoveTestCounts`: D202: No blank lines allowed after function docstring (found 1)
[0.681s] 2: ./vendor/googletest/googletest/test/gtest_output_test.py:155 in public function `RemoveTestCounts`: D401: First line should be in imperative mood (perhaps 'Remove', not 'Removes')
[0.681s] 2: ./vendor/googletest/googletest/test/gtest_output_test.py:169 in public function `RemoveMatchingTests`: D202: No blank lines allowed after function docstring (found 1)
[0.681s] 2: ./vendor/googletest/googletest/test/gtest_output_test.py:169 in public function `RemoveMatchingTests`: D213: Multi-line docstring summary should start at the second line
[0.681s] 2: ./vendor/googletest/googletest/test/gtest_output_test.py:169 in public function `RemoveMatchingTests`: D401: First line should be in imperative mood (perhaps 'Remove', not 'Removes')
[0.682s] 2: ./vendor/googletest/googletest/test/gtest_output_test.py:169 in public function `RemoveMatchingTests`: D413: Missing blank line after last section ('Returns')
[0.682s] 2: ./vendor/googletest/googletest/test/gtest_output_test.py:169 in public function `RemoveMatchingTests`: D407: Missing dashed underline after section ('Returns')
[0.682s] 2: ./vendor/googletest/googletest/test/gtest_output_test.py:169 in public function `RemoveMatchingTests`: D406: Section name should end with a newline ('Returns', not 'Returns:')
[0.682s] 2: ./vendor/googletest/googletest/test/gtest_output_test.py:192 in public function `NormalizeOutput`: D202: No blank lines allowed after function docstring (found 1)
[0.682s] 2: ./vendor/googletest/googletest/test/gtest_output_test.py:192 in public function `NormalizeOutput`: D401: First line should be in imperative mood (perhaps 'Normalize', not 'Normalizes')
[0.682s] 2: ./vendor/googletest/googletest/test/gtest_output_test.py:202 in public function `GetShellCommandOutput`: D202: No blank lines allowed after function docstring (found 1)
[0.682s] 2: ./vendor/googletest/googletest/test/gtest_output_test.py:202 in public function `GetShellCommandOutput`: D213: Multi-line docstring summary should start at the second line
[0.682s] 2: ./vendor/googletest/googletest/test/gtest_output_test.py:202 in public function `GetShellCommandOutput`: D401: First line should be in imperative mood (perhaps 'Run', not 'Runs')
[0.682s] 2: ./vendor/googletest/googletest/test/gtest_output_test.py:202 in public function `GetShellCommandOutput`: D413: Missing blank line after last section ('Returns')
[0.682s] 2: ./vendor/googletest/googletest/test/gtest_output_test.py:202 in public function `GetShellCommandOutput`: D407: Missing dashed underline after section ('Returns')
[0.682s] 2: ./vendor/googletest/googletest/test/gtest_output_test.py:202 in public function `GetShellCommandOutput`: D406: Section name should end with a newline ('Returns', not 'Returns:')
[0.682s] 2: ./vendor/googletest/googletest/test/gtest_output_test.py:223 in public function `GetCommandOutput`: D202: No blank lines allowed after function docstring (found 1)
[0.682s] 2: ./vendor/googletest/googletest/test/gtest_output_test.py:223 in public function `GetCommandOutput`: D205: 1 blank line required between summary line and description (found 0)
[0.682s] 2: ./vendor/googletest/googletest/test/gtest_output_test.py:223 in public function `GetCommandOutput`: D213: Multi-line docstring summary should start at the second line
[0.682s] 2: ./vendor/googletest/googletest/test/gtest_output_test.py:223 in public function `GetCommandOutput`: D400: First line should end with a period (not 'n')
[0.682s] 2: ./vendor/googletest/googletest/test/gtest_output_test.py:223 in public function `GetCommandOutput`: D415: First line should end with a period, question mark, or exclamation point (not 'n')
[0.683s] 2: ./vendor/googletest/googletest/test/gtest_output_test.py:223 in public function `GetCommandOutput`: D401: First line should be in imperative mood (perhaps 'Run', not 'Runs')
[0.683s] 2: ./vendor/googletest/googletest/test/gtest_output_test.py:223 in public function `GetCommandOutput`: D413: Missing blank line after last section ('Args')
[0.683s] 2: ./vendor/googletest/googletest/test/gtest_output_test.py:223 in public function `GetCommandOutput`: D407: Missing dashed underline after section ('Args')
[0.683s] 2: ./vendor/googletest/googletest/test/gtest_output_test.py:240 in public function `GetOutputOfAllCommands`: D202: No blank lines allowed after function docstring (found 1)
[0.683s] 2: ./vendor/googletest/googletest/test/gtest_output_test.py:240 in public function `GetOutputOfAllCommands`: D401: First line should be in imperative mood (perhaps 'Return', not 'Returns')
[0.683s] 2: checking ./vendor/googletest/googletest/test/gtest_shuffle_test.py
[0.683s] 2: ./vendor/googletest/googletest/test/gtest_shuffle_test.py:79 in public function `RunAndReturnOutput`: D202: No blank lines allowed after function docstring (found 1)
[0.683s] 2: ./vendor/googletest/googletest/test/gtest_shuffle_test.py:79 in public function `RunAndReturnOutput`: D401: First line should be in imperative mood (perhaps 'Run', not 'Runs')
[0.683s] 2: ./vendor/googletest/googletest/test/gtest_shuffle_test.py:88 in public function `GetTestsForAllIterations`: D202: No blank lines allowed after function docstring (found 1)
[0.683s] 2: ./vendor/googletest/googletest/test/gtest_shuffle_test.py:88 in public function `GetTestsForAllIterations`: D213: Multi-line docstring summary should start at the second line
[0.683s] 2: ./vendor/googletest/googletest/test/gtest_shuffle_test.py:88 in public function `GetTestsForAllIterations`: D401: First line should be in imperative mood (perhaps 'Run', not 'Runs')
[0.683s] 2: ./vendor/googletest/googletest/test/gtest_shuffle_test.py:88 in public function `GetTestsForAllIterations`: D413: Missing blank line after last section ('Returns')
[0.683s] 2: ./vendor/googletest/googletest/test/gtest_shuffle_test.py:88 in public function `GetTestsForAllIterations`: D407: Missing dashed underline after section ('Returns')
[0.683s] 2: ./vendor/googletest/googletest/test/gtest_shuffle_test.py:88 in public function `GetTestsForAllIterations`: D406: Section name should end with a newline ('Returns', not 'Returns:')
[0.683s] 2: ./vendor/googletest/googletest/test/gtest_shuffle_test.py:111 in public function `GetTestCases`: D202: No blank lines allowed after function docstring (found 1)
[0.683s] 2: ./vendor/googletest/googletest/test/gtest_shuffle_test.py:111 in public function `GetTestCases`: D213: Multi-line docstring summary should start at the second line
[0.684s] 2: ./vendor/googletest/googletest/test/gtest_shuffle_test.py:111 in public function `GetTestCases`: D401: First line should be in imperative mood (perhaps 'Return', not 'Returns')
[0.684s] 2: ./vendor/googletest/googletest/test/gtest_shuffle_test.py:111 in public function `GetTestCases`: D413: Missing blank line after last section ('Returns')
[0.684s] 2: ./vendor/googletest/googletest/test/gtest_shuffle_test.py:111 in public function `GetTestCases`: D407: Missing dashed underline after section ('Returns')
[0.684s] 2: ./vendor/googletest/googletest/test/gtest_shuffle_test.py:111 in public function `GetTestCases`: D406: Section name should end with a newline ('Returns', not 'Returns:')
[0.684s] 2: ./vendor/googletest/googletest/test/gtest_shuffle_test.py:131 in public function `CalculateTestLists`: D202: No blank lines allowed after function docstring (found 1)
[0.684s] 2: ./vendor/googletest/googletest/test/gtest_shuffle_test.py:131 in public function `CalculateTestLists`: D401: First line should be in imperative mood (perhaps 'Calculate', not 'Calculates')
[0.684s] 2: checking ./vendor/googletest/googletest/test/gtest_test_utils.py
[0.684s] 2: ./vendor/googletest/googletest/test/gtest_test_utils.py:66 in public function `SetEnvVar`: D202: No blank lines allowed after function docstring (found 1)
[0.684s] 2: ./vendor/googletest/googletest/test/gtest_test_utils.py:87 in private function `_ParseAndStripGTestFlags`: D202: No blank lines allowed after function docstring (found 1)
[0.684s] 2: ./vendor/googletest/googletest/test/gtest_test_utils.py:87 in private function `_ParseAndStripGTestFlags`: D401: First line should be in imperative mood (perhaps 'Parse', not 'Parses')
[0.684s] 2: ./vendor/googletest/googletest/test/gtest_test_utils.py:116 in public function `GetFlag`: D202: No blank lines allowed after function docstring (found 1)
[0.689s] 2: ./vendor/googletest/googletest/test/gtest_test_utils.py:116 in public function `GetFlag`: D401: First line should be in imperative mood (perhaps 'Return', not 'Returns')
[0.689s] 2: ./vendor/googletest/googletest/test/gtest_test_utils.py:127 in public function `GetSourceDir`: D202: No blank lines allowed after function docstring (found 1)
[0.690s] 2: ./vendor/googletest/googletest/test/gtest_test_utils.py:127 in public function `GetSourceDir`: D401: First line should be in imperative mood (perhaps 'Return', not 'Returns')
[0.690s] 2: ./vendor/googletest/googletest/test/gtest_test_utils.py:133 in public function `GetBuildDir`: D202: No blank lines allowed after function docstring (found 1)
[0.690s] 2: ./vendor/googletest/googletest/test/gtest_test_utils.py:133 in public function `GetBuildDir`: D401: First line should be in imperative mood (perhaps 'Return', not 'Returns')
[0.690s] 2: ./vendor/googletest/googletest/test/gtest_test_utils.py:148 in public function `GetTempDir`: D202: No blank lines allowed after function docstring (found 1)
[0.690s] 2: ./vendor/googletest/googletest/test/gtest_test_utils.py:148 in public function `GetTempDir`: D401: First line should be in imperative mood (perhaps 'Return', not 'Returns')
[0.690s] 2: ./vendor/googletest/googletest/test/gtest_test_utils.py:157 in public function `GetTestExecutablePath`: D202: No blank lines allowed after function docstring (found 1)
[0.690s] 2: ./vendor/googletest/googletest/test/gtest_test_utils.py:157 in public function `GetTestExecutablePath`: D213: Multi-line docstring summary should start at the second line
[0.690s] 2: ./vendor/googletest/googletest/test/gtest_test_utils.py:157 in public function `GetTestExecutablePath`: D401: First line should be in imperative mood (perhaps 'Return', not 'Returns')
[0.690s] 2: ./vendor/googletest/googletest/test/gtest_test_utils.py:157 in public function `GetTestExecutablePath`: D413: Missing blank line after last section ('Returns')
[0.690s] 2: ./vendor/googletest/googletest/test/gtest_test_utils.py:157 in public function `GetTestExecutablePath`: D407: Missing dashed underline after section ('Returns')
[0.690s] 2: ./vendor/googletest/googletest/test/gtest_test_utils.py:157 in public function `GetTestExecutablePath`: D406: Section name should end with a newline ('Returns', not 'Returns:')
[0.691s] 2: ./vendor/googletest/googletest/test/gtest_test_utils.py:188 in public function `GetExitStatus`: D202: No blank lines allowed after function docstring (found 1)
[0.691s] 2: ./vendor/googletest/googletest/test/gtest_test_utils.py:188 in public function `GetExitStatus`: D213: Multi-line docstring summary should start at the second line
[0.691s] 2: ./vendor/googletest/googletest/test/gtest_test_utils.py:188 in public function `GetExitStatus`: D401: First line should be in imperative mood (perhaps 'Return', not 'Returns')
[0.691s] 2: ./vendor/googletest/googletest/test/gtest_test_utils.py:188 in public function `GetExitStatus`: D413: Missing blank line after last section ('Args')
[0.691s] 2: ./vendor/googletest/googletest/test/gtest_test_utils.py:188 in public function `GetExitStatus`: D407: Missing dashed underline after section ('Args')
[0.691s] 2: ./vendor/googletest/googletest/test/gtest_test_utils.py:209 in public method `__init__`: D202: No blank lines allowed after function docstring (found 1)
[0.691s] 2: ./vendor/googletest/googletest/test/gtest_test_utils.py:209 in public method `__init__`: D213: Multi-line docstring summary should start at the second line
[0.691s] 2: ./vendor/googletest/googletest/test/gtest_test_utils.py:209 in public method `__init__`: D401: First line should be in imperative mood (perhaps 'Change', not 'Changes')
[0.691s] 2: ./vendor/googletest/googletest/test/gtest_test_utils.py:209 in public method `__init__`: D413: Missing blank line after last section ('Returns')
[0.691s] 2: ./vendor/googletest/googletest/test/gtest_test_utils.py:209 in public method `__init__`: D407: Missing dashed underline after section ('Returns')
[0.691s] 2: ./vendor/googletest/googletest/test/gtest_test_utils.py:209 in public method `__init__`: D406: Section name should end with a newline ('Returns', not 'Returns:')
[0.691s] 2: ./vendor/googletest/googletest/test/gtest_test_utils.py:307 in public function `Main`: D202: No blank lines allowed after function docstring (found 1)
[0.691s] 2: ./vendor/googletest/googletest/test/gtest_test_utils.py:307 in public function `Main`: D401: First line should be in imperative mood (perhaps 'Run', not 'Runs')
[0.691s] 2: checking ./vendor/googletest/googletest/test/gtest_throw_on_failure_test.py
[0.692s] 2: ./vendor/googletest/googletest/test/gtest_throw_on_failure_test.py:32 at module level: D213: Multi-line docstring summary should start at the second line
[0.692s] 2: ./vendor/googletest/googletest/test/gtest_throw_on_failure_test.py:59 in public function `SetEnvVar`: D202: No blank lines allowed after function docstring (found 1)
[0.692s] 2: ./vendor/googletest/googletest/test/gtest_throw_on_failure_test.py:59 in public function `SetEnvVar`: D205: 1 blank line required between summary line and description (found 0)
[0.692s] 2: ./vendor/googletest/googletest/test/gtest_throw_on_failure_test.py:59 in public function `SetEnvVar`: D213: Multi-line docstring summary should start at the second line
[0.692s] 2: ./vendor/googletest/googletest/test/gtest_throw_on_failure_test.py:59 in public function `SetEnvVar`: D400: First line should end with a period (not 'e')
[0.692s] 2: ./vendor/googletest/googletest/test/gtest_throw_on_failure_test.py:59 in public function `SetEnvVar`: D415: First line should end with a period, question mark, or exclamation point (not 'e')
[0.692s] 2: ./vendor/googletest/googletest/test/gtest_throw_on_failure_test.py:59 in public function `SetEnvVar`: D401: First line should be in imperative mood (perhaps 'Set', not 'Sets')
[0.692s] 2: ./vendor/googletest/googletest/test/gtest_throw_on_failure_test.py:71 in public function `Run`: D202: No blank lines allowed after function docstring (found 1)
[0.692s] 2: ./vendor/googletest/googletest/test/gtest_throw_on_failure_test.py:71 in public function `Run`: D401: First line should be in imperative mood (perhaps 'Run', not 'Runs')
[0.692s] 2: ./vendor/googletest/googletest/test/gtest_throw_on_failure_test.py:84 in public method `RunAndVerify`: D202: No blank lines allowed after function docstring (found 1)
[0.692s] 2: ./vendor/googletest/googletest/test/gtest_throw_on_failure_test.py:84 in public method `RunAndVerify`: D205: 1 blank line required between summary line and description (found 0)
[0.692s] 2: ./vendor/googletest/googletest/test/gtest_throw_on_failure_test.py:84 in public method `RunAndVerify`: D213: Multi-line docstring summary should start at the second line
[0.692s] 2: ./vendor/googletest/googletest/test/gtest_throw_on_failure_test.py:84 in public method `RunAndVerify`: D400: First line should end with a period (not 's')
[0.692s] 2: ./vendor/googletest/googletest/test/gtest_throw_on_failure_test.py:84 in public method `RunAndVerify`: D415: First line should end with a period, question mark, or exclamation point (not 's')
[0.692s] 2: ./vendor/googletest/googletest/test/gtest_throw_on_failure_test.py:84 in public method `RunAndVerify`: D401: First line should be in imperative mood (perhaps 'Run', not 'Runs')
[0.692s] 2: ./vendor/googletest/googletest/test/gtest_throw_on_failure_test.py:84 in public method `RunAndVerify`: D413: Missing blank line after last section ('Args')
[0.692s] 2: ./vendor/googletest/googletest/test/gtest_throw_on_failure_test.py:84 in public method `RunAndVerify`: D407: Missing dashed underline after section ('Args')
[0.693s] 2: ./vendor/googletest/googletest/test/gtest_throw_on_failure_test.py:129 in public method `testDefaultBehavior`: D202: No blank lines allowed after function docstring (found 1)
[0.693s] 2: ./vendor/googletest/googletest/test/gtest_throw_on_failure_test.py:134 in public method `testThrowOnFailureEnvVar`: D202: No blank lines allowed after function docstring (found 1)
[0.693s] 2: ./vendor/googletest/googletest/test/gtest_throw_on_failure_test.py:144 in public method `testThrowOnFailureFlag`: D202: No blank lines allowed after function docstring (found 1)
[0.693s] 2: ./vendor/googletest/googletest/test/gtest_throw_on_failure_test.py:154 in public method `testThrowOnFailureFlagOverridesEnvVar`: D202: No blank lines allowed after function docstring (found 1)
[0.693s] 2: checking ./vendor/googletest/googletest/test/gtest_uninitialized_test.py
[0.693s] 2: ./vendor/googletest/googletest/test/gtest_uninitialized_test.py:55 in public function `TestExitCodeAndOutput`: D202: No blank lines allowed after function docstring (found 1)
[0.706s] 2: Error in file ./vendor/googletest/googletest/xcode/Scripts/versiongenerate.py: Cannot parse file.
[0.707s] 2: ./vendor/googletest/googletest/test/gtest_uninitialized_test.py:55 in public function `TestExitCodeAndOutput`: D401: First line should be in imperative mood (perhaps 'Run', not 'Runs')
[0.707s] 2: checking ./vendor/googletest/googletest/test/gtest_xml_outfiles_test.py
[0.707s] 2: checking ./vendor/googletest/googletest/test/gtest_xml_output_unittest.py
[0.707s] 2: ./vendor/googletest/googletest/test/gtest_xml_output_unittest.py:32 at module level: D400: First line should end with a period (not 'e')
[0.707s] 2: ./vendor/googletest/googletest/test/gtest_xml_output_unittest.py:32 at module level: D415: First line should end with a period, question mark, or exclamation point (not 'e')
[0.707s] 2: ./vendor/googletest/googletest/test/gtest_xml_output_unittest.py:153 in public class `GTestXMLOutputUnitTest`: D200: One-line docstring should fit on one line with quotes (found 3)
[0.707s] 2: ./vendor/googletest/googletest/test/gtest_xml_output_unittest.py:161 in public method `testNonEmptyXmlOutput`: D205: 1 blank line required between summary line and description (found 0)
[0.707s] 2: ./vendor/googletest/googletest/test/gtest_xml_output_unittest.py:161 in public method `testNonEmptyXmlOutput`: D400: First line should end with a period (not 'd')
[0.707s] 2: ./vendor/googletest/googletest/test/gtest_xml_output_unittest.py:161 in public method `testNonEmptyXmlOutput`: D415: First line should end with a period, question mark, or exclamation point (not 'd')
[0.707s] 2: ./vendor/googletest/googletest/test/gtest_xml_output_unittest.py:168 in public method `testEmptyXmlOutput`: D202: No blank lines allowed after function docstring (found 1)
[0.707s] 2: ./vendor/googletest/googletest/test/gtest_xml_output_unittest.py:168 in public method `testEmptyXmlOutput`: D213: Multi-line docstring summary should start at the second line
[0.707s] 2: ./vendor/googletest/googletest/test/gtest_xml_output_unittest.py:177 in public method `testTimestampValue`: D213: Multi-line docstring summary should start at the second line
[0.707s] 2: ./vendor/googletest/googletest/test/gtest_xml_output_unittest.py:202 in public method `testDefaultOutputFile`: D205: 1 blank line required between summary line and description (found 0)
[0.708s] 2: ./vendor/googletest/googletest/test/gtest_xml_output_unittest.py:202 in public method `testDefaultOutputFile`: D400: First line should end with a period (not 'd')
[0.708s] 2: ./vendor/googletest/googletest/test/gtest_xml_output_unittest.py:202 in public method `testDefaultOutputFile`: D415: First line should end with a period, question mark, or exclamation point (not 'd')
[0.708s] 2: ./vendor/googletest/googletest/test/gtest_xml_output_unittest.py:225 in public method `testSuppressedXmlOutput`: D202: No blank lines allowed after function docstring (found 1)
[0.708s] 2: ./vendor/googletest/googletest/test/gtest_xml_output_unittest.py:225 in public method `testSuppressedXmlOutput`: D205: 1 blank line required between summary line and description (found 0)
[0.708s] 2: ./vendor/googletest/googletest/test/gtest_xml_output_unittest.py:225 in public method `testSuppressedXmlOutput`: D400: First line should end with a period (not 's')
[0.708s] 2: ./vendor/googletest/googletest/test/gtest_xml_output_unittest.py:225 in public method `testSuppressedXmlOutput`: D415: First line should end with a period, question mark, or exclamation point (not 's')
[0.708s] 2: ./vendor/googletest/googletest/test/gtest_xml_output_unittest.py:254 in public method `testFilteredTestXmlOutput`: D202: No blank lines allowed after function docstring (found 1)
[0.708s] 2: ./vendor/googletest/googletest/test/gtest_xml_output_unittest.py:254 in public method `testFilteredTestXmlOutput`: D213: Multi-line docstring summary should start at the second line
[0.708s] 2: ./vendor/googletest/googletest/test/gtest_xml_output_unittest.py:264 in private method `_GetXmlOutput`: D205: 1 blank line required between summary line and description (found 0)
[0.708s] 2: ./vendor/googletest/googletest/test/gtest_xml_output_unittest.py:264 in private method `_GetXmlOutput`: D401: First line should be in imperative mood (perhaps 'Return', not 'Returns')
[0.708s] 2: ./vendor/googletest/googletest/test/gtest_xml_output_unittest.py:289 in private method `_TestXmlOutput`: D202: No blank lines allowed after function docstring (found 1)
[0.708s] 2: ./vendor/googletest/googletest/test/gtest_xml_output_unittest.py:289 in private method `_TestXmlOutput`: D205: 1 blank line required between summary line and description (found 0)
[0.708s] 2: ./vendor/googletest/googletest/test/gtest_xml_output_unittest.py:289 in private method `_TestXmlOutput`: D400: First line should end with a period (not 'm')
[0.708s] 2: ./vendor/googletest/googletest/test/gtest_xml_output_unittest.py:289 in private method `_TestXmlOutput`: D415: First line should end with a period, question mark, or exclamation point (not 'm')
[0.708s] 2: ./vendor/googletest/googletest/test/gtest_xml_output_unittest.py:289 in private method `_TestXmlOutput`: D401: First line should be in imperative mood (perhaps 'Assert', not 'Asserts')
[0.708s] 2: checking ./vendor/googletest/googletest/test/gtest_xml_test_utils.py
[0.708s] 2: ./vendor/googletest/googletest/test/gtest_xml_test_utils.py:32 at module level: D400: First line should end with a period (not 't')
[0.709s] 2: ./vendor/googletest/googletest/test/gtest_xml_test_utils.py:32 at module level: D415: First line should end with a period, question mark, or exclamation point (not 't')
[0.709s] 2: ./vendor/googletest/googletest/test/gtest_xml_test_utils.py:46 in public class `GTestXMLTestCase`: D200: One-line docstring should fit on one line with quotes (found 3)
[0.709s] 2: ./vendor/googletest/googletest/test/gtest_xml_test_utils.py:46 in public class `GTestXMLTestCase`: D204: 1 blank line required after class docstring (found 2)
[0.709s] 2: ./vendor/googletest/googletest/test/gtest_xml_test_utils.py:52 in public method `AssertEquivalentNodes`: D202: No blank lines allowed after function docstring (found 1)
[0.709s] 2: ./vendor/googletest/googletest/test/gtest_xml_test_utils.py:52 in public method `AssertEquivalentNodes`: D205: 1 blank line required between summary line and description (found 0)
[0.709s] 2: ./vendor/googletest/googletest/test/gtest_xml_test_utils.py:52 in public method `AssertEquivalentNodes`: D400: First line should end with a period (not 'o')
[0.709s] 2: ./vendor/googletest/googletest/test/gtest_xml_test_utils.py:52 in public method `AssertEquivalentNodes`: D415: First line should end with a period, question mark, or exclamation point (not 'o')
[0.709s] 2: ./vendor/googletest/googletest/test/gtest_xml_test_utils.py:52 in public method `AssertEquivalentNodes`: D401: First line should be in imperative mood (perhaps 'Assert', not 'Asserts')
[0.709s] 2: ./vendor/googletest/googletest/test/gtest_xml_test_utils.py:118 in private method `_GetChildren`: D202: No blank lines allowed after function docstring (found 1)
[0.709s] 2: ./vendor/googletest/googletest/test/gtest_xml_test_utils.py:118 in private method `_GetChildren`: D205: 1 blank line required between summary line and description (found 0)
[0.709s] 2: ./vendor/googletest/googletest/test/gtest_xml_test_utils.py:118 in private method `_GetChildren`: D401: First line should be in imperative mood (perhaps 'Fetch', not 'Fetches')
[0.709s] 2: ./vendor/googletest/googletest/test/gtest_xml_test_utils.py:151 in public method `NormalizeXml`: D202: No blank lines allowed after function docstring (found 1)
[0.709s] 2: ./vendor/googletest/googletest/test/gtest_xml_test_utils.py:151 in public method `NormalizeXml`: D205: 1 blank line required between summary line and description (found 0)
[0.709s] 2: ./vendor/googletest/googletest/test/gtest_xml_test_utils.py:151 in public method `NormalizeXml`: D400: First line should end with a period (not 't')
[0.709s] 2: ./vendor/googletest/googletest/test/gtest_xml_test_utils.py:151 in public method `NormalizeXml`: D415: First line should end with a period, question mark, or exclamation point (not 't')
[0.709s] 2: ./vendor/googletest/googletest/test/gtest_xml_test_utils.py:151 in public method `NormalizeXml`: D401: First line should be in imperative mood (perhaps 'Normalize', not 'Normalizes')
[0.710s] 2: checking ./vendor/googletest/googletest/xcode/Scripts/versiongenerate.py
[0.710s] 2: ./vendor/googletest/googletest/xcode/Scripts/versiongenerate.py: Cannot parse file.
[0.710s] 2: 453 errors
[0.722s] 2: Traceback (most recent call last):
[0.722s] 2:   File "/opt/ros/humble/bin/ament_pep257", line 33, in <module>
[0.722s] 2:     sys.exit(load_entry_point('ament-pep257==0.12.4', 'console_scripts', 'ament_pep257')())
[0.722s] 2:   File "/opt/ros/humble/lib/python3.10/site-packages/ament_pep257/main.py", line 149, in main
[0.722s] 2:     xml = get_xunit_content(report, testname, time.time() - start_time)
[0.722s] 2:   File "/opt/ros/humble/lib/python3.10/site-packages/ament_pep257/main.py", line 259, in get_xunit_content
[0.722s] 2:     '%s (%s:%d)' % (
[0.722s] 2: TypeError: %d format: a real number is required, not str
[0.735s] 2: -- run_test.py: return code 1
[0.735s] 2: -- run_test.py: generate result file '/home/chotu/Beginner_Tutorials_Ros2/build/serverpublisher/test_results/serverpublisher/pep257.xunit.xml' with failed test
[0.736s] 2: -- run_test.py: verify result file '/home/chotu/Beginner_Tutorials_Ros2/build/serverpublisher/test_results/serverpublisher/pep257.xunit.xml'
[0.745s] 2/2 Test #2: pep257 ...........................***Failed    0.55 sec
[0.745s] 
[0.745s] 50% tests passed[0;0m, [0;31m1 tests failed[0;0m out of 2
[0.745s] 
[0.745s] Label Time Summary:
[0.746s] gtest     =   0.17 sec*proc (1 test)
[0.746s] linter    =   0.55 sec*proc (1 test)
[0.746s] pep257    =   0.55 sec*proc (1 test)
[0.746s] 
[0.746s] Total Test time (real) =   0.72 sec
[0.746s] 
[0.746s] The following tests FAILED:
[0.746s] 	[0;31m  2 - pep257 (Failed)[0;0m
[0.766s] Errors while running CTest
[0.766s] Output from these tests are in: /home/chotu/Beginner_Tutorials_Ros2/build/serverpublisher/Testing/Temporary/LastTest.log
[0.766s] Use "--rerun-failed --output-on-failure" to re-run the failed cases verbosely.
[0.767s] Invoked command in '/home/chotu/Beginner_Tutorials_Ros2/build/serverpublisher' returned '8': AMENT_PREFIX_PATH=/home/chotu/Beginner_Tutorials_Ros2/install/serverpublisher:${AMENT_PREFIX_PATH} CMAKE_PREFIX_PATH=/home/chotu/Beginner_Tutorials_Ros2/install/serverpublisher LD_LIBRARY_PATH=/home/chotu/Beginner_Tutorials_Ros2/install/serverpublisher/lib:${LD_LIBRARY_PATH} PYTHONPATH=/home/chotu/Beginner_Tutorials_Ros2/install/serverpublisher/local/lib/python3.10/dist-packages:${PYTHONPATH} /usr/bin/ctest -C Release -D ExperimentalTest --no-compress-output -V --force-new-ctest-process
