Start testing: Nov 04 20:36 EDT
----------------------------------------------------------
1/8 Testing: copyright
1/8 Test: copyright
Command: "/usr/bin/python3.10" "-u" "/home/sahruday/ros2_humble/install/ament_cmake_test/share/ament_cmake_test/cmake/run_test.py" "/home/sahruday/Documents/Github/Ros2/src/cpp_pubsub/build/cpp_pubsub/test_results/cpp_pubsub/copyright.xunit.xml" "--package-name" "cpp_pubsub" "--output-file" "/home/sahruday/Documents/Github/Ros2/src/cpp_pubsub/build/cpp_pubsub/ament_copyright/copyright.txt" "--command" "/home/sahruday/ros2_humble/install/ament_copyright/bin/ament_copyright" "--xunit-file" "/home/sahruday/Documents/Github/Ros2/src/cpp_pubsub/build/cpp_pubsub/test_results/cpp_pubsub/copyright.xunit.xml"
Directory: /home/sahruday/Documents/Github/Ros2/src/cpp_pubsub
"copyright" start time: Nov 04 20:36 EDT
Output:
----------------------------------------------------------
-- run_test.py: invoking following command in '/home/sahruday/Documents/Github/Ros2/src/cpp_pubsub':
 - /home/sahruday/ros2_humble/install/ament_copyright/bin/ament_copyright --xunit-file /home/sahruday/Documents/Github/Ros2/src/cpp_pubsub/build/cpp_pubsub/test_results/cpp_pubsub/copyright.xunit.xml
build/cpp_pubsub/CMakeFiles/3.22.1/CMakeCCompiler.cmake: could not find copyright notice
build/cpp_pubsub/CMakeFiles/3.22.1/CMakeCXXCompiler.cmake: could not find copyright notice
build/cpp_pubsub/CMakeFiles/3.22.1/CMakeSystem.cmake: could not find copyright notice
build/cpp_pubsub/CMakeFiles/3.22.1/CompilerIdC/CMakeCCompilerId.c: could not find copyright notice
build/cpp_pubsub/CMakeFiles/3.22.1/CompilerIdCXX/CMakeCXXCompilerId.cpp: could not find copyright notice
build/cpp_pubsub/CMakeFiles/CMakeDirectoryInformation.cmake: could not find copyright notice
build/cpp_pubsub/CMakeFiles/Makefile.cmake: could not find copyright notice
build/cpp_pubsub/CMakeFiles/cpp_pubsub_uninstall.dir/DependInfo.cmake: could not find copyright notice
build/cpp_pubsub/CMakeFiles/cpp_pubsub_uninstall.dir/cmake_clean.cmake: could not find copyright notice
build/cpp_pubsub/CMakeFiles/listener.dir/DependInfo.cmake: could not find copyright notice
build/cpp_pubsub/CMakeFiles/listener.dir/cmake_clean.cmake: could not find copyright notice
build/cpp_pubsub/CMakeFiles/talker.dir/DependInfo.cmake: could not find copyright notice
build/cpp_pubsub/CMakeFiles/talker.dir/cmake_clean.cmake: could not find copyright notice
build/cpp_pubsub/CMakeFiles/uninstall.dir/DependInfo.cmake: could not find copyright notice
build/cpp_pubsub/CMakeFiles/uninstall.dir/cmake_clean.cmake: could not find copyright notice
build/cpp_pubsub/CPackConfig.cmake: could not find copyright notice
build/cpp_pubsub/CPackSourceConfig.cmake: could not find copyright notice
build/cpp_pubsub/CTestCustom.cmake: could not find copyright notice
build/cpp_pubsub/CTestTestfile.cmake: could not find copyright notice
build/cpp_pubsub/ament_cmake_core/cpp_pubsubConfig-version.cmake: could not find copyright notice
build/cpp_pubsub/ament_cmake_core/cpp_pubsubConfig.cmake: could not find copyright notice
build/cpp_pubsub/ament_cmake_core/package.cmake: could not find copyright notice
build/cpp_pubsub/ament_cmake_package_templates/templates.cmake: could not find copyright notice
build/cpp_pubsub/ament_cmake_symlink_install/ament_cmake_symlink_install.cmake: could not find copyright notice
build/cpp_pubsub/ament_cmake_symlink_install/ament_cmake_symlink_install_uninstall_script.cmake: could not find copyright notice
build/cpp_pubsub/ament_cmake_symlink_install_targets_0_.cmake: could not find copyright notice
build/cpp_pubsub/ament_cmake_symlink_install_targets_1_.cmake: could not find copyright notice
build/cpp_pubsub/ament_cmake_uninstall_target/ament_cmake_uninstall_target.cmake: could not find copyright notice
build/cpp_pubsub/cmake_install.cmake: could not find copyright notice
install/_local_setup_util_ps1.py: copyright=Dirk Thomas (2016-2019), license=<unknown>
install/_local_setup_util_sh.py: copyright=Dirk Thomas (2016-2019), license=<unknown>
install/cpp_pubsub/share/cpp_pubsub/cmake/cpp_pubsubConfig-version.cmake: could not find copyright notice
install/cpp_pubsub/share/cpp_pubsub/cmake/cpp_pubsubConfig.cmake: could not find copyright notice
33 errors, checked 35 files
-- run_test.py: return code 1
-- run_test.py: verify result file '/home/sahruday/Documents/Github/Ros2/src/cpp_pubsub/build/cpp_pubsub/test_results/cpp_pubsub/copyright.xunit.xml'
<end of output>
Test time =   0.52 sec
----------------------------------------------------------
Test Failed.
"copyright" end time: Nov 04 20:36 EDT
"copyright" time elapsed: 00:00:00
----------------------------------------------------------

2/8 Testing: cppcheck
2/8 Test: cppcheck
Command: "/usr/bin/python3.10" "-u" "/home/sahruday/ros2_humble/install/ament_cmake_test/share/ament_cmake_test/cmake/run_test.py" "/home/sahruday/Documents/Github/Ros2/src/cpp_pubsub/build/cpp_pubsub/test_results/cpp_pubsub/cppcheck.xunit.xml" "--package-name" "cpp_pubsub" "--output-file" "/home/sahruday/Documents/Github/Ros2/src/cpp_pubsub/build/cpp_pubsub/ament_cppcheck/cppcheck.txt" "--command" "/home/sahruday/ros2_humble/install/ament_cppcheck/bin/ament_cppcheck" "--xunit-file" "/home/sahruday/Documents/Github/Ros2/src/cpp_pubsub/build/cpp_pubsub/test_results/cpp_pubsub/cppcheck.xunit.xml"
Directory: /home/sahruday/Documents/Github/Ros2/src/cpp_pubsub
"cppcheck" start time: Nov 04 20:36 EDT
Output:
----------------------------------------------------------
-- run_test.py: invoking following command in '/home/sahruday/Documents/Github/Ros2/src/cpp_pubsub':
 - /home/sahruday/ros2_humble/install/ament_cppcheck/bin/ament_cppcheck --xunit-file /home/sahruday/Documents/Github/Ros2/src/cpp_pubsub/build/cpp_pubsub/test_results/cpp_pubsub/cppcheck.xunit.xml
cppcheck 2.7 has known performance issues and therefore will not be used, set the AMENT_CPPCHECK_ALLOW_SLOW_VERSIONS environment variable to override this.
-- run_test.py: return code 0
-- run_test.py: verify result file '/home/sahruday/Documents/Github/Ros2/src/cpp_pubsub/build/cpp_pubsub/test_results/cpp_pubsub/cppcheck.xunit.xml'
<end of output>
Test time =   0.36 sec
----------------------------------------------------------
Test Passed.
"cppcheck" end time: Nov 04 20:36 EDT
"cppcheck" time elapsed: 00:00:00
----------------------------------------------------------

3/8 Testing: cpplint
3/8 Test: cpplint
Command: "/usr/bin/python3.10" "-u" "/home/sahruday/ros2_humble/install/ament_cmake_test/share/ament_cmake_test/cmake/run_test.py" "/home/sahruday/Documents/Github/Ros2/src/cpp_pubsub/build/cpp_pubsub/test_results/cpp_pubsub/cpplint.xunit.xml" "--package-name" "cpp_pubsub" "--output-file" "/home/sahruday/Documents/Github/Ros2/src/cpp_pubsub/build/cpp_pubsub/ament_cpplint/cpplint.txt" "--command" "/home/sahruday/ros2_humble/install/ament_cpplint/bin/ament_cpplint" "--xunit-file" "/home/sahruday/Documents/Github/Ros2/src/cpp_pubsub/build/cpp_pubsub/test_results/cpp_pubsub/cpplint.xunit.xml"
Directory: /home/sahruday/Documents/Github/Ros2/src/cpp_pubsub
"cpplint" start time: Nov 04 20:36 EDT
Output:
----------------------------------------------------------
-- run_test.py: invoking following command in '/home/sahruday/Documents/Github/Ros2/src/cpp_pubsub':
 - /home/sahruday/ros2_humble/install/ament_cpplint/bin/ament_cpplint --xunit-file /home/sahruday/Documents/Github/Ros2/src/cpp_pubsub/build/cpp_pubsub/test_results/cpp_pubsub/cpplint.xunit.xml
/home/sahruday/Documents/Github/Ros2/src/cpp_pubsub/build/cpp_pubsub/CMakeFiles/3.22.1/CompilerIdC/CMakeCCompilerId.c:0:  No copyright message found.  You should have a line: "Copyright [year] <Copyright Owner>"  [legal/copyright] [5]
/home/sahruday/Documents/Github/Ros2/src/cpp_pubsub/build/cpp_pubsub/CMakeFiles/3.22.1/CompilerIdC/CMakeCCompilerId.c:352:  Lines should be <= 100 characters long  [whitespace/line_length] [2]
/home/sahruday/Documents/Github/Ros2/src/cpp_pubsub/build/cpp_pubsub/CMakeFiles/3.22.1/CompilerIdC/CMakeCCompilerId.c:368:  Lines should be <= 100 characters long  [whitespace/line_length] [2]
/home/sahruday/Documents/Github/Ros2/src/cpp_pubsub/build/cpp_pubsub/CMakeFiles/3.22.1/CompilerIdC/CMakeCCompilerId.c:685:  Missing space after ,  [whitespace/comma] [3]
/home/sahruday/Documents/Github/Ros2/src/cpp_pubsub/build/cpp_pubsub/CMakeFiles/3.22.1/CompilerIdC/CMakeCCompilerId.c:696:  Missing space after ,  [whitespace/comma] [3]
/home/sahruday/Documents/Github/Ros2/src/cpp_pubsub/build/cpp_pubsub/CMakeFiles/3.22.1/CompilerIdC/CMakeCCompilerId.c:703:  Missing space after ,  [whitespace/comma] [3]
/home/sahruday/Documents/Github/Ros2/src/cpp_pubsub/build/cpp_pubsub/CMakeFiles/3.22.1/CompilerIdC/CMakeCCompilerId.c:704:  Missing space after ,  [whitespace/comma] [3]
/home/sahruday/Documents/Github/Ros2/src/cpp_pubsub/build/cpp_pubsub/CMakeFiles/3.22.1/CompilerIdC/CMakeCCompilerId.c:705:  Missing space after ,  [whitespace/comma] [3]
/home/sahruday/Documents/Github/Ros2/src/cpp_pubsub/build/cpp_pubsub/CMakeFiles/3.22.1/CompilerIdC/CMakeCCompilerId.c:707:  Lines should be <= 100 characters long  [whitespace/line_length] [2]
/home/sahruday/Documents/Github/Ros2/src/cpp_pubsub/build/cpp_pubsub/CMakeFiles/3.22.1/CompilerIdC/CMakeCCompilerId.c:714:  Missing space after ,  [whitespace/comma] [3]
/home/sahruday/Documents/Github/Ros2/src/cpp_pubsub/build/cpp_pubsub/CMakeFiles/3.22.1/CompilerIdC/CMakeCCompilerId.c:725:  Missing space after ,  [whitespace/comma] [3]
/home/sahruday/Documents/Github/Ros2/src/cpp_pubsub/build/cpp_pubsub/CMakeFiles/3.22.1/CompilerIdCXX/CMakeCXXCompilerId.cpp:0:  No copyright message found.  You should have a line: "Copyright [year] <Copyright Owner>"  [legal/copyright] [5]
/home/sahruday/Documents/Github/Ros2/src/cpp_pubsub/build/cpp_pubsub/CMakeFiles/3.22.1/CompilerIdCXX/CMakeCXXCompilerId.cpp:350:  Lines should be <= 100 characters long  [whitespace/line_length] [2]
/home/sahruday/Documents/Github/Ros2/src/cpp_pubsub/build/cpp_pubsub/CMakeFiles/3.22.1/CompilerIdCXX/CMakeCXXCompilerId.cpp:366:  Lines should be <= 100 characters long  [whitespace/line_length] [2]
/home/sahruday/Documents/Github/Ros2/src/cpp_pubsub/build/cpp_pubsub/CMakeFiles/3.22.1/CompilerIdCXX/CMakeCXXCompilerId.cpp:670:  Missing space after ,  [whitespace/comma] [3]
/home/sahruday/Documents/Github/Ros2/src/cpp_pubsub/build/cpp_pubsub/CMakeFiles/3.22.1/CompilerIdCXX/CMakeCXXCompilerId.cpp:681:  Missing space after ,  [whitespace/comma] [3]
/home/sahruday/Documents/Github/Ros2/src/cpp_pubsub/build/cpp_pubsub/CMakeFiles/3.22.1/CompilerIdCXX/CMakeCXXCompilerId.cpp:688:  Missing space after ,  [whitespace/comma] [3]
/home/sahruday/Documents/Github/Ros2/src/cpp_pubsub/build/cpp_pubsub/CMakeFiles/3.22.1/CompilerIdCXX/CMakeCXXCompilerId.cpp:689:  Missing space after ,  [whitespace/comma] [3]
/home/sahruday/Documents/Github/Ros2/src/cpp_pubsub/build/cpp_pubsub/CMakeFiles/3.22.1/CompilerIdCXX/CMakeCXXCompilerId.cpp:690:  Missing space after ,  [whitespace/comma] [3]
/home/sahruday/Documents/Github/Ros2/src/cpp_pubsub/build/cpp_pubsub/CMakeFiles/3.22.1/CompilerIdCXX/CMakeCXXCompilerId.cpp:692:  Lines should be <= 100 characters long  [whitespace/line_length] [2]
/home/sahruday/Documents/Github/Ros2/src/cpp_pubsub/build/cpp_pubsub/CMakeFiles/3.22.1/CompilerIdCXX/CMakeCXXCompilerId.cpp:699:  Missing space after ,  [whitespace/comma] [3]
/home/sahruday/Documents/Github/Ros2/src/cpp_pubsub/build/cpp_pubsub/CMakeFiles/3.22.1/CompilerIdCXX/CMakeCXXCompilerId.cpp:710:  Missing space after ,  [whitespace/comma] [3]
Category 'legal/copyright' errors found: 2
Category 'whitespace/comma' errors found: 14
Category 'whitespace/line_length' errors found: 6
Total errors found: 22
Using '--root=/home/sahruday/Documents/Github/Ros2/src' argument

Done processing /home/sahruday/Documents/Github/Ros2/src/cpp_pubsub/build/cpp_pubsub/CMakeFiles/3.22.1/CompilerIdC/CMakeCCompilerId.c

Done processing /home/sahruday/Documents/Github/Ros2/src/cpp_pubsub/build/cpp_pubsub/CMakeFiles/3.22.1/CompilerIdCXX/CMakeCXXCompilerId.cpp

Using '--root=/home/sahruday/Documents/Github/Ros2/src/cpp_pubsub/src' argument

Done processing /home/sahruday/Documents/Github/Ros2/src/cpp_pubsub/src/publisher_member_function.cpp

Done processing /home/sahruday/Documents/Github/Ros2/src/cpp_pubsub/src/subscriber_member_function.cpp

-- run_test.py: return code 1
-- run_test.py: verify result file '/home/sahruday/Documents/Github/Ros2/src/cpp_pubsub/build/cpp_pubsub/test_results/cpp_pubsub/cpplint.xunit.xml'
<end of output>
Test time =   0.50 sec
----------------------------------------------------------
Test Failed.
"cpplint" end time: Nov 04 20:36 EDT
"cpplint" time elapsed: 00:00:00
----------------------------------------------------------

4/8 Testing: flake8
4/8 Test: flake8
Command: "/usr/bin/python3.10" "-u" "/home/sahruday/ros2_humble/install/ament_cmake_test/share/ament_cmake_test/cmake/run_test.py" "/home/sahruday/Documents/Github/Ros2/src/cpp_pubsub/build/cpp_pubsub/test_results/cpp_pubsub/flake8.xunit.xml" "--package-name" "cpp_pubsub" "--output-file" "/home/sahruday/Documents/Github/Ros2/src/cpp_pubsub/build/cpp_pubsub/ament_flake8/flake8.txt" "--command" "/home/sahruday/ros2_humble/install/ament_flake8/bin/ament_flake8" "--xunit-file" "/home/sahruday/Documents/Github/Ros2/src/cpp_pubsub/build/cpp_pubsub/test_results/cpp_pubsub/flake8.xunit.xml"
Directory: /home/sahruday/Documents/Github/Ros2/src/cpp_pubsub
"flake8" start time: Nov 04 20:36 EDT
Output:
----------------------------------------------------------
-- run_test.py: invoking following command in '/home/sahruday/Documents/Github/Ros2/src/cpp_pubsub':
 - /home/sahruday/ros2_humble/install/ament_flake8/bin/ament_flake8 --xunit-file /home/sahruday/Documents/Github/Ros2/src/cpp_pubsub/build/cpp_pubsub/test_results/cpp_pubsub/flake8.xunit.xml
FORMAT_STR_INVOKE_SCRIPT = 'COLCON_CURRENT_PREFIX="{prefix}" _colcon_prefix_sh_source_script "{script_path}"'
                                                                                                   ^
FORMAT_STR_REMOVE_LEADING_SEPARATOR = 'if [ "$(echo -n ${name} | head -c 1)" = ":" ]; then export {name}=${{{name}#?}} ; fi'
                                                                                                   ^
FORMAT_STR_REMOVE_TRAILING_SEPARATOR = 'if [ "$(echo -n ${name} | tail -c 1)" = ":" ]; then export {name}=${{{name}%?}} ; fi'
                                                                                                   ^
3     E501 line too long (109 > 99 characters)

./install/_local_setup_util_sh.py:14:100: E501 line too long (109 > 99 characters)

./install/_local_setup_util_sh.py:15:100: E501 line too long (124 > 99 characters)

./install/_local_setup_util_sh.py:16:100: E501 line too long (125 > 99 characters)


2 files checked
3 errors

'E'-type errors: 3

Checked files:

* ./install/_local_setup_util_ps1.py
* ./install/_local_setup_util_sh.py
-- run_test.py: return code 1
-- run_test.py: verify result file '/home/sahruday/Documents/Github/Ros2/src/cpp_pubsub/build/cpp_pubsub/test_results/cpp_pubsub/flake8.xunit.xml'
<end of output>
Test time =   0.80 sec
----------------------------------------------------------
Test Failed.
"flake8" end time: Nov 04 20:36 EDT
"flake8" time elapsed: 00:00:00
----------------------------------------------------------

5/8 Testing: lint_cmake
5/8 Test: lint_cmake
Command: "/usr/bin/python3.10" "-u" "/home/sahruday/ros2_humble/install/ament_cmake_test/share/ament_cmake_test/cmake/run_test.py" "/home/sahruday/Documents/Github/Ros2/src/cpp_pubsub/build/cpp_pubsub/test_results/cpp_pubsub/lint_cmake.xunit.xml" "--package-name" "cpp_pubsub" "--output-file" "/home/sahruday/Documents/Github/Ros2/src/cpp_pubsub/build/cpp_pubsub/ament_lint_cmake/lint_cmake.txt" "--command" "/home/sahruday/ros2_humble/install/ament_lint_cmake/bin/ament_lint_cmake" "--xunit-file" "/home/sahruday/Documents/Github/Ros2/src/cpp_pubsub/build/cpp_pubsub/test_results/cpp_pubsub/lint_cmake.xunit.xml"
Directory: /home/sahruday/Documents/Github/Ros2/src/cpp_pubsub
"lint_cmake" start time: Nov 04 20:36 EDT
Output:
----------------------------------------------------------
-- run_test.py: invoking following command in '/home/sahruday/Documents/Github/Ros2/src/cpp_pubsub':
 - /home/sahruday/ros2_humble/install/ament_lint_cmake/bin/ament_lint_cmake --xunit-file /home/sahruday/Documents/Github/Ros2/src/cpp_pubsub/build/cpp_pubsub/test_results/cpp_pubsub/lint_cmake.xunit.xml
build/cpp_pubsub/CPackConfig.cmake:23: Lines should be <= 140 characters long [linelength]

build/cpp_pubsub/CPackSourceConfig.cmake:23: Lines should be <= 140 characters long [linelength]

build/cpp_pubsub/CTestTestfile.cmake:1: Line ends in whitespace [whitespace/eol]
build/cpp_pubsub/CTestTestfile.cmake:4: Line ends in whitespace [whitespace/eol]
build/cpp_pubsub/CTestTestfile.cmake:5: Line ends in whitespace [whitespace/eol]
build/cpp_pubsub/CTestTestfile.cmake:7: Lines should be <= 140 characters long [linelength]
build/cpp_pubsub/CTestTestfile.cmake:8: Lines should be <= 140 characters long [linelength]
build/cpp_pubsub/CTestTestfile.cmake:9: Lines should be <= 140 characters long [linelength]
build/cpp_pubsub/CTestTestfile.cmake:10: Lines should be <= 140 characters long [linelength]
build/cpp_pubsub/CTestTestfile.cmake:11: Lines should be <= 140 characters long [linelength]
build/cpp_pubsub/CTestTestfile.cmake:12: Lines should be <= 140 characters long [linelength]
build/cpp_pubsub/CTestTestfile.cmake:13: Lines should be <= 140 characters long [linelength]
build/cpp_pubsub/CTestTestfile.cmake:14: Lines should be <= 140 characters long [linelength]
build/cpp_pubsub/CTestTestfile.cmake:15: Lines should be <= 140 characters long [linelength]
build/cpp_pubsub/CTestTestfile.cmake:16: Lines should be <= 140 characters long [linelength]
build/cpp_pubsub/CTestTestfile.cmake:17: Lines should be <= 140 characters long [linelength]
build/cpp_pubsub/CTestTestfile.cmake:18: Lines should be <= 140 characters long [linelength]
build/cpp_pubsub/CTestTestfile.cmake:19: Lines should be <= 140 characters long [linelength]
build/cpp_pubsub/CTestTestfile.cmake:20: Lines should be <= 140 characters long [linelength]
build/cpp_pubsub/CTestTestfile.cmake:21: Lines should be <= 140 characters long [linelength]
build/cpp_pubsub/CTestTestfile.cmake:22: Lines should be <= 140 characters long [linelength]

build/cpp_pubsub/ament_cmake_symlink_install_targets_0_.cmake:1: Lines should be <= 140 characters long [linelength]

build/cpp_pubsub/ament_cmake_symlink_install_targets_1_.cmake:1: Lines should be <= 140 characters long [linelength]

build/cpp_pubsub/cmake_install.cmake:13: Weird indentation; use 2 spaces [whitespace/indent]
build/cpp_pubsub/cmake_install.cmake:46: Lines should be <= 140 characters long [linelength]
build/cpp_pubsub/cmake_install.cmake:56: Weird indentation; use 2 spaces [whitespace/indent]
build/cpp_pubsub/cmake_install.cmake:58: Weird indentation; use 2 spaces [whitespace/indent]

build/cpp_pubsub/CMakeFiles/Makefile.cmake:8: Mismatching spaces inside () after command [whitespace/mismatch]
build/cpp_pubsub/CMakeFiles/Makefile.cmake:634: Mismatching spaces inside () after command [whitespace/mismatch]
build/cpp_pubsub/CMakeFiles/Makefile.cmake:640: Mismatching spaces inside () after command [whitespace/mismatch]
build/cpp_pubsub/CMakeFiles/Makefile.cmake:666: Mismatching spaces inside () after command [whitespace/mismatch]

build/cpp_pubsub/CMakeFiles/3.22.1/CMakeCCompiler.cmake:9: Lines should be <= 140 characters long [linelength]
build/cpp_pubsub/CMakeFiles/3.22.1/CMakeCCompiler.cmake:69: Lines should be <= 140 characters long [linelength]

build/cpp_pubsub/CMakeFiles/3.22.1/CMakeCXXCompiler.cmake:9: Lines should be <= 140 characters long [linelength]
build/cpp_pubsub/CMakeFiles/3.22.1/CMakeCXXCompiler.cmake:11: Lines should be <= 140 characters long [linelength]
build/cpp_pubsub/CMakeFiles/3.22.1/CMakeCXXCompiler.cmake:12: Lines should be <= 140 characters long [linelength]
build/cpp_pubsub/CMakeFiles/3.22.1/CMakeCXXCompiler.cmake:42: Extra spaces between 'foreach' and its () [whitespace/extra]
build/cpp_pubsub/CMakeFiles/3.22.1/CMakeCXXCompiler.cmake:43: Extra spaces between 'if' and its () [whitespace/extra]
build/cpp_pubsub/CMakeFiles/3.22.1/CMakeCXXCompiler.cmake:80: Lines should be <= 140 characters long [linelength]

build/cpp_pubsub/CMakeFiles/cpp_pubsub_uninstall.dir/DependInfo.cmake:6: Mismatching spaces inside () after command [whitespace/mismatch]
build/cpp_pubsub/CMakeFiles/cpp_pubsub_uninstall.dir/DependInfo.cmake:10: Mismatching spaces inside () after command [whitespace/mismatch]
build/cpp_pubsub/CMakeFiles/cpp_pubsub_uninstall.dir/DependInfo.cmake:14: Mismatching spaces inside () after command [whitespace/mismatch]

build/cpp_pubsub/CMakeFiles/cpp_pubsub_uninstall.dir/cmake_clean.cmake:6: Mismatching spaces inside () after command [whitespace/mismatch]

build/cpp_pubsub/CMakeFiles/listener.dir/DependInfo.cmake:6: Mismatching spaces inside () after command [whitespace/mismatch]
build/cpp_pubsub/CMakeFiles/listener.dir/DependInfo.cmake:10: Mismatching spaces inside () after command [whitespace/mismatch]
build/cpp_pubsub/CMakeFiles/listener.dir/DependInfo.cmake:15: Mismatching spaces inside () after command [whitespace/mismatch]

build/cpp_pubsub/CMakeFiles/talker.dir/DependInfo.cmake:6: Mismatching spaces inside () after command [whitespace/mismatch]
build/cpp_pubsub/CMakeFiles/talker.dir/DependInfo.cmake:10: Mismatching spaces inside () after command [whitespace/mismatch]
build/cpp_pubsub/CMakeFiles/talker.dir/DependInfo.cmake:15: Mismatching spaces inside () after command [whitespace/mismatch]

build/cpp_pubsub/CMakeFiles/uninstall.dir/DependInfo.cmake:6: Mismatching spaces inside () after command [whitespace/mismatch]
build/cpp_pubsub/CMakeFiles/uninstall.dir/DependInfo.cmake:10: Mismatching spaces inside () after command [whitespace/mismatch]
build/cpp_pubsub/CMakeFiles/uninstall.dir/DependInfo.cmake:14: Mismatching spaces inside () after command [whitespace/mismatch]

build/cpp_pubsub/CMakeFiles/uninstall.dir/cmake_clean.cmake:3: Mismatching spaces inside () after command [whitespace/mismatch]

build/cpp_pubsub/ament_cmake_core/package.cmake:7: Mismatching spaces inside () after command [whitespace/mismatch]
build/cpp_pubsub/ament_cmake_core/package.cmake:10: Mismatching spaces inside () after command [whitespace/mismatch]
build/cpp_pubsub/ament_cmake_core/package.cmake:11: Mismatching spaces inside () after command [whitespace/mismatch]

build/cpp_pubsub/ament_cmake_package_templates/templates.cmake:1: Lines should be <= 140 characters long [linelength]
build/cpp_pubsub/ament_cmake_package_templates/templates.cmake:2: Lines should be <= 140 characters long [linelength]
build/cpp_pubsub/ament_cmake_package_templates/templates.cmake:4: Lines should be <= 140 characters long [linelength]
build/cpp_pubsub/ament_cmake_package_templates/templates.cmake:5: Lines should be <= 140 characters long [linelength]
build/cpp_pubsub/ament_cmake_package_templates/templates.cmake:6: Lines should be <= 140 characters long [linelength]
build/cpp_pubsub/ament_cmake_package_templates/templates.cmake:8: Lines should be <= 140 characters long [linelength]
build/cpp_pubsub/ament_cmake_package_templates/templates.cmake:9: Lines should be <= 140 characters long [linelength]
build/cpp_pubsub/ament_cmake_package_templates/templates.cmake:10: Lines should be <= 140 characters long [linelength]
build/cpp_pubsub/ament_cmake_package_templates/templates.cmake:11: Lines should be <= 140 characters long [linelength]
build/cpp_pubsub/ament_cmake_package_templates/templates.cmake:12: Lines should be <= 140 characters long [linelength]
build/cpp_pubsub/ament_cmake_package_templates/templates.cmake:13: Lines should be <= 140 characters long [linelength]
build/cpp_pubsub/ament_cmake_package_templates/templates.cmake:14: Lines should be <= 140 characters long [linelength]

build/cpp_pubsub/ament_cmake_symlink_install/ament_cmake_symlink_install.cmake:314: Lines should be <= 140 characters long [linelength]
build/cpp_pubsub/ament_cmake_symlink_install/ament_cmake_symlink_install.cmake:317: Lines should be <= 140 characters long [linelength]
build/cpp_pubsub/ament_cmake_symlink_install/ament_cmake_symlink_install.cmake:319: Lines should be <= 140 characters long [linelength]
build/cpp_pubsub/ament_cmake_symlink_install/ament_cmake_symlink_install.cmake:320: Lines should be <= 140 characters long [linelength]
build/cpp_pubsub/ament_cmake_symlink_install/ament_cmake_symlink_install.cmake:322: Lines should be <= 140 characters long [linelength]
build/cpp_pubsub/ament_cmake_symlink_install/ament_cmake_symlink_install.cmake:323: Lines should be <= 140 characters long [linelength]
build/cpp_pubsub/ament_cmake_symlink_install/ament_cmake_symlink_install.cmake:325: Lines should be <= 140 characters long [linelength]
build/cpp_pubsub/ament_cmake_symlink_install/ament_cmake_symlink_install.cmake:326: Lines should be <= 140 characters long [linelength]
build/cpp_pubsub/ament_cmake_symlink_install/ament_cmake_symlink_install.cmake:328: Lines should be <= 140 characters long [linelength]
build/cpp_pubsub/ament_cmake_symlink_install/ament_cmake_symlink_install.cmake:329: Lines should be <= 140 characters long [linelength]
build/cpp_pubsub/ament_cmake_symlink_install/ament_cmake_symlink_install.cmake:331: Lines should be <= 140 characters long [linelength]
build/cpp_pubsub/ament_cmake_symlink_install/ament_cmake_symlink_install.cmake:332: Lines should be <= 140 characters long [linelength]
build/cpp_pubsub/ament_cmake_symlink_install/ament_cmake_symlink_install.cmake:334: Lines should be <= 140 characters long [linelength]
build/cpp_pubsub/ament_cmake_symlink_install/ament_cmake_symlink_install.cmake:335: Lines should be <= 140 characters long [linelength]
build/cpp_pubsub/ament_cmake_symlink_install/ament_cmake_symlink_install.cmake:337: Lines should be <= 140 characters long [linelength]
build/cpp_pubsub/ament_cmake_symlink_install/ament_cmake_symlink_install.cmake:338: Lines should be <= 140 characters long [linelength]
build/cpp_pubsub/ament_cmake_symlink_install/ament_cmake_symlink_install.cmake:340: Lines should be <= 140 characters long [linelength]
build/cpp_pubsub/ament_cmake_symlink_install/ament_cmake_symlink_install.cmake:341: Lines should be <= 140 characters long [linelength]
build/cpp_pubsub/ament_cmake_symlink_install/ament_cmake_symlink_install.cmake:343: Lines should be <= 140 characters long [linelength]
build/cpp_pubsub/ament_cmake_symlink_install/ament_cmake_symlink_install.cmake:344: Lines should be <= 140 characters long [linelength]
build/cpp_pubsub/ament_cmake_symlink_install/ament_cmake_symlink_install.cmake:346: Lines should be <= 140 characters long [linelength]
build/cpp_pubsub/ament_cmake_symlink_install/ament_cmake_symlink_install.cmake:347: Lines should be <= 140 characters long [linelength]
build/cpp_pubsub/ament_cmake_symlink_install/ament_cmake_symlink_install.cmake:349: Lines should be <= 140 characters long [linelength]
build/cpp_pubsub/ament_cmake_symlink_install/ament_cmake_symlink_install.cmake:350: Lines should be <= 140 characters long [linelength]
build/cpp_pubsub/ament_cmake_symlink_install/ament_cmake_symlink_install.cmake:352: Lines should be <= 140 characters long [linelength]
build/cpp_pubsub/ament_cmake_symlink_install/ament_cmake_symlink_install.cmake:353: Lines should be <= 140 characters long [linelength]
build/cpp_pubsub/ament_cmake_symlink_install/ament_cmake_symlink_install.cmake:355: Lines should be <= 140 characters long [linelength]
build/cpp_pubsub/ament_cmake_symlink_install/ament_cmake_symlink_install.cmake:356: Lines should be <= 140 characters long [linelength]
build/cpp_pubsub/ament_cmake_symlink_install/ament_cmake_symlink_install.cmake:359: Lines should be <= 140 characters long [linelength]

build/cpp_pubsub/ament_cmake_uninstall_target/ament_cmake_uninstall_target.cmake:60: Lines should be <= 140 characters long [linelength]


98 errors
-- run_test.py: return code 1
-- run_test.py: verify result file '/home/sahruday/Documents/Github/Ros2/src/cpp_pubsub/build/cpp_pubsub/test_results/cpp_pubsub/lint_cmake.xunit.xml'
<end of output>
Test time =   0.36 sec
----------------------------------------------------------
Test Failed.
"lint_cmake" end time: Nov 04 20:36 EDT
"lint_cmake" time elapsed: 00:00:00
----------------------------------------------------------

6/8 Testing: pep257
6/8 Test: pep257
Command: "/usr/bin/python3.10" "-u" "/home/sahruday/ros2_humble/install/ament_cmake_test/share/ament_cmake_test/cmake/run_test.py" "/home/sahruday/Documents/Github/Ros2/src/cpp_pubsub/build/cpp_pubsub/test_results/cpp_pubsub/pep257.xunit.xml" "--package-name" "cpp_pubsub" "--output-file" "/home/sahruday/Documents/Github/Ros2/src/cpp_pubsub/build/cpp_pubsub/ament_pep257/pep257.txt" "--command" "/home/sahruday/ros2_humble/install/ament_pep257/bin/ament_pep257" "--xunit-file" "/home/sahruday/Documents/Github/Ros2/src/cpp_pubsub/build/cpp_pubsub/test_results/cpp_pubsub/pep257.xunit.xml"
Directory: /home/sahruday/Documents/Github/Ros2/src/cpp_pubsub
"pep257" start time: Nov 04 20:36 EDT
Output:
----------------------------------------------------------
-- run_test.py: invoking following command in '/home/sahruday/Documents/Github/Ros2/src/cpp_pubsub':
 - /home/sahruday/ros2_humble/install/ament_pep257/bin/ament_pep257 --xunit-file /home/sahruday/Documents/Github/Ros2/src/cpp_pubsub/build/cpp_pubsub/test_results/cpp_pubsub/pep257.xunit.xml
checking ./install/_local_setup_util_ps1.py
checking ./install/_local_setup_util_sh.py
No problems found
-- run_test.py: return code 0
-- run_test.py: verify result file '/home/sahruday/Documents/Github/Ros2/src/cpp_pubsub/build/cpp_pubsub/test_results/cpp_pubsub/pep257.xunit.xml'
<end of output>
Test time =   0.43 sec
----------------------------------------------------------
Test Passed.
"pep257" end time: Nov 04 20:36 EDT
"pep257" time elapsed: 00:00:00
----------------------------------------------------------

7/8 Testing: uncrustify
7/8 Test: uncrustify
Command: "/usr/bin/python3.10" "-u" "/home/sahruday/ros2_humble/install/ament_cmake_test/share/ament_cmake_test/cmake/run_test.py" "/home/sahruday/Documents/Github/Ros2/src/cpp_pubsub/build/cpp_pubsub/test_results/cpp_pubsub/uncrustify.xunit.xml" "--package-name" "cpp_pubsub" "--output-file" "/home/sahruday/Documents/Github/Ros2/src/cpp_pubsub/build/cpp_pubsub/ament_uncrustify/uncrustify.txt" "--command" "/home/sahruday/ros2_humble/install/ament_uncrustify/bin/ament_uncrustify" "--xunit-file" "/home/sahruday/Documents/Github/Ros2/src/cpp_pubsub/build/cpp_pubsub/test_results/cpp_pubsub/uncrustify.xunit.xml"
Directory: /home/sahruday/Documents/Github/Ros2/src/cpp_pubsub
"uncrustify" start time: Nov 04 20:36 EDT
Output:
----------------------------------------------------------
-- run_test.py: invoking following command in '/home/sahruday/Documents/Github/Ros2/src/cpp_pubsub':
 - /home/sahruday/ros2_humble/install/ament_uncrustify/bin/ament_uncrustify --xunit-file /home/sahruday/Documents/Github/Ros2/src/cpp_pubsub/build/cpp_pubsub/test_results/cpp_pubsub/uncrustify.xunit.xml
Code style divergence in file 'build/cpp_pubsub/CMakeFiles/3.22.1/CompilerIdC/CMakeCCompilerId.c':

--- build/cpp_pubsub/CMakeFiles/3.22.1/CompilerIdC/CMakeCCompilerId.c
+++ build/cpp_pubsub/CMakeFiles/3.22.1/CompilerIdC/CMakeCCompilerId.c.uncrustify
@@ -32 +32 @@
-  /* __INTEL_COMPILER = VRP prior to 2021, and then VVVV for 2021 and later,
+/* __INTEL_COMPILER = VRP prior to 2021, and then VVVV for 2021 and later,
@@ -35,2 +35,2 @@
-#  define COMPILER_VERSION_MAJOR DEC(__INTEL_COMPILER/100)
-#  define COMPILER_VERSION_MINOR DEC(__INTEL_COMPILER/10 % 10)
+#  define COMPILER_VERSION_MAJOR DEC(__INTEL_COMPILER / 100)
+#  define COMPILER_VERSION_MINOR DEC(__INTEL_COMPILER / 10 % 10)
@@ -40 +40 @@
-#   define COMPILER_VERSION_PATCH DEC(__INTEL_COMPILER   % 10)
+#   define COMPILER_VERSION_PATCH DEC(__INTEL_COMPILER % 10)
@@ -45 +45 @@
-   /* The third version component from --version is an update index,
+/* The third version component from --version is an update index,
@@ -50 +50 @@
-   /* __INTEL_COMPILER_BUILD_DATE = YYYYMMDD */
+/* __INTEL_COMPILER_BUILD_DATE = YYYYMMDD */
@@ -54 +54 @@
-   /* _MSC_VER = VVRR */
+/* _MSC_VER = VVRR */
@@ -83,3 +83,3 @@
-# define COMPILER_VERSION_MAJOR DEC(__INTEL_LLVM_COMPILER/100)
-# define COMPILER_VERSION_MINOR DEC(__INTEL_LLVM_COMPILER/10 % 10)
-# define COMPILER_VERSION_PATCH DEC(__INTEL_LLVM_COMPILER    % 10)
+# define COMPILER_VERSION_MAJOR DEC(__INTEL_LLVM_COMPILER / 100)
+# define COMPILER_VERSION_MINOR DEC(__INTEL_LLVM_COMPILER / 10 % 10)
+# define COMPILER_VERSION_PATCH DEC(__INTEL_LLVM_COMPILER % 10)
@@ -87,3 +87,3 @@
-# define COMPILER_VERSION_MAJOR DEC(__INTEL_LLVM_COMPILER/10000)
-# define COMPILER_VERSION_MINOR DEC(__INTEL_LLVM_COMPILER/100 % 100)
-# define COMPILER_VERSION_PATCH DEC(__INTEL_LLVM_COMPILER     % 100)
+# define COMPILER_VERSION_MAJOR DEC(__INTEL_LLVM_COMPILER / 10000)
+# define COMPILER_VERSION_MINOR DEC(__INTEL_LLVM_COMPILER / 100 % 100)
+# define COMPILER_VERSION_PATCH DEC(__INTEL_LLVM_COMPILER % 100)
@@ -92 +92 @@
-  /* _MSC_VER = VVRR */
+/* _MSC_VER = VVRR */
@@ -118,3 +118,3 @@
-# define COMPILER_VERSION_MAJOR HEX(__CODEGEARC_VERSION__>>24 & 0x00FF)
-# define COMPILER_VERSION_MINOR HEX(__CODEGEARC_VERSION__>>16 & 0x00FF)
-# define COMPILER_VERSION_PATCH DEC(__CODEGEARC_VERSION__     & 0xFFFF)
+# define COMPILER_VERSION_MAJOR HEX(__CODEGEARC_VERSION__ >> 24 & 0x00FF)
+# define COMPILER_VERSION_MINOR HEX(__CODEGEARC_VERSION__ >> 16 & 0x00FF)
+# define COMPILER_VERSION_PATCH DEC(__CODEGEARC_VERSION__ & 0xFFFF)
@@ -124,2 +124,2 @@
-  /* __BORLANDC__ = 0xVRR */
-# define COMPILER_VERSION_MAJOR HEX(__BORLANDC__>>8)
+/* __BORLANDC__ = 0xVRR */
+# define COMPILER_VERSION_MAJOR HEX(__BORLANDC__ >> 8)
@@ -130 +130 @@
-   /* __WATCOMC__ = VVRR */
+/* __WATCOMC__ = VVRR */
@@ -139 +139 @@
-   /* __WATCOMC__ = VVRP + 1100 */
+/* __WATCOMC__ = VVRP + 1100 */
@@ -149,4 +149,4 @@
-   /* __SUNPRO_C = 0xVRRP */
-#  define COMPILER_VERSION_MAJOR HEX(__SUNPRO_C>>12)
-#  define COMPILER_VERSION_MINOR HEX(__SUNPRO_C>>4 & 0xFF)
-#  define COMPILER_VERSION_PATCH HEX(__SUNPRO_C    & 0xF)
+/* __SUNPRO_C = 0xVRRP */
+#  define COMPILER_VERSION_MAJOR HEX(__SUNPRO_C >> 12)
+#  define COMPILER_VERSION_MINOR HEX(__SUNPRO_C >> 4 & 0xFF)
+#  define COMPILER_VERSION_PATCH HEX(__SUNPRO_C & 0xF)
@@ -154,4 +154,4 @@
-   /* __SUNPRO_CC = 0xVRP */
-#  define COMPILER_VERSION_MAJOR HEX(__SUNPRO_C>>8)
-#  define COMPILER_VERSION_MINOR HEX(__SUNPRO_C>>4 & 0xF)
-#  define COMPILER_VERSION_PATCH HEX(__SUNPRO_C    & 0xF)
+/* __SUNPRO_CC = 0xVRP */
+#  define COMPILER_VERSION_MAJOR HEX(__SUNPRO_C >> 8)
+#  define COMPILER_VERSION_MINOR HEX(__SUNPRO_C >> 4 & 0xF)
+#  define COMPILER_VERSION_PATCH HEX(__SUNPRO_C & 0xF)
@@ -162,4 +162,4 @@
-  /* __HP_cc = VVRRPP */
-# define COMPILER_VERSION_MAJOR DEC(__HP_cc/10000)
-# define COMPILER_VERSION_MINOR DEC(__HP_cc/100 % 100)
-# define COMPILER_VERSION_PATCH DEC(__HP_cc     % 100)
+/* __HP_cc = VVRRPP */
+# define COMPILER_VERSION_MAJOR DEC(__HP_cc / 10000)
+# define COMPILER_VERSION_MINOR DEC(__HP_cc / 100 % 100)
+# define COMPILER_VERSION_PATCH DEC(__HP_cc % 100)
@@ -169,4 +169,4 @@
-  /* __DECC_VER = VVRRTPPPP */
-# define COMPILER_VERSION_MAJOR DEC(__DECC_VER/10000000)
-# define COMPILER_VERSION_MINOR DEC(__DECC_VER/100000  % 100)
-# define COMPILER_VERSION_PATCH DEC(__DECC_VER         % 10000)
+/* __DECC_VER = VVRRTPPPP */
+# define COMPILER_VERSION_MAJOR DEC(__DECC_VER / 10000000)
+# define COMPILER_VERSION_MINOR DEC(__DECC_VER / 100000 % 100)
+# define COMPILER_VERSION_PATCH DEC(__DECC_VER % 10000)
@@ -176,4 +176,4 @@
-  /* __IBMC__ = VRP */
-# define COMPILER_VERSION_MAJOR DEC(__IBMC__/100)
-# define COMPILER_VERSION_MINOR DEC(__IBMC__/10 % 10)
-# define COMPILER_VERSION_PATCH DEC(__IBMC__    % 10)
+/* __IBMC__ = VRP */
+# define COMPILER_VERSION_MAJOR DEC(__IBMC__ / 100)
+# define COMPILER_VERSION_MINOR DEC(__IBMC__ / 10 % 10)
+# define COMPILER_VERSION_PATCH DEC(__IBMC__ % 10)
@@ -191,4 +191,4 @@
-  /* __IBMC__ = VRP */
-# define COMPILER_VERSION_MAJOR DEC(__IBMC__/100)
-# define COMPILER_VERSION_MINOR DEC(__IBMC__/10 % 10)
-# define COMPILER_VERSION_PATCH DEC(__IBMC__    % 10)
+/* __IBMC__ = VRP */
+# define COMPILER_VERSION_MAJOR DEC(__IBMC__ / 100)
+# define COMPILER_VERSION_MINOR DEC(__IBMC__ / 10 % 10)
+# define COMPILER_VERSION_PATCH DEC(__IBMC__ % 10)
@@ -198,4 +198,4 @@
-  /* __IBMC__ = VRP */
-# define COMPILER_VERSION_MAJOR DEC(__IBMC__/100)
-# define COMPILER_VERSION_MINOR DEC(__IBMC__/10 % 10)
-# define COMPILER_VERSION_PATCH DEC(__IBMC__    % 10)
+/* __IBMC__ = VRP */
+# define COMPILER_VERSION_MAJOR DEC(__IBMC__ / 100)
+# define COMPILER_VERSION_MINOR DEC(__IBMC__ / 10 % 10)
+# define COMPILER_VERSION_PATCH DEC(__IBMC__ % 10)
@@ -226,4 +226,4 @@
-  /* __TI_COMPILER_VERSION__ = VVVRRRPPP */
-# define COMPILER_VERSION_MAJOR DEC(__TI_COMPILER_VERSION__/1000000)
-# define COMPILER_VERSION_MINOR DEC(__TI_COMPILER_VERSION__/1000   % 1000)
-# define COMPILER_VERSION_PATCH DEC(__TI_COMPILER_VERSION__        % 1000)
+/* __TI_COMPILER_VERSION__ = VVVRRRPPP */
+# define COMPILER_VERSION_MAJOR DEC(__TI_COMPILER_VERSION__ / 1000000)
+# define COMPILER_VERSION_MINOR DEC(__TI_COMPILER_VERSION__ / 1000 % 1000)
+# define COMPILER_VERSION_PATCH DEC(__TI_COMPILER_VERSION__ % 1000)
@@ -261 +261 @@
-# define COMPILER_VERSION_PATCH DEC(__GHS_VERSION_NUMBER      % 10)
+# define COMPILER_VERSION_PATCH DEC(__GHS_VERSION_NUMBER % 10)
@@ -276,4 +276,4 @@
-  /* __ARMCC_VERSION = VRRPPPP */
-  # define COMPILER_VERSION_MAJOR DEC(__ARMCC_VERSION/1000000)
-  # define COMPILER_VERSION_MINOR DEC(__ARMCC_VERSION/10000 % 100)
-  # define COMPILER_VERSION_PATCH DEC(__ARMCC_VERSION     % 10000)
+/* __ARMCC_VERSION = VRRPPPP */
+  # define COMPILER_VERSION_MAJOR DEC(__ARMCC_VERSION / 1000000)
+  # define COMPILER_VERSION_MINOR DEC(__ARMCC_VERSION / 10000 % 100)
+  # define COMPILER_VERSION_PATCH DEC(__ARMCC_VERSION % 10000)
@@ -281,4 +281,4 @@
-  /* __ARMCC_VERSION = VRPPPP */
-  # define COMPILER_VERSION_MAJOR DEC(__ARMCC_VERSION/100000)
-  # define COMPILER_VERSION_MINOR DEC(__ARMCC_VERSION/10000 % 10)
-  # define COMPILER_VERSION_PATCH DEC(__ARMCC_VERSION    % 10000)
+/* __ARMCC_VERSION = VRPPPP */
+  # define COMPILER_VERSION_MAJOR DEC(__ARMCC_VERSION / 100000)
+  # define COMPILER_VERSION_MINOR DEC(__ARMCC_VERSION / 10000 % 10)
+  # define COMPILER_VERSION_PATCH DEC(__ARMCC_VERSION % 10000)
@@ -297 +297 @@
-   /* _MSC_VER = VVRR */
+/* _MSC_VER = VVRR */
@@ -305,3 +305,3 @@
-  # define COMPILER_VERSION_MAJOR DEC(__ARMCOMPILER_VERSION/1000000)
-  # define COMPILER_VERSION_MINOR DEC(__ARMCOMPILER_VERSION/10000 % 100)
-  # define COMPILER_VERSION_PATCH DEC(__ARMCOMPILER_VERSION     % 10000)
+  # define COMPILER_VERSION_MAJOR DEC(__ARMCOMPILER_VERSION / 1000000)
+  # define COMPILER_VERSION_MINOR DEC(__ARMCOMPILER_VERSION / 10000 % 100)
+  # define COMPILER_VERSION_PATCH DEC(__ARMCOMPILER_VERSION % 10000)
@@ -319 +319 @@
-   /* _MSC_VER = VVRR */
+/* _MSC_VER = VVRR */
@@ -336 +336 @@
-  /* _MSC_VER = VVRR */
+/* _MSC_VER = VVRR */
@@ -341 +341 @@
-    /* _MSC_FULL_VER = VVRRPPPPP */
+/* _MSC_FULL_VER = VVRRPPPPP */
@@ -344 +344 @@
-    /* _MSC_FULL_VER = VVRRPPPP */
+/* _MSC_FULL_VER = VVRRPPPP */
@@ -352 +352,2 @@
-#elif defined(__VISUALDSPVERSION__) || defined(__ADSPBLACKFIN__) || defined(__ADSPTS__) || defined(__ADSP21000__)
+#elif defined(__VISUALDSPVERSION__) || defined(__ADSPBLACKFIN__) || defined(__ADSPTS__) || \
+  defined(__ADSP21000__)
@@ -355,4 +356,4 @@
-  /* __VISUALDSPVERSION__ = 0xVVRRPP00 */
-# define COMPILER_VERSION_MAJOR HEX(__VISUALDSPVERSION__>>24)
-# define COMPILER_VERSION_MINOR HEX(__VISUALDSPVERSION__>>16 & 0xFF)
-# define COMPILER_VERSION_PATCH HEX(__VISUALDSPVERSION__>>8  & 0xFF)
+/* __VISUALDSPVERSION__ = 0xVVRRPP00 */
+# define COMPILER_VERSION_MAJOR HEX(__VISUALDSPVERSION__ >> 24)
+# define COMPILER_VERSION_MINOR HEX(__VISUALDSPVERSION__ >> 16 & 0xFF)
+# define COMPILER_VERSION_PATCH HEX(__VISUALDSPVERSION__ >> 8 & 0xFF)
@@ -368 +369,3 @@
-# elif defined(__VER__) && (defined(__ICCAVR__) || defined(__ICCRX__) || defined(__ICCRH850__) || defined(__ICCRL78__) || defined(__ICC430__) || defined(__ICCRISCV__) || defined(__ICCV850__) || defined(__ICC8051__) || defined(__ICCSTM8__))
+# elif defined(__VER__) && (defined(__ICCAVR__) || defined(__ICCRX__) || defined(__ICCRH850__) || \
+  defined(__ICCRL78__) || defined(__ICC430__) || defined(__ICCRISCV__) || defined(__ICCV850__) || \
+  defined(__ICC8051__) || defined(__ICCSTM8__))
@@ -370 +373 @@
-#  define COMPILER_VERSION_MINOR DEC((__VER__) - (((__VER__) / 100)*100))
+#  define COMPILER_VERSION_MINOR DEC((__VER__) -(((__VER__) / 100) * 100))
@@ -382,4 +385,4 @@
-  /* SDCC = VRP */
-#  define COMPILER_VERSION_MAJOR DEC(SDCC/100)
-#  define COMPILER_VERSION_MINOR DEC(SDCC/10 % 10)
-#  define COMPILER_VERSION_PATCH DEC(SDCC    % 10)
+/* SDCC = VRP */
+#  define COMPILER_VERSION_MAJOR DEC(SDCC / 100)
+#  define COMPILER_VERSION_MINOR DEC(SDCC / 10 % 10)
+#  define COMPILER_VERSION_PATCH DEC(SDCC % 10)
@@ -403 +406 @@
-char const* info_compiler = "INFO" ":" "compiler[" COMPILER_ID "]";
+char const * info_compiler = "INFO" ":" "compiler[" COMPILER_ID "]";
@@ -405 +408 @@
-char const* info_simulate = "INFO" ":" "simulate[" SIMULATE_ID "]";
+char const * info_simulate = "INFO" ":" "simulate[" SIMULATE_ID "]";
@@ -409 +412 @@
-char const* qnxnto = "INFO" ":" "qnxnto[]";
+char const * qnxnto = "INFO" ":" "qnxnto[]";
@@ -413 +416 @@
-char const *info_cray = "INFO" ":" "compiler_wrapper[CrayPrgEnv]";
+char const * info_cray = "INFO" ":" "compiler_wrapper[CrayPrgEnv]";
@@ -656,9 +659,9 @@
-#define DEC(n)                   \
-  ('0' + (((n) / 10000000)%10)), \
-  ('0' + (((n) / 1000000)%10)),  \
-  ('0' + (((n) / 100000)%10)),   \
-  ('0' + (((n) / 10000)%10)),    \
-  ('0' + (((n) / 1000)%10)),     \
-  ('0' + (((n) / 100)%10)),      \
-  ('0' + (((n) / 10)%10)),       \
-  ('0' +  ((n) % 10))
+#define DEC(n) \
+  ('0' + (((n) / 10000000) % 10)), \
+  ('0' + (((n) / 1000000) % 10)), \
+  ('0' + (((n) / 100000) % 10)), \
+  ('0' + (((n) / 10000) % 10)), \
+  ('0' + (((n) / 1000) % 10)), \
+  ('0' + (((n) / 100) % 10)), \
+  ('0' + (((n) / 10) % 10)), \
+  ('0' + ((n) % 10))
@@ -667,9 +670,9 @@
-#define HEX(n)             \
-  ('0' + ((n)>>28 & 0xF)), \
-  ('0' + ((n)>>24 & 0xF)), \
-  ('0' + ((n)>>20 & 0xF)), \
-  ('0' + ((n)>>16 & 0xF)), \
-  ('0' + ((n)>>12 & 0xF)), \
-  ('0' + ((n)>>8  & 0xF)), \
-  ('0' + ((n)>>4  & 0xF)), \
-  ('0' + ((n)     & 0xF))
+#define HEX(n) \
+  ('0' + ((n) >> 28 & 0xF)), \
+  ('0' + ((n) >> 24 & 0xF)), \
+  ('0' + ((n) >> 20 & 0xF)), \
+  ('0' + ((n) >> 16 & 0xF)), \
+  ('0' + ((n) >> 12 & 0xF)), \
+  ('0' + ((n) >> 8 & 0xF)), \
+  ('0' + ((n) >> 4 & 0xF)), \
+  ('0' + ((n) & 0xF))
@@ -679 +682 @@
-char const* info_version = "INFO" ":" "compiler_version[" COMPILER_VERSION "]";
+char const * info_version = "INFO" ":" "compiler_version[" COMPILER_VERSION "]";
@@ -685 +688 @@
-  'c','o','m','p','i','l','e','r','_','v','e','r','s','i','o','n','[',
+  'c', 'o', 'm', 'p', 'i', 'l', 'e', 'r', '_', 'v', 'e', 'r', 's', 'i', 'o', 'n', '[',
@@ -690 +693 @@
-   '.', COMPILER_VERSION_PATCH,
+  '.', COMPILER_VERSION_PATCH,
@@ -692 +695 @@
-    '.', COMPILER_VERSION_TWEAK,
+  '.', COMPILER_VERSION_TWEAK,
@@ -696 +699,2 @@
-  ']','\0'};
+  ']', '\0'
+};
@@ -703,3 +707,4 @@
-  'c','o','m','p','i','l','e','r','_','v','e','r','s','i','o','n','_',
-  'i','n','t','e','r','n','a','l','[',
-  COMPILER_VERSION_INTERNAL,']','\0'};
+  'c', 'o', 'm', 'p', 'i', 'l', 'e', 'r', '_', 'v', 'e', 'r', 's', 'i', 'o', 'n', '_',
+  'i', 'n', 't', 'e', 'r', 'n', 'a', 'l', '[',
+  COMPILER_VERSION_INTERNAL, ']', '\0'
+};
@@ -707 +712,2 @@
-char const* info_version_internal = "INFO" ":" "compiler_version_internal[" COMPILER_VERSION_INTERNAL_STR "]";
+char const * info_version_internal =
+  "INFO" ":" "compiler_version_internal[" COMPILER_VERSION_INTERNAL_STR "]";
@@ -714 +720 @@
-  's','i','m','u','l','a','t','e','_','v','e','r','s','i','o','n','[',
+  's', 'i', 'm', 'u', 'l', 'a', 't', 'e', '_', 'v', 'e', 'r', 's', 'i', 'o', 'n', '[',
@@ -719 +725 @@
-   '.', SIMULATE_VERSION_PATCH,
+  '.', SIMULATE_VERSION_PATCH,
@@ -721 +727 @@
-    '.', SIMULATE_VERSION_TWEAK,
+  '.', SIMULATE_VERSION_TWEAK,
@@ -725 +731,2 @@
-  ']','\0'};
+  ']', '\0'
+};
@@ -732,3 +739,2 @@
-char const* info_platform = "INFO" ":" "platform[" PLATFORM_ID "]";
-char const* info_arch = "INFO" ":" "arch[" ARCHITECTURE_ID "]";
-
+char const * info_platform = "INFO" ":" "platform[" PLATFORM_ID "]";
+char const * info_arch = "INFO" ":" "arch[" ARCHITECTURE_ID "]";
@@ -754 +760 @@
-const char* info_language_standard_default =
+const char * info_language_standard_default =
@@ -757 +763 @@
-const char* info_language_extensions_default = "INFO" ":" "extensions_default["
+const char * info_language_extensions_default = "INFO" ":" "extensions_default["
@@ -759,2 +765,2 @@
-#if (defined(__clang__) || defined(__GNUC__) ||                               \
-     defined(__TI_COMPILER_VERSION__)) &&                                     \
+#if (defined(__clang__) || defined(__GNUC__) || \
+  defined(__TI_COMPILER_VERSION__)) && \
@@ -766 +772 @@
-"]";
+  "]";
@@ -774 +780 @@
-int main(argc, argv) int argc; char *argv[];
+int main(argc, argv) int argc; char * argv[];
@@ -776 +782 @@
-int main(int argc, char* argv[])
+int main(int argc, char * argv[])

Code style divergence in file 'build/cpp_pubsub/CMakeFiles/3.22.1/CompilerIdCXX/CMakeCXXCompilerId.cpp':

--- build/cpp_pubsub/CMakeFiles/3.22.1/CompilerIdCXX/CMakeCXXCompilerId.cpp
+++ build/cpp_pubsub/CMakeFiles/3.22.1/CompilerIdCXX/CMakeCXXCompilerId.cpp.uncrustify
@@ -20 +20 @@
-  /* __COMO_VERSION__ = VRR */
+/* __COMO_VERSION__ = VRR */
@@ -32 +32 @@
-  /* __INTEL_COMPILER = VRP prior to 2021, and then VVVV for 2021 and later,
+/* __INTEL_COMPILER = VRP prior to 2021, and then VVVV for 2021 and later,
@@ -35,2 +35,2 @@
-#  define COMPILER_VERSION_MAJOR DEC(__INTEL_COMPILER/100)
-#  define COMPILER_VERSION_MINOR DEC(__INTEL_COMPILER/10 % 10)
+#  define COMPILER_VERSION_MAJOR DEC(__INTEL_COMPILER / 100)
+#  define COMPILER_VERSION_MINOR DEC(__INTEL_COMPILER / 10 % 10)
@@ -40 +40 @@
-#   define COMPILER_VERSION_PATCH DEC(__INTEL_COMPILER   % 10)
+#   define COMPILER_VERSION_PATCH DEC(__INTEL_COMPILER % 10)
@@ -45 +45 @@
-   /* The third version component from --version is an update index,
+/* The third version component from --version is an update index,
@@ -50 +50 @@
-   /* __INTEL_COMPILER_BUILD_DATE = YYYYMMDD */
+/* __INTEL_COMPILER_BUILD_DATE = YYYYMMDD */
@@ -54 +54 @@
-   /* _MSC_VER = VVRR */
+/* _MSC_VER = VVRR */
@@ -83,3 +83,3 @@
-# define COMPILER_VERSION_MAJOR DEC(__INTEL_LLVM_COMPILER/100)
-# define COMPILER_VERSION_MINOR DEC(__INTEL_LLVM_COMPILER/10 % 10)
-# define COMPILER_VERSION_PATCH DEC(__INTEL_LLVM_COMPILER    % 10)
+# define COMPILER_VERSION_MAJOR DEC(__INTEL_LLVM_COMPILER / 100)
+# define COMPILER_VERSION_MINOR DEC(__INTEL_LLVM_COMPILER / 10 % 10)
+# define COMPILER_VERSION_PATCH DEC(__INTEL_LLVM_COMPILER % 10)
@@ -87,3 +87,3 @@
-# define COMPILER_VERSION_MAJOR DEC(__INTEL_LLVM_COMPILER/10000)
-# define COMPILER_VERSION_MINOR DEC(__INTEL_LLVM_COMPILER/100 % 100)
-# define COMPILER_VERSION_PATCH DEC(__INTEL_LLVM_COMPILER     % 100)
+# define COMPILER_VERSION_MAJOR DEC(__INTEL_LLVM_COMPILER / 10000)
+# define COMPILER_VERSION_MINOR DEC(__INTEL_LLVM_COMPILER / 100 % 100)
+# define COMPILER_VERSION_PATCH DEC(__INTEL_LLVM_COMPILER % 100)
@@ -92 +92 @@
-  /* _MSC_VER = VVRR */
+/* _MSC_VER = VVRR */
@@ -118,3 +118,3 @@
-# define COMPILER_VERSION_MAJOR HEX(__CODEGEARC_VERSION__>>24 & 0x00FF)
-# define COMPILER_VERSION_MINOR HEX(__CODEGEARC_VERSION__>>16 & 0x00FF)
-# define COMPILER_VERSION_PATCH DEC(__CODEGEARC_VERSION__     & 0xFFFF)
+# define COMPILER_VERSION_MAJOR HEX(__CODEGEARC_VERSION__ >> 24 & 0x00FF)
+# define COMPILER_VERSION_MINOR HEX(__CODEGEARC_VERSION__ >> 16 & 0x00FF)
+# define COMPILER_VERSION_PATCH DEC(__CODEGEARC_VERSION__ & 0xFFFF)
@@ -124,2 +124,2 @@
-  /* __BORLANDC__ = 0xVRR */
-# define COMPILER_VERSION_MAJOR HEX(__BORLANDC__>>8)
+/* __BORLANDC__ = 0xVRR */
+# define COMPILER_VERSION_MAJOR HEX(__BORLANDC__ >> 8)
@@ -130 +130 @@
-   /* __WATCOMC__ = VVRR */
+/* __WATCOMC__ = VVRR */
@@ -139 +139 @@
-   /* __WATCOMC__ = VVRP + 1100 */
+/* __WATCOMC__ = VVRP + 1100 */
@@ -149,4 +149,4 @@
-   /* __SUNPRO_CC = 0xVRRP */
-#  define COMPILER_VERSION_MAJOR HEX(__SUNPRO_CC>>12)
-#  define COMPILER_VERSION_MINOR HEX(__SUNPRO_CC>>4 & 0xFF)
-#  define COMPILER_VERSION_PATCH HEX(__SUNPRO_CC    & 0xF)
+/* __SUNPRO_CC = 0xVRRP */
+#  define COMPILER_VERSION_MAJOR HEX(__SUNPRO_CC >> 12)
+#  define COMPILER_VERSION_MINOR HEX(__SUNPRO_CC >> 4 & 0xFF)
+#  define COMPILER_VERSION_PATCH HEX(__SUNPRO_CC & 0xF)
@@ -154,4 +154,4 @@
-   /* __SUNPRO_CC = 0xVRP */
-#  define COMPILER_VERSION_MAJOR HEX(__SUNPRO_CC>>8)
-#  define COMPILER_VERSION_MINOR HEX(__SUNPRO_CC>>4 & 0xF)
-#  define COMPILER_VERSION_PATCH HEX(__SUNPRO_CC    & 0xF)
+/* __SUNPRO_CC = 0xVRP */
+#  define COMPILER_VERSION_MAJOR HEX(__SUNPRO_CC >> 8)
+#  define COMPILER_VERSION_MINOR HEX(__SUNPRO_CC >> 4 & 0xF)
+#  define COMPILER_VERSION_PATCH HEX(__SUNPRO_CC & 0xF)
@@ -162,4 +162,4 @@
-  /* __HP_aCC = VVRRPP */
-# define COMPILER_VERSION_MAJOR DEC(__HP_aCC/10000)
-# define COMPILER_VERSION_MINOR DEC(__HP_aCC/100 % 100)
-# define COMPILER_VERSION_PATCH DEC(__HP_aCC     % 100)
+/* __HP_aCC = VVRRPP */
+# define COMPILER_VERSION_MAJOR DEC(__HP_aCC / 10000)
+# define COMPILER_VERSION_MINOR DEC(__HP_aCC / 100 % 100)
+# define COMPILER_VERSION_PATCH DEC(__HP_aCC % 100)
@@ -169,4 +169,4 @@
-  /* __DECCXX_VER = VVRRTPPPP */
-# define COMPILER_VERSION_MAJOR DEC(__DECCXX_VER/10000000)
-# define COMPILER_VERSION_MINOR DEC(__DECCXX_VER/100000  % 100)
-# define COMPILER_VERSION_PATCH DEC(__DECCXX_VER         % 10000)
+/* __DECCXX_VER = VVRRTPPPP */
+# define COMPILER_VERSION_MAJOR DEC(__DECCXX_VER / 10000000)
+# define COMPILER_VERSION_MINOR DEC(__DECCXX_VER / 100000 % 100)
+# define COMPILER_VERSION_PATCH DEC(__DECCXX_VER % 10000)
@@ -176,4 +176,4 @@
-  /* __IBMCPP__ = VRP */
-# define COMPILER_VERSION_MAJOR DEC(__IBMCPP__/100)
-# define COMPILER_VERSION_MINOR DEC(__IBMCPP__/10 % 10)
-# define COMPILER_VERSION_PATCH DEC(__IBMCPP__    % 10)
+/* __IBMCPP__ = VRP */
+# define COMPILER_VERSION_MAJOR DEC(__IBMCPP__ / 100)
+# define COMPILER_VERSION_MINOR DEC(__IBMCPP__ / 10 % 10)
+# define COMPILER_VERSION_PATCH DEC(__IBMCPP__ % 10)
@@ -191,4 +191,4 @@
-  /* __IBMCPP__ = VRP */
-# define COMPILER_VERSION_MAJOR DEC(__IBMCPP__/100)
-# define COMPILER_VERSION_MINOR DEC(__IBMCPP__/10 % 10)
-# define COMPILER_VERSION_PATCH DEC(__IBMCPP__    % 10)
+/* __IBMCPP__ = VRP */
+# define COMPILER_VERSION_MAJOR DEC(__IBMCPP__ / 100)
+# define COMPILER_VERSION_MINOR DEC(__IBMCPP__ / 10 % 10)
+# define COMPILER_VERSION_PATCH DEC(__IBMCPP__ % 10)
@@ -198,4 +198,4 @@
-  /* __IBMCPP__ = VRP */
-# define COMPILER_VERSION_MAJOR DEC(__IBMCPP__/100)
-# define COMPILER_VERSION_MINOR DEC(__IBMCPP__/10 % 10)
-# define COMPILER_VERSION_PATCH DEC(__IBMCPP__    % 10)
+/* __IBMCPP__ = VRP */
+# define COMPILER_VERSION_MAJOR DEC(__IBMCPP__ / 100)
+# define COMPILER_VERSION_MINOR DEC(__IBMCPP__ / 10 % 10)
+# define COMPILER_VERSION_PATCH DEC(__IBMCPP__ % 10)
@@ -226,4 +226,4 @@
-  /* __TI_COMPILER_VERSION__ = VVVRRRPPP */
-# define COMPILER_VERSION_MAJOR DEC(__TI_COMPILER_VERSION__/1000000)
-# define COMPILER_VERSION_MINOR DEC(__TI_COMPILER_VERSION__/1000   % 1000)
-# define COMPILER_VERSION_PATCH DEC(__TI_COMPILER_VERSION__        % 1000)
+/* __TI_COMPILER_VERSION__ = VVVRRRPPP */
+# define COMPILER_VERSION_MAJOR DEC(__TI_COMPILER_VERSION__ / 1000000)
+# define COMPILER_VERSION_MINOR DEC(__TI_COMPILER_VERSION__ / 1000 % 1000)
+# define COMPILER_VERSION_PATCH DEC(__TI_COMPILER_VERSION__ % 1000)
@@ -261 +261 @@
-# define COMPILER_VERSION_PATCH DEC(__GHS_VERSION_NUMBER      % 10)
+# define COMPILER_VERSION_PATCH DEC(__GHS_VERSION_NUMBER % 10)
@@ -270,4 +270,4 @@
-  /* __ARMCC_VERSION = VRRPPPP */
-  # define COMPILER_VERSION_MAJOR DEC(__ARMCC_VERSION/1000000)
-  # define COMPILER_VERSION_MINOR DEC(__ARMCC_VERSION/10000 % 100)
-  # define COMPILER_VERSION_PATCH DEC(__ARMCC_VERSION     % 10000)
+/* __ARMCC_VERSION = VRRPPPP */
+  # define COMPILER_VERSION_MAJOR DEC(__ARMCC_VERSION / 1000000)
+  # define COMPILER_VERSION_MINOR DEC(__ARMCC_VERSION / 10000 % 100)
+  # define COMPILER_VERSION_PATCH DEC(__ARMCC_VERSION % 10000)
@@ -275,4 +275,4 @@
-  /* __ARMCC_VERSION = VRPPPP */
-  # define COMPILER_VERSION_MAJOR DEC(__ARMCC_VERSION/100000)
-  # define COMPILER_VERSION_MINOR DEC(__ARMCC_VERSION/10000 % 10)
-  # define COMPILER_VERSION_PATCH DEC(__ARMCC_VERSION    % 10000)
+/* __ARMCC_VERSION = VRPPPP */
+  # define COMPILER_VERSION_MAJOR DEC(__ARMCC_VERSION / 100000)
+  # define COMPILER_VERSION_MINOR DEC(__ARMCC_VERSION / 10000 % 10)
+  # define COMPILER_VERSION_PATCH DEC(__ARMCC_VERSION % 10000)
@@ -291 +291 @@
-   /* _MSC_VER = VVRR */
+/* _MSC_VER = VVRR */
@@ -299,3 +299,3 @@
-  # define COMPILER_VERSION_MAJOR DEC(__ARMCOMPILER_VERSION/1000000)
-  # define COMPILER_VERSION_MINOR DEC(__ARMCOMPILER_VERSION/10000 % 100)
-  # define COMPILER_VERSION_PATCH DEC(__ARMCOMPILER_VERSION     % 10000)
+  # define COMPILER_VERSION_MAJOR DEC(__ARMCOMPILER_VERSION / 1000000)
+  # define COMPILER_VERSION_MINOR DEC(__ARMCOMPILER_VERSION / 10000 % 100)
+  # define COMPILER_VERSION_PATCH DEC(__ARMCOMPILER_VERSION % 10000)
@@ -313 +313 @@
-   /* _MSC_VER = VVRR */
+/* _MSC_VER = VVRR */
@@ -334 +334 @@
-  /* _MSC_VER = VVRR */
+/* _MSC_VER = VVRR */
@@ -339 +339 @@
-    /* _MSC_FULL_VER = VVRRPPPPP */
+/* _MSC_FULL_VER = VVRRPPPPP */
@@ -342 +342 @@
-    /* _MSC_FULL_VER = VVRRPPPP */
+/* _MSC_FULL_VER = VVRRPPPP */
@@ -350 +350,2 @@
-#elif defined(__VISUALDSPVERSION__) || defined(__ADSPBLACKFIN__) || defined(__ADSPTS__) || defined(__ADSP21000__)
+#elif defined(__VISUALDSPVERSION__) || defined(__ADSPBLACKFIN__) || defined(__ADSPTS__) || \
+  defined(__ADSP21000__)
@@ -353,4 +354,4 @@
-  /* __VISUALDSPVERSION__ = 0xVVRRPP00 */
-# define COMPILER_VERSION_MAJOR HEX(__VISUALDSPVERSION__>>24)
-# define COMPILER_VERSION_MINOR HEX(__VISUALDSPVERSION__>>16 & 0xFF)
-# define COMPILER_VERSION_PATCH HEX(__VISUALDSPVERSION__>>8  & 0xFF)
+/* __VISUALDSPVERSION__ = 0xVVRRPP00 */
+# define COMPILER_VERSION_MAJOR HEX(__VISUALDSPVERSION__ >> 24)
+# define COMPILER_VERSION_MINOR HEX(__VISUALDSPVERSION__ >> 16 & 0xFF)
+# define COMPILER_VERSION_PATCH HEX(__VISUALDSPVERSION__ >> 8 & 0xFF)
@@ -366 +367,3 @@
-# elif defined(__VER__) && (defined(__ICCAVR__) || defined(__ICCRX__) || defined(__ICCRH850__) || defined(__ICCRL78__) || defined(__ICC430__) || defined(__ICCRISCV__) || defined(__ICCV850__) || defined(__ICC8051__) || defined(__ICCSTM8__))
+# elif defined(__VER__) && (defined(__ICCAVR__) || defined(__ICCRX__) || defined(__ICCRH850__) || \
+  defined(__ICCRL78__) || defined(__ICC430__) || defined(__ICCRISCV__) || defined(__ICCV850__) || \
+  defined(__ICC8051__) || defined(__ICCSTM8__))
@@ -368 +371 @@
-#  define COMPILER_VERSION_MINOR DEC((__VER__) - (((__VER__) / 100)*100))
+#  define COMPILER_VERSION_MINOR DEC((__VER__) -(((__VER__) / 100) * 100))
@@ -388 +391 @@
-char const* info_compiler = "INFO" ":" "compiler[" COMPILER_ID "]";
+char const * info_compiler = "INFO" ":" "compiler[" COMPILER_ID "]";
@@ -390 +393 @@
-char const* info_simulate = "INFO" ":" "simulate[" SIMULATE_ID "]";
+char const * info_simulate = "INFO" ":" "simulate[" SIMULATE_ID "]";
@@ -394 +397 @@
-char const* qnxnto = "INFO" ":" "qnxnto[]";
+char const * qnxnto = "INFO" ":" "qnxnto[]";
@@ -398 +401 @@
-char const *info_cray = "INFO" ":" "compiler_wrapper[CrayPrgEnv]";
+char const * info_cray = "INFO" ":" "compiler_wrapper[CrayPrgEnv]";
@@ -641,9 +644,9 @@
-#define DEC(n)                   \
-  ('0' + (((n) / 10000000)%10)), \
-  ('0' + (((n) / 1000000)%10)),  \
-  ('0' + (((n) / 100000)%10)),   \
-  ('0' + (((n) / 10000)%10)),    \
-  ('0' + (((n) / 1000)%10)),     \
-  ('0' + (((n) / 100)%10)),      \
-  ('0' + (((n) / 10)%10)),       \
-  ('0' +  ((n) % 10))
+#define DEC(n) \
+  ('0' + (((n) / 10000000) % 10)), \
+  ('0' + (((n) / 1000000) % 10)), \
+  ('0' + (((n) / 100000) % 10)), \
+  ('0' + (((n) / 10000) % 10)), \
+  ('0' + (((n) / 1000) % 10)), \
+  ('0' + (((n) / 100) % 10)), \
+  ('0' + (((n) / 10) % 10)), \
+  ('0' + ((n) % 10))
@@ -652,9 +655,9 @@
-#define HEX(n)             \
-  ('0' + ((n)>>28 & 0xF)), \
-  ('0' + ((n)>>24 & 0xF)), \
-  ('0' + ((n)>>20 & 0xF)), \
-  ('0' + ((n)>>16 & 0xF)), \
-  ('0' + ((n)>>12 & 0xF)), \
-  ('0' + ((n)>>8  & 0xF)), \
-  ('0' + ((n)>>4  & 0xF)), \
-  ('0' + ((n)     & 0xF))
+#define HEX(n) \
+  ('0' + ((n) >> 28 & 0xF)), \
+  ('0' + ((n) >> 24 & 0xF)), \
+  ('0' + ((n) >> 20 & 0xF)), \
+  ('0' + ((n) >> 16 & 0xF)), \
+  ('0' + ((n) >> 12 & 0xF)), \
+  ('0' + ((n) >> 8 & 0xF)), \
+  ('0' + ((n) >> 4 & 0xF)), \
+  ('0' + ((n) & 0xF))
@@ -664 +667 @@
-char const* info_version = "INFO" ":" "compiler_version[" COMPILER_VERSION "]";
+char const * info_version = "INFO" ":" "compiler_version[" COMPILER_VERSION "]";
@@ -670 +673 @@
-  'c','o','m','p','i','l','e','r','_','v','e','r','s','i','o','n','[',
+  'c', 'o', 'm', 'p', 'i', 'l', 'e', 'r', '_', 'v', 'e', 'r', 's', 'i', 'o', 'n', '[',
@@ -675 +678 @@
-   '.', COMPILER_VERSION_PATCH,
+  '.', COMPILER_VERSION_PATCH,
@@ -677 +680 @@
-    '.', COMPILER_VERSION_TWEAK,
+  '.', COMPILER_VERSION_TWEAK,
@@ -681 +684 @@
-  ']','\0'};
+  ']', '\0'};
@@ -688,3 +691,3 @@
-  'c','o','m','p','i','l','e','r','_','v','e','r','s','i','o','n','_',
-  'i','n','t','e','r','n','a','l','[',
-  COMPILER_VERSION_INTERNAL,']','\0'};
+  'c', 'o', 'm', 'p', 'i', 'l', 'e', 'r', '_', 'v', 'e', 'r', 's', 'i', 'o', 'n', '_',
+  'i', 'n', 't', 'e', 'r', 'n', 'a', 'l', '[',
+  COMPILER_VERSION_INTERNAL, ']', '\0'};
@@ -692 +695,2 @@
-char const* info_version_internal = "INFO" ":" "compiler_version_internal[" COMPILER_VERSION_INTERNAL_STR "]";
+char const * info_version_internal =
+  "INFO" ":" "compiler_version_internal[" COMPILER_VERSION_INTERNAL_STR "]";
@@ -699 +703 @@
-  's','i','m','u','l','a','t','e','_','v','e','r','s','i','o','n','[',
+  's', 'i', 'm', 'u', 'l', 'a', 't', 'e', '_', 'v', 'e', 'r', 's', 'i', 'o', 'n', '[',
@@ -704 +708 @@
-   '.', SIMULATE_VERSION_PATCH,
+  '.', SIMULATE_VERSION_PATCH,
@@ -706 +710 @@
-    '.', SIMULATE_VERSION_TWEAK,
+  '.', SIMULATE_VERSION_TWEAK,
@@ -710 +714 @@
-  ']','\0'};
+  ']', '\0'};
@@ -717,3 +721,2 @@
-char const* info_platform = "INFO" ":" "platform[" PLATFORM_ID "]";
-char const* info_arch = "INFO" ":" "arch[" ARCHITECTURE_ID "]";
-
+char const * info_platform = "INFO" ":" "platform[" PLATFORM_ID "]";
+char const * info_arch = "INFO" ":" "arch[" ARCHITECTURE_ID "]";
@@ -738 +741 @@
-const char* info_language_standard_default = "INFO" ":" "standard_default["
+const char * info_language_standard_default = "INFO" ":" "standard_default["
@@ -752,3 +755,3 @@
-"]";
-
-const char* info_language_extensions_default = "INFO" ":" "extensions_default["
+  "]";
+
+const char * info_language_extensions_default = "INFO" ":" "extensions_default["
@@ -756,2 +759,2 @@
-#if (defined(__clang__) || defined(__GNUC__) ||                               \
-     defined(__TI_COMPILER_VERSION__)) &&                                     \
+#if (defined(__clang__) || defined(__GNUC__) || \
+  defined(__TI_COMPILER_VERSION__)) && \
@@ -763 +766 @@
-"]";
+  "]";
@@ -767 +770 @@
-int main(int argc, char* argv[])
+int main(int argc, char * argv[])

2 files with code style divergence
No code style divergence in file 'src/publisher_member_function.cpp'

No code style divergence in file 'src/subscriber_member_function.cpp'

-- run_test.py: return code 1
-- run_test.py: verify result file '/home/sahruday/Documents/Github/Ros2/src/cpp_pubsub/build/cpp_pubsub/test_results/cpp_pubsub/uncrustify.xunit.xml'
<end of output>
Test time =   0.42 sec
----------------------------------------------------------
Test Failed.
"uncrustify" end time: Nov 04 20:36 EDT
"uncrustify" time elapsed: 00:00:00
----------------------------------------------------------

8/8 Testing: xmllint
8/8 Test: xmllint
Command: "/usr/bin/python3.10" "-u" "/home/sahruday/ros2_humble/install/ament_cmake_test/share/ament_cmake_test/cmake/run_test.py" "/home/sahruday/Documents/Github/Ros2/src/cpp_pubsub/build/cpp_pubsub/test_results/cpp_pubsub/xmllint.xunit.xml" "--package-name" "cpp_pubsub" "--output-file" "/home/sahruday/Documents/Github/Ros2/src/cpp_pubsub/build/cpp_pubsub/ament_xmllint/xmllint.txt" "--command" "/home/sahruday/ros2_humble/install/ament_xmllint/bin/ament_xmllint" "--xunit-file" "/home/sahruday/Documents/Github/Ros2/src/cpp_pubsub/build/cpp_pubsub/test_results/cpp_pubsub/xmllint.xunit.xml"
Directory: /home/sahruday/Documents/Github/Ros2/src/cpp_pubsub
"xmllint" start time: Nov 04 20:36 EDT
Output:
----------------------------------------------------------
-- run_test.py: invoking following command in '/home/sahruday/Documents/Github/Ros2/src/cpp_pubsub':
 - /home/sahruday/ros2_humble/install/ament_xmllint/bin/ament_xmllint --xunit-file /home/sahruday/Documents/Github/Ros2/src/cpp_pubsub/build/cpp_pubsub/test_results/cpp_pubsub/xmllint.xunit.xml
File 'package.xml' is invalid:
/home/sahruday/Documents/Github/Ros2/src/cpp_pubsub/package.xml:18: element depend: Schemas validity error : Element 'depend': This element is not expected.
/home/sahruday/Documents/Github/Ros2/src/cpp_pubsub/package.xml fails to validate

File 'install/cpp_pubsub/share/cpp_pubsub/package.xml' is invalid:
/home/sahruday/Documents/Github/Ros2/src/cpp_pubsub/install/cpp_pubsub/share/cpp_pubsub/package.xml:18: element depend: Schemas validity error : Element 'depend': This element is not expected.
/home/sahruday/Documents/Github/Ros2/src/cpp_pubsub/install/cpp_pubsub/share/cpp_pubsub/package.xml fails to validate

2 files are invalid
File 'build/cpp_pubsub/test_results/cpp_pubsub/copyright.xunit.xml' is valid

File 'build/cpp_pubsub/test_results/cpp_pubsub/cppcheck.xunit.xml' is valid

File 'build/cpp_pubsub/test_results/cpp_pubsub/cpplint.xunit.xml' is valid

File 'build/cpp_pubsub/test_results/cpp_pubsub/flake8.xunit.xml' is valid

File 'build/cpp_pubsub/test_results/cpp_pubsub/lint_cmake.xunit.xml' is valid

File 'build/cpp_pubsub/test_results/cpp_pubsub/pep257.xunit.xml' is valid

File 'build/cpp_pubsub/test_results/cpp_pubsub/uncrustify.xunit.xml' is valid

File 'build/cpp_pubsub/test_results/cpp_pubsub/xmllint.xunit.xml' is valid

-- run_test.py: return code 1
-- run_test.py: verify result file '/home/sahruday/Documents/Github/Ros2/src/cpp_pubsub/build/cpp_pubsub/test_results/cpp_pubsub/xmllint.xunit.xml'
<end of output>
Test time =   1.24 sec
----------------------------------------------------------
Test Failed.
"xmllint" end time: Nov 04 20:36 EDT
"xmllint" time elapsed: 00:00:01
----------------------------------------------------------

End testing: Nov 04 20:36 EDT

copyright =   0.52 sec*proc

cppcheck =   0.36 sec*proc

cpplint =   0.50 sec*proc

flake8 =   0.80 sec*proc

lint_cmake =   0.36 sec*proc

linter =   4.63 sec*proc

pep257 =   0.43 sec*proc

uncrustify =   0.42 sec*proc

xmllint =   1.24 sec*proc

