[0.000000] (-) TimerEvent: {}
[0.000421] (serverpublisher) JobQueued: {'identifier': 'serverpublisher', 'dependencies': OrderedDict([('serverpublisher', '/home/chotu/Beginner_Tutorials_Ros2/install/serverpublisher')])}
[0.000462] (serverpublisher) JobStarted: {'identifier': 'serverpublisher'}
[0.031774] (serverpublisher) Command: {'cmd': ['/usr/bin/ctest', '-C', 'Debug', '-D', 'ExperimentalTest', '--no-compress-output', '-V', '--force-new-ctest-process'], 'cwd': '/home/chotu/Beginner_Tutorials_Ros2/build/serverpublisher', 'env': OrderedDict([('USER', 'chotu'), ('XDG_SESSION_TYPE', 'x11'), ('SHLVL', '1'), ('LD_LIBRARY_PATH', '/home/chotu/Beginner_Tutorials_Ros2/install/serverpublisher/lib:/usr/lib/x86_64-linux-gnu/gazebo-11/plugins:/opt/ros/humble/opt/rviz_ogre_vendor/lib:/opt/ros/humble/lib/x86_64-linux-gnu:/opt/ros/humble/lib'), ('HOME', '/home/chotu'), ('OLDPWD', '/home/chotu'), ('DESKTOP_SESSION', 'ubuntu'), ('ROS_PYTHON_VERSION', '3'), ('GNOME_SHELL_SESSION_MODE', 'ubuntu'), ('GTK_MODULES', 'gail:atk-bridge'), ('SYSTEMD_EXEC_PID', '2746'), ('DBUS_SESSION_BUS_ADDRESS', 'unix:path=/run/user/1000/bus'), ('COLORTERM', 'truecolor'), ('_colcon_cd_root', '/opt/ros/humble/'), ('ROS_DISTRO', 'humble'), ('LOGNAME', 'chotu'), ('_', '/usr/bin/colcon'), ('ROS_VERSION', '2'), ('XDG_SESSION_CLASS', 'user'), ('USERNAME', 'chotu'), ('TERM', 'xterm-256color'), ('GNOME_DESKTOP_SESSION_ID', 'this-is-deprecated'), ('ROS_LOCALHOST_ONLY', '1'), ('WINDOWPATH', '2'), ('PATH', '/opt/ros/humble/bin:/usr/local/sbin:/usr/local/bin:/usr/sbin:/usr/bin:/sbin:/bin:/usr/games:/usr/local/games:/snap/bin:/snap/bin'), ('SESSION_MANAGER', 'local/chotu25:@/tmp/.ICE-unix/2484,unix/chotu25:/tmp/.ICE-unix/2484'), ('XDG_MENU_PREFIX', 'gnome-'), ('GNOME_TERMINAL_SCREEN', '/org/gnome/Terminal/screen/0e008e94_72fb_4fcc_8663_b45e969db978'), ('XDG_RUNTIME_DIR', '/run/user/1000'), ('DISPLAY', ':0'), ('LANG', 'en_US.UTF-8'), ('XDG_CURRENT_DESKTOP', 'ubuntu:GNOME'), ('XMODIFIERS', '@im=ibus'), ('XDG_SESSION_DESKTOP', 'ubuntu'), ('XAUTHORITY', '/run/user/1000/gdm/Xauthority'), ('GNOME_TERMINAL_SERVICE', ':1.97'), ('SSH_AGENT_LAUNCHER', 'gnome-keyring'), ('SSH_AUTH_SOCK', '/run/user/1000/keyring/ssh'), ('AMENT_PREFIX_PATH', '/home/chotu/Beginner_Tutorials_Ros2/install/serverpublisher:/opt/ros/humble'), ('SHELL', '/bin/bash'), ('QT_ACCESSIBILITY', '1'), ('GDMSESSION', 'ubuntu'), ('GPG_AGENT_INFO', '/run/user/1000/gnupg/S.gpg-agent:0:1'), ('QT_IM_MODULE', 'ibus'), ('PWD', '/home/chotu/Beginner_Tutorials_Ros2/build/serverpublisher'), ('LC_ALL', 'en_US.UTF-8'), ('XDG_CONFIG_DIRS', '/etc/xdg/xdg-ubuntu:/etc/xdg'), ('XDG_DATA_DIRS', '/usr/share/ubuntu:/usr/share/gnome:/usr/local/share/:/usr/share/:/var/lib/snapd/desktop'), ('PYTHONPATH', '/home/chotu/Beginner_Tutorials_Ros2/install/serverpublisher/local/lib/python3.10/dist-packages:/opt/ros/humble/lib/python3.10/site-packages:/opt/ros/humble/local/lib/python3.10/dist-packages'), ('COLCON', '1'), ('VTE_VERSION', '6800'), ('CMAKE_PREFIX_PATH', '/home/chotu/Beginner_Tutorials_Ros2/install/serverpublisher')]), 'shell': False}
[0.037522] (serverpublisher) StdoutLine: {'line': b'UpdateCTestConfiguration  from :/home/chotu/Beginner_Tutorials_Ros2/build/serverpublisher/CTestConfiguration.ini\n'}
[0.037724] (serverpublisher) StdoutLine: {'line': b'Parse Config file:/home/chotu/Beginner_Tutorials_Ros2/build/serverpublisher/CTestConfiguration.ini\n'}
[0.037853] (serverpublisher) StdoutLine: {'line': b'   Site: chotu25\n'}
[0.037967] (serverpublisher) StdoutLine: {'line': b'   Build name: (empty)\n'}
[0.038085] (serverpublisher) StdoutLine: {'line': b' Add coverage exclude regular expressions.\n'}
[0.038168] (serverpublisher) StdoutLine: {'line': b'Create new tag: 20221206-2354 - Experimental\n'}
[0.038251] (serverpublisher) StdoutLine: {'line': b'UpdateCTestConfiguration  from :/home/chotu/Beginner_Tutorials_Ros2/build/serverpublisher/CTestConfiguration.ini\n'}
[0.038353] (serverpublisher) StdoutLine: {'line': b'Parse Config file:/home/chotu/Beginner_Tutorials_Ros2/build/serverpublisher/CTestConfiguration.ini\n'}
[0.038476] (serverpublisher) StdoutLine: {'line': b'Test project /home/chotu/Beginner_Tutorials_Ros2/build/serverpublisher\n'}
[0.038554] (serverpublisher) StdoutLine: {'line': b'Constructing a list of tests\n'}
[0.038603] (serverpublisher) StdoutLine: {'line': b'Done constructing a list of tests\n'}
[0.038661] (serverpublisher) StdoutLine: {'line': b'Updating test list for fixtures\n'}
[0.038710] (serverpublisher) StdoutLine: {'line': b'Added 0 tests to meet fixture requirements\n'}
[0.038757] (serverpublisher) StdoutLine: {'line': b'Checking test dependency graph...\n'}
[0.038806] (serverpublisher) StdoutLine: {'line': b'Checking test dependency graph end\n'}
[0.038854] (serverpublisher) StdoutLine: {'line': b'test 1\n'}
[0.038913] (serverpublisher) StdoutLine: {'line': b'    Start 1: test_serverpublisher\n'}
[0.038959] (serverpublisher) StdoutLine: {'line': b'\n'}
[0.039005] (serverpublisher) StdoutLine: {'line': b'1: Test command: /usr/bin/python3.10 "-u" "/opt/ros/humble/share/ament_cmake_test/cmake/run_test.py" "/home/chotu/Beginner_Tutorials_Ros2/build/serverpublisher/test_results/serverpublisher/test_serverpublisher.gtest.xml" "--package-name" "serverpublisher" "--output-file" "/home/chotu/Beginner_Tutorials_Ros2/build/serverpublisher/ament_cmake_gtest/test_serverpublisher.txt" "--command" "/home/chotu/Beginner_Tutorials_Ros2/build/serverpublisher/test_serverpublisher" "--gtest_output=xml:/home/chotu/Beginner_Tutorials_Ros2/build/serverpublisher/test_results/serverpublisher/test_serverpublisher.gtest.xml"\n'}
[0.039058] (serverpublisher) StdoutLine: {'line': b'1: Test timeout computed to be: 60\n'}
[0.072799] (serverpublisher) StdoutLine: {'line': b"1: -- run_test.py: invoking following command in '/home/chotu/Beginner_Tutorials_Ros2/build/serverpublisher':\n"}
[0.072963] (serverpublisher) StdoutLine: {'line': b'1:  - /home/chotu/Beginner_Tutorials_Ros2/build/serverpublisher/test_serverpublisher --gtest_output=xml:/home/chotu/Beginner_Tutorials_Ros2/build/serverpublisher/test_results/serverpublisher/test_serverpublisher.gtest.xml\n'}
[0.088353] (serverpublisher) StdoutLine: {'line': b'1: [==========] Running 1 test from 1 test suite.\n'}
[0.088479] (serverpublisher) StdoutLine: {'line': b'1: [----------] Global test environment set-up.\n'}
[0.088548] (serverpublisher) StdoutLine: {'line': b'1: [----------] 1 test from TestNode\n'}
[0.088604] (serverpublisher) StdoutLine: {'line': b'1: [ RUN      ] TestNode.test_for_publishers\n'}
[0.099520] (-) TimerEvent: {}
[0.099725] (serverpublisher) StdoutLine: {'line': b'1: [       OK ] TestNode.test_for_publishers (12 ms)\n'}
[0.099876] (serverpublisher) StdoutLine: {'line': b'1: [----------] 1 test from TestNode (12 ms total)\n'}
[0.099941] (serverpublisher) StdoutLine: {'line': b'1: \n'}
[0.099996] (serverpublisher) StdoutLine: {'line': b'1: [----------] Global test environment tear-down\n'}
[0.100047] (serverpublisher) StdoutLine: {'line': b'1: [==========] 1 test from 1 test suite ran. (12 ms total)\n'}
[0.100096] (serverpublisher) StdoutLine: {'line': b'1: [  PASSED  ] 1 test.\n'}
[0.199936] (-) TimerEvent: {}
[0.210153] (serverpublisher) StdoutLine: {'line': b'1: -- run_test.py: return code 0\n'}
[0.210328] (serverpublisher) StdoutLine: {'line': b"1: -- run_test.py: inject classname prefix into gtest result file '/home/chotu/Beginner_Tutorials_Ros2/build/serverpublisher/test_results/serverpublisher/test_serverpublisher.gtest.xml'\n"}
[0.210465] (serverpublisher) StdoutLine: {'line': b"1: -- run_test.py: verify result file '/home/chotu/Beginner_Tutorials_Ros2/build/serverpublisher/test_results/serverpublisher/test_serverpublisher.gtest.xml'\n"}
[0.216906] (serverpublisher) StdoutLine: {'line': b'1/2 Test #1: test_serverpublisher .............   Passed    0.18 sec\n'}
[0.217159] (serverpublisher) StdoutLine: {'line': b'test 2\n'}
[0.217249] (serverpublisher) StdoutLine: {'line': b'    Start 2: pep257\n'}
[0.217327] (serverpublisher) StdoutLine: {'line': b'\n'}
[0.217395] (serverpublisher) StdoutLine: {'line': b'2: Test command: /usr/bin/python3.10 "-u" "/opt/ros/humble/share/ament_cmake_test/cmake/run_test.py" "/home/chotu/Beginner_Tutorials_Ros2/build/serverpublisher/test_results/serverpublisher/pep257.xunit.xml" "--package-name" "serverpublisher" "--output-file" "/home/chotu/Beginner_Tutorials_Ros2/build/serverpublisher/ament_pep257/pep257.txt" "--command" "/opt/ros/humble/bin/ament_pep257" "--xunit-file" "/home/chotu/Beginner_Tutorials_Ros2/build/serverpublisher/test_results/serverpublisher/pep257.xunit.xml"\n'}
[0.217494] (serverpublisher) StdoutLine: {'line': b'2: Test timeout computed to be: 60\n'}
[0.250288] (serverpublisher) StdoutLine: {'line': b"2: -- run_test.py: invoking following command in '/home/chotu/Beginner_Tutorials_Ros2':\n"}
[0.250478] (serverpublisher) StdoutLine: {'line': b'2:  - /opt/ros/humble/bin/ament_pep257 --xunit-file /home/chotu/Beginner_Tutorials_Ros2/build/serverpublisher/test_results/serverpublisher/pep257.xunit.xml\n'}
[0.300020] (-) TimerEvent: {}
[0.400266] (-) TimerEvent: {}
[0.500494] (-) TimerEvent: {}
[0.519686] (serverpublisher) StdoutLine: {'line': b'2: Error in file ./vendor/googletest/googlemock/scripts/fuse_gmock_files.py: Cannot parse file.\n'}
[0.600670] (-) TimerEvent: {}
[0.600904] (serverpublisher) StdoutLine: {'line': b'2: checking ./build/serverpublisher/ament_cmake_python/serverpublisher/serverpublisher/__init__.py\n'}
[0.601978] (serverpublisher) StdoutLine: {'line': b'2: checking ./build/serverpublisher/ament_cmake_python/serverpublisher/setup.py\n'}
[0.602070] (serverpublisher) StdoutLine: {'line': b'2: checking ./build/serverpublisher/rosidl_generator_py/serverpublisher/__init__.py\n'}
[0.602128] (serverpublisher) StdoutLine: {'line': b'2: checking ./build/serverpublisher/rosidl_generator_py/serverpublisher/msg/__init__.py\n'}
[0.602186] (serverpublisher) StdoutLine: {'line': b'2: checking ./build/serverpublisher/rosidl_generator_py/serverpublisher/msg/_data.py\n'}
[0.602242] (serverpublisher) StdoutLine: {'line': b'2: checking ./build/serverpublisher/rosidl_generator_py/serverpublisher/msg/_num.py\n'}
[0.602313] (serverpublisher) StdoutLine: {'line': b'2: checking ./build/serverpublisher/rosidl_generator_py/serverpublisher/msg/_sphere.py\n'}
[0.602366] (serverpublisher) StdoutLine: {'line': b'2: checking ./build/serverpublisher/rosidl_generator_py/serverpublisher/srv/__init__.py\n'}
[0.602418] (serverpublisher) StdoutLine: {'line': b'2: checking ./build/serverpublisher/rosidl_generator_py/serverpublisher/srv/_add_three_ints.py\n'}
[0.602470] (serverpublisher) StdoutLine: {'line': b'2: checking ./build/serverpublisher/rosidl_generator_py/serverpublisher/srv/_change_string.py\n'}
[0.602525] (serverpublisher) StdoutLine: {'line': b'2: checking ./install/_local_setup_util_ps1.py\n'}
[0.602583] (serverpublisher) StdoutLine: {'line': b'2: checking ./install/_local_setup_util_sh.py\n'}
[0.602632] (serverpublisher) StdoutLine: {'line': b'2: checking ./install/serverpublisher/local/lib/python3.10/dist-packages/serverpublisher/__init__.py\n'}
[0.602683] (serverpublisher) StdoutLine: {'line': b'2: checking ./install/serverpublisher/local/lib/python3.10/dist-packages/serverpublisher/msg/__init__.py\n'}
[0.602735] (serverpublisher) StdoutLine: {'line': b'2: checking ./install/serverpublisher/local/lib/python3.10/dist-packages/serverpublisher/msg/_data.py\n'}
[0.602785] (serverpublisher) StdoutLine: {'line': b'2: checking ./install/serverpublisher/local/lib/python3.10/dist-packages/serverpublisher/msg/_num.py\n'}
[0.602834] (serverpublisher) StdoutLine: {'line': b'2: checking ./install/serverpublisher/local/lib/python3.10/dist-packages/serverpublisher/msg/_sphere.py\n'}
[0.602883] (serverpublisher) StdoutLine: {'line': b'2: checking ./install/serverpublisher/local/lib/python3.10/dist-packages/serverpublisher/srv/__init__.py\n'}
[0.602931] (serverpublisher) StdoutLine: {'line': b'2: checking ./install/serverpublisher/local/lib/python3.10/dist-packages/serverpublisher/srv/_add_three_ints.py\n'}
[0.602979] (serverpublisher) StdoutLine: {'line': b'2: checking ./install/serverpublisher/local/lib/python3.10/dist-packages/serverpublisher/srv/_change_string.py\n'}
[0.603027] (serverpublisher) StdoutLine: {'line': b'2: checking ./install/serverpublisher/share/serverpublisher/launch/bag_launch.py\n'}
[0.603081] (serverpublisher) StdoutLine: {'line': b'2: checking ./install/serverpublisher/share/serverpublisher/launch/cpp_pubsub_launch.py\n'}
[0.603147] (serverpublisher) StdoutLine: {'line': b'2: checking ./install/serverpublisher/share/serverpublisher/launch/rosbag_launch.py\n'}
[0.603200] (serverpublisher) StdoutLine: {'line': b'2: checking ./launch/bag_launch.py\n'}
[0.603249] (serverpublisher) StdoutLine: {'line': b'2: checking ./launch/cpp_pubsub_launch.py\n'}
[0.603296] (serverpublisher) StdoutLine: {'line': b'2: checking ./launch/rosbag_launch.py\n'}
[0.603343] (serverpublisher) StdoutLine: {'line': b'2: checking ./vendor/googletest/googlemock/scripts/fuse_gmock_files.py\n'}
[0.603393] (serverpublisher) StdoutLine: {'line': b'2: ./vendor/googletest/googlemock/scripts/fuse_gmock_files.py: Cannot parse file.\n'}
[0.603443] (serverpublisher) StdoutLine: {'line': b'2: checking ./vendor/googletest/googlemock/scripts/generator/cpp/__init__.py\n'}
[0.603493] (serverpublisher) StdoutLine: {'line': b'2: checking ./vendor/googletest/googlemock/scripts/generator/cpp/ast.py\n'}
[0.603542] (serverpublisher) StdoutLine: {'line': b"2: ./vendor/googletest/googlemock/scripts/generator/cpp/ast.py:117 in public method `IsDeclaration`: D401: First line should be in imperative mood (perhaps 'Return', not 'Returns')\n"}
[0.603592] (serverpublisher) StdoutLine: {'line': b"2: ./vendor/googletest/googlemock/scripts/generator/cpp/ast.py:121 in public method `IsDefinition`: D401: First line should be in imperative mood (perhaps 'Return', not 'Returns')\n"}
[0.603641] (serverpublisher) StdoutLine: {'line': b"2: ./vendor/googletest/googlemock/scripts/generator/cpp/ast.py:125 in public method `IsExportable`: D401: First line should be in imperative mood (perhaps 'Return', not 'Returns')\n"}
[0.603690] (serverpublisher) StdoutLine: {'line': b"2: ./vendor/googletest/googlemock/scripts/generator/cpp/ast.py:129 in public method `Requires`: D400: First line should end with a period (not '?')\n"}
[0.603737] (serverpublisher) StdoutLine: {'line': b"2: ./vendor/googletest/googlemock/scripts/generator/cpp/ast.py:129 in public method `Requires`: D401: First line should be in imperative mood; try rephrasing (found 'Does')\n"}
[0.603791] (serverpublisher) StdoutLine: {'line': b'2: ./vendor/googletest/googlemock/scripts/generator/cpp/ast.py:414 in public method `__init__`: D205: 1 blank line required between summary line and description (found 0)\n'}
[0.603840] (serverpublisher) StdoutLine: {'line': b"2: ./vendor/googletest/googlemock/scripts/generator/cpp/ast.py:414 in public method `__init__`: D400: First line should end with a period (not ':')\n"}
[0.603888] (serverpublisher) StdoutLine: {'line': b"2: ./vendor/googletest/googlemock/scripts/generator/cpp/ast.py:414 in public method `__init__`: D415: First line should end with a period, question mark, or exclamation point (not ':')\n"}
[0.603937] (serverpublisher) StdoutLine: {'line': b'2: ./vendor/googletest/googlemock/scripts/generator/cpp/ast.py:478 in public method `ToType`: D205: 1 blank line required between summary line and description (found 0)\n'}
[0.603986] (serverpublisher) StdoutLine: {'line': b'2: ./vendor/googletest/googlemock/scripts/generator/cpp/ast.py:478 in public method `ToType`: D213: Multi-line docstring summary should start at the second line\n'}
[0.604034] (serverpublisher) StdoutLine: {'line': b"2: ./vendor/googletest/googlemock/scripts/generator/cpp/ast.py:478 in public method `ToType`: D413: Missing blank line after last section ('Returns')\n"}
[0.604081] (serverpublisher) StdoutLine: {'line': b"2: ./vendor/googletest/googlemock/scripts/generator/cpp/ast.py:478 in public method `ToType`: D407: Missing dashed underline after section ('Returns')\n"}
[0.604129] (serverpublisher) StdoutLine: {'line': b"2: ./vendor/googletest/googlemock/scripts/generator/cpp/ast.py:478 in public method `ToType`: D406: Section name should end with a newline ('Returns', not 'Returns:')\n"}
[0.604192] (serverpublisher) StdoutLine: {'line': b"2: ./vendor/googletest/googlemock/scripts/generator/cpp/ast.py:929 in public method `GetName`: D401: First line should be in imperative mood (perhaps 'Return', not 'Returns')\n"}
[0.604243] (serverpublisher) StdoutLine: {'line': b'2: ./vendor/googletest/googlemock/scripts/generator/cpp/ast.py:1664 in public function `BuilderFromSource`: D213: Multi-line docstring summary should start at the second line\n'}
[0.604292] (serverpublisher) StdoutLine: {'line': b"2: ./vendor/googletest/googlemock/scripts/generator/cpp/ast.py:1664 in public function `BuilderFromSource`: D401: First line should be in imperative mood; try rephrasing (found 'Utility')\n"}
[0.604342] (serverpublisher) StdoutLine: {'line': b"2: ./vendor/googletest/googlemock/scripts/generator/cpp/ast.py:1664 in public function `BuilderFromSource`: D413: Missing blank line after last section ('Returns')\n"}
[0.604391] (serverpublisher) StdoutLine: {'line': b"2: ./vendor/googletest/googlemock/scripts/generator/cpp/ast.py:1664 in public function `BuilderFromSource`: D407: Missing dashed underline after section ('Returns')\n"}
[0.604439] (serverpublisher) StdoutLine: {'line': b"2: ./vendor/googletest/googlemock/scripts/generator/cpp/ast.py:1664 in public function `BuilderFromSource`: D406: Section name should end with a newline ('Returns', not 'Returns:')\n"}
[0.604487] (serverpublisher) StdoutLine: {'line': b'2: ./vendor/googletest/googlemock/scripts/generator/cpp/ast.py:1677 in public function `PrintIndentifiers`: D213: Multi-line docstring summary should start at the second line\n'}
[0.604534] (serverpublisher) StdoutLine: {'line': b"2: ./vendor/googletest/googlemock/scripts/generator/cpp/ast.py:1677 in public function `PrintIndentifiers`: D401: First line should be in imperative mood (perhaps 'Print', not 'Prints')\n"}
[0.604582] (serverpublisher) StdoutLine: {'line': b"2: ./vendor/googletest/googlemock/scripts/generator/cpp/ast.py:1677 in public function `PrintIndentifiers`: D413: Missing blank line after last section ('Args')\n"}
[0.604628] (serverpublisher) StdoutLine: {'line': b"2: ./vendor/googletest/googlemock/scripts/generator/cpp/ast.py:1677 in public function `PrintIndentifiers`: D407: Missing dashed underline after section ('Args')\n"}
[0.604676] (serverpublisher) StdoutLine: {'line': b'2: ./vendor/googletest/googlemock/scripts/generator/cpp/ast.py:1701 in public function `PrintAllIndentifiers`: D213: Multi-line docstring summary should start at the second line\n'}
[0.604723] (serverpublisher) StdoutLine: {'line': b"2: ./vendor/googletest/googlemock/scripts/generator/cpp/ast.py:1701 in public function `PrintAllIndentifiers`: D401: First line should be in imperative mood (perhaps 'Print', not 'Prints')\n"}
[0.604771] (serverpublisher) StdoutLine: {'line': b"2: ./vendor/googletest/googlemock/scripts/generator/cpp/ast.py:1701 in public function `PrintAllIndentifiers`: D413: Missing blank line after last section ('Args')\n"}
[0.604821] (serverpublisher) StdoutLine: {'line': b"2: ./vendor/googletest/googlemock/scripts/generator/cpp/ast.py:1701 in public function `PrintAllIndentifiers`: D407: Missing dashed underline after section ('Args')\n"}
[0.604871] (serverpublisher) StdoutLine: {'line': b'2: checking ./vendor/googletest/googlemock/scripts/generator/cpp/gmock_class.py\n'}
[0.604920] (serverpublisher) StdoutLine: {'line': b'2: ./vendor/googletest/googlemock/scripts/generator/cpp/gmock_class.py:17 at module level: D213: Multi-line docstring summary should start at the second line\n'}
[0.604974] (serverpublisher) StdoutLine: {'line': b'2: checking ./vendor/googletest/googlemock/scripts/generator/cpp/gmock_class_test.py\n'}
[0.605025] (serverpublisher) StdoutLine: {'line': b'2: checking ./vendor/googletest/googlemock/scripts/generator/cpp/keywords.py\n'}
[0.605074] (serverpublisher) StdoutLine: {'line': b'2: checking ./vendor/googletest/googlemock/scripts/generator/cpp/tokenize.py\n'}
[0.605122] (serverpublisher) StdoutLine: {'line': b'2: ./vendor/googletest/googlemock/scripts/generator/cpp/tokenize.py:65 in public class `Token`: D213: Multi-line docstring summary should start at the second line\n'}
[0.605176] (serverpublisher) StdoutLine: {'line': b'2: ./vendor/googletest/googlemock/scripts/generator/cpp/tokenize.py:120 in public function `GetTokens`: D213: Multi-line docstring summary should start at the second line\n'}
[0.605225] (serverpublisher) StdoutLine: {'line': b"2: ./vendor/googletest/googlemock/scripts/generator/cpp/tokenize.py:120 in public function `GetTokens`: D401: First line should be in imperative mood (perhaps 'Return', not 'Returns')\n"}
[0.605274] (serverpublisher) StdoutLine: {'line': b"2: ./vendor/googletest/googlemock/scripts/generator/cpp/tokenize.py:120 in public function `GetTokens`: D413: Missing blank line after last section ('Yields')\n"}
[0.615919] (serverpublisher) StdoutLine: {'line': b"2: ./vendor/googletest/googlemock/scripts/generator/cpp/tokenize.py:120 in public function `GetTokens`: D407: Missing dashed underline after section ('Yields')Error in file ./vendor/googletest/googlemock/scripts/upload.py: Cannot parse file.\n"}
[0.624938] (serverpublisher) StdoutLine: {'line': b'2: \n'}
[0.625111] (serverpublisher) StdoutLine: {'line': b"2: ./vendor/googletest/googlemock/scripts/generator/cpp/tokenize.py:120 in public function `GetTokens`: D406: Section name should end with a newline ('Yields', not 'Yields:')\n"}
[0.625178] (serverpublisher) StdoutLine: {'line': b'2: checking ./vendor/googletest/googlemock/scripts/generator/cpp/utils.py\n'}
[0.625244] (serverpublisher) StdoutLine: {'line': b"2: ./vendor/googletest/googlemock/scripts/generator/cpp/utils.py:31 in public function `ReadFile`: D401: First line should be in imperative mood (perhaps 'Return', not 'Returns')\n"}
[0.625301] (serverpublisher) StdoutLine: {'line': b'2: checking ./vendor/googletest/googlemock/scripts/generator/gmock_gen.py\n'}
[0.625356] (serverpublisher) StdoutLine: {'line': b'2: checking ./vendor/googletest/googlemock/scripts/gmock_doctor.py\n'}
[0.625407] (serverpublisher) StdoutLine: {'line': b'2: ./vendor/googletest/googlemock/scripts/gmock_doctor.py:138 in private function `_FindAllMatches`: D202: No blank lines allowed after function docstring (found 1)\n'}
[0.625459] (serverpublisher) StdoutLine: {'line': b"2: ./vendor/googletest/googlemock/scripts/gmock_doctor.py:138 in private function `_FindAllMatches`: D401: First line should be in imperative mood (perhaps 'Generate', not 'Generates')\n"}
[0.625516] (serverpublisher) StdoutLine: {'line': b'2: ./vendor/googletest/googlemock/scripts/gmock_doctor.py:145 in private function `_GenericDiagnoser`: D213: Multi-line docstring summary should start at the second line\n'}
[0.625571] (serverpublisher) StdoutLine: {'line': b"2: ./vendor/googletest/googlemock/scripts/gmock_doctor.py:145 in private function `_GenericDiagnoser`: D413: Missing blank line after last section ('Yields')\n"}
[0.625624] (serverpublisher) StdoutLine: {'line': b"2: ./vendor/googletest/googlemock/scripts/gmock_doctor.py:145 in private function `_GenericDiagnoser`: D411: Missing blank line before section ('Yields')\n"}
[0.625666] (serverpublisher) StdoutLine: {'line': b"2: ./vendor/googletest/googlemock/scripts/gmock_doctor.py:145 in private function `_GenericDiagnoser`: D407: Missing dashed underline after section ('Yields')\n"}
[0.625707] (serverpublisher) StdoutLine: {'line': b"2: ./vendor/googletest/googlemock/scripts/gmock_doctor.py:145 in private function `_GenericDiagnoser`: D406: Section name should end with a newline ('Yields', not 'Yields:')\n"}
[0.625748] (serverpublisher) StdoutLine: {'line': b'2: ./vendor/googletest/googlemock/scripts/gmock_doctor.py:167 in private function `_NeedToReturnReferenceDiagnoser`: D202: No blank lines allowed after function docstring (found 1)\n'}
[0.625788] (serverpublisher) StdoutLine: {'line': b'2: ./vendor/googletest/googlemock/scripts/gmock_doctor.py:192 in private function `_NeedToReturnSomethingDiagnoser`: D202: No blank lines allowed after function docstring (found 1)\n'}
[0.625828] (serverpublisher) StdoutLine: {'line': b'2: ./vendor/googletest/googlemock/scripts/gmock_doctor.py:219 in private function `_NeedToReturnNothingDiagnoser`: D202: No blank lines allowed after function docstring (found 1)\n'}
[0.625874] (serverpublisher) StdoutLine: {'line': b'2: ./vendor/googletest/googlemock/scripts/gmock_doctor.py:256 in private function `_IncompleteByReferenceArgumentDiagnoser`: D202: No blank lines allowed after function docstring (found 1)\n'}
[0.625915] (serverpublisher) StdoutLine: {'line': b'2: ./vendor/googletest/googlemock/scripts/gmock_doctor.py:283 in private function `_OverloadedFunctionMatcherDiagnoser`: D202: No blank lines allowed after function docstring (found 1)\n'}
[0.625957] (serverpublisher) StdoutLine: {'line': b'2: ./vendor/googletest/googlemock/scripts/gmock_doctor.py:304 in private function `_OverloadedFunctionActionDiagnoser`: D202: No blank lines allowed after function docstring (found 1)\n'}
[0.625997] (serverpublisher) StdoutLine: {'line': b'2: ./vendor/googletest/googlemock/scripts/gmock_doctor.py:329 in private function `_OverloadedMethodActionDiagnoser`: D202: No blank lines allowed after function docstring (found 1)\n'}
[0.626036] (serverpublisher) StdoutLine: {'line': b'2: ./vendor/googletest/googlemock/scripts/gmock_doctor.py:358 in private function `_MockObjectPointerDiagnoser`: D202: No blank lines allowed after function docstring (found 1)\n'}
[0.626075] (serverpublisher) StdoutLine: {'line': b'2: ./vendor/googletest/googlemock/scripts/gmock_doctor.py:397 in private function `_NeedToUseSymbolDiagnoser`: D202: No blank lines allowed after function docstring (found 1)\n'}
[0.626117] (serverpublisher) StdoutLine: {'line': b'2: ./vendor/googletest/googlemock/scripts/gmock_doctor.py:417 in private function `_NeedToUseReturnNullDiagnoser`: D202: No blank lines allowed after function docstring (found 1)\n'}
[0.626157] (serverpublisher) StdoutLine: {'line': b'2: ./vendor/googletest/googlemock/scripts/gmock_doctor.py:443 in private function `_TypeInTemplatedBaseDiagnoser`: D202: No blank lines allowed after function docstring (found 1)\n'}
[0.626197] (serverpublisher) StdoutLine: {'line': b'2: ./vendor/googletest/googlemock/scripts/gmock_doctor.py:512 in private function `_WrongMockMethodMacroDiagnoser`: D202: No blank lines allowed after function docstring (found 1)\n'}
[0.626238] (serverpublisher) StdoutLine: {'line': b'2: ./vendor/googletest/googlemock/scripts/gmock_doctor.py:540 in private function `_WrongParenPositionDiagnoser`: D202: No blank lines allowed after function docstring (found 1)\n'}
[0.626278] (serverpublisher) StdoutLine: {'line': b'2: ./vendor/googletest/googlemock/scripts/gmock_doctor.py:578 in public function `Diagnose`: D202: No blank lines allowed after function docstring (found 1)\n'}
[0.626317] (serverpublisher) StdoutLine: {'line': b"2: ./vendor/googletest/googlemock/scripts/gmock_doctor.py:578 in public function `Diagnose`: D401: First line should be in imperative mood (perhaps 'Generate', not 'Generates')\n"}
[0.626365] (serverpublisher) StdoutLine: {'line': b'2: checking ./vendor/googletest/googlemock/scripts/upload.py\n'}
[0.626407] (serverpublisher) StdoutLine: {'line': b'2: ./vendor/googletest/googlemock/scripts/upload.py: Cannot parse file.\n'}
[0.626448] (serverpublisher) StdoutLine: {'line': b'2: checking ./vendor/googletest/googlemock/scripts/upload_gmock.py\n'}
[0.626487] (serverpublisher) StdoutLine: {'line': b'2: ./vendor/googletest/googlemock/scripts/upload_gmock.py:32 at module level: D213: Multi-line docstring summary should start at the second line\n'}
[0.626526] (serverpublisher) StdoutLine: {'line': b'2: checking ./vendor/googletest/googlemock/test/gmock_leak_test.py\n'}
[0.626565] (serverpublisher) StdoutLine: {'line': b'2: checking ./vendor/googletest/googlemock/test/gmock_output_test.py\n'}
[0.626604] (serverpublisher) StdoutLine: {'line': b'2: ./vendor/googletest/googlemock/test/gmock_output_test.py:32 at module level: D213: Multi-line docstring summary should start at the second line\n'}
[0.626643] (serverpublisher) StdoutLine: {'line': b'2: ./vendor/googletest/googlemock/test/gmock_output_test.py:60 in public function `ToUnixLineEnding`: D202: No blank lines allowed after function docstring (found 1)\n'}
[0.626687] (serverpublisher) StdoutLine: {'line': b"2: ./vendor/googletest/googlemock/test/gmock_output_test.py:60 in public function `ToUnixLineEnding`: D401: First line should be in imperative mood (perhaps 'Change', not 'Changes')\n"}
[0.626727] (serverpublisher) StdoutLine: {'line': b'2: ./vendor/googletest/googlemock/test/gmock_output_test.py:66 in public function `RemoveReportHeaderAndFooter`: D202: No blank lines allowed after function docstring (found 1)\n'}
[0.626767] (serverpublisher) StdoutLine: {'line': b"2: ./vendor/googletest/googlemock/test/gmock_output_test.py:66 in public function `RemoveReportHeaderAndFooter`: D401: First line should be in imperative mood (perhaps 'Remove', not 'Removes')\n"}
[0.626809] (serverpublisher) StdoutLine: {'line': b'2: ./vendor/googletest/googlemock/test/gmock_output_test.py:77 in public function `RemoveLocations`: D202: No blank lines allowed after function docstring (found 1)\n'}
[0.626850] (serverpublisher) StdoutLine: {'line': b'2: ./vendor/googletest/googlemock/test/gmock_output_test.py:77 in public function `RemoveLocations`: D213: Multi-line docstring summary should start at the second line\n'}
[0.626889] (serverpublisher) StdoutLine: {'line': b'2: ./vendor/googletest/googlemock/test/gmock_output_test.py:77 in public function `RemoveLocations`: D301: Use r""" if any backslashes in a docstring\n'}
[0.626928] (serverpublisher) StdoutLine: {'line': b"2: ./vendor/googletest/googlemock/test/gmock_output_test.py:77 in public function `RemoveLocations`: D401: First line should be in imperative mood (perhaps 'Remove', not 'Removes')\n"}
[0.626971] (serverpublisher) StdoutLine: {'line': b"2: ./vendor/googletest/googlemock/test/gmock_output_test.py:77 in public function `RemoveLocations`: D413: Missing blank line after last section ('Returns')\n"}
[0.627012] (serverpublisher) StdoutLine: {'line': b"2: ./vendor/googletest/googlemock/test/gmock_output_test.py:77 in public function `RemoveLocations`: D407: Missing dashed underline after section ('Returns')\n"}
[0.627051] (serverpublisher) StdoutLine: {'line': b"2: ./vendor/googletest/googlemock/test/gmock_output_test.py:77 in public function `RemoveLocations`: D406: Section name should end with a newline ('Returns', not 'Returns:')\n"}
[0.627090] (serverpublisher) StdoutLine: {'line': b'2: ./vendor/googletest/googlemock/test/gmock_output_test.py:93 in public function `NormalizeErrorMarker`: D202: No blank lines allowed after function docstring (found 1)\n'}
[0.627160] (serverpublisher) StdoutLine: {'line': b"2: ./vendor/googletest/googlemock/test/gmock_output_test.py:93 in public function `NormalizeErrorMarker`: D401: First line should be in imperative mood (perhaps 'Normalize', not 'Normalizes')\n"}
[0.627202] (serverpublisher) StdoutLine: {'line': b'2: ./vendor/googletest/googlemock/test/gmock_output_test.py:99 in public function `RemoveMemoryAddresses`: D202: No blank lines allowed after function docstring (found 1)\n'}
[0.627242] (serverpublisher) StdoutLine: {'line': b"2: ./vendor/googletest/googlemock/test/gmock_output_test.py:99 in public function `RemoveMemoryAddresses`: D401: First line should be in imperative mood (perhaps 'Remove', not 'Removes')\n"}
[0.627282] (serverpublisher) StdoutLine: {'line': b'2: ./vendor/googletest/googlemock/test/gmock_output_test.py:105 in public function `RemoveTestNamesOfLeakedMocks`: D202: No blank lines allowed after function docstring (found 1)\n'}
[0.627333] (serverpublisher) StdoutLine: {'line': b"2: ./vendor/googletest/googlemock/test/gmock_output_test.py:105 in public function `RemoveTestNamesOfLeakedMocks`: D401: First line should be in imperative mood (perhaps 'Remove', not 'Removes')\n"}
[0.627374] (serverpublisher) StdoutLine: {'line': b'2: ./vendor/googletest/googlemock/test/gmock_output_test.py:111 in public function `GetLeakyTests`: D202: No blank lines allowed after function docstring (found 1)\n'}
[0.636224] (serverpublisher) StdoutLine: {'line': b"2: ./vendor/googletest/googlemock/test/gmock_output_test.py:111 in public function `GetLeakyTests`: D401: First line should be in imperative mood (perhaps 'Return', not 'Returns')\n"}
[0.636454] (serverpublisher) StdoutLine: {'line': b'2: ./vendor/googletest/googlemock/test/gmock_output_test.py:120 in public function `GetNormalizedOutputAndLeakyTests`: D202: No blank lines allowed after function docstring (found 1)\n'}
[0.636529] (serverpublisher) StdoutLine: {'line': b'2: ./vendor/googletest/googlemock/test/gmock_output_test.py:120 in public function `GetNormalizedOutputAndLeakyTests`: D213: Multi-line docstring summary should start at the second line\n'}
[0.636590] (serverpublisher) StdoutLine: {'line': b"2: ./vendor/googletest/googlemock/test/gmock_output_test.py:120 in public function `GetNormalizedOutputAndLeakyTests`: D401: First line should be in imperative mood (perhaps 'Normalize', not 'Normalizes')\n"}
[0.636646] (serverpublisher) StdoutLine: {'line': b"2: ./vendor/googletest/googlemock/test/gmock_output_test.py:120 in public function `GetNormalizedOutputAndLeakyTests`: D413: Missing blank line after last section ('Returns')\n"}
[0.636700] (serverpublisher) StdoutLine: {'line': b"2: ./vendor/googletest/googlemock/test/gmock_output_test.py:120 in public function `GetNormalizedOutputAndLeakyTests`: D407: Missing dashed underline after section ('Returns')\n"}
[0.636750] (serverpublisher) StdoutLine: {'line': b"2: ./vendor/googletest/googlemock/test/gmock_output_test.py:120 in public function `GetNormalizedOutputAndLeakyTests`: D406: Section name should end with a newline ('Returns', not 'Returns:')\n"}
[0.636800] (serverpublisher) StdoutLine: {'line': b'2: ./vendor/googletest/googlemock/test/gmock_output_test.py:139 in public function `GetShellCommandOutput`: D202: No blank lines allowed after function docstring (found 1)\n'}
[0.636849] (serverpublisher) StdoutLine: {'line': b"2: ./vendor/googletest/googlemock/test/gmock_output_test.py:139 in public function `GetShellCommandOutput`: D401: First line should be in imperative mood (perhaps 'Run', not 'Runs')\n"}
[0.636899] (serverpublisher) StdoutLine: {'line': b'2: ./vendor/googletest/googlemock/test/gmock_output_test.py:145 in public function `GetNormalizedCommandOutputAndLeakyTests`: D202: No blank lines allowed after function docstring (found 1)\n'}
[0.636955] (serverpublisher) StdoutLine: {'line': b'2: ./vendor/googletest/googlemock/test/gmock_output_test.py:145 in public function `GetNormalizedCommandOutputAndLeakyTests`: D213: Multi-line docstring summary should start at the second line\n'}
[0.637003] (serverpublisher) StdoutLine: {'line': b"2: ./vendor/googletest/googlemock/test/gmock_output_test.py:145 in public function `GetNormalizedCommandOutputAndLeakyTests`: D401: First line should be in imperative mood (perhaps 'Run', not 'Runs')\n"}
[0.637059] (serverpublisher) StdoutLine: {'line': b"2: ./vendor/googletest/googlemock/test/gmock_output_test.py:145 in public function `GetNormalizedCommandOutputAndLeakyTests`: D413: Missing blank line after last section ('Args')\n"}
[0.637115] (serverpublisher) StdoutLine: {'line': b"2: ./vendor/googletest/googlemock/test/gmock_output_test.py:145 in public function `GetNormalizedCommandOutputAndLeakyTests`: D407: Missing dashed underline after section ('Args')\n"}
[0.637166] (serverpublisher) StdoutLine: {'line': b'2: checking ./vendor/googletest/googlemock/test/gmock_test_utils.py\n'}
[0.637217] (serverpublisher) StdoutLine: {'line': b'2: ./vendor/googletest/googlemock/test/gmock_test_utils.py:55 in public function `GetSourceDir`: D202: No blank lines allowed after function docstring (found 1)\n'}
[0.637268] (serverpublisher) StdoutLine: {'line': b"2: ./vendor/googletest/googlemock/test/gmock_test_utils.py:55 in public function `GetSourceDir`: D401: First line should be in imperative mood (perhaps 'Return', not 'Returns')\n"}
[0.637324] (serverpublisher) StdoutLine: {'line': b'2: ./vendor/googletest/googlemock/test/gmock_test_utils.py:61 in public function `GetTestExecutablePath`: D202: No blank lines allowed after function docstring (found 1)\n'}
[0.637381] (serverpublisher) StdoutLine: {'line': b'2: ./vendor/googletest/googlemock/test/gmock_test_utils.py:61 in public function `GetTestExecutablePath`: D213: Multi-line docstring summary should start at the second line\n'}
[0.637436] (serverpublisher) StdoutLine: {'line': b"2: ./vendor/googletest/googlemock/test/gmock_test_utils.py:61 in public function `GetTestExecutablePath`: D401: First line should be in imperative mood (perhaps 'Return', not 'Returns')\n"}
[0.637486] (serverpublisher) StdoutLine: {'line': b"2: ./vendor/googletest/googlemock/test/gmock_test_utils.py:61 in public function `GetTestExecutablePath`: D413: Missing blank line after last section ('Returns')\n"}
[0.637534] (serverpublisher) StdoutLine: {'line': b"2: ./vendor/googletest/googlemock/test/gmock_test_utils.py:61 in public function `GetTestExecutablePath`: D407: Missing dashed underline after section ('Returns')\n"}
[0.637582] (serverpublisher) StdoutLine: {'line': b"2: ./vendor/googletest/googlemock/test/gmock_test_utils.py:61 in public function `GetTestExecutablePath`: D406: Section name should end with a newline ('Returns', not 'Returns:')\n"}
[0.637631] (serverpublisher) StdoutLine: {'line': b'2: ./vendor/googletest/googlemock/test/gmock_test_utils.py:77 in public function `GetExitStatus`: D202: No blank lines allowed after function docstring (found 1)\n'}
[0.637671] (serverpublisher) StdoutLine: {'line': b'2: ./vendor/googletest/googlemock/test/gmock_test_utils.py:77 in public function `GetExitStatus`: D213: Multi-line docstring summary should start at the second line\n'}
[0.637849] (serverpublisher) StdoutLine: {'line': b"2: ./vendor/googletest/googlemock/test/gmock_test_utils.py:77 in public function `GetExitStatus`: D401: First line should be in imperative mood (perhaps 'Return', not 'Returns')\n"}
[0.637893] (serverpublisher) StdoutLine: {'line': b"2: ./vendor/googletest/googlemock/test/gmock_test_utils.py:77 in public function `GetExitStatus`: D413: Missing blank line after last section ('Args')\n"}
[0.637935] (serverpublisher) StdoutLine: {'line': b"2: ./vendor/googletest/googlemock/test/gmock_test_utils.py:77 in public function `GetExitStatus`: D407: Missing dashed underline after section ('Args')\n"}
[0.637975] (serverpublisher) StdoutLine: {'line': b'2: ./vendor/googletest/googlemock/test/gmock_test_utils.py:110 in public function `Main`: D202: No blank lines allowed after function docstring (found 1)\n'}
[0.638014] (serverpublisher) StdoutLine: {'line': b"2: ./vendor/googletest/googlemock/test/gmock_test_utils.py:110 in public function `Main`: D401: First line should be in imperative mood (perhaps 'Run', not 'Runs')\n"}
[0.638052] (serverpublisher) StdoutLine: {'line': b'2: checking ./vendor/googletest/googletest/scripts/common.py\n'}
[0.638091] (serverpublisher) StdoutLine: {'line': b'2: ./vendor/googletest/googletest/scripts/common.py:47 in public function `GetCommandOutput`: D202: No blank lines allowed after function docstring (found 1)\n'}
[0.638129] (serverpublisher) StdoutLine: {'line': b"2: ./vendor/googletest/googletest/scripts/common.py:47 in public function `GetCommandOutput`: D401: First line should be in imperative mood (perhaps 'Run', not 'Runs')\n"}
[0.638168] (serverpublisher) StdoutLine: {'line': b'2: ./vendor/googletest/googletest/scripts/common.py:56 in public function `GetSvnInfo`: D202: No blank lines allowed after function docstring (found 1)\n'}
[0.638206] (serverpublisher) StdoutLine: {'line': b"2: ./vendor/googletest/googletest/scripts/common.py:56 in public function `GetSvnInfo`: D401: First line should be in imperative mood (perhaps 'Return', not 'Returns')\n"}
[0.638244] (serverpublisher) StdoutLine: {'line': b'2: ./vendor/googletest/googletest/scripts/common.py:70 in public function `GetSvnTrunk`: D202: No blank lines allowed after function docstring (found 1)\n'}
[0.638286] (serverpublisher) StdoutLine: {'line': b"2: ./vendor/googletest/googletest/scripts/common.py:70 in public function `GetSvnTrunk`: D401: First line should be in imperative mood (perhaps 'Return', not 'Returns')\n"}
[0.638331] (serverpublisher) StdoutLine: {'line': b'2: checking ./vendor/googletest/googletest/scripts/fuse_gtest_files.py\n'}
[0.638370] (serverpublisher) StdoutLine: {'line': b'2: ./vendor/googletest/googletest/scripts/fuse_gtest_files.py:32 at module level: D205: 1 blank line required between summary line and description (found 0)\n'}
[0.638408] (serverpublisher) StdoutLine: {'line': b'2: ./vendor/googletest/googletest/scripts/fuse_gtest_files.py:32 at module level: D213: Multi-line docstring summary should start at the second line\n'}
[0.638447] (serverpublisher) StdoutLine: {'line': b"2: ./vendor/googletest/googletest/scripts/fuse_gtest_files.py:32 at module level: D400: First line should end with a period (not '0')\n"}
[0.638485] (serverpublisher) StdoutLine: {'line': b"2: ./vendor/googletest/googletest/scripts/fuse_gtest_files.py:32 at module level: D415: First line should end with a period, question mark, or exclamation point (not '0')\n"}
[0.638524] (serverpublisher) StdoutLine: {'line': b"2: ./vendor/googletest/googletest/scripts/fuse_gtest_files.py:32 at module level: D405: Section name should be properly capitalized ('Examples', not 'EXAMPLES')\n"}
[0.638562] (serverpublisher) StdoutLine: {'line': b"2: ./vendor/googletest/googletest/scripts/fuse_gtest_files.py:32 at module level: D413: Missing blank line after last section ('Examples')\n"}
[0.638599] (serverpublisher) StdoutLine: {'line': b"2: ./vendor/googletest/googletest/scripts/fuse_gtest_files.py:32 at module level: D407: Missing dashed underline after section ('Examples')\n"}
[0.638681] (serverpublisher) StdoutLine: {'line': b'2: ./vendor/googletest/googletest/scripts/fuse_gtest_files.py:90 in public function `VerifyFileExists`: D202: No blank lines allowed after function docstring (found 1)\n'}
[0.638728] (serverpublisher) StdoutLine: {'line': b'2: ./vendor/googletest/googletest/scripts/fuse_gtest_files.py:90 in public function `VerifyFileExists`: D213: Multi-line docstring summary should start at the second line\n'}
[0.638768] (serverpublisher) StdoutLine: {'line': b"2: ./vendor/googletest/googletest/scripts/fuse_gtest_files.py:90 in public function `VerifyFileExists`: D401: First line should be in imperative mood (perhaps 'Verify', not 'Verifies')\n"}
[0.638820] (serverpublisher) StdoutLine: {'line': b'2: ./vendor/googletest/googletest/scripts/fuse_gtest_files.py:104 in public function `ValidateGTestRootDir`: D202: No blank lines allowed after function docstring (found 1)\n'}
[0.638860] (serverpublisher) StdoutLine: {'line': b'2: ./vendor/googletest/googletest/scripts/fuse_gtest_files.py:104 in public function `ValidateGTestRootDir`: D213: Multi-line docstring summary should start at the second line\n'}
[0.638899] (serverpublisher) StdoutLine: {'line': b'2: Error in file ./vendor/googletest/googletest/scripts/gen_gtest_pred_impl.py: Cannot parse file.\n'}
[0.639899] (serverpublisher) StdoutLine: {'line': b'2: Error in file ./vendor/googletest/googletest/scripts/pump.py: Cannot parse file.\n'}
[0.640328] (serverpublisher) StdoutLine: {'line': b'2: Error in file ./vendor/googletest/googletest/scripts/release_docs.py: Cannot parse file.\n'}
[0.640940] (serverpublisher) StdoutLine: {'line': b'2: Error in file ./vendor/googletest/googletest/scripts/upload.py: Cannot parse file.\n'}
[0.653090] (serverpublisher) StdoutLine: {'line': b"2: ./vendor/googletest/googletest/scripts/fuse_gtest_files.py:104 in public function `ValidateGTestRootDir`: D401: First line should be in imperative mood (perhaps 'Make', not 'Makes')\n"}
[0.653363] (serverpublisher) StdoutLine: {'line': b'2: ./vendor/googletest/googletest/scripts/fuse_gtest_files.py:114 in public function `VerifyOutputFile`: D202: No blank lines allowed after function docstring (found 1)\n'}
[0.653436] (serverpublisher) StdoutLine: {'line': b'2: ./vendor/googletest/googletest/scripts/fuse_gtest_files.py:114 in public function `VerifyOutputFile`: D213: Multi-line docstring summary should start at the second line\n'}
[0.653511] (serverpublisher) StdoutLine: {'line': b"2: ./vendor/googletest/googletest/scripts/fuse_gtest_files.py:114 in public function `VerifyOutputFile`: D401: First line should be in imperative mood (perhaps 'Verify', not 'Verifies')\n"}
[0.653573] (serverpublisher) StdoutLine: {'line': b'2: ./vendor/googletest/googletest/scripts/fuse_gtest_files.py:140 in public function `ValidateOutputDir`: D202: No blank lines allowed after function docstring (found 1)\n'}
[0.653626] (serverpublisher) StdoutLine: {'line': b'2: ./vendor/googletest/googletest/scripts/fuse_gtest_files.py:140 in public function `ValidateOutputDir`: D213: Multi-line docstring summary should start at the second line\n'}
[0.653668] (serverpublisher) StdoutLine: {'line': b"2: ./vendor/googletest/googletest/scripts/fuse_gtest_files.py:140 in public function `ValidateOutputDir`: D401: First line should be in imperative mood (perhaps 'Make', not 'Makes')\n"}
[0.653714] (serverpublisher) StdoutLine: {'line': b'2: ./vendor/googletest/googletest/scripts/fuse_gtest_files.py:150 in public function `FuseGTestH`: D202: No blank lines allowed after function docstring (found 1)\n'}
[0.653760] (serverpublisher) StdoutLine: {'line': b"2: ./vendor/googletest/googletest/scripts/fuse_gtest_files.py:150 in public function `FuseGTestH`: D401: First line should be in imperative mood (perhaps 'Scan', not 'Scans')\n"}
[0.653804] (serverpublisher) StdoutLine: {'line': b'2: ./vendor/googletest/googletest/scripts/fuse_gtest_files.py:156 in private nested function `ProcessFile`: D202: No blank lines allowed after function docstring (found 1)\n'}
[0.653845] (serverpublisher) StdoutLine: {'line': b"2: ./vendor/googletest/googletest/scripts/fuse_gtest_files.py:156 in private nested function `ProcessFile`: D401: First line should be in imperative mood (perhaps 'Process', not 'Processes')\n"}
[0.653885] (serverpublisher) StdoutLine: {'line': b'2: ./vendor/googletest/googletest/scripts/fuse_gtest_files.py:179 in public function `FuseGTestAllCcToFile`: D202: No blank lines allowed after function docstring (found 1)\n'}
[0.653925] (serverpublisher) StdoutLine: {'line': b"2: ./vendor/googletest/googletest/scripts/fuse_gtest_files.py:179 in public function `FuseGTestAllCcToFile`: D401: First line should be in imperative mood (perhaps 'Scan', not 'Scans')\n"}
[0.653966] (serverpublisher) StdoutLine: {'line': b'2: ./vendor/googletest/googletest/scripts/fuse_gtest_files.py:184 in private nested function `ProcessFile`: D202: No blank lines allowed after function docstring (found 1)\n'}
[0.654007] (serverpublisher) StdoutLine: {'line': b"2: ./vendor/googletest/googletest/scripts/fuse_gtest_files.py:184 in private nested function `ProcessFile`: D401: First line should be in imperative mood (perhaps 'Process', not 'Processes')\n"}
[0.654049] (serverpublisher) StdoutLine: {'line': b'2: ./vendor/googletest/googletest/scripts/fuse_gtest_files.py:222 in public function `FuseGTestAllCc`: D202: No blank lines allowed after function docstring (found 1)\n'}
[0.654092] (serverpublisher) StdoutLine: {'line': b"2: ./vendor/googletest/googletest/scripts/fuse_gtest_files.py:222 in public function `FuseGTestAllCc`: D401: First line should be in imperative mood (perhaps 'Scan', not 'Scans')\n"}
[0.654133] (serverpublisher) StdoutLine: {'line': b'2: ./vendor/googletest/googletest/scripts/fuse_gtest_files.py:230 in public function `FuseGTest`: D202: No blank lines allowed after function docstring (found 1)\n'}
[0.654172] (serverpublisher) StdoutLine: {'line': b'2: checking ./vendor/googletest/googletest/scripts/gen_gtest_pred_impl.py\n'}
[0.654211] (serverpublisher) StdoutLine: {'line': b'2: ./vendor/googletest/googletest/scripts/gen_gtest_pred_impl.py: Cannot parse file.\n'}
[0.654249] (serverpublisher) StdoutLine: {'line': b'2: checking ./vendor/googletest/googletest/scripts/pump.py\n'}
[0.654289] (serverpublisher) StdoutLine: {'line': b'2: ./vendor/googletest/googletest/scripts/pump.py: Cannot parse file.\n'}
[0.654328] (serverpublisher) StdoutLine: {'line': b'2: checking ./vendor/googletest/googletest/scripts/release_docs.py\n'}
[0.654368] (serverpublisher) StdoutLine: {'line': b'2: ./vendor/googletest/googletest/scripts/release_docs.py: Cannot parse file.\n'}
[0.654428] (serverpublisher) StdoutLine: {'line': b'2: checking ./vendor/googletest/googletest/scripts/upload.py\n'}
[0.654468] (serverpublisher) StdoutLine: {'line': b'2: ./vendor/googletest/googletest/scripts/upload.py: Cannot parse file.\n'}
[0.654507] (serverpublisher) StdoutLine: {'line': b'2: checking ./vendor/googletest/googletest/scripts/upload_gtest.py\n'}
[0.654545] (serverpublisher) StdoutLine: {'line': b'2: ./vendor/googletest/googletest/scripts/upload_gtest.py:32 at module level: D213: Multi-line docstring summary should start at the second line\n'}
[0.654590] (serverpublisher) StdoutLine: {'line': b'2: checking ./vendor/googletest/googletest/test/gtest_break_on_failure_unittest.py\n'}
[0.654639] (serverpublisher) StdoutLine: {'line': b'2: ./vendor/googletest/googletest/test/gtest_break_on_failure_unittest.py:32 at module level: D213: Multi-line docstring summary should start at the second line\n'}
[0.654697] (serverpublisher) StdoutLine: {'line': b'2: ./vendor/googletest/googletest/test/gtest_break_on_failure_unittest.py:81 in public function `Run`: D202: No blank lines allowed after function docstring (found 1)\n'}
[0.654738] (serverpublisher) StdoutLine: {'line': b"2: ./vendor/googletest/googletest/test/gtest_break_on_failure_unittest.py:81 in public function `Run`: D401: First line should be in imperative mood (perhaps 'Run', not 'Runs')\n"}
[0.654779] (serverpublisher) StdoutLine: {'line': b'2: ./vendor/googletest/googletest/test/gtest_break_on_failure_unittest.py:94 in public class `GTestBreakOnFailureUnitTest`: D205: 1 blank line required between summary line and description (found 0)\n'}
[0.654819] (serverpublisher) StdoutLine: {'line': b'2: ./vendor/googletest/googletest/test/gtest_break_on_failure_unittest.py:94 in public class `GTestBreakOnFailureUnitTest`: D213: Multi-line docstring summary should start at the second line\n'}
[0.654871] (serverpublisher) StdoutLine: {'line': b"2: ./vendor/googletest/googletest/test/gtest_break_on_failure_unittest.py:94 in public class `GTestBreakOnFailureUnitTest`: D400: First line should end with a period (not 'r')\n"}
[0.654911] (serverpublisher) StdoutLine: {'line': b"2: ./vendor/googletest/googletest/test/gtest_break_on_failure_unittest.py:94 in public class `GTestBreakOnFailureUnitTest`: D415: First line should end with a period, question mark, or exclamation point (not 'r')\n"}
[0.654955] (serverpublisher) StdoutLine: {'line': b'2: ./vendor/googletest/googletest/test/gtest_break_on_failure_unittest.py:100 in public method `RunAndVerify`: D202: No blank lines allowed after function docstring (found 1)\n'}
[0.654997] (serverpublisher) StdoutLine: {'line': b'2: ./vendor/googletest/googletest/test/gtest_break_on_failure_unittest.py:100 in public method `RunAndVerify`: D205: 1 blank line required between summary line and description (found 0)\n'}
[0.655049] (serverpublisher) StdoutLine: {'line': b'2: ./vendor/googletest/googletest/test/gtest_break_on_failure_unittest.py:100 in public method `RunAndVerify`: D213: Multi-line docstring summary should start at the second line\n'}
[0.655090] (serverpublisher) StdoutLine: {'line': b"2: ./vendor/googletest/googletest/test/gtest_break_on_failure_unittest.py:100 in public method `RunAndVerify`: D400: First line should end with a period (not 's')\n"}
[0.655163] (serverpublisher) StdoutLine: {'line': b"2: ./vendor/googletest/googletest/test/gtest_break_on_failure_unittest.py:100 in public method `RunAndVerify`: D415: First line should end with a period, question mark, or exclamation point (not 's')\n"}
[0.655204] (serverpublisher) StdoutLine: {'line': b"2: ./vendor/googletest/googletest/test/gtest_break_on_failure_unittest.py:100 in public method `RunAndVerify`: D401: First line should be in imperative mood (perhaps 'Run', not 'Runs')\n"}
[0.655244] (serverpublisher) StdoutLine: {'line': b"2: ./vendor/googletest/googletest/test/gtest_break_on_failure_unittest.py:100 in public method `RunAndVerify`: D413: Missing blank line after last section ('Args')\n"}
[0.655290] (serverpublisher) StdoutLine: {'line': b"2: ./vendor/googletest/googletest/test/gtest_break_on_failure_unittest.py:100 in public method `RunAndVerify`: D407: Missing dashed underline after section ('Args')\n"}
[0.655331] (serverpublisher) StdoutLine: {'line': b'2: ./vendor/googletest/googletest/test/gtest_break_on_failure_unittest.py:145 in public method `testDefaultBehavior`: D202: No blank lines allowed after function docstring (found 1)\n'}
[0.655370] (serverpublisher) StdoutLine: {'line': b'2: ./vendor/googletest/googletest/test/gtest_break_on_failure_unittest.py:152 in public method `testEnvVar`: D202: No blank lines allowed after function docstring (found 1)\n'}
[0.655409] (serverpublisher) StdoutLine: {'line': b'2: ./vendor/googletest/googletest/test/gtest_break_on_failure_unittest.py:162 in public method `testFlag`: D202: No blank lines allowed after function docstring (found 1)\n'}
[0.655448] (serverpublisher) StdoutLine: {'line': b'2: ./vendor/googletest/googletest/test/gtest_break_on_failure_unittest.py:172 in public method `testFlagOverridesEnvVar`: D202: No blank lines allowed after function docstring (found 1)\n'}
[0.655487] (serverpublisher) StdoutLine: {'line': b'2: ./vendor/googletest/googletest/test/gtest_break_on_failure_unittest.py:188 in public method `testBreakOnFailureOverridesThrowOnFailure`: D202: No blank lines allowed after function docstring (found 1)\n'}
[0.655527] (serverpublisher) StdoutLine: {'line': b'2: ./vendor/googletest/googletest/test/gtest_break_on_failure_unittest.py:200 in public method `testCatchExceptionsDoesNotInterfere`: D202: No blank lines allowed after function docstring (found 1)\n'}
[0.655567] (serverpublisher) StdoutLine: {'line': b'2: checking ./vendor/googletest/googletest/test/gtest_catch_exceptions_test.py\n'}
[0.655605] (serverpublisher) StdoutLine: {'line': b'2: ./vendor/googletest/googletest/test/gtest_catch_exceptions_test.py:31 at module level: D213: Multi-line docstring summary should start at the second line\n'}
[0.655652] (serverpublisher) StdoutLine: {'line': b'2: ./vendor/googletest/googletest/test/gtest_catch_exceptions_test.py:86 in public class `CatchSehExceptionsTest`: D204: 1 blank line required after class docstring (found 2)\n'}
[0.678493] (serverpublisher) StdoutLine: {'line': b'2: ./vendor/googletest/googletest/test/gtest_catch_exceptions_test.py:115 in public class `CatchCxxExceptionsTest`: D208: Docstring is over-indented\n'}
[0.678650] (serverpublisher) StdoutLine: {'line': b'2: ./vendor/googletest/googletest/test/gtest_catch_exceptions_test.py:115 in public class `CatchCxxExceptionsTest`: D213: Multi-line docstring summary should start at the second line\n'}
[0.678720] (serverpublisher) StdoutLine: {'line': b'2: checking ./vendor/googletest/googletest/test/gtest_color_test.py\n'}
[0.678777] (serverpublisher) StdoutLine: {'line': b'2: ./vendor/googletest/googletest/test/gtest_color_test.py:48 in public function `SetEnvVar`: D202: No blank lines allowed after function docstring (found 1)\n'}
[0.678832] (serverpublisher) StdoutLine: {'line': b"2: ./vendor/googletest/googletest/test/gtest_color_test.py:48 in public function `SetEnvVar`: D401: First line should be in imperative mood (perhaps 'Set', not 'Sets')\n"}
[0.678887] (serverpublisher) StdoutLine: {'line': b'2: ./vendor/googletest/googletest/test/gtest_color_test.py:57 in public function `UsesColor`: D202: No blank lines allowed after function docstring (found 1)\n'}
[0.678948] (serverpublisher) StdoutLine: {'line': b"2: ./vendor/googletest/googletest/test/gtest_color_test.py:57 in public function `UsesColor`: D401: First line should be in imperative mood (perhaps 'Run', not 'Runs')\n"}
[0.679003] (serverpublisher) StdoutLine: {'line': b'2: ./vendor/googletest/googletest/test/gtest_color_test.py:72 in public method `testNoEnvVarNoFlag`: D202: No blank lines allowed after function docstring (found 1)\n'}
[0.679053] (serverpublisher) StdoutLine: {'line': b'2: ./vendor/googletest/googletest/test/gtest_color_test.py:87 in public method `testFlagOnly`: D202: No blank lines allowed after function docstring (found 1)\n'}
[0.679116] (serverpublisher) StdoutLine: {'line': b'2: ./vendor/googletest/googletest/test/gtest_color_test.py:98 in public method `testEnvVarOnly`: D202: No blank lines allowed after function docstring (found 1)\n'}
[0.679181] (serverpublisher) StdoutLine: {'line': b'2: ./vendor/googletest/googletest/test/gtest_color_test.py:109 in public method `testEnvVarAndFlag`: D202: No blank lines allowed after function docstring (found 1)\n'}
[0.679234] (serverpublisher) StdoutLine: {'line': b'2: ./vendor/googletest/googletest/test/gtest_color_test.py:116 in public method `testAliasesOfYesAndNo`: D202: No blank lines allowed after function docstring (found 1)\n'}
[0.679285] (serverpublisher) StdoutLine: {'line': b'2: checking ./vendor/googletest/googletest/test/gtest_env_var_test.py\n'}
[0.679338] (serverpublisher) StdoutLine: {'line': b'2: ./vendor/googletest/googletest/test/gtest_env_var_test.py:56 in public function `SetEnvVar`: D202: No blank lines allowed after function docstring (found 1)\n'}
[0.679391] (serverpublisher) StdoutLine: {'line': b"2: ./vendor/googletest/googletest/test/gtest_env_var_test.py:56 in public function `SetEnvVar`: D401: First line should be in imperative mood (perhaps 'Set', not 'Sets')\n"}
[0.679442] (serverpublisher) StdoutLine: {'line': b'2: ./vendor/googletest/googletest/test/gtest_env_var_test.py:65 in public function `GetFlag`: D202: No blank lines allowed after function docstring (found 1)\n'}
[0.679492] (serverpublisher) StdoutLine: {'line': b"2: ./vendor/googletest/googletest/test/gtest_env_var_test.py:65 in public function `GetFlag`: D401: First line should be in imperative mood (perhaps 'Run', not 'Runs')\n"}
[0.679540] (serverpublisher) StdoutLine: {'line': b'2: ./vendor/googletest/googletest/test/gtest_env_var_test.py:74 in public function `TestFlag`: D202: No blank lines allowed after function docstring (found 1)\n'}
[0.679588] (serverpublisher) StdoutLine: {'line': b"2: ./vendor/googletest/googletest/test/gtest_env_var_test.py:74 in public function `TestFlag`: D401: First line should be in imperative mood (perhaps 'Verify', not 'Verifies')\n"}
[0.679635] (serverpublisher) StdoutLine: {'line': b'2: ./vendor/googletest/googletest/test/gtest_env_var_test.py:85 in public method `testEnvVarAffectsFlag`: D202: No blank lines allowed after function docstring (found 1)\n'}
[0.679682] (serverpublisher) StdoutLine: {'line': b'2: ./vendor/googletest/googletest/test/gtest_env_var_test.py:103 in public method `testXmlOutputFile`: D202: No blank lines allowed after function docstring (found 1)\n'}
[0.679722] (serverpublisher) StdoutLine: {'line': b'2: ./vendor/googletest/googletest/test/gtest_env_var_test.py:110 in public method `testXmlOutputFileOverride`: D202: No blank lines allowed after function docstring (found 1)\n'}
[0.679762] (serverpublisher) StdoutLine: {'line': b"2: ./vendor/googletest/googletest/test/gtest_env_var_test.py:110 in public method `testXmlOutputFileOverride`: D400: First line should end with a period (not 'T')\n"}
[0.679802] (serverpublisher) StdoutLine: {'line': b"2: ./vendor/googletest/googletest/test/gtest_env_var_test.py:110 in public method `testXmlOutputFileOverride`: D415: First line should end with a period, question mark, or exclamation point (not 'T')\n"}
[0.679842] (serverpublisher) StdoutLine: {'line': b'2: checking ./vendor/googletest/googletest/test/gtest_filter_unittest.py\n'}
[0.679880] (serverpublisher) StdoutLine: {'line': b'2: ./vendor/googletest/googletest/test/gtest_filter_unittest.py:31 at module level: D213: Multi-line docstring summary should start at the second line\n'}
[0.679927] (serverpublisher) StdoutLine: {'line': b'2: ./vendor/googletest/googletest/test/gtest_filter_unittest.py:173 in public function `SetEnvVar`: D202: No blank lines allowed after function docstring (found 1)\n'}
[0.679967] (serverpublisher) StdoutLine: {'line': b"2: ./vendor/googletest/googletest/test/gtest_filter_unittest.py:173 in public function `SetEnvVar`: D401: First line should be in imperative mood (perhaps 'Set', not 'Sets')\n"}
[0.680011] (serverpublisher) StdoutLine: {'line': b'2: ./vendor/googletest/googletest/test/gtest_filter_unittest.py:182 in public function `RunAndReturnOutput`: D202: No blank lines allowed after function docstring (found 1)\n'}
[0.680051] (serverpublisher) StdoutLine: {'line': b"2: ./vendor/googletest/googletest/test/gtest_filter_unittest.py:182 in public function `RunAndReturnOutput`: D401: First line should be in imperative mood (perhaps 'Run', not 'Runs')\n"}
[0.680097] (serverpublisher) StdoutLine: {'line': b'2: ./vendor/googletest/googletest/test/gtest_filter_unittest.py:189 in public function `RunAndExtractTestList`: D202: No blank lines allowed after function docstring (found 1)\n'}
[0.680138] (serverpublisher) StdoutLine: {'line': b"2: ./vendor/googletest/googletest/test/gtest_filter_unittest.py:189 in public function `RunAndExtractTestList`: D401: First line should be in imperative mood (perhaps 'Run', not 'Runs')\n"}
[0.680178] (serverpublisher) StdoutLine: {'line': b"2: ./vendor/googletest/googletest/test/gtest_filter_unittest.py:208 in public function `InvokeWithModifiedEnv`: D401: First line should be in imperative mood (perhaps 'Run', not 'Runs')\n"}
[0.680217] (serverpublisher) StdoutLine: {'line': b'2: ./vendor/googletest/googletest/test/gtest_filter_unittest.py:219 in public function `RunWithSharding`: D202: No blank lines allowed after function docstring (found 1)\n'}
[0.680256] (serverpublisher) StdoutLine: {'line': b"2: ./vendor/googletest/googletest/test/gtest_filter_unittest.py:219 in public function `RunWithSharding`: D401: First line should be in imperative mood (perhaps 'Run', not 'Runs')\n"}
[0.680296] (serverpublisher) StdoutLine: {'line': b'2: ./vendor/googletest/googletest/test/gtest_filter_unittest.py:234 in public method `AssertSetEqual`: D202: No blank lines allowed after function docstring (found 1)\n'}
[0.680335] (serverpublisher) StdoutLine: {'line': b"2: ./vendor/googletest/googletest/test/gtest_filter_unittest.py:234 in public method `AssertSetEqual`: D401: First line should be in imperative mood (perhaps 'Assert', not 'Asserts')\n"}
[0.680374] (serverpublisher) StdoutLine: {'line': b'2: ./vendor/googletest/googletest/test/gtest_filter_unittest.py:243 in public method `AssertPartitionIsValid`: D202: No blank lines allowed after function docstring (found 1)\n'}
[0.680412] (serverpublisher) StdoutLine: {'line': b"2: ./vendor/googletest/googletest/test/gtest_filter_unittest.py:243 in public method `AssertPartitionIsValid`: D401: First line should be in imperative mood (perhaps 'Assert', not 'Asserts')\n"}
[0.680450] (serverpublisher) StdoutLine: {'line': b'2: ./vendor/googletest/googletest/test/gtest_filter_unittest.py:252 in public method `AdjustForParameterizedTests`: D202: No blank lines allowed after function docstring (found 1)\n'}
[0.680488] (serverpublisher) StdoutLine: {'line': b'2: ./vendor/googletest/googletest/test/gtest_filter_unittest.py:261 in public method `RunAndVerify`: D202: No blank lines allowed after function docstring (found 1)\n'}
[0.680526] (serverpublisher) StdoutLine: {'line': b"2: ./vendor/googletest/googletest/test/gtest_filter_unittest.py:261 in public method `RunAndVerify`: D401: First line should be in imperative mood (perhaps 'Check', not 'Checks')\n"}
[0.680564] (serverpublisher) StdoutLine: {'line': b'2: ./vendor/googletest/googletest/test/gtest_filter_unittest.py:292 in public method `RunAndVerifyWithSharding`: D202: No blank lines allowed after function docstring (found 1)\n'}
[0.680603] (serverpublisher) StdoutLine: {'line': b'2: ./vendor/googletest/googletest/test/gtest_filter_unittest.py:292 in public method `RunAndVerifyWithSharding`: D213: Multi-line docstring summary should start at the second line\n'}
[0.680641] (serverpublisher) StdoutLine: {'line': b"2: ./vendor/googletest/googletest/test/gtest_filter_unittest.py:292 in public method `RunAndVerifyWithSharding`: D401: First line should be in imperative mood (perhaps 'Check', not 'Checks')\n"}
[0.680680] (serverpublisher) StdoutLine: {'line': b"2: ./vendor/googletest/googletest/test/gtest_filter_unittest.py:292 in public method `RunAndVerifyWithSharding`: D413: Missing blank line after last section ('Args')\n"}
[0.680724] (serverpublisher) StdoutLine: {'line': b"2: ./vendor/googletest/googletest/test/gtest_filter_unittest.py:292 in public method `RunAndVerifyWithSharding`: D407: Missing dashed underline after section ('Args')\n"}
[0.680763] (serverpublisher) StdoutLine: {'line': b'2: ./vendor/googletest/googletest/test/gtest_filter_unittest.py:329 in public method `RunAndVerifyAllowingDisabled`: D202: No blank lines allowed after function docstring (found 1)\n'}
[0.680804] (serverpublisher) StdoutLine: {'line': b'2: ./vendor/googletest/googletest/test/gtest_filter_unittest.py:329 in public method `RunAndVerifyAllowingDisabled`: D213: Multi-line docstring summary should start at the second line\n'}
[0.680851] (serverpublisher) StdoutLine: {'line': b"2: ./vendor/googletest/googletest/test/gtest_filter_unittest.py:329 in public method `RunAndVerifyAllowingDisabled`: D401: First line should be in imperative mood (perhaps 'Check', not 'Checks')\n"}
[0.685346] (serverpublisher) StdoutLine: {'line': b"2: ./vendor/googletest/googletest/test/gtest_filter_unittest.py:329 in public method `RunAndVerifyAllowingDisabled`: D413: Missing blank line after last section ('Args')\n"}
[0.685595] (serverpublisher) StdoutLine: {'line': b"2: ./vendor/googletest/googletest/test/gtest_filter_unittest.py:329 in public method `RunAndVerifyAllowingDisabled`: D407: Missing dashed underline after section ('Args')\n"}
[0.685689] (serverpublisher) StdoutLine: {'line': b'2: ./vendor/googletest/googletest/test/gtest_filter_unittest.py:350 in public method `setUp`: D202: No blank lines allowed after function docstring (found 1)\n'}
[0.685750] (serverpublisher) StdoutLine: {'line': b'2: ./vendor/googletest/googletest/test/gtest_filter_unittest.py:350 in public method `setUp`: D213: Multi-line docstring summary should start at the second line\n'}
[0.685805] (serverpublisher) StdoutLine: {'line': b"2: ./vendor/googletest/googletest/test/gtest_filter_unittest.py:350 in public method `setUp`: D401: First line should be in imperative mood (perhaps 'Set', not 'Sets')\n"}
[0.685860] (serverpublisher) StdoutLine: {'line': b'2: ./vendor/googletest/googletest/test/gtest_filter_unittest.py:362 in public method `testDefaultBehavior`: D202: No blank lines allowed after function docstring (found 1)\n'}
[0.685911] (serverpublisher) StdoutLine: {'line': b'2: ./vendor/googletest/googletest/test/gtest_filter_unittest.py:367 in public method `testDefaultBehaviorWithShards`: D202: No blank lines allowed after function docstring (found 1)\n'}
[0.685961] (serverpublisher) StdoutLine: {'line': b'2: ./vendor/googletest/googletest/test/gtest_filter_unittest.py:376 in public method `testEmptyFilter`: D202: No blank lines allowed after function docstring (found 1)\n'}
[0.686010] (serverpublisher) StdoutLine: {'line': b'2: ./vendor/googletest/googletest/test/gtest_filter_unittest.py:383 in public method `testBadFilter`: D202: No blank lines allowed after function docstring (found 1)\n'}
[0.686062] (serverpublisher) StdoutLine: {'line': b'2: ./vendor/googletest/googletest/test/gtest_filter_unittest.py:389 in public method `testFullName`: D202: No blank lines allowed after function docstring (found 1)\n'}
[0.686110] (serverpublisher) StdoutLine: {'line': b'2: ./vendor/googletest/googletest/test/gtest_filter_unittest.py:396 in public method `testUniversalFilters`: D202: No blank lines allowed after function docstring (found 1)\n'}
[0.686158] (serverpublisher) StdoutLine: {'line': b'2: ./vendor/googletest/googletest/test/gtest_filter_unittest.py:405 in public method `testFilterByTestCase`: D202: No blank lines allowed after function docstring (found 1)\n'}
[0.686205] (serverpublisher) StdoutLine: {'line': b'2: ./vendor/googletest/googletest/test/gtest_filter_unittest.py:415 in public method `testFilterByTest`: D202: No blank lines allowed after function docstring (found 1)\n'}
[0.686251] (serverpublisher) StdoutLine: {'line': b'2: ./vendor/googletest/googletest/test/gtest_filter_unittest.py:420 in public method `testFilterDisabledTests`: D202: No blank lines allowed after function docstring (found 1)\n'}
[0.686303] (serverpublisher) StdoutLine: {'line': b'2: ./vendor/googletest/googletest/test/gtest_filter_unittest.py:445 in public method `testWildcardInTestCaseName`: D202: No blank lines allowed after function docstring (found 1)\n'}
[0.686351] (serverpublisher) StdoutLine: {'line': b'2: ./vendor/googletest/googletest/test/gtest_filter_unittest.py:457 in public method `testWildcardInTestName`: D202: No blank lines allowed after function docstring (found 1)\n'}
[0.686401] (serverpublisher) StdoutLine: {'line': b'2: ./vendor/googletest/googletest/test/gtest_filter_unittest.py:462 in public method `testFilterWithoutDot`: D202: No blank lines allowed after function docstring (found 1)\n'}
[0.686453] (serverpublisher) StdoutLine: {'line': b'2: ./vendor/googletest/googletest/test/gtest_filter_unittest.py:473 in public method `testTwoPatterns`: D202: No blank lines allowed after function docstring (found 1)\n'}
[0.686503] (serverpublisher) StdoutLine: {'line': b'2: ./vendor/googletest/googletest/test/gtest_filter_unittest.py:486 in public method `testThreePatterns`: D202: No blank lines allowed after function docstring (found 1)\n'}
[0.686552] (serverpublisher) StdoutLine: {'line': b'2: ./vendor/googletest/googletest/test/gtest_filter_unittest.py:567 in public method `testFlagOverridesEnvVar`: D202: No blank lines allowed after function docstring (found 1)\n'}
[0.686601] (serverpublisher) StdoutLine: {'line': b'2: ./vendor/googletest/googletest/test/gtest_filter_unittest.py:577 in public method `testShardStatusFileIsCreated`: D202: No blank lines allowed after function docstring (found 1)\n'}
[0.686647] (serverpublisher) StdoutLine: {'line': b'2: ./vendor/googletest/googletest/test/gtest_filter_unittest.py:591 in public method `testShardStatusFileIsCreatedWithListTests`: D202: No blank lines allowed after function docstring (found 1)\n'}
[0.686704] (serverpublisher) StdoutLine: {'line': b'2: ./vendor/googletest/googletest/test/gtest_filter_unittest.py:615 in public method `testShardingWorksWithDeathTests`: D202: No blank lines allowed after function docstring (found 1)\n'}
[0.686752] (serverpublisher) StdoutLine: {'line': b'2: checking ./vendor/googletest/googletest/test/gtest_help_test.py\n'}
[0.686792] (serverpublisher) StdoutLine: {'line': b'2: ./vendor/googletest/googletest/test/gtest_help_test.py:32 at module level: D213: Multi-line docstring summary should start at the second line\n'}
[0.686835] (serverpublisher) StdoutLine: {'line': b'2: ./vendor/googletest/googletest/test/gtest_help_test.py:82 in public function `RunWithFlag`: D202: No blank lines allowed after function docstring (found 1)\n'}
[0.686875] (serverpublisher) StdoutLine: {'line': b'2: ./vendor/googletest/googletest/test/gtest_help_test.py:82 in public function `RunWithFlag`: D213: Multi-line docstring summary should start at the second line\n'}
[0.686914] (serverpublisher) StdoutLine: {'line': b"2: ./vendor/googletest/googletest/test/gtest_help_test.py:82 in public function `RunWithFlag`: D401: First line should be in imperative mood (perhaps 'Run', not 'Runs')\n"}
[0.686952] (serverpublisher) StdoutLine: {'line': b"2: ./vendor/googletest/googletest/test/gtest_help_test.py:82 in public function `RunWithFlag`: D413: Missing blank line after last section ('Returns')\n"}
[0.686991] (serverpublisher) StdoutLine: {'line': b"2: ./vendor/googletest/googletest/test/gtest_help_test.py:82 in public function `RunWithFlag`: D407: Missing dashed underline after section ('Returns')\n"}
[0.687029] (serverpublisher) StdoutLine: {'line': b"2: ./vendor/googletest/googletest/test/gtest_help_test.py:82 in public function `RunWithFlag`: D406: Section name should end with a newline ('Returns', not 'Returns:')\n"}
[0.687067] (serverpublisher) StdoutLine: {'line': b'2: ./vendor/googletest/googletest/test/gtest_help_test.py:102 in public method `TestHelpFlag`: D202: No blank lines allowed after function docstring (found 1)\n'}
[0.687104] (serverpublisher) StdoutLine: {'line': b'2: ./vendor/googletest/googletest/test/gtest_help_test.py:102 in public method `TestHelpFlag`: D213: Multi-line docstring summary should start at the second line\n'}
[0.687161] (serverpublisher) StdoutLine: {'line': b"2: ./vendor/googletest/googletest/test/gtest_help_test.py:102 in public method `TestHelpFlag`: D401: First line should be in imperative mood (perhaps 'Verify', not 'Verifies')\n"}
[0.687202] (serverpublisher) StdoutLine: {'line': b"2: ./vendor/googletest/googletest/test/gtest_help_test.py:102 in public method `TestHelpFlag`: D413: Missing blank line after last section ('Args')\n"}
[0.687241] (serverpublisher) StdoutLine: {'line': b"2: ./vendor/googletest/googletest/test/gtest_help_test.py:102 in public method `TestHelpFlag`: D407: Missing dashed underline after section ('Args')\n"}
[0.687279] (serverpublisher) StdoutLine: {'line': b'2: ./vendor/googletest/googletest/test/gtest_help_test.py:126 in public method `TestNonHelpFlag`: D202: No blank lines allowed after function docstring (found 1)\n'}
[0.687317] (serverpublisher) StdoutLine: {'line': b'2: ./vendor/googletest/googletest/test/gtest_help_test.py:126 in public method `TestNonHelpFlag`: D213: Multi-line docstring summary should start at the second line\n'}
[0.687355] (serverpublisher) StdoutLine: {'line': b"2: ./vendor/googletest/googletest/test/gtest_help_test.py:126 in public method `TestNonHelpFlag`: D401: First line should be in imperative mood (perhaps 'Verify', not 'Verifies')\n"}
[0.687393] (serverpublisher) StdoutLine: {'line': b"2: ./vendor/googletest/googletest/test/gtest_help_test.py:126 in public method `TestNonHelpFlag`: D413: Missing blank line after last section ('Args')\n"}
[0.687430] (serverpublisher) StdoutLine: {'line': b"2: ./vendor/googletest/googletest/test/gtest_help_test.py:126 in public method `TestNonHelpFlag`: D407: Missing dashed underline after section ('Args')\n"}
[0.687468] (serverpublisher) StdoutLine: {'line': b'2: ./vendor/googletest/googletest/test/gtest_help_test.py:159 in public method `testRunsTestsWithoutHelpFlag`: D202: No blank lines allowed after function docstring (found 1)\n'}
[0.687506] (serverpublisher) StdoutLine: {'line': b'2: ./vendor/googletest/googletest/test/gtest_help_test.py:159 in public method `testRunsTestsWithoutHelpFlag`: D205: 1 blank line required between summary line and description (found 0)\n'}
[0.687545] (serverpublisher) StdoutLine: {'line': b'2: ./vendor/googletest/googletest/test/gtest_help_test.py:159 in public method `testRunsTestsWithoutHelpFlag`: D209: Multi-line docstring closing quotes should be on a separate line\n'}
[0.687583] (serverpublisher) StdoutLine: {'line': b'2: ./vendor/googletest/googletest/test/gtest_help_test.py:159 in public method `testRunsTestsWithoutHelpFlag`: D213: Multi-line docstring summary should start at the second line\n'}
[0.687621] (serverpublisher) StdoutLine: {'line': b"2: ./vendor/googletest/googletest/test/gtest_help_test.py:159 in public method `testRunsTestsWithoutHelpFlag`: D400: First line should end with a period (not 'n')\n"}
[0.687659] (serverpublisher) StdoutLine: {'line': b"2: ./vendor/googletest/googletest/test/gtest_help_test.py:159 in public method `testRunsTestsWithoutHelpFlag`: D415: First line should end with a period, question mark, or exclamation point (not 'n')\n"}
[0.687698] (serverpublisher) StdoutLine: {'line': b'2: ./vendor/googletest/googletest/test/gtest_help_test.py:165 in public method `testRunsTestsWithGtestInternalFlag`: D202: No blank lines allowed after function docstring (found 1)\n'}
[0.687744] (serverpublisher) StdoutLine: {'line': b'2: ./vendor/googletest/googletest/test/gtest_help_test.py:165 in public method `testRunsTestsWithGtestInternalFlag`: D205: 1 blank line required between summary line and description (found 0)\n'}
[0.698148] (serverpublisher) StdoutLine: {'line': b'2: ./vendor/googletest/googletest/test/gtest_help_test.py:165 in public method `testRunsTestsWithGtestInternalFlag`: D209: Multi-line docstring closing quotes should be on a separate line\n'}
[0.698266] (serverpublisher) StdoutLine: {'line': b'2: ./vendor/googletest/googletest/test/gtest_help_test.py:165 in public method `testRunsTestsWithGtestInternalFlag`: D213: Multi-line docstring summary should start at the second line\n'}
[0.698489] (serverpublisher) StdoutLine: {'line': b"2: ./vendor/googletest/googletest/test/gtest_help_test.py:165 in public method `testRunsTestsWithGtestInternalFlag`: D400: First line should end with a period (not 'n')\n"}
[0.698576] (serverpublisher) StdoutLine: {'line': b"2: ./vendor/googletest/googletest/test/gtest_help_test.py:165 in public method `testRunsTestsWithGtestInternalFlag`: D415: First line should end with a period, question mark, or exclamation point (not 'n')\n"}
[0.698641] (serverpublisher) StdoutLine: {'line': b'2: checking ./vendor/googletest/googletest/test/gtest_list_tests_unittest.py\n'}
[0.698697] (serverpublisher) StdoutLine: {'line': b'2: ./vendor/googletest/googletest/test/gtest_list_tests_unittest.py:32 at module level: D213: Multi-line docstring summary should start at the second line\n'}
[0.698751] (serverpublisher) StdoutLine: {'line': b'2: ./vendor/googletest/googletest/test/gtest_list_tests_unittest.py:118 in public function `Run`: D202: No blank lines allowed after function docstring (found 1)\n'}
[0.698803] (serverpublisher) StdoutLine: {'line': b"2: ./vendor/googletest/googletest/test/gtest_list_tests_unittest.py:118 in public function `Run`: D401: First line should be in imperative mood (perhaps 'Run', not 'Runs')\n"}
[0.698855] (serverpublisher) StdoutLine: {'line': b'2: ./vendor/googletest/googletest/test/gtest_list_tests_unittest.py:130 in public method `RunAndVerify`: D202: No blank lines allowed after function docstring (found 1)\n'}
[0.698904] (serverpublisher) StdoutLine: {'line': b'2: ./vendor/googletest/googletest/test/gtest_list_tests_unittest.py:130 in public method `RunAndVerify`: D205: 1 blank line required between summary line and description (found 0)\n'}
[0.698954] (serverpublisher) StdoutLine: {'line': b'2: ./vendor/googletest/googletest/test/gtest_list_tests_unittest.py:130 in public method `RunAndVerify`: D213: Multi-line docstring summary should start at the second line\n'}
[0.699004] (serverpublisher) StdoutLine: {'line': b"2: ./vendor/googletest/googletest/test/gtest_list_tests_unittest.py:130 in public method `RunAndVerify`: D400: First line should end with a period (not 's')\n"}
[0.699053] (serverpublisher) StdoutLine: {'line': b"2: ./vendor/googletest/googletest/test/gtest_list_tests_unittest.py:130 in public method `RunAndVerify`: D415: First line should end with a period, question mark, or exclamation point (not 's')\n"}
[0.699104] (serverpublisher) StdoutLine: {'line': b"2: ./vendor/googletest/googletest/test/gtest_list_tests_unittest.py:130 in public method `RunAndVerify`: D401: First line should be in imperative mood (perhaps 'Run', not 'Runs')\n"}
[0.699170] (serverpublisher) StdoutLine: {'line': b"2: ./vendor/googletest/googletest/test/gtest_list_tests_unittest.py:130 in public method `RunAndVerify`: D413: Missing blank line after last section ('Args')\n"}
[0.699221] (serverpublisher) StdoutLine: {'line': b"2: ./vendor/googletest/googletest/test/gtest_list_tests_unittest.py:130 in public method `RunAndVerify`: D407: Missing dashed underline after section ('Args')\n"}
[0.699270] (serverpublisher) StdoutLine: {'line': b'2: ./vendor/googletest/googletest/test/gtest_list_tests_unittest.py:174 in public method `testDefaultBehavior`: D202: No blank lines allowed after function docstring (found 1)\n'}
[0.699318] (serverpublisher) StdoutLine: {'line': b'2: ./vendor/googletest/googletest/test/gtest_list_tests_unittest.py:181 in public method `testFlag`: D202: No blank lines allowed after function docstring (found 1)\n'}
[0.699366] (serverpublisher) StdoutLine: {'line': b'2: ./vendor/googletest/googletest/test/gtest_list_tests_unittest.py:191 in public method `testOverrideNonFilterFlags`: D202: No blank lines allowed after function docstring (found 1)\n'}
[0.699414] (serverpublisher) StdoutLine: {'line': b'2: ./vendor/googletest/googletest/test/gtest_list_tests_unittest.py:198 in public method `testWithFilterFlags`: D202: No blank lines allowed after function docstring (found 1)\n'}
[0.699469] (serverpublisher) StdoutLine: {'line': b'2: ./vendor/googletest/googletest/test/gtest_list_tests_unittest.py:198 in public method `testWithFilterFlags`: D205: 1 blank line required between summary line and description (found 0)\n'}
[0.699518] (serverpublisher) StdoutLine: {'line': b'2: ./vendor/googletest/googletest/test/gtest_list_tests_unittest.py:198 in public method `testWithFilterFlags`: D209: Multi-line docstring closing quotes should be on a separate line\n'}
[0.699569] (serverpublisher) StdoutLine: {'line': b'2: ./vendor/googletest/googletest/test/gtest_list_tests_unittest.py:198 in public method `testWithFilterFlags`: D213: Multi-line docstring summary should start at the second line\n'}
[0.699630] (serverpublisher) StdoutLine: {'line': b"2: ./vendor/googletest/googletest/test/gtest_list_tests_unittest.py:198 in public method `testWithFilterFlags`: D400: First line should end with a period (not 'e')\n"}
[0.699681] (serverpublisher) StdoutLine: {'line': b"2: ./vendor/googletest/googletest/test/gtest_list_tests_unittest.py:198 in public method `testWithFilterFlags`: D415: First line should end with a period, question mark, or exclamation point (not 'e')\n"}
[0.699732] (serverpublisher) StdoutLine: {'line': b'2: checking ./vendor/googletest/googletest/test/gtest_output_test.py\n'}
[0.699773] (serverpublisher) StdoutLine: {'line': b'2: ./vendor/googletest/googletest/test/gtest_output_test.py:32 at module level: D213: Multi-line docstring summary should start at the second line\n'}
[0.699812] (serverpublisher) StdoutLine: {'line': b'2: ./vendor/googletest/googletest/test/gtest_output_test.py:84 in public function `ToUnixLineEnding`: D202: No blank lines allowed after function docstring (found 1)\n'}
[0.699851] (serverpublisher) StdoutLine: {'line': b"2: ./vendor/googletest/googletest/test/gtest_output_test.py:84 in public function `ToUnixLineEnding`: D401: First line should be in imperative mood (perhaps 'Change', not 'Changes')\n"}
[0.699892] (serverpublisher) StdoutLine: {'line': b'2: ./vendor/googletest/googletest/test/gtest_output_test.py:90 in public function `RemoveLocations`: D202: No blank lines allowed after function docstring (found 1)\n'}
[0.699934] (serverpublisher) StdoutLine: {'line': b'2: ./vendor/googletest/googletest/test/gtest_output_test.py:90 in public function `RemoveLocations`: D213: Multi-line docstring summary should start at the second line\n'}
[0.699975] (serverpublisher) StdoutLine: {'line': b'2: ./vendor/googletest/googletest/test/gtest_output_test.py:90 in public function `RemoveLocations`: D301: Use r""" if any backslashes in a docstring\n'}
[0.700015] (serverpublisher) StdoutLine: {'line': b"2: ./vendor/googletest/googletest/test/gtest_output_test.py:90 in public function `RemoveLocations`: D401: First line should be in imperative mood (perhaps 'Remove', not 'Removes')\n"}
[0.700055] (serverpublisher) StdoutLine: {'line': b"2: ./vendor/googletest/googletest/test/gtest_output_test.py:90 in public function `RemoveLocations`: D413: Missing blank line after last section ('Returns')\n"}
[0.700094] (serverpublisher) StdoutLine: {'line': b"2: ./vendor/googletest/googletest/test/gtest_output_test.py:90 in public function `RemoveLocations`: D407: Missing dashed underline after section ('Returns')\n"}
[0.700133] (serverpublisher) StdoutLine: {'line': b"2: ./vendor/googletest/googletest/test/gtest_output_test.py:90 in public function `RemoveLocations`: D406: Section name should end with a newline ('Returns', not 'Returns:')\n"}
[0.700172] (serverpublisher) StdoutLine: {'line': b'2: ./vendor/googletest/googletest/test/gtest_output_test.py:106 in public function `RemoveStackTraceDetails`: D202: No blank lines allowed after function docstring (found 1)\n'}
[0.700211] (serverpublisher) StdoutLine: {'line': b"2: ./vendor/googletest/googletest/test/gtest_output_test.py:106 in public function `RemoveStackTraceDetails`: D401: First line should be in imperative mood (perhaps 'Remove', not 'Removes')\n"}
[0.700253] (serverpublisher) StdoutLine: {'line': b'2: ./vendor/googletest/googletest/test/gtest_output_test.py:114 in public function `RemoveStackTraces`: D202: No blank lines allowed after function docstring (found 1)\n'}
[0.700292] (serverpublisher) StdoutLine: {'line': b"2: ./vendor/googletest/googletest/test/gtest_output_test.py:114 in public function `RemoveStackTraces`: D401: First line should be in imperative mood (perhaps 'Remove', not 'Removes')\n"}
[0.700330] (serverpublisher) StdoutLine: {'line': b'2: ./vendor/googletest/googletest/test/gtest_output_test.py:121 in public function `RemoveTime`: D202: No blank lines allowed after function docstring (found 1)\n'}
[0.700370] (serverpublisher) StdoutLine: {'line': b"2: ./vendor/googletest/googletest/test/gtest_output_test.py:121 in public function `RemoveTime`: D401: First line should be in imperative mood (perhaps 'Remove', not 'Removes')\n"}
[0.700411] (serverpublisher) StdoutLine: {'line': b'2: ./vendor/googletest/googletest/test/gtest_output_test.py:127 in public function `RemoveTypeInfoDetails`: D202: No blank lines allowed after function docstring (found 1)\n'}
[0.700450] (serverpublisher) StdoutLine: {'line': b'2: ./vendor/googletest/googletest/test/gtest_output_test.py:127 in public function `RemoveTypeInfoDetails`: D213: Multi-line docstring summary should start at the second line\n'}
[0.700489] (serverpublisher) StdoutLine: {'line': b"2: ./vendor/googletest/googletest/test/gtest_output_test.py:127 in public function `RemoveTypeInfoDetails`: D401: First line should be in imperative mood (perhaps 'Remove', not 'Removes')\n"}
[0.700530] (serverpublisher) StdoutLine: {'line': b"2: ./vendor/googletest/googletest/test/gtest_output_test.py:127 in public function `RemoveTypeInfoDetails`: D413: Missing blank line after last section ('Returns')\n"}
[0.700572] (serverpublisher) StdoutLine: {'line': b"2: ./vendor/googletest/googletest/test/gtest_output_test.py:127 in public function `RemoveTypeInfoDetails`: D407: Missing dashed underline after section ('Returns')\n"}
[0.700620] (serverpublisher) StdoutLine: {'line': b"2: ./vendor/googletest/googletest/test/gtest_output_test.py:127 in public function `RemoveTypeInfoDetails`: D406: Section name should end with a newline ('Returns', not 'Returns:')\n"}
[0.700660] (-) TimerEvent: {}
[0.700713] (serverpublisher) StdoutLine: {'line': b'2: ./vendor/googletest/googletest/test/gtest_output_test.py:141 in public function `NormalizeToCurrentPlatform`: D202: No blank lines allowed after function docstring (found 1)\n'}
[0.717457] (serverpublisher) StdoutLine: {'line': b"2: ./vendor/googletest/googletest/test/gtest_output_test.py:141 in public function `NormalizeToCurrentPlatform`: D401: First line should be in imperative mood (perhaps 'Normalize', not 'Normalizes')\n"}
[0.717555] (serverpublisher) StdoutLine: {'line': b'2: ./vendor/googletest/googletest/test/gtest_output_test.py:155 in public function `RemoveTestCounts`: D202: No blank lines allowed after function docstring (found 1)\n'}
[0.717631] (serverpublisher) StdoutLine: {'line': b"2: ./vendor/googletest/googletest/test/gtest_output_test.py:155 in public function `RemoveTestCounts`: D401: First line should be in imperative mood (perhaps 'Remove', not 'Removes')\n"}
[0.717691] (serverpublisher) StdoutLine: {'line': b'2: ./vendor/googletest/googletest/test/gtest_output_test.py:169 in public function `RemoveMatchingTests`: D202: No blank lines allowed after function docstring (found 1)\n'}
[0.717745] (serverpublisher) StdoutLine: {'line': b'2: ./vendor/googletest/googletest/test/gtest_output_test.py:169 in public function `RemoveMatchingTests`: D213: Multi-line docstring summary should start at the second line\n'}
[0.717796] (serverpublisher) StdoutLine: {'line': b"2: ./vendor/googletest/googletest/test/gtest_output_test.py:169 in public function `RemoveMatchingTests`: D401: First line should be in imperative mood (perhaps 'Remove', not 'Removes')\n"}
[0.717848] (serverpublisher) StdoutLine: {'line': b"2: ./vendor/googletest/googletest/test/gtest_output_test.py:169 in public function `RemoveMatchingTests`: D413: Missing blank line after last section ('Returns')\n"}
[0.717907] (serverpublisher) StdoutLine: {'line': b"2: ./vendor/googletest/googletest/test/gtest_output_test.py:169 in public function `RemoveMatchingTests`: D407: Missing dashed underline after section ('Returns')\n"}
[0.717958] (serverpublisher) StdoutLine: {'line': b"2: ./vendor/googletest/googletest/test/gtest_output_test.py:169 in public function `RemoveMatchingTests`: D406: Section name should end with a newline ('Returns', not 'Returns:')\n"}
[0.718008] (serverpublisher) StdoutLine: {'line': b'2: ./vendor/googletest/googletest/test/gtest_output_test.py:192 in public function `NormalizeOutput`: D202: No blank lines allowed after function docstring (found 1)\n'}
[0.718057] (serverpublisher) StdoutLine: {'line': b"2: ./vendor/googletest/googletest/test/gtest_output_test.py:192 in public function `NormalizeOutput`: D401: First line should be in imperative mood (perhaps 'Normalize', not 'Normalizes')\n"}
[0.718106] (serverpublisher) StdoutLine: {'line': b'2: ./vendor/googletest/googletest/test/gtest_output_test.py:202 in public function `GetShellCommandOutput`: D202: No blank lines allowed after function docstring (found 1)\n'}
[0.718157] (serverpublisher) StdoutLine: {'line': b'2: ./vendor/googletest/googletest/test/gtest_output_test.py:202 in public function `GetShellCommandOutput`: D213: Multi-line docstring summary should start at the second line\n'}
[0.718206] (serverpublisher) StdoutLine: {'line': b"2: ./vendor/googletest/googletest/test/gtest_output_test.py:202 in public function `GetShellCommandOutput`: D401: First line should be in imperative mood (perhaps 'Run', not 'Runs')\n"}
[0.718255] (serverpublisher) StdoutLine: {'line': b"2: ./vendor/googletest/googletest/test/gtest_output_test.py:202 in public function `GetShellCommandOutput`: D413: Missing blank line after last section ('Returns')\n"}
[0.718303] (serverpublisher) StdoutLine: {'line': b"2: ./vendor/googletest/googletest/test/gtest_output_test.py:202 in public function `GetShellCommandOutput`: D407: Missing dashed underline after section ('Returns')\n"}
[0.718351] (serverpublisher) StdoutLine: {'line': b"2: ./vendor/googletest/googletest/test/gtest_output_test.py:202 in public function `GetShellCommandOutput`: D406: Section name should end with a newline ('Returns', not 'Returns:')\n"}
[0.718399] (serverpublisher) StdoutLine: {'line': b'2: ./vendor/googletest/googletest/test/gtest_output_test.py:223 in public function `GetCommandOutput`: D202: No blank lines allowed after function docstring (found 1)\n'}
[0.718447] (serverpublisher) StdoutLine: {'line': b'2: ./vendor/googletest/googletest/test/gtest_output_test.py:223 in public function `GetCommandOutput`: D205: 1 blank line required between summary line and description (found 0)\n'}
[0.718500] (serverpublisher) StdoutLine: {'line': b'2: ./vendor/googletest/googletest/test/gtest_output_test.py:223 in public function `GetCommandOutput`: D213: Multi-line docstring summary should start at the second line\n'}
[0.718554] (serverpublisher) StdoutLine: {'line': b"2: ./vendor/googletest/googletest/test/gtest_output_test.py:223 in public function `GetCommandOutput`: D400: First line should end with a period (not 'n')\n"}
[0.718606] (serverpublisher) StdoutLine: {'line': b"2: ./vendor/googletest/googletest/test/gtest_output_test.py:223 in public function `GetCommandOutput`: D415: First line should end with a period, question mark, or exclamation point (not 'n')\n"}
[0.718665] (serverpublisher) StdoutLine: {'line': b"2: ./vendor/googletest/googletest/test/gtest_output_test.py:223 in public function `GetCommandOutput`: D401: First line should be in imperative mood (perhaps 'Run', not 'Runs')\n"}
[0.718715] (serverpublisher) StdoutLine: {'line': b"2: ./vendor/googletest/googletest/test/gtest_output_test.py:223 in public function `GetCommandOutput`: D413: Missing blank line after last section ('Args')\n"}
[0.718764] (serverpublisher) StdoutLine: {'line': b"2: ./vendor/googletest/googletest/test/gtest_output_test.py:223 in public function `GetCommandOutput`: D407: Missing dashed underline after section ('Args')\n"}
[0.718808] (serverpublisher) StdoutLine: {'line': b'2: ./vendor/googletest/googletest/test/gtest_output_test.py:240 in public function `GetOutputOfAllCommands`: D202: No blank lines allowed after function docstring (found 1)\n'}
[0.718848] (serverpublisher) StdoutLine: {'line': b"2: ./vendor/googletest/googletest/test/gtest_output_test.py:240 in public function `GetOutputOfAllCommands`: D401: First line should be in imperative mood (perhaps 'Return', not 'Returns')\n"}
[0.718888] (serverpublisher) StdoutLine: {'line': b'2: checking ./vendor/googletest/googletest/test/gtest_shuffle_test.py\n'}
[0.718928] (serverpublisher) StdoutLine: {'line': b'2: ./vendor/googletest/googletest/test/gtest_shuffle_test.py:79 in public function `RunAndReturnOutput`: D202: No blank lines allowed after function docstring (found 1)\n'}
[0.718968] (serverpublisher) StdoutLine: {'line': b"2: ./vendor/googletest/googletest/test/gtest_shuffle_test.py:79 in public function `RunAndReturnOutput`: D401: First line should be in imperative mood (perhaps 'Run', not 'Runs')\n"}
[0.719006] (serverpublisher) StdoutLine: {'line': b'2: ./vendor/googletest/googletest/test/gtest_shuffle_test.py:88 in public function `GetTestsForAllIterations`: D202: No blank lines allowed after function docstring (found 1)\n'}
[0.719045] (serverpublisher) StdoutLine: {'line': b'2: ./vendor/googletest/googletest/test/gtest_shuffle_test.py:88 in public function `GetTestsForAllIterations`: D213: Multi-line docstring summary should start at the second line\n'}
[0.719083] (serverpublisher) StdoutLine: {'line': b"2: ./vendor/googletest/googletest/test/gtest_shuffle_test.py:88 in public function `GetTestsForAllIterations`: D401: First line should be in imperative mood (perhaps 'Run', not 'Runs')\n"}
[0.719127] (serverpublisher) StdoutLine: {'line': b"2: ./vendor/googletest/googletest/test/gtest_shuffle_test.py:88 in public function `GetTestsForAllIterations`: D413: Missing blank line after last section ('Returns')\n"}
[0.719172] (serverpublisher) StdoutLine: {'line': b"2: ./vendor/googletest/googletest/test/gtest_shuffle_test.py:88 in public function `GetTestsForAllIterations`: D407: Missing dashed underline after section ('Returns')\n"}
[0.719212] (serverpublisher) StdoutLine: {'line': b"2: ./vendor/googletest/googletest/test/gtest_shuffle_test.py:88 in public function `GetTestsForAllIterations`: D406: Section name should end with a newline ('Returns', not 'Returns:')\n"}
[0.719251] (serverpublisher) StdoutLine: {'line': b'2: ./vendor/googletest/googletest/test/gtest_shuffle_test.py:111 in public function `GetTestCases`: D202: No blank lines allowed after function docstring (found 1)\n'}
[0.719289] (serverpublisher) StdoutLine: {'line': b'2: ./vendor/googletest/googletest/test/gtest_shuffle_test.py:111 in public function `GetTestCases`: D213: Multi-line docstring summary should start at the second line\n'}
[0.719327] (serverpublisher) StdoutLine: {'line': b"2: ./vendor/googletest/googletest/test/gtest_shuffle_test.py:111 in public function `GetTestCases`: D401: First line should be in imperative mood (perhaps 'Return', not 'Returns')\n"}
[0.719365] (serverpublisher) StdoutLine: {'line': b"2: ./vendor/googletest/googletest/test/gtest_shuffle_test.py:111 in public function `GetTestCases`: D413: Missing blank line after last section ('Returns')\n"}
[0.719405] (serverpublisher) StdoutLine: {'line': b"2: ./vendor/googletest/googletest/test/gtest_shuffle_test.py:111 in public function `GetTestCases`: D407: Missing dashed underline after section ('Returns')\n"}
[0.719443] (serverpublisher) StdoutLine: {'line': b"2: ./vendor/googletest/googletest/test/gtest_shuffle_test.py:111 in public function `GetTestCases`: D406: Section name should end with a newline ('Returns', not 'Returns:')\n"}
[0.719485] (serverpublisher) StdoutLine: {'line': b'2: ./vendor/googletest/googletest/test/gtest_shuffle_test.py:131 in public function `CalculateTestLists`: D202: No blank lines allowed after function docstring (found 1)\n'}
[0.719527] (serverpublisher) StdoutLine: {'line': b"2: ./vendor/googletest/googletest/test/gtest_shuffle_test.py:131 in public function `CalculateTestLists`: D401: First line should be in imperative mood (perhaps 'Calculate', not 'Calculates')\n"}
[0.719566] (serverpublisher) StdoutLine: {'line': b'2: checking ./vendor/googletest/googletest/test/gtest_test_utils.py\n'}
[0.719603] (serverpublisher) StdoutLine: {'line': b'2: ./vendor/googletest/googletest/test/gtest_test_utils.py:66 in public function `SetEnvVar`: D202: No blank lines allowed after function docstring (found 1)\n'}
[0.719641] (serverpublisher) StdoutLine: {'line': b'2: ./vendor/googletest/googletest/test/gtest_test_utils.py:87 in private function `_ParseAndStripGTestFlags`: D202: No blank lines allowed after function docstring (found 1)\n'}
[0.719687] (serverpublisher) StdoutLine: {'line': b"2: ./vendor/googletest/googletest/test/gtest_test_utils.py:87 in private function `_ParseAndStripGTestFlags`: D401: First line should be in imperative mood (perhaps 'Parse', not 'Parses')\n"}
[0.719727] (serverpublisher) StdoutLine: {'line': b'2: ./vendor/googletest/googletest/test/gtest_test_utils.py:116 in public function `GetFlag`: D202: No blank lines allowed after function docstring (found 1)\n'}
[0.725284] (serverpublisher) StdoutLine: {'line': b"2: ./vendor/googletest/googletest/test/gtest_test_utils.py:116 in public function `GetFlag`: D401: First line should be in imperative mood (perhaps 'Return', not 'Returns')\n"}
[0.725411] (serverpublisher) StdoutLine: {'line': b'2: ./vendor/googletest/googletest/test/gtest_test_utils.py:127 in public function `GetSourceDir`: D202: No blank lines allowed after function docstring (found 1)\n'}
[0.725610] (serverpublisher) StdoutLine: {'line': b"2: ./vendor/googletest/googletest/test/gtest_test_utils.py:127 in public function `GetSourceDir`: D401: First line should be in imperative mood (perhaps 'Return', not 'Returns')\n"}
[0.725719] (serverpublisher) StdoutLine: {'line': b'2: ./vendor/googletest/googletest/test/gtest_test_utils.py:133 in public function `GetBuildDir`: D202: No blank lines allowed after function docstring (found 1)\n'}
[0.725782] (serverpublisher) StdoutLine: {'line': b"2: ./vendor/googletest/googletest/test/gtest_test_utils.py:133 in public function `GetBuildDir`: D401: First line should be in imperative mood (perhaps 'Return', not 'Returns')\n"}
[0.725838] (serverpublisher) StdoutLine: {'line': b'2: ./vendor/googletest/googletest/test/gtest_test_utils.py:148 in public function `GetTempDir`: D202: No blank lines allowed after function docstring (found 1)\n'}
[0.725890] (serverpublisher) StdoutLine: {'line': b"2: ./vendor/googletest/googletest/test/gtest_test_utils.py:148 in public function `GetTempDir`: D401: First line should be in imperative mood (perhaps 'Return', not 'Returns')\n"}
[0.725943] (serverpublisher) StdoutLine: {'line': b'2: ./vendor/googletest/googletest/test/gtest_test_utils.py:157 in public function `GetTestExecutablePath`: D202: No blank lines allowed after function docstring (found 1)\n'}
[0.725994] (serverpublisher) StdoutLine: {'line': b'2: ./vendor/googletest/googletest/test/gtest_test_utils.py:157 in public function `GetTestExecutablePath`: D213: Multi-line docstring summary should start at the second line\n'}
[0.726044] (serverpublisher) StdoutLine: {'line': b"2: ./vendor/googletest/googletest/test/gtest_test_utils.py:157 in public function `GetTestExecutablePath`: D401: First line should be in imperative mood (perhaps 'Return', not 'Returns')\n"}
[0.726093] (serverpublisher) StdoutLine: {'line': b"2: ./vendor/googletest/googletest/test/gtest_test_utils.py:157 in public function `GetTestExecutablePath`: D413: Missing blank line after last section ('Returns')\n"}
[0.726141] (serverpublisher) StdoutLine: {'line': b"2: ./vendor/googletest/googletest/test/gtest_test_utils.py:157 in public function `GetTestExecutablePath`: D407: Missing dashed underline after section ('Returns')\n"}
[0.726189] (serverpublisher) StdoutLine: {'line': b"2: ./vendor/googletest/googletest/test/gtest_test_utils.py:157 in public function `GetTestExecutablePath`: D406: Section name should end with a newline ('Returns', not 'Returns:')\n"}
[0.726247] (serverpublisher) StdoutLine: {'line': b'2: ./vendor/googletest/googletest/test/gtest_test_utils.py:188 in public function `GetExitStatus`: D202: No blank lines allowed after function docstring (found 1)\n'}
[0.726297] (serverpublisher) StdoutLine: {'line': b'2: ./vendor/googletest/googletest/test/gtest_test_utils.py:188 in public function `GetExitStatus`: D213: Multi-line docstring summary should start at the second line\n'}
[0.726347] (serverpublisher) StdoutLine: {'line': b"2: ./vendor/googletest/googletest/test/gtest_test_utils.py:188 in public function `GetExitStatus`: D401: First line should be in imperative mood (perhaps 'Return', not 'Returns')\n"}
[0.726398] (serverpublisher) StdoutLine: {'line': b"2: ./vendor/googletest/googletest/test/gtest_test_utils.py:188 in public function `GetExitStatus`: D413: Missing blank line after last section ('Args')\n"}
[0.726453] (serverpublisher) StdoutLine: {'line': b"2: ./vendor/googletest/googletest/test/gtest_test_utils.py:188 in public function `GetExitStatus`: D407: Missing dashed underline after section ('Args')\n"}
[0.726504] (serverpublisher) StdoutLine: {'line': b'2: ./vendor/googletest/googletest/test/gtest_test_utils.py:209 in public method `__init__`: D202: No blank lines allowed after function docstring (found 1)\n'}
[0.726551] (serverpublisher) StdoutLine: {'line': b'2: ./vendor/googletest/googletest/test/gtest_test_utils.py:209 in public method `__init__`: D213: Multi-line docstring summary should start at the second line\n'}
[0.726599] (serverpublisher) StdoutLine: {'line': b"2: ./vendor/googletest/googletest/test/gtest_test_utils.py:209 in public method `__init__`: D401: First line should be in imperative mood (perhaps 'Change', not 'Changes')\n"}
[0.726648] (serverpublisher) StdoutLine: {'line': b"2: ./vendor/googletest/googletest/test/gtest_test_utils.py:209 in public method `__init__`: D413: Missing blank line after last section ('Returns')\n"}
[0.726704] (serverpublisher) StdoutLine: {'line': b"2: ./vendor/googletest/googletest/test/gtest_test_utils.py:209 in public method `__init__`: D407: Missing dashed underline after section ('Returns')\n"}
[0.726755] (serverpublisher) StdoutLine: {'line': b"2: ./vendor/googletest/googletest/test/gtest_test_utils.py:209 in public method `__init__`: D406: Section name should end with a newline ('Returns', not 'Returns:')\n"}
[0.726806] (serverpublisher) StdoutLine: {'line': b'2: ./vendor/googletest/googletest/test/gtest_test_utils.py:307 in public function `Main`: D202: No blank lines allowed after function docstring (found 1)\n'}
[0.726855] (serverpublisher) StdoutLine: {'line': b"2: ./vendor/googletest/googletest/test/gtest_test_utils.py:307 in public function `Main`: D401: First line should be in imperative mood (perhaps 'Run', not 'Runs')\n"}
[0.726904] (serverpublisher) StdoutLine: {'line': b'2: checking ./vendor/googletest/googletest/test/gtest_throw_on_failure_test.py\n'}
[0.726951] (serverpublisher) StdoutLine: {'line': b'2: ./vendor/googletest/googletest/test/gtest_throw_on_failure_test.py:32 at module level: D213: Multi-line docstring summary should start at the second line\n'}
[0.726998] (serverpublisher) StdoutLine: {'line': b'2: ./vendor/googletest/googletest/test/gtest_throw_on_failure_test.py:59 in public function `SetEnvVar`: D202: No blank lines allowed after function docstring (found 1)\n'}
[0.727046] (serverpublisher) StdoutLine: {'line': b'2: ./vendor/googletest/googletest/test/gtest_throw_on_failure_test.py:59 in public function `SetEnvVar`: D205: 1 blank line required between summary line and description (found 0)\n'}
[0.727094] (serverpublisher) StdoutLine: {'line': b'2: ./vendor/googletest/googletest/test/gtest_throw_on_failure_test.py:59 in public function `SetEnvVar`: D213: Multi-line docstring summary should start at the second line\n'}
[0.727163] (serverpublisher) StdoutLine: {'line': b"2: ./vendor/googletest/googletest/test/gtest_throw_on_failure_test.py:59 in public function `SetEnvVar`: D400: First line should end with a period (not 'e')\n"}
[0.727219] (serverpublisher) StdoutLine: {'line': b"2: ./vendor/googletest/googletest/test/gtest_throw_on_failure_test.py:59 in public function `SetEnvVar`: D415: First line should end with a period, question mark, or exclamation point (not 'e')\n"}
[0.727269] (serverpublisher) StdoutLine: {'line': b"2: ./vendor/googletest/googletest/test/gtest_throw_on_failure_test.py:59 in public function `SetEnvVar`: D401: First line should be in imperative mood (perhaps 'Set', not 'Sets')\n"}
[0.727317] (serverpublisher) StdoutLine: {'line': b'2: ./vendor/googletest/googletest/test/gtest_throw_on_failure_test.py:71 in public function `Run`: D202: No blank lines allowed after function docstring (found 1)\n'}
[0.727365] (serverpublisher) StdoutLine: {'line': b"2: ./vendor/googletest/googletest/test/gtest_throw_on_failure_test.py:71 in public function `Run`: D401: First line should be in imperative mood (perhaps 'Run', not 'Runs')\n"}
[0.727415] (serverpublisher) StdoutLine: {'line': b'2: ./vendor/googletest/googletest/test/gtest_throw_on_failure_test.py:84 in public method `RunAndVerify`: D202: No blank lines allowed after function docstring (found 1)\n'}
[0.727463] (serverpublisher) StdoutLine: {'line': b'2: ./vendor/googletest/googletest/test/gtest_throw_on_failure_test.py:84 in public method `RunAndVerify`: D205: 1 blank line required between summary line and description (found 0)\n'}
[0.727512] (serverpublisher) StdoutLine: {'line': b'2: ./vendor/googletest/googletest/test/gtest_throw_on_failure_test.py:84 in public method `RunAndVerify`: D213: Multi-line docstring summary should start at the second line\n'}
[0.727561] (serverpublisher) StdoutLine: {'line': b"2: ./vendor/googletest/googletest/test/gtest_throw_on_failure_test.py:84 in public method `RunAndVerify`: D400: First line should end with a period (not 's')\n"}
[0.727610] (serverpublisher) StdoutLine: {'line': b"2: ./vendor/googletest/googletest/test/gtest_throw_on_failure_test.py:84 in public method `RunAndVerify`: D415: First line should end with a period, question mark, or exclamation point (not 's')\n"}
[0.727663] (serverpublisher) StdoutLine: {'line': b"2: ./vendor/googletest/googletest/test/gtest_throw_on_failure_test.py:84 in public method `RunAndVerify`: D401: First line should be in imperative mood (perhaps 'Run', not 'Runs')\n"}
[0.727714] (serverpublisher) StdoutLine: {'line': b"2: ./vendor/googletest/googletest/test/gtest_throw_on_failure_test.py:84 in public method `RunAndVerify`: D413: Missing blank line after last section ('Args')\n"}
[0.727764] (serverpublisher) StdoutLine: {'line': b"2: ./vendor/googletest/googletest/test/gtest_throw_on_failure_test.py:84 in public method `RunAndVerify`: D407: Missing dashed underline after section ('Args')\n"}
[0.727818] (serverpublisher) StdoutLine: {'line': b'2: ./vendor/googletest/googletest/test/gtest_throw_on_failure_test.py:129 in public method `testDefaultBehavior`: D202: No blank lines allowed after function docstring (found 1)\n'}
[0.727868] (serverpublisher) StdoutLine: {'line': b'2: ./vendor/googletest/googletest/test/gtest_throw_on_failure_test.py:134 in public method `testThrowOnFailureEnvVar`: D202: No blank lines allowed after function docstring (found 1)\n'}
[0.727917] (serverpublisher) StdoutLine: {'line': b'2: ./vendor/googletest/googletest/test/gtest_throw_on_failure_test.py:144 in public method `testThrowOnFailureFlag`: D202: No blank lines allowed after function docstring (found 1)\n'}
[0.727977] (serverpublisher) StdoutLine: {'line': b'2: ./vendor/googletest/googletest/test/gtest_throw_on_failure_test.py:154 in public method `testThrowOnFailureFlagOverridesEnvVar`: D202: No blank lines allowed after function docstring (found 1)\n'}
[0.728028] (serverpublisher) StdoutLine: {'line': b'2: checking ./vendor/googletest/googletest/test/gtest_uninitialized_test.py\n'}
[0.728077] (serverpublisher) StdoutLine: {'line': b'2: ./vendor/googletest/googletest/test/gtest_uninitialized_test.py:55 in public function `TestExitCodeAndOutput`: D202: No blank lines allowed after function docstring (found 1)\n'}
[0.743246] (serverpublisher) StdoutLine: {'line': b'2: Error in file ./vendor/googletest/googletest/xcode/Scripts/versiongenerate.py: Cannot parse file.\n'}
[0.743523] (serverpublisher) StdoutLine: {'line': b"2: ./vendor/googletest/googletest/test/gtest_uninitialized_test.py:55 in public function `TestExitCodeAndOutput`: D401: First line should be in imperative mood (perhaps 'Run', not 'Runs')\n"}
[0.743588] (serverpublisher) StdoutLine: {'line': b'2: checking ./vendor/googletest/googletest/test/gtest_xml_outfiles_test.py\n'}
[0.743646] (serverpublisher) StdoutLine: {'line': b'2: checking ./vendor/googletest/googletest/test/gtest_xml_output_unittest.py\n'}
[0.743700] (serverpublisher) StdoutLine: {'line': b"2: ./vendor/googletest/googletest/test/gtest_xml_output_unittest.py:32 at module level: D400: First line should end with a period (not 'e')\n"}
[0.743752] (serverpublisher) StdoutLine: {'line': b"2: ./vendor/googletest/googletest/test/gtest_xml_output_unittest.py:32 at module level: D415: First line should end with a period, question mark, or exclamation point (not 'e')\n"}
[0.743804] (serverpublisher) StdoutLine: {'line': b'2: ./vendor/googletest/googletest/test/gtest_xml_output_unittest.py:153 in public class `GTestXMLOutputUnitTest`: D200: One-line docstring should fit on one line with quotes (found 3)\n'}
[0.743854] (serverpublisher) StdoutLine: {'line': b'2: ./vendor/googletest/googletest/test/gtest_xml_output_unittest.py:161 in public method `testNonEmptyXmlOutput`: D205: 1 blank line required between summary line and description (found 0)\n'}
[0.743903] (serverpublisher) StdoutLine: {'line': b"2: ./vendor/googletest/googletest/test/gtest_xml_output_unittest.py:161 in public method `testNonEmptyXmlOutput`: D400: First line should end with a period (not 'd')\n"}
[0.743952] (serverpublisher) StdoutLine: {'line': b"2: ./vendor/googletest/googletest/test/gtest_xml_output_unittest.py:161 in public method `testNonEmptyXmlOutput`: D415: First line should end with a period, question mark, or exclamation point (not 'd')\n"}
[0.744005] (serverpublisher) StdoutLine: {'line': b'2: ./vendor/googletest/googletest/test/gtest_xml_output_unittest.py:168 in public method `testEmptyXmlOutput`: D202: No blank lines allowed after function docstring (found 1)\n'}
[0.744054] (serverpublisher) StdoutLine: {'line': b'2: ./vendor/googletest/googletest/test/gtest_xml_output_unittest.py:168 in public method `testEmptyXmlOutput`: D213: Multi-line docstring summary should start at the second line\n'}
[0.744102] (serverpublisher) StdoutLine: {'line': b'2: ./vendor/googletest/googletest/test/gtest_xml_output_unittest.py:177 in public method `testTimestampValue`: D213: Multi-line docstring summary should start at the second line\n'}
[0.744152] (serverpublisher) StdoutLine: {'line': b'2: ./vendor/googletest/googletest/test/gtest_xml_output_unittest.py:202 in public method `testDefaultOutputFile`: D205: 1 blank line required between summary line and description (found 0)\n'}
[0.744211] (serverpublisher) StdoutLine: {'line': b"2: ./vendor/googletest/googletest/test/gtest_xml_output_unittest.py:202 in public method `testDefaultOutputFile`: D400: First line should end with a period (not 'd')\n"}
[0.744262] (serverpublisher) StdoutLine: {'line': b"2: ./vendor/googletest/googletest/test/gtest_xml_output_unittest.py:202 in public method `testDefaultOutputFile`: D415: First line should end with a period, question mark, or exclamation point (not 'd')\n"}
[0.744311] (serverpublisher) StdoutLine: {'line': b'2: ./vendor/googletest/googletest/test/gtest_xml_output_unittest.py:225 in public method `testSuppressedXmlOutput`: D202: No blank lines allowed after function docstring (found 1)\n'}
[0.744360] (serverpublisher) StdoutLine: {'line': b'2: ./vendor/googletest/googletest/test/gtest_xml_output_unittest.py:225 in public method `testSuppressedXmlOutput`: D205: 1 blank line required between summary line and description (found 0)\n'}
[0.744417] (serverpublisher) StdoutLine: {'line': b"2: ./vendor/googletest/googletest/test/gtest_xml_output_unittest.py:225 in public method `testSuppressedXmlOutput`: D400: First line should end with a period (not 's')\n"}
[0.744468] (serverpublisher) StdoutLine: {'line': b"2: ./vendor/googletest/googletest/test/gtest_xml_output_unittest.py:225 in public method `testSuppressedXmlOutput`: D415: First line should end with a period, question mark, or exclamation point (not 's')\n"}
[0.744517] (serverpublisher) StdoutLine: {'line': b'2: ./vendor/googletest/googletest/test/gtest_xml_output_unittest.py:254 in public method `testFilteredTestXmlOutput`: D202: No blank lines allowed after function docstring (found 1)\n'}
[0.744574] (serverpublisher) StdoutLine: {'line': b'2: ./vendor/googletest/googletest/test/gtest_xml_output_unittest.py:254 in public method `testFilteredTestXmlOutput`: D213: Multi-line docstring summary should start at the second line\n'}
[0.744625] (serverpublisher) StdoutLine: {'line': b'2: ./vendor/googletest/googletest/test/gtest_xml_output_unittest.py:264 in private method `_GetXmlOutput`: D205: 1 blank line required between summary line and description (found 0)\n'}
[0.744675] (serverpublisher) StdoutLine: {'line': b"2: ./vendor/googletest/googletest/test/gtest_xml_output_unittest.py:264 in private method `_GetXmlOutput`: D401: First line should be in imperative mood (perhaps 'Return', not 'Returns')\n"}
[0.744724] (serverpublisher) StdoutLine: {'line': b'2: ./vendor/googletest/googletest/test/gtest_xml_output_unittest.py:289 in private method `_TestXmlOutput`: D202: No blank lines allowed after function docstring (found 1)\n'}
[0.744774] (serverpublisher) StdoutLine: {'line': b'2: ./vendor/googletest/googletest/test/gtest_xml_output_unittest.py:289 in private method `_TestXmlOutput`: D205: 1 blank line required between summary line and description (found 0)\n'}
[0.744822] (serverpublisher) StdoutLine: {'line': b"2: ./vendor/googletest/googletest/test/gtest_xml_output_unittest.py:289 in private method `_TestXmlOutput`: D400: First line should end with a period (not 'm')\n"}
[0.744869] (serverpublisher) StdoutLine: {'line': b"2: ./vendor/googletest/googletest/test/gtest_xml_output_unittest.py:289 in private method `_TestXmlOutput`: D415: First line should end with a period, question mark, or exclamation point (not 'm')\n"}
[0.744917] (serverpublisher) StdoutLine: {'line': b"2: ./vendor/googletest/googletest/test/gtest_xml_output_unittest.py:289 in private method `_TestXmlOutput`: D401: First line should be in imperative mood (perhaps 'Assert', not 'Asserts')\n"}
[0.744964] (serverpublisher) StdoutLine: {'line': b'2: checking ./vendor/googletest/googletest/test/gtest_xml_test_utils.py\n'}
[0.745011] (serverpublisher) StdoutLine: {'line': b"2: ./vendor/googletest/googletest/test/gtest_xml_test_utils.py:32 at module level: D400: First line should end with a period (not 't')\n"}
[0.745059] (serverpublisher) StdoutLine: {'line': b"2: ./vendor/googletest/googletest/test/gtest_xml_test_utils.py:32 at module level: D415: First line should end with a period, question mark, or exclamation point (not 't')\n"}
[0.745107] (serverpublisher) StdoutLine: {'line': b'2: ./vendor/googletest/googletest/test/gtest_xml_test_utils.py:46 in public class `GTestXMLTestCase`: D200: One-line docstring should fit on one line with quotes (found 3)\n'}
[0.745155] (serverpublisher) StdoutLine: {'line': b'2: ./vendor/googletest/googletest/test/gtest_xml_test_utils.py:46 in public class `GTestXMLTestCase`: D204: 1 blank line required after class docstring (found 2)\n'}
[0.745207] (serverpublisher) StdoutLine: {'line': b'2: ./vendor/googletest/googletest/test/gtest_xml_test_utils.py:52 in public method `AssertEquivalentNodes`: D202: No blank lines allowed after function docstring (found 1)\n'}
[0.745258] (serverpublisher) StdoutLine: {'line': b'2: ./vendor/googletest/googletest/test/gtest_xml_test_utils.py:52 in public method `AssertEquivalentNodes`: D205: 1 blank line required between summary line and description (found 0)\n'}
[0.745307] (serverpublisher) StdoutLine: {'line': b"2: ./vendor/googletest/googletest/test/gtest_xml_test_utils.py:52 in public method `AssertEquivalentNodes`: D400: First line should end with a period (not 'o')\n"}
[0.745364] (serverpublisher) StdoutLine: {'line': b"2: ./vendor/googletest/googletest/test/gtest_xml_test_utils.py:52 in public method `AssertEquivalentNodes`: D415: First line should end with a period, question mark, or exclamation point (not 'o')\n"}
[0.745415] (serverpublisher) StdoutLine: {'line': b"2: ./vendor/googletest/googletest/test/gtest_xml_test_utils.py:52 in public method `AssertEquivalentNodes`: D401: First line should be in imperative mood (perhaps 'Assert', not 'Asserts')\n"}
[0.745463] (serverpublisher) StdoutLine: {'line': b'2: ./vendor/googletest/googletest/test/gtest_xml_test_utils.py:118 in private method `_GetChildren`: D202: No blank lines allowed after function docstring (found 1)\n'}
[0.745510] (serverpublisher) StdoutLine: {'line': b'2: ./vendor/googletest/googletest/test/gtest_xml_test_utils.py:118 in private method `_GetChildren`: D205: 1 blank line required between summary line and description (found 0)\n'}
[0.745557] (serverpublisher) StdoutLine: {'line': b"2: ./vendor/googletest/googletest/test/gtest_xml_test_utils.py:118 in private method `_GetChildren`: D401: First line should be in imperative mood (perhaps 'Fetch', not 'Fetches')\n"}
[0.745605] (serverpublisher) StdoutLine: {'line': b'2: ./vendor/googletest/googletest/test/gtest_xml_test_utils.py:151 in public method `NormalizeXml`: D202: No blank lines allowed after function docstring (found 1)\n'}
[0.745652] (serverpublisher) StdoutLine: {'line': b'2: ./vendor/googletest/googletest/test/gtest_xml_test_utils.py:151 in public method `NormalizeXml`: D205: 1 blank line required between summary line and description (found 0)\n'}
[0.745699] (serverpublisher) StdoutLine: {'line': b"2: ./vendor/googletest/googletest/test/gtest_xml_test_utils.py:151 in public method `NormalizeXml`: D400: First line should end with a period (not 't')\n"}
[0.745755] (serverpublisher) StdoutLine: {'line': b"2: ./vendor/googletest/googletest/test/gtest_xml_test_utils.py:151 in public method `NormalizeXml`: D415: First line should end with a period, question mark, or exclamation point (not 't')\n"}
[0.745802] (serverpublisher) StdoutLine: {'line': b"2: ./vendor/googletest/googletest/test/gtest_xml_test_utils.py:151 in public method `NormalizeXml`: D401: First line should be in imperative mood (perhaps 'Normalize', not 'Normalizes')\n"}
[0.745848] (serverpublisher) StdoutLine: {'line': b'2: checking ./vendor/googletest/googletest/xcode/Scripts/versiongenerate.py\n'}
[0.745895] (serverpublisher) StdoutLine: {'line': b'2: ./vendor/googletest/googletest/xcode/Scripts/versiongenerate.py: Cannot parse file.\n'}
[0.745942] (serverpublisher) StdoutLine: {'line': b'2: 453 errors\n'}
[0.758906] (serverpublisher) StdoutLine: {'line': b'2: Traceback (most recent call last):\n'}
[0.759039] (serverpublisher) StdoutLine: {'line': b'2:   File "/opt/ros/humble/bin/ament_pep257", line 33, in <module>\n'}
[0.759107] (serverpublisher) StdoutLine: {'line': b"2:     sys.exit(load_entry_point('ament-pep257==0.12.4', 'console_scripts', 'ament_pep257')())\n"}
[0.759203] (serverpublisher) StdoutLine: {'line': b'2:   File "/opt/ros/humble/lib/python3.10/site-packages/ament_pep257/main.py", line 149, in main\n'}
[0.759263] (serverpublisher) StdoutLine: {'line': b'2:     xml = get_xunit_content(report, testname, time.time() - start_time)\n'}
[0.759318] (serverpublisher) StdoutLine: {'line': b'2:   File "/opt/ros/humble/lib/python3.10/site-packages/ament_pep257/main.py", line 259, in get_xunit_content\n'}
[0.759372] (serverpublisher) StdoutLine: {'line': b"2:     '%s (%s:%d)' % (\n"}
[0.759430] (serverpublisher) StdoutLine: {'line': b'2: TypeError: %d format: a real number is required, not str\n'}
[0.771067] (serverpublisher) StdoutLine: {'line': b'2: -- run_test.py: return code 1\n'}
[0.771274] (serverpublisher) StdoutLine: {'line': b"2: -- run_test.py: generate result file '/home/chotu/Beginner_Tutorials_Ros2/build/serverpublisher/test_results/serverpublisher/pep257.xunit.xml' with failed test\n"}
[0.771712] (serverpublisher) StdoutLine: {'line': b"2: -- run_test.py: verify result file '/home/chotu/Beginner_Tutorials_Ros2/build/serverpublisher/test_results/serverpublisher/pep257.xunit.xml'\n"}
[0.780430] (serverpublisher) StdoutLine: {'line': b'2/2 Test #2: pep257 ...........................***Failed    0.56 sec\n'}
[0.780823] (serverpublisher) StdoutLine: {'line': b'\n'}
[0.780954] (serverpublisher) StdoutLine: {'line': b'50% tests passed\x1b[0;0m, \x1b[0;31m1 tests failed\x1b[0;0m out of 2\n'}
[0.781048] (serverpublisher) StdoutLine: {'line': b'\n'}
[0.781130] (serverpublisher) StdoutLine: {'line': b'Label Time Summary:\n'}
[0.781210] (serverpublisher) StdoutLine: {'line': b'gtest     =   0.18 sec*proc (1 test)\n'}
[0.781289] (serverpublisher) StdoutLine: {'line': b'linter    =   0.56 sec*proc (1 test)\n'}
[0.781369] (serverpublisher) StdoutLine: {'line': b'pep257    =   0.56 sec*proc (1 test)\n'}
[0.781446] (serverpublisher) StdoutLine: {'line': b'\n'}
[0.781523] (serverpublisher) StdoutLine: {'line': b'Total Test time (real) =   0.74 sec\n'}
[0.781598] (serverpublisher) StdoutLine: {'line': b'\n'}
[0.781670] (serverpublisher) StdoutLine: {'line': b'The following tests FAILED:\n'}
[0.781743] (serverpublisher) StdoutLine: {'line': b'\t\x1b[0;31m  2 - pep257 (Failed)\x1b[0;0m\n'}
[0.800978] (-) TimerEvent: {}
[0.803368] (serverpublisher) StderrLine: {'line': b'Errors while running CTest\n'}
[0.803518] (serverpublisher) StderrLine: {'line': b'Output from these tests are in: /home/chotu/Beginner_Tutorials_Ros2/build/serverpublisher/Testing/Temporary/LastTest.log\n'}
[0.803615] (serverpublisher) StderrLine: {'line': b'Use "--rerun-failed --output-on-failure" to re-run the failed cases verbosely.\n'}
[0.804659] (serverpublisher) CommandEnded: {'returncode': 8}
[0.805112] (serverpublisher) TestFailure: {'identifier': 'serverpublisher'}
[0.805150] (serverpublisher) JobEnded: {'identifier': 'serverpublisher', 'rc': 0}
[0.805440] (-) EventReactorShutdown: {}
