[0.000000] (-) TimerEvent: {}
[0.000846] (serverpublisher) JobQueued: {'identifier': 'serverpublisher', 'dependencies': OrderedDict([('serverpublisher', '/home/chotu/Beginner_Tutorials_Ros2/install/serverpublisher')])}
[0.000891] (serverpublisher) JobStarted: {'identifier': 'serverpublisher'}
[0.022325] (serverpublisher) Command: {'cmd': ['/usr/bin/ctest', '-C', 'Release', '-D', 'ExperimentalTest', '--no-compress-output', '-V', '--force-new-ctest-process'], 'cwd': '/home/chotu/Beginner_Tutorials_Ros2/build/serverpublisher', 'env': OrderedDict([('USER', 'chotu'), ('XDG_SESSION_TYPE', 'x11'), ('SHLVL', '1'), ('LD_LIBRARY_PATH', '/home/chotu/Beginner_Tutorials_Ros2/install/serverpublisher/lib:/usr/lib/x86_64-linux-gnu/gazebo-11/plugins:/opt/ros/humble/opt/rviz_ogre_vendor/lib:/opt/ros/humble/lib/x86_64-linux-gnu:/opt/ros/humble/lib'), ('HOME', '/home/chotu'), ('OLDPWD', '/home/chotu'), ('DESKTOP_SESSION', 'ubuntu'), ('ROS_PYTHON_VERSION', '3'), ('GNOME_SHELL_SESSION_MODE', 'ubuntu'), ('GTK_MODULES', 'gail:atk-bridge'), ('SYSTEMD_EXEC_PID', '2728'), ('DBUS_SESSION_BUS_ADDRESS', 'unix:path=/run/user/1000/bus'), ('COLORTERM', 'truecolor'), ('_colcon_cd_root', '/opt/ros/humble/'), ('ROS_DISTRO', 'humble'), ('LOGNAME', 'chotu'), ('_', '/usr/bin/colcon'), ('ROS_VERSION', '2'), ('XDG_SESSION_CLASS', 'user'), ('USERNAME', 'chotu'), ('TERM', 'xterm-256color'), ('GNOME_DESKTOP_SESSION_ID', 'this-is-deprecated'), ('ROS_LOCALHOST_ONLY', '1'), ('WINDOWPATH', '2'), ('PATH', '/opt/ros/humble/bin:/usr/local/sbin:/usr/local/bin:/usr/sbin:/usr/bin:/sbin:/bin:/usr/games:/usr/local/games:/snap/bin:/snap/bin'), ('SESSION_MANAGER', 'local/chotu25:@/tmp/.ICE-unix/2544,unix/chotu25:/tmp/.ICE-unix/2544'), ('XDG_MENU_PREFIX', 'gnome-'), ('GNOME_TERMINAL_SCREEN', '/org/gnome/Terminal/screen/812306fa_a292_4e7c_a9cc_665a3d693d29'), ('XDG_RUNTIME_DIR', '/run/user/1000'), ('DISPLAY', ':0'), ('LANG', 'en_US.UTF-8'), ('XDG_CURRENT_DESKTOP', 'ubuntu:GNOME'), ('XMODIFIERS', '@im=ibus'), ('XDG_SESSION_DESKTOP', 'ubuntu'), ('XAUTHORITY', '/run/user/1000/gdm/Xauthority'), ('GNOME_TERMINAL_SERVICE', ':1.1135'), ('SSH_AGENT_LAUNCHER', 'gnome-keyring'), ('SSH_AUTH_SOCK', '/run/user/1000/keyring/ssh'), ('AMENT_PREFIX_PATH', '/home/chotu/Beginner_Tutorials_Ros2/install/serverpublisher:/opt/ros/humble'), ('SHELL', '/bin/bash'), ('QT_ACCESSIBILITY', '1'), ('GDMSESSION', 'ubuntu'), ('GPG_AGENT_INFO', '/run/user/1000/gnupg/S.gpg-agent:0:1'), ('QT_IM_MODULE', 'ibus'), ('PWD', '/home/chotu/Beginner_Tutorials_Ros2/build/serverpublisher'), ('LC_ALL', 'en_US.UTF-8'), ('XDG_CONFIG_DIRS', '/etc/xdg/xdg-ubuntu:/etc/xdg'), ('XDG_DATA_DIRS', '/usr/share/ubuntu:/usr/share/gnome:/usr/local/share/:/usr/share/:/var/lib/snapd/desktop'), ('PYTHONPATH', '/home/chotu/Beginner_Tutorials_Ros2/install/serverpublisher/local/lib/python3.10/dist-packages:/opt/ros/humble/lib/python3.10/site-packages:/opt/ros/humble/local/lib/python3.10/dist-packages'), ('COLCON', '1'), ('VTE_VERSION', '6800'), ('CMAKE_PREFIX_PATH', '/home/chotu/Beginner_Tutorials_Ros2/install/serverpublisher')]), 'shell': False}
[0.027718] (serverpublisher) StdoutLine: {'line': b'UpdateCTestConfiguration  from :/home/chotu/Beginner_Tutorials_Ros2/build/serverpublisher/CTestConfiguration.ini\n'}
[0.027872] (serverpublisher) StdoutLine: {'line': b'Parse Config file:/home/chotu/Beginner_Tutorials_Ros2/build/serverpublisher/CTestConfiguration.ini\n'}
[0.027965] (serverpublisher) StdoutLine: {'line': b'   Site: chotu25\n'}
[0.028019] (serverpublisher) StdoutLine: {'line': b'   Build name: (empty)\n'}
[0.028094] (serverpublisher) StdoutLine: {'line': b' Add coverage exclude regular expressions.\n'}
[0.028143] (serverpublisher) StdoutLine: {'line': b'Create new tag: 20221206-0548 - Experimental\n'}
[0.028191] (serverpublisher) StdoutLine: {'line': b'UpdateCTestConfiguration  from :/home/chotu/Beginner_Tutorials_Ros2/build/serverpublisher/CTestConfiguration.ini\n'}
[0.028238] (serverpublisher) StdoutLine: {'line': b'Parse Config file:/home/chotu/Beginner_Tutorials_Ros2/build/serverpublisher/CTestConfiguration.ini\n'}
[0.028357] (serverpublisher) StdoutLine: {'line': b'Test project /home/chotu/Beginner_Tutorials_Ros2/build/serverpublisher\n'}
[0.028459] (serverpublisher) StdoutLine: {'line': b'Constructing a list of tests\n'}
[0.028538] (serverpublisher) StdoutLine: {'line': b'Done constructing a list of tests\n'}
[0.028590] (serverpublisher) StdoutLine: {'line': b'Updating test list for fixtures\n'}
[0.028640] (serverpublisher) StdoutLine: {'line': b'Added 0 tests to meet fixture requirements\n'}
[0.028690] (serverpublisher) StdoutLine: {'line': b'Checking test dependency graph...\n'}
[0.028743] (serverpublisher) StdoutLine: {'line': b'Checking test dependency graph end\n'}
[0.028804] (serverpublisher) StdoutLine: {'line': b'test 1\n'}
[0.028852] (serverpublisher) StdoutLine: {'line': b'    Start 1: server_test\n'}
[0.028900] (serverpublisher) StdoutLine: {'line': b'\n'}
[0.028958] (serverpublisher) StdoutLine: {'line': b'1: Test command: /usr/bin/python3.10 "-u" "/opt/ros/humble/share/ament_cmake_test/cmake/run_test.py" "/home/chotu/Beginner_Tutorials_Ros2/build/serverpublisher/test_results/serverpublisher/server_test.gtest.xml" "--package-name" "serverpublisher" "--output-file" "/home/chotu/Beginner_Tutorials_Ros2/build/serverpublisher/ament_cmake_gtest/server_test.txt" "--command" "/home/chotu/Beginner_Tutorials_Ros2/build/serverpublisher/server_test" "--gtest_output=xml:/home/chotu/Beginner_Tutorials_Ros2/build/serverpublisher/test_results/serverpublisher/server_test.gtest.xml"\n'}
[0.029010] (serverpublisher) StdoutLine: {'line': b'1: Test timeout computed to be: 60\n'}
[0.064459] (serverpublisher) StdoutLine: {'line': b"1: -- run_test.py: invoking following command in '/home/chotu/Beginner_Tutorials_Ros2/build/serverpublisher':\n"}
[0.064658] (serverpublisher) StdoutLine: {'line': b'1:  - /home/chotu/Beginner_Tutorials_Ros2/build/serverpublisher/server_test --gtest_output=xml:/home/chotu/Beginner_Tutorials_Ros2/build/serverpublisher/test_results/serverpublisher/server_test.gtest.xml\n'}
[0.071625] (serverpublisher) StdoutLine: {'line': b'1: [==========] Running 3 tests from 1 test suite.\n'}
[0.071740] (serverpublisher) StdoutLine: {'line': b'1: [----------] Global test environment set-up.\n'}
[0.071798] (serverpublisher) StdoutLine: {'line': b'1: [----------] 3 tests from test_services_client\n'}
[0.071849] (serverpublisher) StdoutLine: {'line': b'1: unknown file: Failure\n'}
[0.071924] (serverpublisher) StdoutLine: {'line': b'1: C++ exception with description "context is already initialized" thrown in SetUpTestSuite().\n'}
[0.072037] (serverpublisher) StdoutLine: {'line': b'1: [ RUN      ] test_services_client.Manipulation1\n'}
[0.079148] (serverpublisher) StdoutLine: {'line': b'1: [INFO] [1670305711.982539316] [string_server1]: DONE WITH TEST1\n'}
[0.079273] (serverpublisher) StdoutLine: {'line': b'1: \n'}
[0.080535] (serverpublisher) StdoutLine: {'line': b'1: [       OK ] test_services_client.Manipulation1 (8 ms)\n'}
[0.080606] (serverpublisher) StdoutLine: {'line': b'1: [ RUN      ] test_services_client.Manipulation2\n'}
[0.083662] (serverpublisher) StdoutLine: {'line': b'1: [INFO] [1670305711.987120388] [string_server2]: DONE WITH TEST2\n'}
[0.083755] (serverpublisher) StdoutLine: {'line': b'1: \n'}
[0.084716] (serverpublisher) StdoutLine: {'line': b'1: [       OK ] test_services_client.Manipulation2 (4 ms)\n'}
[0.084783] (serverpublisher) StdoutLine: {'line': b'1: [ RUN      ] test_services_client.Subscriber1\n'}
[0.087803] (serverpublisher) StdoutLine: {'line': b'1: [INFO] [1670305711.991267376] [subscriber]: DONE WITH TEST3\n'}
[0.087910] (serverpublisher) StdoutLine: {'line': b'1: \n'}
[0.088769] (serverpublisher) StdoutLine: {'line': b'1: [       OK ] test_services_client.Subscriber1 (4 ms)\n'}
[0.088868] (serverpublisher) StdoutLine: {'line': b'1: [----------] 3 tests from test_services_client (17 ms total)\n'}
[0.088932] (serverpublisher) StdoutLine: {'line': b'1: \n'}
[0.088987] (serverpublisher) StdoutLine: {'line': b'1: [----------] Global test environment tear-down\n'}
[0.089056] (serverpublisher) StdoutLine: {'line': b'1: [==========] 3 tests from 1 test suite ran. (18 ms total)\n'}
[0.089121] (serverpublisher) StdoutLine: {'line': b'1: [  PASSED  ] 3 tests.\n'}
[0.099775] (-) TimerEvent: {}
[0.189631] (serverpublisher) StdoutLine: {'line': b'1: DONE SHUTTING DOWN ROS\n'}
[0.190522] (serverpublisher) StdoutLine: {'line': b'1: -- run_test.py: return code 0\n'}
[0.190735] (serverpublisher) StdoutLine: {'line': b"1: -- run_test.py: inject classname prefix into gtest result file '/home/chotu/Beginner_Tutorials_Ros2/build/serverpublisher/test_results/serverpublisher/server_test.gtest.xml'\n"}
[0.190851] (serverpublisher) StdoutLine: {'line': b"1: -- run_test.py: verify result file '/home/chotu/Beginner_Tutorials_Ros2/build/serverpublisher/test_results/serverpublisher/server_test.gtest.xml'\n"}
[0.197682] (serverpublisher) StdoutLine: {'line': b'1/2 Test #1: server_test ......................   Passed    0.17 sec\n'}
[0.197892] (serverpublisher) StdoutLine: {'line': b'test 2\n'}
[0.197961] (serverpublisher) StdoutLine: {'line': b'    Start 2: pep257\n'}
[0.198029] (serverpublisher) StdoutLine: {'line': b'\n'}
[0.198092] (serverpublisher) StdoutLine: {'line': b'2: Test command: /usr/bin/python3.10 "-u" "/opt/ros/humble/share/ament_cmake_test/cmake/run_test.py" "/home/chotu/Beginner_Tutorials_Ros2/build/serverpublisher/test_results/serverpublisher/pep257.xunit.xml" "--package-name" "serverpublisher" "--output-file" "/home/chotu/Beginner_Tutorials_Ros2/build/serverpublisher/ament_pep257/pep257.txt" "--command" "/opt/ros/humble/bin/ament_pep257" "--xunit-file" "/home/chotu/Beginner_Tutorials_Ros2/build/serverpublisher/test_results/serverpublisher/pep257.xunit.xml"\n'}
[0.198160] (serverpublisher) StdoutLine: {'line': b'2: Test timeout computed to be: 60\n'}
[0.199835] (-) TimerEvent: {}
[0.240609] (serverpublisher) StdoutLine: {'line': b"2: -- run_test.py: invoking following command in '/home/chotu/Beginner_Tutorials_Ros2':\n"}
[0.240778] (serverpublisher) StdoutLine: {'line': b'2:  - /opt/ros/humble/bin/ament_pep257 --xunit-file /home/chotu/Beginner_Tutorials_Ros2/build/serverpublisher/test_results/serverpublisher/pep257.xunit.xml\n'}
[0.299942] (-) TimerEvent: {}
[0.400191] (-) TimerEvent: {}
[0.500455] (-) TimerEvent: {}
[0.545204] (serverpublisher) StdoutLine: {'line': b'2: Error in file ./vendor/googletest/googlemock/scripts/fuse_gmock_files.py: Cannot parse file.\n'}
[0.600564] (-) TimerEvent: {}
[0.628548] (serverpublisher) StdoutLine: {'line': b'2: checking ./build/serverpublisher/ament_cmake_python/serverpublisher/serverpublisher/__init__.py\n'}
[0.629694] (serverpublisher) StdoutLine: {'line': b'2: checking ./build/serverpublisher/ament_cmake_python/serverpublisher/serverpublisher/msg/__init__.py\n'}
[0.629822] (serverpublisher) StdoutLine: {'line': b'2: checking ./build/serverpublisher/ament_cmake_python/serverpublisher/serverpublisher/msg/_data.py\n'}
[0.629895] (serverpublisher) StdoutLine: {'line': b'2: checking ./build/serverpublisher/ament_cmake_python/serverpublisher/serverpublisher/msg/_num.py\n'}
[0.629962] (serverpublisher) StdoutLine: {'line': b'2: checking ./build/serverpublisher/ament_cmake_python/serverpublisher/serverpublisher/msg/_sphere.py\n'}
[0.630023] (serverpublisher) StdoutLine: {'line': b'2: checking ./build/serverpublisher/ament_cmake_python/serverpublisher/serverpublisher/srv/__init__.py\n'}
[0.630086] (serverpublisher) StdoutLine: {'line': b'2: checking ./build/serverpublisher/ament_cmake_python/serverpublisher/serverpublisher/srv/_add_three_ints.py\n'}
[0.630151] (serverpublisher) StdoutLine: {'line': b'2: checking ./build/serverpublisher/ament_cmake_python/serverpublisher/serverpublisher/srv/_change_string.py\n'}
[0.630216] (serverpublisher) StdoutLine: {'line': b'2: checking ./build/serverpublisher/ament_cmake_python/serverpublisher/setup.py\n'}
[0.630283] (serverpublisher) StdoutLine: {'line': b'2: checking ./build/serverpublisher/rosidl_generator_py/serverpublisher/__init__.py\n'}
[0.630354] (serverpublisher) StdoutLine: {'line': b'2: checking ./build/serverpublisher/rosidl_generator_py/serverpublisher/msg/__init__.py\n'}
[0.630433] (serverpublisher) StdoutLine: {'line': b'2: checking ./build/serverpublisher/rosidl_generator_py/serverpublisher/msg/_data.py\n'}
[0.630503] (serverpublisher) StdoutLine: {'line': b'2: checking ./build/serverpublisher/rosidl_generator_py/serverpublisher/msg/_num.py\n'}
[0.630571] (serverpublisher) StdoutLine: {'line': b'2: checking ./build/serverpublisher/rosidl_generator_py/serverpublisher/msg/_sphere.py\n'}
[0.630639] (serverpublisher) StdoutLine: {'line': b'2: checking ./build/serverpublisher/rosidl_generator_py/serverpublisher/srv/__init__.py\n'}
[0.630707] (serverpublisher) StdoutLine: {'line': b'2: checking ./build/serverpublisher/rosidl_generator_py/serverpublisher/srv/_add_three_ints.py\n'}
[0.630775] (serverpublisher) StdoutLine: {'line': b'2: checking ./build/serverpublisher/rosidl_generator_py/serverpublisher/srv/_change_string.py\n'}
[0.630843] (serverpublisher) StdoutLine: {'line': b'2: checking ./install/_local_setup_util_ps1.py\n'}
[0.630911] (serverpublisher) StdoutLine: {'line': b'2: checking ./install/_local_setup_util_sh.py\n'}
[0.630978] (serverpublisher) StdoutLine: {'line': b'2: checking ./install/serverpublisher/local/lib/python3.10/dist-packages/serverpublisher/__init__.py\n'}
[0.631046] (serverpublisher) StdoutLine: {'line': b'2: checking ./install/serverpublisher/local/lib/python3.10/dist-packages/serverpublisher/msg/__init__.py\n'}
[0.631114] (serverpublisher) StdoutLine: {'line': b'2: checking ./install/serverpublisher/local/lib/python3.10/dist-packages/serverpublisher/msg/_data.py\n'}
[0.631180] (serverpublisher) StdoutLine: {'line': b'2: checking ./install/serverpublisher/local/lib/python3.10/dist-packages/serverpublisher/msg/_num.py\n'}
[0.631250] (serverpublisher) StdoutLine: {'line': b'2: checking ./install/serverpublisher/local/lib/python3.10/dist-packages/serverpublisher/msg/_sphere.py\n'}
[0.631320] (serverpublisher) StdoutLine: {'line': b'2: checking ./install/serverpublisher/local/lib/python3.10/dist-packages/serverpublisher/srv/__init__.py\n'}
[0.631391] (serverpublisher) StdoutLine: {'line': b'2: checking ./install/serverpublisher/local/lib/python3.10/dist-packages/serverpublisher/srv/_add_three_ints.py\n'}
[0.631455] (serverpublisher) StdoutLine: {'line': b'2: checking ./install/serverpublisher/local/lib/python3.10/dist-packages/serverpublisher/srv/_change_string.py\n'}
[0.631518] (serverpublisher) StdoutLine: {'line': b'2: checking ./install/serverpublisher/share/serverpublisher/launch/bag_launch.py\n'}
[0.631579] (serverpublisher) StdoutLine: {'line': b'2: checking ./install/serverpublisher/share/serverpublisher/launch/cpp_pubsub_launch.py\n'}
[0.631646] (serverpublisher) StdoutLine: {'line': b'2: checking ./install/serverpublisher/share/serverpublisher/launch/rosbag_launch.py\n'}
[0.631711] (serverpublisher) StdoutLine: {'line': b'2: checking ./launch/bag_launch.py\n'}
[0.631772] (serverpublisher) StdoutLine: {'line': b'2: checking ./launch/cpp_pubsub_launch.py\n'}
[0.631832] (serverpublisher) StdoutLine: {'line': b'2: checking ./launch/rosbag_launch.py\n'}
[0.631891] (serverpublisher) StdoutLine: {'line': b'2: checking ./vendor/googletest/googlemock/scripts/fuse_gmock_files.py\n'}
[0.631948] (serverpublisher) StdoutLine: {'line': b'2: ./vendor/googletest/googlemock/scripts/fuse_gmock_files.py: Cannot parse file.\n'}
[0.632008] (serverpublisher) StdoutLine: {'line': b'2: checking ./vendor/googletest/googlemock/scripts/generator/cpp/__init__.py\n'}
[0.632068] (serverpublisher) StdoutLine: {'line': b'2: checking ./vendor/googletest/googlemock/scripts/generator/cpp/ast.py\n'}
[0.632129] (serverpublisher) StdoutLine: {'line': b"2: ./vendor/googletest/googlemock/scripts/generator/cpp/ast.py:117 in public method `IsDeclaration`: D401: First line should be in imperative mood (perhaps 'Return', not 'Returns')\n"}
[0.632192] (serverpublisher) StdoutLine: {'line': b"2: ./vendor/googletest/googlemock/scripts/generator/cpp/ast.py:121 in public method `IsDefinition`: D401: First line should be in imperative mood (perhaps 'Return', not 'Returns')\n"}
[0.632253] (serverpublisher) StdoutLine: {'line': b"2: ./vendor/googletest/googlemock/scripts/generator/cpp/ast.py:125 in public method `IsExportable`: D401: First line should be in imperative mood (perhaps 'Return', not 'Returns')\n"}
[0.632321] (serverpublisher) StdoutLine: {'line': b"2: ./vendor/googletest/googlemock/scripts/generator/cpp/ast.py:129 in public method `Requires`: D400: First line should end with a period (not '?')\n"}
[0.632382] (serverpublisher) StdoutLine: {'line': b"2: ./vendor/googletest/googlemock/scripts/generator/cpp/ast.py:129 in public method `Requires`: D401: First line should be in imperative mood; try rephrasing (found 'Does')\n"}
[0.632453] (serverpublisher) StdoutLine: {'line': b'2: ./vendor/googletest/googlemock/scripts/generator/cpp/ast.py:414 in public method `__init__`: D205: 1 blank line required between summary line and description (found 0)\n'}
[0.632514] (serverpublisher) StdoutLine: {'line': b"2: ./vendor/googletest/googlemock/scripts/generator/cpp/ast.py:414 in public method `__init__`: D400: First line should end with a period (not ':')\n"}
[0.632574] (serverpublisher) StdoutLine: {'line': b"2: ./vendor/googletest/googlemock/scripts/generator/cpp/ast.py:414 in public method `__init__`: D415: First line should end with a period, question mark, or exclamation point (not ':')\n"}
[0.632634] (serverpublisher) StdoutLine: {'line': b'2: ./vendor/googletest/googlemock/scripts/generator/cpp/ast.py:478 in public method `ToType`: D205: 1 blank line required between summary line and description (found 0)\n'}
[0.632695] (serverpublisher) StdoutLine: {'line': b'2: ./vendor/googletest/googlemock/scripts/generator/cpp/ast.py:478 in public method `ToType`: D213: Multi-line docstring summary should start at the second line\n'}
[0.632757] (serverpublisher) StdoutLine: {'line': b"2: ./vendor/googletest/googlemock/scripts/generator/cpp/ast.py:478 in public method `ToType`: D413: Missing blank line after last section ('Returns')\n"}
[0.632818] (serverpublisher) StdoutLine: {'line': b"2: ./vendor/googletest/googlemock/scripts/generator/cpp/ast.py:478 in public method `ToType`: D407: Missing dashed underline after section ('Returns')\n"}
[0.632880] (serverpublisher) StdoutLine: {'line': b"2: ./vendor/googletest/googlemock/scripts/generator/cpp/ast.py:478 in public method `ToType`: D406: Section name should end with a newline ('Returns', not 'Returns:')\n"}
[0.632951] (serverpublisher) StdoutLine: {'line': b"2: ./vendor/googletest/googlemock/scripts/generator/cpp/ast.py:929 in public method `GetName`: D401: First line should be in imperative mood (perhaps 'Return', not 'Returns')\n"}
[0.633014] (serverpublisher) StdoutLine: {'line': b'2: ./vendor/googletest/googlemock/scripts/generator/cpp/ast.py:1664 in public function `BuilderFromSource`: D213: Multi-line docstring summary should start at the second line\n'}
[0.633073] (serverpublisher) StdoutLine: {'line': b"2: ./vendor/googletest/googlemock/scripts/generator/cpp/ast.py:1664 in public function `BuilderFromSource`: D401: First line should be in imperative mood; try rephrasing (found 'Utility')\n"}
[0.633134] (serverpublisher) StdoutLine: {'line': b"2: ./vendor/googletest/googlemock/scripts/generator/cpp/ast.py:1664 in public function `BuilderFromSource`: D413: Missing blank line after last section ('Returns')\n"}
[0.633194] (serverpublisher) StdoutLine: {'line': b"2: ./vendor/googletest/googlemock/scripts/generator/cpp/ast.py:1664 in public function `BuilderFromSource`: D407: Missing dashed underline after section ('Returns')\n"}
[0.633255] (serverpublisher) StdoutLine: {'line': b"2: ./vendor/googletest/googlemock/scripts/generator/cpp/ast.py:1664 in public function `BuilderFromSource`: D406: Section name should end with a newline ('Returns', not 'Returns:')\n"}
[0.633316] (serverpublisher) StdoutLine: {'line': b'2: ./vendor/googletest/googlemock/scripts/generator/cpp/ast.py:1677 in public function `PrintIndentifiers`: D213: Multi-line docstring summary should start at the second line\n'}
[0.633383] (serverpublisher) StdoutLine: {'line': b"2: ./vendor/googletest/googlemock/scripts/generator/cpp/ast.py:1677 in public function `PrintIndentifiers`: D401: First line should be in imperative mood (perhaps 'Print', not 'Prints')\n"}
[0.633451] (serverpublisher) StdoutLine: {'line': b"2: ./vendor/googletest/googlemock/scripts/generator/cpp/ast.py:1677 in public function `PrintIndentifiers`: D413: Missing blank line after last section ('Args')\n"}
[0.633512] (serverpublisher) StdoutLine: {'line': b"2: ./vendor/googletest/googlemock/scripts/generator/cpp/ast.py:1677 in public function `PrintIndentifiers`: D407: Missing dashed underline after section ('Args')\n"}
[0.633569] (serverpublisher) StdoutLine: {'line': b'2: ./vendor/googletest/googlemock/scripts/generator/cpp/ast.py:1701 in public function `PrintAllIndentifiers`: D213: Multi-line docstring summary should start at the second line\n'}
[0.633629] (serverpublisher) StdoutLine: {'line': b"2: ./vendor/googletest/googlemock/scripts/generator/cpp/ast.py:1701 in public function `PrintAllIndentifiers`: D401: First line should be in imperative mood (perhaps 'Print', not 'Prints')\n"}
[0.633690] (serverpublisher) StdoutLine: {'line': b"2: ./vendor/googletest/googlemock/scripts/generator/cpp/ast.py:1701 in public function `PrintAllIndentifiers`: D413: Missing blank line after last section ('Args')\n"}
[0.633752] (serverpublisher) StdoutLine: {'line': b"2: ./vendor/googletest/googlemock/scripts/generator/cpp/ast.py:1701 in public function `PrintAllIndentifiers`: D407: Missing dashed underline after section ('Args')\n"}
[0.633814] (serverpublisher) StdoutLine: {'line': b'2: checking ./vendor/googletest/googlemock/scripts/generator/cpp/gmock_class.py\n'}
[0.633875] (serverpublisher) StdoutLine: {'line': b'2: ./vendor/googletest/googlemock/scripts/generator/cpp/gmock_class.py:17 at module level: D213: Multi-line docstring summary should start at the second line\n'}
[0.633935] (serverpublisher) StdoutLine: {'line': b'2: checking ./vendor/googletest/googlemock/scripts/generator/cpp/gmock_class_test.py\n'}
[0.633995] (serverpublisher) StdoutLine: {'line': b'2: checking ./vendor/googletest/googlemock/scripts/generator/cpp/keywords.py\n'}
[0.634063] (serverpublisher) StdoutLine: {'line': b'2: checking ./vendor/googletest/googlemock/scripts/generator/cpp/tokenize.py\n'}
[0.645021] (serverpublisher) StdoutLine: {'line': b'2: Error in file ./vendor/googletest/googlemock/scripts/upload.py: Cannot parse file.\n'}
[0.654850] (serverpublisher) StdoutLine: {'line': b'2: ./vendor/googletest/googlemock/scripts/generator/cpp/tokenize.py:65 in public class `Token`: D213: Multi-line docstring summary should start at the second line\n'}
[0.655163] (serverpublisher) StdoutLine: {'line': b'2: ./vendor/googletest/googlemock/scripts/generator/cpp/tokenize.py:120 in public function `GetTokens`: D213: Multi-line docstring summary should start at the second line\n'}
[0.655254] (serverpublisher) StdoutLine: {'line': b"2: ./vendor/googletest/googlemock/scripts/generator/cpp/tokenize.py:120 in public function `GetTokens`: D401: First line should be in imperative mood (perhaps 'Return', not 'Returns')\n"}
[0.655337] (serverpublisher) StdoutLine: {'line': b"2: ./vendor/googletest/googlemock/scripts/generator/cpp/tokenize.py:120 in public function `GetTokens`: D413: Missing blank line after last section ('Yields')\n"}
[0.655413] (serverpublisher) StdoutLine: {'line': b"2: ./vendor/googletest/googlemock/scripts/generator/cpp/tokenize.py:120 in public function `GetTokens`: D407: Missing dashed underline after section ('Yields')\n"}
[0.655477] (serverpublisher) StdoutLine: {'line': b"2: ./vendor/googletest/googlemock/scripts/generator/cpp/tokenize.py:120 in public function `GetTokens`: D406: Section name should end with a newline ('Yields', not 'Yields:')\n"}
[0.655542] (serverpublisher) StdoutLine: {'line': b'2: checking ./vendor/googletest/googlemock/scripts/generator/cpp/utils.py\n'}
[0.655607] (serverpublisher) StdoutLine: {'line': b"2: ./vendor/googletest/googlemock/scripts/generator/cpp/utils.py:31 in public function `ReadFile`: D401: First line should be in imperative mood (perhaps 'Return', not 'Returns')\n"}
[0.655681] (serverpublisher) StdoutLine: {'line': b'2: checking ./vendor/googletest/googlemock/scripts/generator/gmock_gen.py\n'}
[0.655744] (serverpublisher) StdoutLine: {'line': b'2: checking ./vendor/googletest/googlemock/scripts/gmock_doctor.py\n'}
[0.655807] (serverpublisher) StdoutLine: {'line': b'2: ./vendor/googletest/googlemock/scripts/gmock_doctor.py:138 in private function `_FindAllMatches`: D202: No blank lines allowed after function docstring (found 1)\n'}
[0.655869] (serverpublisher) StdoutLine: {'line': b"2: ./vendor/googletest/googlemock/scripts/gmock_doctor.py:138 in private function `_FindAllMatches`: D401: First line should be in imperative mood (perhaps 'Generate', not 'Generates')\n"}
[0.655933] (serverpublisher) StdoutLine: {'line': b'2: ./vendor/googletest/googlemock/scripts/gmock_doctor.py:145 in private function `_GenericDiagnoser`: D213: Multi-line docstring summary should start at the second line\n'}
[0.655996] (serverpublisher) StdoutLine: {'line': b"2: ./vendor/googletest/googlemock/scripts/gmock_doctor.py:145 in private function `_GenericDiagnoser`: D413: Missing blank line after last section ('Yields')\n"}
[0.656065] (serverpublisher) StdoutLine: {'line': b"2: ./vendor/googletest/googlemock/scripts/gmock_doctor.py:145 in private function `_GenericDiagnoser`: D411: Missing blank line before section ('Yields')\n"}
[0.656129] (serverpublisher) StdoutLine: {'line': b"2: ./vendor/googletest/googlemock/scripts/gmock_doctor.py:145 in private function `_GenericDiagnoser`: D407: Missing dashed underline after section ('Yields')\n"}
[0.656191] (serverpublisher) StdoutLine: {'line': b"2: ./vendor/googletest/googlemock/scripts/gmock_doctor.py:145 in private function `_GenericDiagnoser`: D406: Section name should end with a newline ('Yields', not 'Yields:')\n"}
[0.656253] (serverpublisher) StdoutLine: {'line': b'2: ./vendor/googletest/googlemock/scripts/gmock_doctor.py:167 in private function `_NeedToReturnReferenceDiagnoser`: D202: No blank lines allowed after function docstring (found 1)\n'}
[0.656316] (serverpublisher) StdoutLine: {'line': b'2: ./vendor/googletest/googlemock/scripts/gmock_doctor.py:192 in private function `_NeedToReturnSomethingDiagnoser`: D202: No blank lines allowed after function docstring (found 1)\n'}
[0.656381] (serverpublisher) StdoutLine: {'line': b'2: ./vendor/googletest/googlemock/scripts/gmock_doctor.py:219 in private function `_NeedToReturnNothingDiagnoser`: D202: No blank lines allowed after function docstring (found 1)\n'}
[0.656442] (serverpublisher) StdoutLine: {'line': b'2: ./vendor/googletest/googlemock/scripts/gmock_doctor.py:256 in private function `_IncompleteByReferenceArgumentDiagnoser`: D202: No blank lines allowed after function docstring (found 1)\n'}
[0.656505] (serverpublisher) StdoutLine: {'line': b'2: ./vendor/googletest/googlemock/scripts/gmock_doctor.py:283 in private function `_OverloadedFunctionMatcherDiagnoser`: D202: No blank lines allowed after function docstring (found 1)\n'}
[0.656568] (serverpublisher) StdoutLine: {'line': b'2: ./vendor/googletest/googlemock/scripts/gmock_doctor.py:304 in private function `_OverloadedFunctionActionDiagnoser`: D202: No blank lines allowed after function docstring (found 1)\n'}
[0.656630] (serverpublisher) StdoutLine: {'line': b'2: ./vendor/googletest/googlemock/scripts/gmock_doctor.py:329 in private function `_OverloadedMethodActionDiagnoser`: D202: No blank lines allowed after function docstring (found 1)\n'}
[0.656694] (serverpublisher) StdoutLine: {'line': b'2: ./vendor/googletest/googlemock/scripts/gmock_doctor.py:358 in private function `_MockObjectPointerDiagnoser`: D202: No blank lines allowed after function docstring (found 1)\n'}
[0.656765] (serverpublisher) StdoutLine: {'line': b'2: ./vendor/googletest/googlemock/scripts/gmock_doctor.py:397 in private function `_NeedToUseSymbolDiagnoser`: D202: No blank lines allowed after function docstring (found 1)\n'}
[0.656827] (serverpublisher) StdoutLine: {'line': b'2: ./vendor/googletest/googlemock/scripts/gmock_doctor.py:417 in private function `_NeedToUseReturnNullDiagnoser`: D202: No blank lines allowed after function docstring (found 1)\n'}
[0.656895] (serverpublisher) StdoutLine: {'line': b'2: ./vendor/googletest/googlemock/scripts/gmock_doctor.py:443 in private function `_TypeInTemplatedBaseDiagnoser`: D202: No blank lines allowed after function docstring (found 1)\n'}
[0.656967] (serverpublisher) StdoutLine: {'line': b'2: ./vendor/googletest/googlemock/scripts/gmock_doctor.py:512 in private function `_WrongMockMethodMacroDiagnoser`: D202: No blank lines allowed after function docstring (found 1)\n'}
[0.657029] (serverpublisher) StdoutLine: {'line': b'2: ./vendor/googletest/googlemock/scripts/gmock_doctor.py:540 in private function `_WrongParenPositionDiagnoser`: D202: No blank lines allowed after function docstring (found 1)\n'}
[0.657090] (serverpublisher) StdoutLine: {'line': b'2: ./vendor/googletest/googlemock/scripts/gmock_doctor.py:578 in public function `Diagnose`: D202: No blank lines allowed after function docstring (found 1)\n'}
[0.657151] (serverpublisher) StdoutLine: {'line': b"2: ./vendor/googletest/googlemock/scripts/gmock_doctor.py:578 in public function `Diagnose`: D401: First line should be in imperative mood (perhaps 'Generate', not 'Generates')\n"}
[0.657211] (serverpublisher) StdoutLine: {'line': b'2: checking ./vendor/googletest/googlemock/scripts/upload.py\n'}
[0.657271] (serverpublisher) StdoutLine: {'line': b'2: ./vendor/googletest/googlemock/scripts/upload.py: Cannot parse file.\n'}
[0.657333] (serverpublisher) StdoutLine: {'line': b'2: checking ./vendor/googletest/googlemock/scripts/upload_gmock.py\n'}
[0.657393] (serverpublisher) StdoutLine: {'line': b'2: ./vendor/googletest/googlemock/scripts/upload_gmock.py:32 at module level: D213: Multi-line docstring summary should start at the second line\n'}
[0.657454] (serverpublisher) StdoutLine: {'line': b'2: checking ./vendor/googletest/googlemock/test/gmock_leak_test.py\n'}
[0.657515] (serverpublisher) StdoutLine: {'line': b'2: checking ./vendor/googletest/googlemock/test/gmock_output_test.py\n'}
[0.657577] (serverpublisher) StdoutLine: {'line': b'2: ./vendor/googletest/googlemock/test/gmock_output_test.py:32 at module level: D213: Multi-line docstring summary should start at the second line\n'}
[0.657644] (serverpublisher) StdoutLine: {'line': b'2: ./vendor/googletest/googlemock/test/gmock_output_test.py:60 in public function `ToUnixLineEnding`: D202: No blank lines allowed after function docstring (found 1)\n'}
[0.657707] (serverpublisher) StdoutLine: {'line': b"2: ./vendor/googletest/googlemock/test/gmock_output_test.py:60 in public function `ToUnixLineEnding`: D401: First line should be in imperative mood (perhaps 'Change', not 'Changes')\n"}
[0.657768] (serverpublisher) StdoutLine: {'line': b'2: ./vendor/googletest/googlemock/test/gmock_output_test.py:66 in public function `RemoveReportHeaderAndFooter`: D202: No blank lines allowed after function docstring (found 1)\n'}
[0.657831] (serverpublisher) StdoutLine: {'line': b"2: ./vendor/googletest/googlemock/test/gmock_output_test.py:66 in public function `RemoveReportHeaderAndFooter`: D401: First line should be in imperative mood (perhaps 'Remove', not 'Removes')\n"}
[0.657893] (serverpublisher) StdoutLine: {'line': b'2: ./vendor/googletest/googlemock/test/gmock_output_test.py:77 in public function `RemoveLocations`: D202: No blank lines allowed after function docstring (found 1)\n'}
[0.657956] (serverpublisher) StdoutLine: {'line': b'2: ./vendor/googletest/googlemock/test/gmock_output_test.py:77 in public function `RemoveLocations`: D213: Multi-line docstring summary should start at the second line\n'}
[0.658016] (serverpublisher) StdoutLine: {'line': b'2: ./vendor/googletest/googlemock/test/gmock_output_test.py:77 in public function `RemoveLocations`: D301: Use r""" if any backslashes in a docstring\n'}
[0.658076] (serverpublisher) StdoutLine: {'line': b"2: ./vendor/googletest/googlemock/test/gmock_output_test.py:77 in public function `RemoveLocations`: D401: First line should be in imperative mood (perhaps 'Remove', not 'Removes')\n"}
[0.658142] (serverpublisher) StdoutLine: {'line': b"2: ./vendor/googletest/googlemock/test/gmock_output_test.py:77 in public function `RemoveLocations`: D413: Missing blank line after last section ('Returns')\n"}
[0.658203] (serverpublisher) StdoutLine: {'line': b"2: ./vendor/googletest/googlemock/test/gmock_output_test.py:77 in public function `RemoveLocations`: D407: Missing dashed underline after section ('Returns')\n"}
[0.658264] (serverpublisher) StdoutLine: {'line': b"2: ./vendor/googletest/googlemock/test/gmock_output_test.py:77 in public function `RemoveLocations`: D406: Section name should end with a newline ('Returns', not 'Returns:')\n"}
[0.658325] (serverpublisher) StdoutLine: {'line': b'2: ./vendor/googletest/googlemock/test/gmock_output_test.py:93 in public function `NormalizeErrorMarker`: D202: No blank lines allowed after function docstring (found 1)\n'}
[0.658386] (serverpublisher) StdoutLine: {'line': b"2: ./vendor/googletest/googlemock/test/gmock_output_test.py:93 in public function `NormalizeErrorMarker`: D401: First line should be in imperative mood (perhaps 'Normalize', not 'Normalizes')\n"}
[0.658456] (serverpublisher) StdoutLine: {'line': b'2: ./vendor/googletest/googlemock/test/gmock_output_test.py:99 in public function `RemoveMemoryAddresses`: D202: No blank lines allowed after function docstring (found 1)\n'}
[0.669087] (serverpublisher) StdoutLine: {'line': b"2: ./vendor/googletest/googlemock/test/gmock_output_test.py:99 in public function `RemoveMemoryAddresses`: D401: First line should be in imperative mood (perhaps 'Remove', not 'Removes')\n"}
[0.669357] (serverpublisher) StdoutLine: {'line': b'2: ./vendor/googletest/googlemock/test/gmock_output_test.py:105 in public function `RemoveTestNamesOfLeakedMocks`: D202: No blank lines allowed after function docstring (found 1)\n'}
[0.669432] (serverpublisher) StdoutLine: {'line': b"2: ./vendor/googletest/googlemock/test/gmock_output_test.py:105 in public function `RemoveTestNamesOfLeakedMocks`: D401: First line should be in imperative mood (perhaps 'Remove', not 'Removes')\n"}
[0.669501] (serverpublisher) StdoutLine: {'line': b'2: ./vendor/googletest/googlemock/test/gmock_output_test.py:111 in public function `GetLeakyTests`: D202: No blank lines allowed after function docstring (found 1)\n'}
[0.669568] (serverpublisher) StdoutLine: {'line': b"2: ./vendor/googletest/googlemock/test/gmock_output_test.py:111 in public function `GetLeakyTests`: D401: First line should be in imperative mood (perhaps 'Return', not 'Returns')\n"}
[0.669632] (serverpublisher) StdoutLine: {'line': b'2: ./vendor/googletest/googlemock/test/gmock_output_test.py:120 in public function `GetNormalizedOutputAndLeakyTests`: D202: No blank lines allowed after function docstring (found 1)\n'}
[0.669695] (serverpublisher) StdoutLine: {'line': b'2: ./vendor/googletest/googlemock/test/gmock_output_test.py:120 in public function `GetNormalizedOutputAndLeakyTests`: D213: Multi-line docstring summary should start at the second line\n'}
[0.669757] (serverpublisher) StdoutLine: {'line': b"2: ./vendor/googletest/googlemock/test/gmock_output_test.py:120 in public function `GetNormalizedOutputAndLeakyTests`: D401: First line should be in imperative mood (perhaps 'Normalize', not 'Normalizes')\n"}
[0.669819] (serverpublisher) StdoutLine: {'line': b"2: ./vendor/googletest/googlemock/test/gmock_output_test.py:120 in public function `GetNormalizedOutputAndLeakyTests`: D413: Missing blank line after last section ('Returns')\n"}
[0.669891] (serverpublisher) StdoutLine: {'line': b"2: ./vendor/googletest/googlemock/test/gmock_output_test.py:120 in public function `GetNormalizedOutputAndLeakyTests`: D407: Missing dashed underline after section ('Returns')\n"}
[0.669961] (serverpublisher) StdoutLine: {'line': b"2: ./vendor/googletest/googlemock/test/gmock_output_test.py:120 in public function `GetNormalizedOutputAndLeakyTests`: D406: Section name should end with a newline ('Returns', not 'Returns:')\n"}
[0.670026] (serverpublisher) StdoutLine: {'line': b'2: ./vendor/googletest/googlemock/test/gmock_output_test.py:139 in public function `GetShellCommandOutput`: D202: No blank lines allowed after function docstring (found 1)\n'}
[0.670095] (serverpublisher) StdoutLine: {'line': b"2: ./vendor/googletest/googlemock/test/gmock_output_test.py:139 in public function `GetShellCommandOutput`: D401: First line should be in imperative mood (perhaps 'Run', not 'Runs')\n"}
[0.670158] (serverpublisher) StdoutLine: {'line': b'2: ./vendor/googletest/googlemock/test/gmock_output_test.py:145 in public function `GetNormalizedCommandOutputAndLeakyTests`: D202: No blank lines allowed after function docstring (found 1)\n'}
[0.670220] (serverpublisher) StdoutLine: {'line': b'2: ./vendor/googletest/googlemock/test/gmock_output_test.py:145 in public function `GetNormalizedCommandOutputAndLeakyTests`: D213: Multi-line docstring summary should start at the second line\n'}
[0.670282] (serverpublisher) StdoutLine: {'line': b"2: ./vendor/googletest/googlemock/test/gmock_output_test.py:145 in public function `GetNormalizedCommandOutputAndLeakyTests`: D401: First line should be in imperative mood (perhaps 'Run', not 'Runs')\n"}
[0.670343] (serverpublisher) StdoutLine: {'line': b"2: ./vendor/googletest/googlemock/test/gmock_output_test.py:145 in public function `GetNormalizedCommandOutputAndLeakyTests`: D413: Missing blank line after last section ('Args')\n"}
[0.670403] (serverpublisher) StdoutLine: {'line': b"2: ./vendor/googletest/googlemock/test/gmock_output_test.py:145 in public function `GetNormalizedCommandOutputAndLeakyTests`: D407: Missing dashed underline after section ('Args')\n"}
[0.670464] (serverpublisher) StdoutLine: {'line': b'2: checking ./vendor/googletest/googlemock/test/gmock_test_utils.py\n'}
[0.670524] (serverpublisher) StdoutLine: {'line': b'2: ./vendor/googletest/googlemock/test/gmock_test_utils.py:55 in public function `GetSourceDir`: D202: No blank lines allowed after function docstring (found 1)\n'}
[0.670585] (serverpublisher) StdoutLine: {'line': b"2: ./vendor/googletest/googlemock/test/gmock_test_utils.py:55 in public function `GetSourceDir`: D401: First line should be in imperative mood (perhaps 'Return', not 'Returns')\n"}
[0.670645] (serverpublisher) StdoutLine: {'line': b'2: ./vendor/googletest/googlemock/test/gmock_test_utils.py:61 in public function `GetTestExecutablePath`: D202: No blank lines allowed after function docstring (found 1)\n'}
[0.670715] (serverpublisher) StdoutLine: {'line': b'2: ./vendor/googletest/googlemock/test/gmock_test_utils.py:61 in public function `GetTestExecutablePath`: D213: Multi-line docstring summary should start at the second line\n'}
[0.670777] (serverpublisher) StdoutLine: {'line': b"2: ./vendor/googletest/googlemock/test/gmock_test_utils.py:61 in public function `GetTestExecutablePath`: D401: First line should be in imperative mood (perhaps 'Return', not 'Returns')\n"}
[0.670840] (serverpublisher) StdoutLine: {'line': b"2: ./vendor/googletest/googlemock/test/gmock_test_utils.py:61 in public function `GetTestExecutablePath`: D413: Missing blank line after last section ('Returns')\n"}
[0.670902] (serverpublisher) StdoutLine: {'line': b"2: ./vendor/googletest/googlemock/test/gmock_test_utils.py:61 in public function `GetTestExecutablePath`: D407: Missing dashed underline after section ('Returns')\n"}
[0.670962] (serverpublisher) StdoutLine: {'line': b"2: ./vendor/googletest/googlemock/test/gmock_test_utils.py:61 in public function `GetTestExecutablePath`: D406: Section name should end with a newline ('Returns', not 'Returns:')\n"}
[0.671022] (serverpublisher) StdoutLine: {'line': b'2: ./vendor/googletest/googlemock/test/gmock_test_utils.py:77 in public function `GetExitStatus`: D202: No blank lines allowed after function docstring (found 1)\n'}
[0.671083] (serverpublisher) StdoutLine: {'line': b'2: ./vendor/googletest/googlemock/test/gmock_test_utils.py:77 in public function `GetExitStatus`: D213: Multi-line docstring summary should start at the second line\n'}
[0.671144] (serverpublisher) StdoutLine: {'line': b"2: ./vendor/googletest/googlemock/test/gmock_test_utils.py:77 in public function `GetExitStatus`: D401: First line should be in imperative mood (perhaps 'Return', not 'Returns')\n"}
[0.671210] (serverpublisher) StdoutLine: {'line': b"2: ./vendor/googletest/googlemock/test/gmock_test_utils.py:77 in public function `GetExitStatus`: D413: Missing blank line after last section ('Args')\n"}
[0.671277] (serverpublisher) StdoutLine: {'line': b"2: ./vendor/googletest/googlemock/test/gmock_test_utils.py:77 in public function `GetExitStatus`: D407: Missing dashed underline after section ('Args')\n"}
[0.671341] (serverpublisher) StdoutLine: {'line': b'2: ./vendor/googletest/googlemock/test/gmock_test_utils.py:110 in public function `Main`: D202: No blank lines allowed after function docstring (found 1)\n'}
[0.671402] (serverpublisher) StdoutLine: {'line': b"2: ./vendor/googletest/googlemock/test/gmock_test_utils.py:110 in public function `Main`: D401: First line should be in imperative mood (perhaps 'Run', not 'Runs')\n"}
[0.671464] (serverpublisher) StdoutLine: {'line': b'2: checking ./vendor/googletest/googletest/scripts/common.py\n'}
[0.671526] (serverpublisher) StdoutLine: {'line': b'2: ./vendor/googletest/googletest/scripts/common.py:47 in public function `GetCommandOutput`: D202: No blank lines allowed after function docstring (found 1)\n'}
[0.671588] (serverpublisher) StdoutLine: {'line': b"2: ./vendor/googletest/googletest/scripts/common.py:47 in public function `GetCommandOutput`: D401: First line should be in imperative mood (perhaps 'Run', not 'Runs')\n"}
[0.671650] (serverpublisher) StdoutLine: {'line': b'2: ./vendor/googletest/googletest/scripts/common.py:56 in public function `GetSvnInfo`: D202: No blank lines allowed after function docstring (found 1)\n'}
[0.671711] (serverpublisher) StdoutLine: {'line': b"2: ./vendor/googletest/googletest/scripts/common.py:56 in public function `GetSvnInfo`: D401: First line should be in imperative mood (perhaps 'Return', not 'Returns')\n"}
[0.671771] (serverpublisher) StdoutLine: {'line': b'2: ./vendor/googletest/googletest/scripts/common.py:70 in public function `GetSvnTrunk`: D202: No blank lines allowed after function docstring (found 1)\n'}
[0.671827] (serverpublisher) StdoutLine: {'line': b"2: ./vendor/googletest/googletest/scripts/common.py:70 in public function `GetSvnTrunk`: D401: First line should be in imperative mood (perhaps 'Return', not 'Returns')\n"}
[0.671887] (serverpublisher) StdoutLine: {'line': b'2: checking ./vendor/googletest/googletest/scripts/fuse_gtest_files.py\n'}
[0.671944] (serverpublisher) StdoutLine: {'line': b'2: ./vendor/googletest/googletest/scripts/fuse_gtest_files.py:32 at module level: D205: 1 blank line required between summary line and description (found 0)\n'}
[0.672002] (serverpublisher) StdoutLine: {'line': b'2: ./vendor/googletest/googletest/scripts/fuse_gtest_files.py:32 at module level: D213: Multi-line docstring summary should start at the second line\n'}
[0.672059] (serverpublisher) StdoutLine: {'line': b"2: ./vendor/googletest/googletest/scripts/fuse_gtest_files.py:32 at module level: D400: First line should end with a period (not '0')\n"}
[0.672121] (serverpublisher) StdoutLine: {'line': b"2: ./vendor/googletest/googletest/scripts/fuse_gtest_files.py:32 at module level: D415: First line should end with a period, question mark, or exclamation point (not '0')\n"}
[0.672183] (serverpublisher) StdoutLine: {'line': b"2: ./vendor/googletest/googletest/scripts/fuse_gtest_files.py:32 at module level: D405: Section name should be properly capitalized ('Examples', not 'EXAMPLES')\n"}
[0.672244] (serverpublisher) StdoutLine: {'line': b"2: ./vendor/googletest/googletest/scripts/fuse_gtest_files.py:32 at module level: D413: Missing blank line after last section ('Examples')\n"}
[0.672316] (serverpublisher) StdoutLine: {'line': b"2: ./vendor/googletest/googletest/scripts/fuse_gtest_files.py:32 at module level: D407: Missing dashed underline after section ('Examples')\n"}
[0.672377] (serverpublisher) StdoutLine: {'line': b'2: ./vendor/googletest/googletest/scripts/fuse_gtest_files.py:90 in public function `VerifyFileExists`: D202: No blank lines allowed after function docstring (found 1)\n'}
[0.672807] (serverpublisher) StdoutLine: {'line': b'2: Error in file ./vendor/googletest/googletest/scripts/gen_gtest_pred_impl.py: Cannot parse file.\n'}
[0.673992] (serverpublisher) StdoutLine: {'line': b'2: Error in file ./vendor/googletest/googletest/scripts/pump.py: Cannot parse file.\n'}
[0.674319] (serverpublisher) StdoutLine: {'line': b'2: Error in file ./vendor/googletest/googletest/scripts/release_docs.py: Cannot parse file.\n'}
[0.674702] (serverpublisher) StdoutLine: {'line': b'2: Error in file ./vendor/googletest/googletest/scripts/upload.py: Cannot parse file.\n'}
[0.682084] (serverpublisher) StdoutLine: {'line': b'2: ./vendor/googletest/googletest/scripts/fuse_gtest_files.py:90 in public function `VerifyFileExists`: D213: Multi-line docstring summary should start at the second line\n'}
[0.682345] (serverpublisher) StdoutLine: {'line': b"2: ./vendor/googletest/googletest/scripts/fuse_gtest_files.py:90 in public function `VerifyFileExists`: D401: First line should be in imperative mood (perhaps 'Verify', not 'Verifies')\n"}
[0.682432] (serverpublisher) StdoutLine: {'line': b'2: ./vendor/googletest/googletest/scripts/fuse_gtest_files.py:104 in public function `ValidateGTestRootDir`: D202: No blank lines allowed after function docstring (found 1)\n'}
[0.682497] (serverpublisher) StdoutLine: {'line': b'2: ./vendor/googletest/googletest/scripts/fuse_gtest_files.py:104 in public function `ValidateGTestRootDir`: D213: Multi-line docstring summary should start at the second line\n'}
[0.682567] (serverpublisher) StdoutLine: {'line': b"2: ./vendor/googletest/googletest/scripts/fuse_gtest_files.py:104 in public function `ValidateGTestRootDir`: D401: First line should be in imperative mood (perhaps 'Make', not 'Makes')\n"}
[0.682630] (serverpublisher) StdoutLine: {'line': b'2: ./vendor/googletest/googletest/scripts/fuse_gtest_files.py:114 in public function `VerifyOutputFile`: D202: No blank lines allowed after function docstring (found 1)\n'}
[0.682691] (serverpublisher) StdoutLine: {'line': b'2: ./vendor/googletest/googletest/scripts/fuse_gtest_files.py:114 in public function `VerifyOutputFile`: D213: Multi-line docstring summary should start at the second line\n'}
[0.682753] (serverpublisher) StdoutLine: {'line': b"2: ./vendor/googletest/googletest/scripts/fuse_gtest_files.py:114 in public function `VerifyOutputFile`: D401: First line should be in imperative mood (perhaps 'Verify', not 'Verifies')\n"}
[0.682811] (serverpublisher) StdoutLine: {'line': b'2: ./vendor/googletest/googletest/scripts/fuse_gtest_files.py:140 in public function `ValidateOutputDir`: D202: No blank lines allowed after function docstring (found 1)\n'}
[0.682868] (serverpublisher) StdoutLine: {'line': b'2: ./vendor/googletest/googletest/scripts/fuse_gtest_files.py:140 in public function `ValidateOutputDir`: D213: Multi-line docstring summary should start at the second line\n'}
[0.682927] (serverpublisher) StdoutLine: {'line': b"2: ./vendor/googletest/googletest/scripts/fuse_gtest_files.py:140 in public function `ValidateOutputDir`: D401: First line should be in imperative mood (perhaps 'Make', not 'Makes')\n"}
[0.682986] (serverpublisher) StdoutLine: {'line': b'2: ./vendor/googletest/googletest/scripts/fuse_gtest_files.py:150 in public function `FuseGTestH`: D202: No blank lines allowed after function docstring (found 1)\n'}
[0.683042] (serverpublisher) StdoutLine: {'line': b"2: ./vendor/googletest/googletest/scripts/fuse_gtest_files.py:150 in public function `FuseGTestH`: D401: First line should be in imperative mood (perhaps 'Scan', not 'Scans')\n"}
[0.683101] (serverpublisher) StdoutLine: {'line': b'2: ./vendor/googletest/googletest/scripts/fuse_gtest_files.py:156 in private nested function `ProcessFile`: D202: No blank lines allowed after function docstring (found 1)\n'}
[0.683162] (serverpublisher) StdoutLine: {'line': b"2: ./vendor/googletest/googletest/scripts/fuse_gtest_files.py:156 in private nested function `ProcessFile`: D401: First line should be in imperative mood (perhaps 'Process', not 'Processes')\n"}
[0.683230] (serverpublisher) StdoutLine: {'line': b'2: ./vendor/googletest/googletest/scripts/fuse_gtest_files.py:179 in public function `FuseGTestAllCcToFile`: D202: No blank lines allowed after function docstring (found 1)\n'}
[0.683290] (serverpublisher) StdoutLine: {'line': b"2: ./vendor/googletest/googletest/scripts/fuse_gtest_files.py:179 in public function `FuseGTestAllCcToFile`: D401: First line should be in imperative mood (perhaps 'Scan', not 'Scans')\n"}
[0.683350] (serverpublisher) StdoutLine: {'line': b'2: ./vendor/googletest/googletest/scripts/fuse_gtest_files.py:184 in private nested function `ProcessFile`: D202: No blank lines allowed after function docstring (found 1)\n'}
[0.683411] (serverpublisher) StdoutLine: {'line': b"2: ./vendor/googletest/googletest/scripts/fuse_gtest_files.py:184 in private nested function `ProcessFile`: D401: First line should be in imperative mood (perhaps 'Process', not 'Processes')\n"}
[0.683471] (serverpublisher) StdoutLine: {'line': b'2: ./vendor/googletest/googletest/scripts/fuse_gtest_files.py:222 in public function `FuseGTestAllCc`: D202: No blank lines allowed after function docstring (found 1)\n'}
[0.683542] (serverpublisher) StdoutLine: {'line': b"2: ./vendor/googletest/googletest/scripts/fuse_gtest_files.py:222 in public function `FuseGTestAllCc`: D401: First line should be in imperative mood (perhaps 'Scan', not 'Scans')\n"}
[0.683604] (serverpublisher) StdoutLine: {'line': b'2: ./vendor/googletest/googletest/scripts/fuse_gtest_files.py:230 in public function `FuseGTest`: D202: No blank lines allowed after function docstring (found 1)\n'}
[0.683664] (serverpublisher) StdoutLine: {'line': b'2: checking ./vendor/googletest/googletest/scripts/gen_gtest_pred_impl.py\n'}
[0.683725] (serverpublisher) StdoutLine: {'line': b'2: ./vendor/googletest/googletest/scripts/gen_gtest_pred_impl.py: Cannot parse file.\n'}
[0.683785] (serverpublisher) StdoutLine: {'line': b'2: checking ./vendor/googletest/googletest/scripts/pump.py\n'}
[0.683846] (serverpublisher) StdoutLine: {'line': b'2: ./vendor/googletest/googletest/scripts/pump.py: Cannot parse file.\n'}
[0.683906] (serverpublisher) StdoutLine: {'line': b'2: checking ./vendor/googletest/googletest/scripts/release_docs.py\n'}
[0.683962] (serverpublisher) StdoutLine: {'line': b'2: ./vendor/googletest/googletest/scripts/release_docs.py: Cannot parse file.\n'}
[0.684022] (serverpublisher) StdoutLine: {'line': b'2: checking ./vendor/googletest/googletest/scripts/upload.py\n'}
[0.684084] (serverpublisher) StdoutLine: {'line': b'2: ./vendor/googletest/googletest/scripts/upload.py: Cannot parse file.\n'}
[0.684144] (serverpublisher) StdoutLine: {'line': b'2: checking ./vendor/googletest/googletest/scripts/upload_gtest.py\n'}
[0.684204] (serverpublisher) StdoutLine: {'line': b'2: ./vendor/googletest/googletest/scripts/upload_gtest.py:32 at module level: D213: Multi-line docstring summary should start at the second line\n'}
[0.684271] (serverpublisher) StdoutLine: {'line': b'2: checking ./vendor/googletest/googletest/test/gtest_break_on_failure_unittest.py\n'}
[0.684332] (serverpublisher) StdoutLine: {'line': b'2: ./vendor/googletest/googletest/test/gtest_break_on_failure_unittest.py:32 at module level: D213: Multi-line docstring summary should start at the second line\n'}
[0.684394] (serverpublisher) StdoutLine: {'line': b'2: ./vendor/googletest/googletest/test/gtest_break_on_failure_unittest.py:81 in public function `Run`: D202: No blank lines allowed after function docstring (found 1)\n'}
[0.684454] (serverpublisher) StdoutLine: {'line': b"2: ./vendor/googletest/googletest/test/gtest_break_on_failure_unittest.py:81 in public function `Run`: D401: First line should be in imperative mood (perhaps 'Run', not 'Runs')\n"}
[0.684515] (serverpublisher) StdoutLine: {'line': b'2: ./vendor/googletest/googletest/test/gtest_break_on_failure_unittest.py:94 in public class `GTestBreakOnFailureUnitTest`: D205: 1 blank line required between summary line and description (found 0)\n'}
[0.684575] (serverpublisher) StdoutLine: {'line': b'2: ./vendor/googletest/googletest/test/gtest_break_on_failure_unittest.py:94 in public class `GTestBreakOnFailureUnitTest`: D213: Multi-line docstring summary should start at the second line\n'}
[0.684642] (serverpublisher) StdoutLine: {'line': b"2: ./vendor/googletest/googletest/test/gtest_break_on_failure_unittest.py:94 in public class `GTestBreakOnFailureUnitTest`: D400: First line should end with a period (not 'r')\n"}
[0.684702] (serverpublisher) StdoutLine: {'line': b"2: ./vendor/googletest/googletest/test/gtest_break_on_failure_unittest.py:94 in public class `GTestBreakOnFailureUnitTest`: D415: First line should end with a period, question mark, or exclamation point (not 'r')\n"}
[0.684764] (serverpublisher) StdoutLine: {'line': b'2: ./vendor/googletest/googletest/test/gtest_break_on_failure_unittest.py:100 in public method `RunAndVerify`: D202: No blank lines allowed after function docstring (found 1)\n'}
[0.684822] (serverpublisher) StdoutLine: {'line': b'2: ./vendor/googletest/googletest/test/gtest_break_on_failure_unittest.py:100 in public method `RunAndVerify`: D205: 1 blank line required between summary line and description (found 0)\n'}
[0.684881] (serverpublisher) StdoutLine: {'line': b'2: ./vendor/googletest/googletest/test/gtest_break_on_failure_unittest.py:100 in public method `RunAndVerify`: D213: Multi-line docstring summary should start at the second line\n'}
[0.684948] (serverpublisher) StdoutLine: {'line': b"2: ./vendor/googletest/googletest/test/gtest_break_on_failure_unittest.py:100 in public method `RunAndVerify`: D400: First line should end with a period (not 's')\n"}
[0.685010] (serverpublisher) StdoutLine: {'line': b"2: ./vendor/googletest/googletest/test/gtest_break_on_failure_unittest.py:100 in public method `RunAndVerify`: D415: First line should end with a period, question mark, or exclamation point (not 's')\n"}
[0.685072] (serverpublisher) StdoutLine: {'line': b"2: ./vendor/googletest/googletest/test/gtest_break_on_failure_unittest.py:100 in public method `RunAndVerify`: D401: First line should be in imperative mood (perhaps 'Run', not 'Runs')\n"}
[0.685132] (serverpublisher) StdoutLine: {'line': b"2: ./vendor/googletest/googletest/test/gtest_break_on_failure_unittest.py:100 in public method `RunAndVerify`: D413: Missing blank line after last section ('Args')\n"}
[0.685190] (serverpublisher) StdoutLine: {'line': b"2: ./vendor/googletest/googletest/test/gtest_break_on_failure_unittest.py:100 in public method `RunAndVerify`: D407: Missing dashed underline after section ('Args')\n"}
[0.685250] (serverpublisher) StdoutLine: {'line': b'2: ./vendor/googletest/googletest/test/gtest_break_on_failure_unittest.py:145 in public method `testDefaultBehavior`: D202: No blank lines allowed after function docstring (found 1)\n'}
[0.685320] (serverpublisher) StdoutLine: {'line': b'2: ./vendor/googletest/googletest/test/gtest_break_on_failure_unittest.py:152 in public method `testEnvVar`: D202: No blank lines allowed after function docstring (found 1)\n'}
[0.685382] (serverpublisher) StdoutLine: {'line': b'2: ./vendor/googletest/googletest/test/gtest_break_on_failure_unittest.py:162 in public method `testFlag`: D202: No blank lines allowed after function docstring (found 1)\n'}
[0.685441] (serverpublisher) StdoutLine: {'line': b'2: ./vendor/googletest/googletest/test/gtest_break_on_failure_unittest.py:172 in public method `testFlagOverridesEnvVar`: D202: No blank lines allowed after function docstring (found 1)\n'}
[0.685500] (serverpublisher) StdoutLine: {'line': b'2: ./vendor/googletest/googletest/test/gtest_break_on_failure_unittest.py:188 in public method `testBreakOnFailureOverridesThrowOnFailure`: D202: No blank lines allowed after function docstring (found 1)\n'}
[0.700624] (-) TimerEvent: {}
[0.711639] (serverpublisher) StdoutLine: {'line': b'2: ./vendor/googletest/googletest/test/gtest_break_on_failure_unittest.py:200 in public method `testCatchExceptionsDoesNotInterfere`: D202: No blank lines allowed after function docstring (found 1)\n'}
[0.711926] (serverpublisher) StdoutLine: {'line': b'2: checking ./vendor/googletest/googletest/test/gtest_catch_exceptions_test.py\n'}
[0.712000] (serverpublisher) StdoutLine: {'line': b'2: ./vendor/googletest/googletest/test/gtest_catch_exceptions_test.py:31 at module level: D213: Multi-line docstring summary should start at the second line\n'}
[0.712062] (serverpublisher) StdoutLine: {'line': b'2: ./vendor/googletest/googletest/test/gtest_catch_exceptions_test.py:86 in public class `CatchSehExceptionsTest`: D204: 1 blank line required after class docstring (found 2)\n'}
[0.712127] (serverpublisher) StdoutLine: {'line': b'2: ./vendor/googletest/googletest/test/gtest_catch_exceptions_test.py:115 in public class `CatchCxxExceptionsTest`: D208: Docstring is over-indented\n'}
[0.712190] (serverpublisher) StdoutLine: {'line': b'2: ./vendor/googletest/googletest/test/gtest_catch_exceptions_test.py:115 in public class `CatchCxxExceptionsTest`: D213: Multi-line docstring summary should start at the second line\n'}
[0.712252] (serverpublisher) StdoutLine: {'line': b'2: checking ./vendor/googletest/googletest/test/gtest_color_test.py\n'}
[0.712312] (serverpublisher) StdoutLine: {'line': b'2: ./vendor/googletest/googletest/test/gtest_color_test.py:48 in public function `SetEnvVar`: D202: No blank lines allowed after function docstring (found 1)\n'}
[0.712372] (serverpublisher) StdoutLine: {'line': b"2: ./vendor/googletest/googletest/test/gtest_color_test.py:48 in public function `SetEnvVar`: D401: First line should be in imperative mood (perhaps 'Set', not 'Sets')\n"}
[0.712433] (serverpublisher) StdoutLine: {'line': b'2: ./vendor/googletest/googletest/test/gtest_color_test.py:57 in public function `UsesColor`: D202: No blank lines allowed after function docstring (found 1)\n'}
[0.712494] (serverpublisher) StdoutLine: {'line': b"2: ./vendor/googletest/googletest/test/gtest_color_test.py:57 in public function `UsesColor`: D401: First line should be in imperative mood (perhaps 'Run', not 'Runs')\n"}
[0.712554] (serverpublisher) StdoutLine: {'line': b'2: ./vendor/googletest/googletest/test/gtest_color_test.py:72 in public method `testNoEnvVarNoFlag`: D202: No blank lines allowed after function docstring (found 1)\n'}
[0.712615] (serverpublisher) StdoutLine: {'line': b'2: ./vendor/googletest/googletest/test/gtest_color_test.py:87 in public method `testFlagOnly`: D202: No blank lines allowed after function docstring (found 1)\n'}
[0.712676] (serverpublisher) StdoutLine: {'line': b'2: ./vendor/googletest/googletest/test/gtest_color_test.py:98 in public method `testEnvVarOnly`: D202: No blank lines allowed after function docstring (found 1)\n'}
[0.712736] (serverpublisher) StdoutLine: {'line': b'2: ./vendor/googletest/googletest/test/gtest_color_test.py:109 in public method `testEnvVarAndFlag`: D202: No blank lines allowed after function docstring (found 1)\n'}
[0.712797] (serverpublisher) StdoutLine: {'line': b'2: ./vendor/googletest/googletest/test/gtest_color_test.py:116 in public method `testAliasesOfYesAndNo`: D202: No blank lines allowed after function docstring (found 1)\n'}
[0.712858] (serverpublisher) StdoutLine: {'line': b'2: checking ./vendor/googletest/googletest/test/gtest_env_var_test.py\n'}
[0.712920] (serverpublisher) StdoutLine: {'line': b'2: ./vendor/googletest/googletest/test/gtest_env_var_test.py:56 in public function `SetEnvVar`: D202: No blank lines allowed after function docstring (found 1)\n'}
[0.712989] (serverpublisher) StdoutLine: {'line': b"2: ./vendor/googletest/googletest/test/gtest_env_var_test.py:56 in public function `SetEnvVar`: D401: First line should be in imperative mood (perhaps 'Set', not 'Sets')\n"}
[0.713050] (serverpublisher) StdoutLine: {'line': b'2: ./vendor/googletest/googletest/test/gtest_env_var_test.py:65 in public function `GetFlag`: D202: No blank lines allowed after function docstring (found 1)\n'}
[0.713110] (serverpublisher) StdoutLine: {'line': b"2: ./vendor/googletest/googletest/test/gtest_env_var_test.py:65 in public function `GetFlag`: D401: First line should be in imperative mood (perhaps 'Run', not 'Runs')\n"}
[0.713177] (serverpublisher) StdoutLine: {'line': b'2: ./vendor/googletest/googletest/test/gtest_env_var_test.py:74 in public function `TestFlag`: D202: No blank lines allowed after function docstring (found 1)\n'}
[0.713249] (serverpublisher) StdoutLine: {'line': b"2: ./vendor/googletest/googletest/test/gtest_env_var_test.py:74 in public function `TestFlag`: D401: First line should be in imperative mood (perhaps 'Verify', not 'Verifies')\n"}
[0.713310] (serverpublisher) StdoutLine: {'line': b'2: ./vendor/googletest/googletest/test/gtest_env_var_test.py:85 in public method `testEnvVarAffectsFlag`: D202: No blank lines allowed after function docstring (found 1)\n'}
[0.713370] (serverpublisher) StdoutLine: {'line': b'2: ./vendor/googletest/googletest/test/gtest_env_var_test.py:103 in public method `testXmlOutputFile`: D202: No blank lines allowed after function docstring (found 1)\n'}
[0.713430] (serverpublisher) StdoutLine: {'line': b'2: ./vendor/googletest/googletest/test/gtest_env_var_test.py:110 in public method `testXmlOutputFileOverride`: D202: No blank lines allowed after function docstring (found 1)\n'}
[0.713495] (serverpublisher) StdoutLine: {'line': b"2: ./vendor/googletest/googletest/test/gtest_env_var_test.py:110 in public method `testXmlOutputFileOverride`: D400: First line should end with a period (not 'T')\n"}
[0.713557] (serverpublisher) StdoutLine: {'line': b"2: ./vendor/googletest/googletest/test/gtest_env_var_test.py:110 in public method `testXmlOutputFileOverride`: D415: First line should end with a period, question mark, or exclamation point (not 'T')\n"}
[0.713617] (serverpublisher) StdoutLine: {'line': b'2: checking ./vendor/googletest/googletest/test/gtest_filter_unittest.py\n'}
[0.713676] (serverpublisher) StdoutLine: {'line': b'2: ./vendor/googletest/googletest/test/gtest_filter_unittest.py:31 at module level: D213: Multi-line docstring summary should start at the second line\n'}
[0.713738] (serverpublisher) StdoutLine: {'line': b'2: ./vendor/googletest/googletest/test/gtest_filter_unittest.py:173 in public function `SetEnvVar`: D202: No blank lines allowed after function docstring (found 1)\n'}
[0.713798] (serverpublisher) StdoutLine: {'line': b"2: ./vendor/googletest/googletest/test/gtest_filter_unittest.py:173 in public function `SetEnvVar`: D401: First line should be in imperative mood (perhaps 'Set', not 'Sets')\n"}
[0.713858] (serverpublisher) StdoutLine: {'line': b'2: ./vendor/googletest/googletest/test/gtest_filter_unittest.py:182 in public function `RunAndReturnOutput`: D202: No blank lines allowed after function docstring (found 1)\n'}
[0.713918] (serverpublisher) StdoutLine: {'line': b"2: ./vendor/googletest/googletest/test/gtest_filter_unittest.py:182 in public function `RunAndReturnOutput`: D401: First line should be in imperative mood (perhaps 'Run', not 'Runs')\n"}
[0.713977] (serverpublisher) StdoutLine: {'line': b'2: ./vendor/googletest/googletest/test/gtest_filter_unittest.py:189 in public function `RunAndExtractTestList`: D202: No blank lines allowed after function docstring (found 1)\n'}
[0.714034] (serverpublisher) StdoutLine: {'line': b"2: ./vendor/googletest/googletest/test/gtest_filter_unittest.py:189 in public function `RunAndExtractTestList`: D401: First line should be in imperative mood (perhaps 'Run', not 'Runs')\n"}
[0.714095] (serverpublisher) StdoutLine: {'line': b"2: ./vendor/googletest/googletest/test/gtest_filter_unittest.py:208 in public function `InvokeWithModifiedEnv`: D401: First line should be in imperative mood (perhaps 'Run', not 'Runs')\n"}
[0.714156] (serverpublisher) StdoutLine: {'line': b'2: ./vendor/googletest/googletest/test/gtest_filter_unittest.py:219 in public function `RunWithSharding`: D202: No blank lines allowed after function docstring (found 1)\n'}
[0.714216] (serverpublisher) StdoutLine: {'line': b"2: ./vendor/googletest/googletest/test/gtest_filter_unittest.py:219 in public function `RunWithSharding`: D401: First line should be in imperative mood (perhaps 'Run', not 'Runs')\n"}
[0.714278] (serverpublisher) StdoutLine: {'line': b'2: ./vendor/googletest/googletest/test/gtest_filter_unittest.py:234 in public method `AssertSetEqual`: D202: No blank lines allowed after function docstring (found 1)\n'}
[0.714348] (serverpublisher) StdoutLine: {'line': b"2: ./vendor/googletest/googletest/test/gtest_filter_unittest.py:234 in public method `AssertSetEqual`: D401: First line should be in imperative mood (perhaps 'Assert', not 'Asserts')\n"}
[0.714409] (serverpublisher) StdoutLine: {'line': b'2: ./vendor/googletest/googletest/test/gtest_filter_unittest.py:243 in public method `AssertPartitionIsValid`: D202: No blank lines allowed after function docstring (found 1)\n'}
[0.714470] (serverpublisher) StdoutLine: {'line': b"2: ./vendor/googletest/googletest/test/gtest_filter_unittest.py:243 in public method `AssertPartitionIsValid`: D401: First line should be in imperative mood (perhaps 'Assert', not 'Asserts')\n"}
[0.714530] (serverpublisher) StdoutLine: {'line': b'2: ./vendor/googletest/googletest/test/gtest_filter_unittest.py:252 in public method `AdjustForParameterizedTests`: D202: No blank lines allowed after function docstring (found 1)\n'}
[0.714590] (serverpublisher) StdoutLine: {'line': b'2: ./vendor/googletest/googletest/test/gtest_filter_unittest.py:261 in public method `RunAndVerify`: D202: No blank lines allowed after function docstring (found 1)\n'}
[0.714649] (serverpublisher) StdoutLine: {'line': b"2: ./vendor/googletest/googletest/test/gtest_filter_unittest.py:261 in public method `RunAndVerify`: D401: First line should be in imperative mood (perhaps 'Check', not 'Checks')\n"}
[0.714718] (serverpublisher) StdoutLine: {'line': b'2: ./vendor/googletest/googletest/test/gtest_filter_unittest.py:292 in public method `RunAndVerifyWithSharding`: D202: No blank lines allowed after function docstring (found 1)\n'}
[0.714779] (serverpublisher) StdoutLine: {'line': b'2: ./vendor/googletest/googletest/test/gtest_filter_unittest.py:292 in public method `RunAndVerifyWithSharding`: D213: Multi-line docstring summary should start at the second line\n'}
[0.714836] (serverpublisher) StdoutLine: {'line': b"2: ./vendor/googletest/googletest/test/gtest_filter_unittest.py:292 in public method `RunAndVerifyWithSharding`: D401: First line should be in imperative mood (perhaps 'Check', not 'Checks')\n"}
[0.714900] (serverpublisher) StdoutLine: {'line': b"2: ./vendor/googletest/googletest/test/gtest_filter_unittest.py:292 in public method `RunAndVerifyWithSharding`: D413: Missing blank line after last section ('Args')\n"}
[0.719110] (serverpublisher) StdoutLine: {'line': b"2: ./vendor/googletest/googletest/test/gtest_filter_unittest.py:292 in public method `RunAndVerifyWithSharding`: D407: Missing dashed underline after section ('Args')\n"}
[0.719346] (serverpublisher) StdoutLine: {'line': b'2: ./vendor/googletest/googletest/test/gtest_filter_unittest.py:329 in public method `RunAndVerifyAllowingDisabled`: D202: No blank lines allowed after function docstring (found 1)\n'}
[0.719410] (serverpublisher) StdoutLine: {'line': b'2: ./vendor/googletest/googletest/test/gtest_filter_unittest.py:329 in public method `RunAndVerifyAllowingDisabled`: D213: Multi-line docstring summary should start at the second line\n'}
[0.719472] (serverpublisher) StdoutLine: {'line': b"2: ./vendor/googletest/googletest/test/gtest_filter_unittest.py:329 in public method `RunAndVerifyAllowingDisabled`: D401: First line should be in imperative mood (perhaps 'Check', not 'Checks')\n"}
[0.719534] (serverpublisher) StdoutLine: {'line': b"2: ./vendor/googletest/googletest/test/gtest_filter_unittest.py:329 in public method `RunAndVerifyAllowingDisabled`: D413: Missing blank line after last section ('Args')\n"}
[0.719594] (serverpublisher) StdoutLine: {'line': b"2: ./vendor/googletest/googletest/test/gtest_filter_unittest.py:329 in public method `RunAndVerifyAllowingDisabled`: D407: Missing dashed underline after section ('Args')\n"}
[0.719654] (serverpublisher) StdoutLine: {'line': b'2: ./vendor/googletest/googletest/test/gtest_filter_unittest.py:350 in public method `setUp`: D202: No blank lines allowed after function docstring (found 1)\n'}
[0.719720] (serverpublisher) StdoutLine: {'line': b'2: ./vendor/googletest/googletest/test/gtest_filter_unittest.py:350 in public method `setUp`: D213: Multi-line docstring summary should start at the second line\n'}
[0.719781] (serverpublisher) StdoutLine: {'line': b"2: ./vendor/googletest/googletest/test/gtest_filter_unittest.py:350 in public method `setUp`: D401: First line should be in imperative mood (perhaps 'Set', not 'Sets')\n"}
[0.719837] (serverpublisher) StdoutLine: {'line': b'2: ./vendor/googletest/googletest/test/gtest_filter_unittest.py:362 in public method `testDefaultBehavior`: D202: No blank lines allowed after function docstring (found 1)\n'}
[0.719894] (serverpublisher) StdoutLine: {'line': b'2: ./vendor/googletest/googletest/test/gtest_filter_unittest.py:367 in public method `testDefaultBehaviorWithShards`: D202: No blank lines allowed after function docstring (found 1)\n'}
[0.719950] (serverpublisher) StdoutLine: {'line': b'2: ./vendor/googletest/googletest/test/gtest_filter_unittest.py:376 in public method `testEmptyFilter`: D202: No blank lines allowed after function docstring (found 1)\n'}
[0.720009] (serverpublisher) StdoutLine: {'line': b'2: ./vendor/googletest/googletest/test/gtest_filter_unittest.py:383 in public method `testBadFilter`: D202: No blank lines allowed after function docstring (found 1)\n'}
[0.720064] (serverpublisher) StdoutLine: {'line': b'2: ./vendor/googletest/googletest/test/gtest_filter_unittest.py:389 in public method `testFullName`: D202: No blank lines allowed after function docstring (found 1)\n'}
[0.720123] (serverpublisher) StdoutLine: {'line': b'2: ./vendor/googletest/googletest/test/gtest_filter_unittest.py:396 in public method `testUniversalFilters`: D202: No blank lines allowed after function docstring (found 1)\n'}
[0.720183] (serverpublisher) StdoutLine: {'line': b'2: ./vendor/googletest/googletest/test/gtest_filter_unittest.py:405 in public method `testFilterByTestCase`: D202: No blank lines allowed after function docstring (found 1)\n'}
[0.720243] (serverpublisher) StdoutLine: {'line': b'2: ./vendor/googletest/googletest/test/gtest_filter_unittest.py:415 in public method `testFilterByTest`: D202: No blank lines allowed after function docstring (found 1)\n'}
[0.720302] (serverpublisher) StdoutLine: {'line': b'2: ./vendor/googletest/googletest/test/gtest_filter_unittest.py:420 in public method `testFilterDisabledTests`: D202: No blank lines allowed after function docstring (found 1)\n'}
[0.720362] (serverpublisher) StdoutLine: {'line': b'2: ./vendor/googletest/googletest/test/gtest_filter_unittest.py:445 in public method `testWildcardInTestCaseName`: D202: No blank lines allowed after function docstring (found 1)\n'}
[0.720436] (serverpublisher) StdoutLine: {'line': b'2: ./vendor/googletest/googletest/test/gtest_filter_unittest.py:457 in public method `testWildcardInTestName`: D202: No blank lines allowed after function docstring (found 1)\n'}
[0.720497] (serverpublisher) StdoutLine: {'line': b'2: ./vendor/googletest/googletest/test/gtest_filter_unittest.py:462 in public method `testFilterWithoutDot`: D202: No blank lines allowed after function docstring (found 1)\n'}
[0.720562] (serverpublisher) StdoutLine: {'line': b'2: ./vendor/googletest/googletest/test/gtest_filter_unittest.py:473 in public method `testTwoPatterns`: D202: No blank lines allowed after function docstring (found 1)\n'}
[0.720625] (serverpublisher) StdoutLine: {'line': b'2: ./vendor/googletest/googletest/test/gtest_filter_unittest.py:486 in public method `testThreePatterns`: D202: No blank lines allowed after function docstring (found 1)\n'}
[0.720685] (serverpublisher) StdoutLine: {'line': b'2: ./vendor/googletest/googletest/test/gtest_filter_unittest.py:567 in public method `testFlagOverridesEnvVar`: D202: No blank lines allowed after function docstring (found 1)\n'}
[0.720745] (serverpublisher) StdoutLine: {'line': b'2: ./vendor/googletest/googletest/test/gtest_filter_unittest.py:577 in public method `testShardStatusFileIsCreated`: D202: No blank lines allowed after function docstring (found 1)\n'}
[0.720807] (serverpublisher) StdoutLine: {'line': b'2: ./vendor/googletest/googletest/test/gtest_filter_unittest.py:591 in public method `testShardStatusFileIsCreatedWithListTests`: D202: No blank lines allowed after function docstring (found 1)\n'}
[0.720864] (serverpublisher) StdoutLine: {'line': b'2: ./vendor/googletest/googletest/test/gtest_filter_unittest.py:615 in public method `testShardingWorksWithDeathTests`: D202: No blank lines allowed after function docstring (found 1)\n'}
[0.720925] (serverpublisher) StdoutLine: {'line': b'2: checking ./vendor/googletest/googletest/test/gtest_help_test.py\n'}
[0.720990] (serverpublisher) StdoutLine: {'line': b'2: ./vendor/googletest/googletest/test/gtest_help_test.py:32 at module level: D213: Multi-line docstring summary should start at the second line\n'}
[0.721050] (serverpublisher) StdoutLine: {'line': b'2: ./vendor/googletest/googletest/test/gtest_help_test.py:82 in public function `RunWithFlag`: D202: No blank lines allowed after function docstring (found 1)\n'}
[0.721110] (serverpublisher) StdoutLine: {'line': b'2: ./vendor/googletest/googletest/test/gtest_help_test.py:82 in public function `RunWithFlag`: D213: Multi-line docstring summary should start at the second line\n'}
[0.721170] (serverpublisher) StdoutLine: {'line': b"2: ./vendor/googletest/googletest/test/gtest_help_test.py:82 in public function `RunWithFlag`: D401: First line should be in imperative mood (perhaps 'Run', not 'Runs')\n"}
[0.721230] (serverpublisher) StdoutLine: {'line': b"2: ./vendor/googletest/googletest/test/gtest_help_test.py:82 in public function `RunWithFlag`: D413: Missing blank line after last section ('Returns')\n"}
[0.721290] (serverpublisher) StdoutLine: {'line': b"2: ./vendor/googletest/googletest/test/gtest_help_test.py:82 in public function `RunWithFlag`: D407: Missing dashed underline after section ('Returns')\n"}
[0.721352] (serverpublisher) StdoutLine: {'line': b"2: ./vendor/googletest/googletest/test/gtest_help_test.py:82 in public function `RunWithFlag`: D406: Section name should end with a newline ('Returns', not 'Returns:')\n"}
[0.721412] (serverpublisher) StdoutLine: {'line': b'2: ./vendor/googletest/googletest/test/gtest_help_test.py:102 in public method `TestHelpFlag`: D202: No blank lines allowed after function docstring (found 1)\n'}
[0.721473] (serverpublisher) StdoutLine: {'line': b'2: ./vendor/googletest/googletest/test/gtest_help_test.py:102 in public method `TestHelpFlag`: D213: Multi-line docstring summary should start at the second line\n'}
[0.721532] (serverpublisher) StdoutLine: {'line': b"2: ./vendor/googletest/googletest/test/gtest_help_test.py:102 in public method `TestHelpFlag`: D401: First line should be in imperative mood (perhaps 'Verify', not 'Verifies')\n"}
[0.721591] (serverpublisher) StdoutLine: {'line': b"2: ./vendor/googletest/googletest/test/gtest_help_test.py:102 in public method `TestHelpFlag`: D413: Missing blank line after last section ('Args')\n"}
[0.721650] (serverpublisher) StdoutLine: {'line': b"2: ./vendor/googletest/googletest/test/gtest_help_test.py:102 in public method `TestHelpFlag`: D407: Missing dashed underline after section ('Args')\n"}
[0.721709] (serverpublisher) StdoutLine: {'line': b'2: ./vendor/googletest/googletest/test/gtest_help_test.py:126 in public method `TestNonHelpFlag`: D202: No blank lines allowed after function docstring (found 1)\n'}
[0.721767] (serverpublisher) StdoutLine: {'line': b'2: ./vendor/googletest/googletest/test/gtest_help_test.py:126 in public method `TestNonHelpFlag`: D213: Multi-line docstring summary should start at the second line\n'}
[0.721822] (serverpublisher) StdoutLine: {'line': b"2: ./vendor/googletest/googletest/test/gtest_help_test.py:126 in public method `TestNonHelpFlag`: D401: First line should be in imperative mood (perhaps 'Verify', not 'Verifies')\n"}
[0.721882] (serverpublisher) StdoutLine: {'line': b"2: ./vendor/googletest/googletest/test/gtest_help_test.py:126 in public method `TestNonHelpFlag`: D413: Missing blank line after last section ('Args')\n"}
[0.721947] (serverpublisher) StdoutLine: {'line': b"2: ./vendor/googletest/googletest/test/gtest_help_test.py:126 in public method `TestNonHelpFlag`: D407: Missing dashed underline after section ('Args')\n"}
[0.722020] (serverpublisher) StdoutLine: {'line': b'2: ./vendor/googletest/googletest/test/gtest_help_test.py:159 in public method `testRunsTestsWithoutHelpFlag`: D202: No blank lines allowed after function docstring (found 1)\n'}
[0.722081] (serverpublisher) StdoutLine: {'line': b'2: ./vendor/googletest/googletest/test/gtest_help_test.py:159 in public method `testRunsTestsWithoutHelpFlag`: D205: 1 blank line required between summary line and description (found 0)\n'}
[0.722140] (serverpublisher) StdoutLine: {'line': b'2: ./vendor/googletest/googletest/test/gtest_help_test.py:159 in public method `testRunsTestsWithoutHelpFlag`: D209: Multi-line docstring closing quotes should be on a separate line\n'}
[0.722199] (serverpublisher) StdoutLine: {'line': b'2: ./vendor/googletest/googletest/test/gtest_help_test.py:159 in public method `testRunsTestsWithoutHelpFlag`: D213: Multi-line docstring summary should start at the second line\n'}
[0.732064] (serverpublisher) StdoutLine: {'line': b"2: ./vendor/googletest/googletest/test/gtest_help_test.py:159 in public method `testRunsTestsWithoutHelpFlag`: D400: First line should end with a period (not 'n')\n"}
[0.732306] (serverpublisher) StdoutLine: {'line': b"2: ./vendor/googletest/googletest/test/gtest_help_test.py:159 in public method `testRunsTestsWithoutHelpFlag`: D415: First line should end with a period, question mark, or exclamation point (not 'n')\n"}
[0.732374] (serverpublisher) StdoutLine: {'line': b'2: ./vendor/googletest/googletest/test/gtest_help_test.py:165 in public method `testRunsTestsWithGtestInternalFlag`: D202: No blank lines allowed after function docstring (found 1)\n'}
[0.732438] (serverpublisher) StdoutLine: {'line': b'2: ./vendor/googletest/googletest/test/gtest_help_test.py:165 in public method `testRunsTestsWithGtestInternalFlag`: D205: 1 blank line required between summary line and description (found 0)\n'}
[0.732502] (serverpublisher) StdoutLine: {'line': b'2: ./vendor/googletest/googletest/test/gtest_help_test.py:165 in public method `testRunsTestsWithGtestInternalFlag`: D209: Multi-line docstring closing quotes should be on a separate line\n'}
[0.732566] (serverpublisher) StdoutLine: {'line': b'2: ./vendor/googletest/googletest/test/gtest_help_test.py:165 in public method `testRunsTestsWithGtestInternalFlag`: D213: Multi-line docstring summary should start at the second line\n'}
[0.732630] (serverpublisher) StdoutLine: {'line': b"2: ./vendor/googletest/googletest/test/gtest_help_test.py:165 in public method `testRunsTestsWithGtestInternalFlag`: D400: First line should end with a period (not 'n')\n"}
[0.732693] (serverpublisher) StdoutLine: {'line': b"2: ./vendor/googletest/googletest/test/gtest_help_test.py:165 in public method `testRunsTestsWithGtestInternalFlag`: D415: First line should end with a period, question mark, or exclamation point (not 'n')\n"}
[0.732757] (serverpublisher) StdoutLine: {'line': b'2: checking ./vendor/googletest/googletest/test/gtest_list_tests_unittest.py\n'}
[0.732816] (serverpublisher) StdoutLine: {'line': b'2: ./vendor/googletest/googletest/test/gtest_list_tests_unittest.py:32 at module level: D213: Multi-line docstring summary should start at the second line\n'}
[0.732876] (serverpublisher) StdoutLine: {'line': b'2: ./vendor/googletest/googletest/test/gtest_list_tests_unittest.py:118 in public function `Run`: D202: No blank lines allowed after function docstring (found 1)\n'}
[0.732950] (serverpublisher) StdoutLine: {'line': b"2: ./vendor/googletest/googletest/test/gtest_list_tests_unittest.py:118 in public function `Run`: D401: First line should be in imperative mood (perhaps 'Run', not 'Runs')\n"}
[0.733015] (serverpublisher) StdoutLine: {'line': b'2: ./vendor/googletest/googletest/test/gtest_list_tests_unittest.py:130 in public method `RunAndVerify`: D202: No blank lines allowed after function docstring (found 1)\n'}
[0.733085] (serverpublisher) StdoutLine: {'line': b'2: ./vendor/googletest/googletest/test/gtest_list_tests_unittest.py:130 in public method `RunAndVerify`: D205: 1 blank line required between summary line and description (found 0)\n'}
[0.733148] (serverpublisher) StdoutLine: {'line': b'2: ./vendor/googletest/googletest/test/gtest_list_tests_unittest.py:130 in public method `RunAndVerify`: D213: Multi-line docstring summary should start at the second line\n'}
[0.733209] (serverpublisher) StdoutLine: {'line': b"2: ./vendor/googletest/googletest/test/gtest_list_tests_unittest.py:130 in public method `RunAndVerify`: D400: First line should end with a period (not 's')\n"}
[0.733271] (serverpublisher) StdoutLine: {'line': b"2: ./vendor/googletest/googletest/test/gtest_list_tests_unittest.py:130 in public method `RunAndVerify`: D415: First line should end with a period, question mark, or exclamation point (not 's')\n"}
[0.733335] (serverpublisher) StdoutLine: {'line': b"2: ./vendor/googletest/googletest/test/gtest_list_tests_unittest.py:130 in public method `RunAndVerify`: D401: First line should be in imperative mood (perhaps 'Run', not 'Runs')\n"}
[0.733398] (serverpublisher) StdoutLine: {'line': b"2: ./vendor/googletest/googletest/test/gtest_list_tests_unittest.py:130 in public method `RunAndVerify`: D413: Missing blank line after last section ('Args')\n"}
[0.733475] (serverpublisher) StdoutLine: {'line': b"2: ./vendor/googletest/googletest/test/gtest_list_tests_unittest.py:130 in public method `RunAndVerify`: D407: Missing dashed underline after section ('Args')\n"}
[0.733538] (serverpublisher) StdoutLine: {'line': b'2: ./vendor/googletest/googletest/test/gtest_list_tests_unittest.py:174 in public method `testDefaultBehavior`: D202: No blank lines allowed after function docstring (found 1)\n'}
[0.733600] (serverpublisher) StdoutLine: {'line': b'2: ./vendor/googletest/googletest/test/gtest_list_tests_unittest.py:181 in public method `testFlag`: D202: No blank lines allowed after function docstring (found 1)\n'}
[0.733662] (serverpublisher) StdoutLine: {'line': b'2: ./vendor/googletest/googletest/test/gtest_list_tests_unittest.py:191 in public method `testOverrideNonFilterFlags`: D202: No blank lines allowed after function docstring (found 1)\n'}
[0.733723] (serverpublisher) StdoutLine: {'line': b'2: ./vendor/googletest/googletest/test/gtest_list_tests_unittest.py:198 in public method `testWithFilterFlags`: D202: No blank lines allowed after function docstring (found 1)\n'}
[0.733782] (serverpublisher) StdoutLine: {'line': b'2: ./vendor/googletest/googletest/test/gtest_list_tests_unittest.py:198 in public method `testWithFilterFlags`: D205: 1 blank line required between summary line and description (found 0)\n'}
[0.733840] (serverpublisher) StdoutLine: {'line': b'2: ./vendor/googletest/googletest/test/gtest_list_tests_unittest.py:198 in public method `testWithFilterFlags`: D209: Multi-line docstring closing quotes should be on a separate line\n'}
[0.733900] (serverpublisher) StdoutLine: {'line': b'2: ./vendor/googletest/googletest/test/gtest_list_tests_unittest.py:198 in public method `testWithFilterFlags`: D213: Multi-line docstring summary should start at the second line\n'}
[0.733960] (serverpublisher) StdoutLine: {'line': b"2: ./vendor/googletest/googletest/test/gtest_list_tests_unittest.py:198 in public method `testWithFilterFlags`: D400: First line should end with a period (not 'e')\n"}
[0.734027] (serverpublisher) StdoutLine: {'line': b"2: ./vendor/googletest/googletest/test/gtest_list_tests_unittest.py:198 in public method `testWithFilterFlags`: D415: First line should end with a period, question mark, or exclamation point (not 'e')\n"}
[0.734091] (serverpublisher) StdoutLine: {'line': b'2: checking ./vendor/googletest/googletest/test/gtest_output_test.py\n'}
[0.734158] (serverpublisher) StdoutLine: {'line': b'2: ./vendor/googletest/googletest/test/gtest_output_test.py:32 at module level: D213: Multi-line docstring summary should start at the second line\n'}
[0.734218] (serverpublisher) StdoutLine: {'line': b'2: ./vendor/googletest/googletest/test/gtest_output_test.py:84 in public function `ToUnixLineEnding`: D202: No blank lines allowed after function docstring (found 1)\n'}
[0.734284] (serverpublisher) StdoutLine: {'line': b"2: ./vendor/googletest/googletest/test/gtest_output_test.py:84 in public function `ToUnixLineEnding`: D401: First line should be in imperative mood (perhaps 'Change', not 'Changes')\n"}
[0.734345] (serverpublisher) StdoutLine: {'line': b'2: ./vendor/googletest/googletest/test/gtest_output_test.py:90 in public function `RemoveLocations`: D202: No blank lines allowed after function docstring (found 1)\n'}
[0.734404] (serverpublisher) StdoutLine: {'line': b'2: ./vendor/googletest/googletest/test/gtest_output_test.py:90 in public function `RemoveLocations`: D213: Multi-line docstring summary should start at the second line\n'}
[0.734463] (serverpublisher) StdoutLine: {'line': b'2: ./vendor/googletest/googletest/test/gtest_output_test.py:90 in public function `RemoveLocations`: D301: Use r""" if any backslashes in a docstring\n'}
[0.734522] (serverpublisher) StdoutLine: {'line': b"2: ./vendor/googletest/googletest/test/gtest_output_test.py:90 in public function `RemoveLocations`: D401: First line should be in imperative mood (perhaps 'Remove', not 'Removes')\n"}
[0.734581] (serverpublisher) StdoutLine: {'line': b"2: ./vendor/googletest/googletest/test/gtest_output_test.py:90 in public function `RemoveLocations`: D413: Missing blank line after last section ('Returns')\n"}
[0.734640] (serverpublisher) StdoutLine: {'line': b"2: ./vendor/googletest/googletest/test/gtest_output_test.py:90 in public function `RemoveLocations`: D407: Missing dashed underline after section ('Returns')\n"}
[0.734699] (serverpublisher) StdoutLine: {'line': b"2: ./vendor/googletest/googletest/test/gtest_output_test.py:90 in public function `RemoveLocations`: D406: Section name should end with a newline ('Returns', not 'Returns:')\n"}
[0.734757] (serverpublisher) StdoutLine: {'line': b'2: ./vendor/googletest/googletest/test/gtest_output_test.py:106 in public function `RemoveStackTraceDetails`: D202: No blank lines allowed after function docstring (found 1)\n'}
[0.734812] (serverpublisher) StdoutLine: {'line': b"2: ./vendor/googletest/googletest/test/gtest_output_test.py:106 in public function `RemoveStackTraceDetails`: D401: First line should be in imperative mood (perhaps 'Remove', not 'Removes')\n"}
[0.734875] (serverpublisher) StdoutLine: {'line': b'2: ./vendor/googletest/googletest/test/gtest_output_test.py:114 in public function `RemoveStackTraces`: D202: No blank lines allowed after function docstring (found 1)\n'}
[0.734932] (serverpublisher) StdoutLine: {'line': b"2: ./vendor/googletest/googletest/test/gtest_output_test.py:114 in public function `RemoveStackTraces`: D401: First line should be in imperative mood (perhaps 'Remove', not 'Removes')\n"}
[0.735000] (serverpublisher) StdoutLine: {'line': b'2: ./vendor/googletest/googletest/test/gtest_output_test.py:121 in public function `RemoveTime`: D202: No blank lines allowed after function docstring (found 1)\n'}
[0.735057] (serverpublisher) StdoutLine: {'line': b"2: ./vendor/googletest/googletest/test/gtest_output_test.py:121 in public function `RemoveTime`: D401: First line should be in imperative mood (perhaps 'Remove', not 'Removes')\n"}
[0.735125] (serverpublisher) StdoutLine: {'line': b'2: ./vendor/googletest/googletest/test/gtest_output_test.py:127 in public function `RemoveTypeInfoDetails`: D202: No blank lines allowed after function docstring (found 1)\n'}
[0.735185] (serverpublisher) StdoutLine: {'line': b'2: ./vendor/googletest/googletest/test/gtest_output_test.py:127 in public function `RemoveTypeInfoDetails`: D213: Multi-line docstring summary should start at the second line\n'}
[0.735245] (serverpublisher) StdoutLine: {'line': b"2: ./vendor/googletest/googletest/test/gtest_output_test.py:127 in public function `RemoveTypeInfoDetails`: D401: First line should be in imperative mood (perhaps 'Remove', not 'Removes')\n"}
[0.751029] (serverpublisher) StdoutLine: {'line': b"2: ./vendor/googletest/googletest/test/gtest_output_test.py:127 in public function `RemoveTypeInfoDetails`: D413: Missing blank line after last section ('Returns')\n"}
[0.751271] (serverpublisher) StdoutLine: {'line': b"2: ./vendor/googletest/googletest/test/gtest_output_test.py:127 in public function `RemoveTypeInfoDetails`: D407: Missing dashed underline after section ('Returns')\n"}
[0.751353] (serverpublisher) StdoutLine: {'line': b"2: ./vendor/googletest/googletest/test/gtest_output_test.py:127 in public function `RemoveTypeInfoDetails`: D406: Section name should end with a newline ('Returns', not 'Returns:')\n"}
[0.751422] (serverpublisher) StdoutLine: {'line': b'2: ./vendor/googletest/googletest/test/gtest_output_test.py:141 in public function `NormalizeToCurrentPlatform`: D202: No blank lines allowed after function docstring (found 1)\n'}
[0.751490] (serverpublisher) StdoutLine: {'line': b"2: ./vendor/googletest/googletest/test/gtest_output_test.py:141 in public function `NormalizeToCurrentPlatform`: D401: First line should be in imperative mood (perhaps 'Normalize', not 'Normalizes')\n"}
[0.751554] (serverpublisher) StdoutLine: {'line': b'2: ./vendor/googletest/googletest/test/gtest_output_test.py:155 in public function `RemoveTestCounts`: D202: No blank lines allowed after function docstring (found 1)\n'}
[0.751617] (serverpublisher) StdoutLine: {'line': b"2: ./vendor/googletest/googletest/test/gtest_output_test.py:155 in public function `RemoveTestCounts`: D401: First line should be in imperative mood (perhaps 'Remove', not 'Removes')\n"}
[0.751679] (serverpublisher) StdoutLine: {'line': b'2: ./vendor/googletest/googletest/test/gtest_output_test.py:169 in public function `RemoveMatchingTests`: D202: No blank lines allowed after function docstring (found 1)\n'}
[0.751736] (serverpublisher) StdoutLine: {'line': b'2: ./vendor/googletest/googletest/test/gtest_output_test.py:169 in public function `RemoveMatchingTests`: D213: Multi-line docstring summary should start at the second line\n'}
[0.751798] (serverpublisher) StdoutLine: {'line': b"2: ./vendor/googletest/googletest/test/gtest_output_test.py:169 in public function `RemoveMatchingTests`: D401: First line should be in imperative mood (perhaps 'Remove', not 'Removes')\n"}
[0.751860] (serverpublisher) StdoutLine: {'line': b"2: ./vendor/googletest/googletest/test/gtest_output_test.py:169 in public function `RemoveMatchingTests`: D413: Missing blank line after last section ('Returns')\n"}
[0.751920] (serverpublisher) StdoutLine: {'line': b"2: ./vendor/googletest/googletest/test/gtest_output_test.py:169 in public function `RemoveMatchingTests`: D407: Missing dashed underline after section ('Returns')\n"}
[0.751978] (serverpublisher) StdoutLine: {'line': b"2: ./vendor/googletest/googletest/test/gtest_output_test.py:169 in public function `RemoveMatchingTests`: D406: Section name should end with a newline ('Returns', not 'Returns:')\n"}
[0.752038] (serverpublisher) StdoutLine: {'line': b'2: ./vendor/googletest/googletest/test/gtest_output_test.py:192 in public function `NormalizeOutput`: D202: No blank lines allowed after function docstring (found 1)\n'}
[0.752098] (serverpublisher) StdoutLine: {'line': b"2: ./vendor/googletest/googletest/test/gtest_output_test.py:192 in public function `NormalizeOutput`: D401: First line should be in imperative mood (perhaps 'Normalize', not 'Normalizes')\n"}
[0.752164] (serverpublisher) StdoutLine: {'line': b'2: ./vendor/googletest/googletest/test/gtest_output_test.py:202 in public function `GetShellCommandOutput`: D202: No blank lines allowed after function docstring (found 1)\n'}
[0.752226] (serverpublisher) StdoutLine: {'line': b'2: ./vendor/googletest/googletest/test/gtest_output_test.py:202 in public function `GetShellCommandOutput`: D213: Multi-line docstring summary should start at the second line\n'}
[0.752286] (serverpublisher) StdoutLine: {'line': b"2: ./vendor/googletest/googletest/test/gtest_output_test.py:202 in public function `GetShellCommandOutput`: D401: First line should be in imperative mood (perhaps 'Run', not 'Runs')\n"}
[0.752358] (serverpublisher) StdoutLine: {'line': b"2: ./vendor/googletest/googletest/test/gtest_output_test.py:202 in public function `GetShellCommandOutput`: D413: Missing blank line after last section ('Returns')\n"}
[0.752418] (serverpublisher) StdoutLine: {'line': b"2: ./vendor/googletest/googletest/test/gtest_output_test.py:202 in public function `GetShellCommandOutput`: D407: Missing dashed underline after section ('Returns')\n"}
[0.752479] (serverpublisher) StdoutLine: {'line': b"2: ./vendor/googletest/googletest/test/gtest_output_test.py:202 in public function `GetShellCommandOutput`: D406: Section name should end with a newline ('Returns', not 'Returns:')\n"}
[0.752539] (serverpublisher) StdoutLine: {'line': b'2: ./vendor/googletest/googletest/test/gtest_output_test.py:223 in public function `GetCommandOutput`: D202: No blank lines allowed after function docstring (found 1)\n'}
[0.752598] (serverpublisher) StdoutLine: {'line': b'2: ./vendor/googletest/googletest/test/gtest_output_test.py:223 in public function `GetCommandOutput`: D205: 1 blank line required between summary line and description (found 0)\n'}
[0.752658] (serverpublisher) StdoutLine: {'line': b'2: ./vendor/googletest/googletest/test/gtest_output_test.py:223 in public function `GetCommandOutput`: D213: Multi-line docstring summary should start at the second line\n'}
[0.752717] (serverpublisher) StdoutLine: {'line': b"2: ./vendor/googletest/googletest/test/gtest_output_test.py:223 in public function `GetCommandOutput`: D400: First line should end with a period (not 'n')\n"}
[0.752779] (serverpublisher) StdoutLine: {'line': b"2: ./vendor/googletest/googletest/test/gtest_output_test.py:223 in public function `GetCommandOutput`: D415: First line should end with a period, question mark, or exclamation point (not 'n')\n"}
[0.752839] (serverpublisher) StdoutLine: {'line': b"2: ./vendor/googletest/googletest/test/gtest_output_test.py:223 in public function `GetCommandOutput`: D401: First line should be in imperative mood (perhaps 'Run', not 'Runs')\n"}
[0.752897] (serverpublisher) StdoutLine: {'line': b"2: ./vendor/googletest/googletest/test/gtest_output_test.py:223 in public function `GetCommandOutput`: D413: Missing blank line after last section ('Args')\n"}
[0.752977] (serverpublisher) StdoutLine: {'line': b"2: ./vendor/googletest/googletest/test/gtest_output_test.py:223 in public function `GetCommandOutput`: D407: Missing dashed underline after section ('Args')\n"}
[0.753039] (serverpublisher) StdoutLine: {'line': b'2: ./vendor/googletest/googletest/test/gtest_output_test.py:240 in public function `GetOutputOfAllCommands`: D202: No blank lines allowed after function docstring (found 1)\n'}
[0.753100] (serverpublisher) StdoutLine: {'line': b"2: ./vendor/googletest/googletest/test/gtest_output_test.py:240 in public function `GetOutputOfAllCommands`: D401: First line should be in imperative mood (perhaps 'Return', not 'Returns')\n"}
[0.753159] (serverpublisher) StdoutLine: {'line': b'2: checking ./vendor/googletest/googletest/test/gtest_shuffle_test.py\n'}
[0.753219] (serverpublisher) StdoutLine: {'line': b'2: ./vendor/googletest/googletest/test/gtest_shuffle_test.py:79 in public function `RunAndReturnOutput`: D202: No blank lines allowed after function docstring (found 1)\n'}
[0.753279] (serverpublisher) StdoutLine: {'line': b"2: ./vendor/googletest/googletest/test/gtest_shuffle_test.py:79 in public function `RunAndReturnOutput`: D401: First line should be in imperative mood (perhaps 'Run', not 'Runs')\n"}
[0.753338] (serverpublisher) StdoutLine: {'line': b'2: ./vendor/googletest/googletest/test/gtest_shuffle_test.py:88 in public function `GetTestsForAllIterations`: D202: No blank lines allowed after function docstring (found 1)\n'}
[0.753396] (serverpublisher) StdoutLine: {'line': b'2: ./vendor/googletest/googletest/test/gtest_shuffle_test.py:88 in public function `GetTestsForAllIterations`: D213: Multi-line docstring summary should start at the second line\n'}
[0.753455] (serverpublisher) StdoutLine: {'line': b"2: ./vendor/googletest/googletest/test/gtest_shuffle_test.py:88 in public function `GetTestsForAllIterations`: D401: First line should be in imperative mood (perhaps 'Run', not 'Runs')\n"}
[0.753508] (serverpublisher) StdoutLine: {'line': b"2: ./vendor/googletest/googletest/test/gtest_shuffle_test.py:88 in public function `GetTestsForAllIterations`: D413: Missing blank line after last section ('Returns')\n"}
[0.753561] (serverpublisher) StdoutLine: {'line': b"2: ./vendor/googletest/googletest/test/gtest_shuffle_test.py:88 in public function `GetTestsForAllIterations`: D407: Missing dashed underline after section ('Returns')\n"}
[0.753623] (serverpublisher) StdoutLine: {'line': b"2: ./vendor/googletest/googletest/test/gtest_shuffle_test.py:88 in public function `GetTestsForAllIterations`: D406: Section name should end with a newline ('Returns', not 'Returns:')\n"}
[0.753684] (serverpublisher) StdoutLine: {'line': b'2: ./vendor/googletest/googletest/test/gtest_shuffle_test.py:111 in public function `GetTestCases`: D202: No blank lines allowed after function docstring (found 1)\n'}
[0.753745] (serverpublisher) StdoutLine: {'line': b'2: ./vendor/googletest/googletest/test/gtest_shuffle_test.py:111 in public function `GetTestCases`: D213: Multi-line docstring summary should start at the second line\n'}
[0.753803] (serverpublisher) StdoutLine: {'line': b"2: ./vendor/googletest/googletest/test/gtest_shuffle_test.py:111 in public function `GetTestCases`: D401: First line should be in imperative mood (perhaps 'Return', not 'Returns')\n"}
[0.753871] (serverpublisher) StdoutLine: {'line': b"2: ./vendor/googletest/googletest/test/gtest_shuffle_test.py:111 in public function `GetTestCases`: D413: Missing blank line after last section ('Returns')\n"}
[0.753932] (serverpublisher) StdoutLine: {'line': b"2: ./vendor/googletest/googletest/test/gtest_shuffle_test.py:111 in public function `GetTestCases`: D407: Missing dashed underline after section ('Returns')\n"}
[0.753993] (serverpublisher) StdoutLine: {'line': b"2: ./vendor/googletest/googletest/test/gtest_shuffle_test.py:111 in public function `GetTestCases`: D406: Section name should end with a newline ('Returns', not 'Returns:')\n"}
[0.754053] (serverpublisher) StdoutLine: {'line': b'2: ./vendor/googletest/googletest/test/gtest_shuffle_test.py:131 in public function `CalculateTestLists`: D202: No blank lines allowed after function docstring (found 1)\n'}
[0.754112] (serverpublisher) StdoutLine: {'line': b"2: ./vendor/googletest/googletest/test/gtest_shuffle_test.py:131 in public function `CalculateTestLists`: D401: First line should be in imperative mood (perhaps 'Calculate', not 'Calculates')\n"}
[0.754172] (serverpublisher) StdoutLine: {'line': b'2: checking ./vendor/googletest/googletest/test/gtest_test_utils.py\n'}
[0.757988] (serverpublisher) StdoutLine: {'line': b'2: ./vendor/googletest/googletest/test/gtest_test_utils.py:66 in public function `SetEnvVar`: D202: No blank lines allowed after function docstring (found 1)\n'}
[0.758198] (serverpublisher) StdoutLine: {'line': b'2: ./vendor/googletest/googletest/test/gtest_test_utils.py:87 in private function `_ParseAndStripGTestFlags`: D202: No blank lines allowed after function docstring (found 1)\n'}
[0.758261] (serverpublisher) StdoutLine: {'line': b"2: ./vendor/googletest/googletest/test/gtest_test_utils.py:87 in private function `_ParseAndStripGTestFlags`: D401: First line should be in imperative mood (perhaps 'Parse', not 'Parses')\n"}
[0.758323] (serverpublisher) StdoutLine: {'line': b'2: ./vendor/googletest/googletest/test/gtest_test_utils.py:116 in public function `GetFlag`: D202: No blank lines allowed after function docstring (found 1)\n'}
[0.758384] (serverpublisher) StdoutLine: {'line': b"2: ./vendor/googletest/googletest/test/gtest_test_utils.py:116 in public function `GetFlag`: D401: First line should be in imperative mood (perhaps 'Return', not 'Returns')\n"}
[0.758443] (serverpublisher) StdoutLine: {'line': b'2: ./vendor/googletest/googletest/test/gtest_test_utils.py:127 in public function `GetSourceDir`: D202: No blank lines allowed after function docstring (found 1)\n'}
[0.758509] (serverpublisher) StdoutLine: {'line': b"2: ./vendor/googletest/googletest/test/gtest_test_utils.py:127 in public function `GetSourceDir`: D401: First line should be in imperative mood (perhaps 'Return', not 'Returns')\n"}
[0.758569] (serverpublisher) StdoutLine: {'line': b'2: ./vendor/googletest/googletest/test/gtest_test_utils.py:133 in public function `GetBuildDir`: D202: No blank lines allowed after function docstring (found 1)\n'}
[0.758628] (serverpublisher) StdoutLine: {'line': b"2: ./vendor/googletest/googletest/test/gtest_test_utils.py:133 in public function `GetBuildDir`: D401: First line should be in imperative mood (perhaps 'Return', not 'Returns')\n"}
[0.758687] (serverpublisher) StdoutLine: {'line': b'2: ./vendor/googletest/googletest/test/gtest_test_utils.py:148 in public function `GetTempDir`: D202: No blank lines allowed after function docstring (found 1)\n'}
[0.758746] (serverpublisher) StdoutLine: {'line': b"2: ./vendor/googletest/googletest/test/gtest_test_utils.py:148 in public function `GetTempDir`: D401: First line should be in imperative mood (perhaps 'Return', not 'Returns')\n"}
[0.758804] (serverpublisher) StdoutLine: {'line': b'2: ./vendor/googletest/googletest/test/gtest_test_utils.py:157 in public function `GetTestExecutablePath`: D202: No blank lines allowed after function docstring (found 1)\n'}
[0.758865] (serverpublisher) StdoutLine: {'line': b'2: ./vendor/googletest/googletest/test/gtest_test_utils.py:157 in public function `GetTestExecutablePath`: D213: Multi-line docstring summary should start at the second line\n'}
[0.758929] (serverpublisher) StdoutLine: {'line': b"2: ./vendor/googletest/googletest/test/gtest_test_utils.py:157 in public function `GetTestExecutablePath`: D401: First line should be in imperative mood (perhaps 'Return', not 'Returns')\n"}
[0.758992] (serverpublisher) StdoutLine: {'line': b"2: ./vendor/googletest/googletest/test/gtest_test_utils.py:157 in public function `GetTestExecutablePath`: D413: Missing blank line after last section ('Returns')\n"}
[0.759052] (serverpublisher) StdoutLine: {'line': b"2: ./vendor/googletest/googletest/test/gtest_test_utils.py:157 in public function `GetTestExecutablePath`: D407: Missing dashed underline after section ('Returns')\n"}
[0.759111] (serverpublisher) StdoutLine: {'line': b"2: ./vendor/googletest/googletest/test/gtest_test_utils.py:157 in public function `GetTestExecutablePath`: D406: Section name should end with a newline ('Returns', not 'Returns:')\n"}
[0.759170] (serverpublisher) StdoutLine: {'line': b'2: ./vendor/googletest/googletest/test/gtest_test_utils.py:188 in public function `GetExitStatus`: D202: No blank lines allowed after function docstring (found 1)\n'}
[0.759239] (serverpublisher) StdoutLine: {'line': b'2: ./vendor/googletest/googletest/test/gtest_test_utils.py:188 in public function `GetExitStatus`: D213: Multi-line docstring summary should start at the second line\n'}
[0.759299] (serverpublisher) StdoutLine: {'line': b"2: ./vendor/googletest/googletest/test/gtest_test_utils.py:188 in public function `GetExitStatus`: D401: First line should be in imperative mood (perhaps 'Return', not 'Returns')\n"}
[0.759358] (serverpublisher) StdoutLine: {'line': b"2: ./vendor/googletest/googletest/test/gtest_test_utils.py:188 in public function `GetExitStatus`: D413: Missing blank line after last section ('Args')\n"}
[0.759418] (serverpublisher) StdoutLine: {'line': b"2: ./vendor/googletest/googletest/test/gtest_test_utils.py:188 in public function `GetExitStatus`: D407: Missing dashed underline after section ('Args')\n"}
[0.759478] (serverpublisher) StdoutLine: {'line': b'2: ./vendor/googletest/googletest/test/gtest_test_utils.py:209 in public method `__init__`: D202: No blank lines allowed after function docstring (found 1)\n'}
[0.759537] (serverpublisher) StdoutLine: {'line': b'2: ./vendor/googletest/googletest/test/gtest_test_utils.py:209 in public method `__init__`: D213: Multi-line docstring summary should start at the second line\n'}
[0.759595] (serverpublisher) StdoutLine: {'line': b"2: ./vendor/googletest/googletest/test/gtest_test_utils.py:209 in public method `__init__`: D401: First line should be in imperative mood (perhaps 'Change', not 'Changes')\n"}
[0.759661] (serverpublisher) StdoutLine: {'line': b"2: ./vendor/googletest/googletest/test/gtest_test_utils.py:209 in public method `__init__`: D413: Missing blank line after last section ('Returns')\n"}
[0.759722] (serverpublisher) StdoutLine: {'line': b"2: ./vendor/googletest/googletest/test/gtest_test_utils.py:209 in public method `__init__`: D407: Missing dashed underline after section ('Returns')\n"}
[0.759784] (serverpublisher) StdoutLine: {'line': b"2: ./vendor/googletest/googletest/test/gtest_test_utils.py:209 in public method `__init__`: D406: Section name should end with a newline ('Returns', not 'Returns:')\n"}
[0.759845] (serverpublisher) StdoutLine: {'line': b'2: ./vendor/googletest/googletest/test/gtest_test_utils.py:307 in public function `Main`: D202: No blank lines allowed after function docstring (found 1)\n'}
[0.759905] (serverpublisher) StdoutLine: {'line': b"2: ./vendor/googletest/googletest/test/gtest_test_utils.py:307 in public function `Main`: D401: First line should be in imperative mood (perhaps 'Run', not 'Runs')\n"}
[0.759964] (serverpublisher) StdoutLine: {'line': b'2: checking ./vendor/googletest/googletest/test/gtest_throw_on_failure_test.py\n'}
[0.760023] (serverpublisher) StdoutLine: {'line': b'2: ./vendor/googletest/googletest/test/gtest_throw_on_failure_test.py:32 at module level: D213: Multi-line docstring summary should start at the second line\n'}
[0.760082] (serverpublisher) StdoutLine: {'line': b'2: ./vendor/googletest/googletest/test/gtest_throw_on_failure_test.py:59 in public function `SetEnvVar`: D202: No blank lines allowed after function docstring (found 1)\n'}
[0.760141] (serverpublisher) StdoutLine: {'line': b'2: ./vendor/googletest/googletest/test/gtest_throw_on_failure_test.py:59 in public function `SetEnvVar`: D205: 1 blank line required between summary line and description (found 0)\n'}
[0.760201] (serverpublisher) StdoutLine: {'line': b'2: ./vendor/googletest/googletest/test/gtest_throw_on_failure_test.py:59 in public function `SetEnvVar`: D213: Multi-line docstring summary should start at the second line\n'}
[0.760260] (serverpublisher) StdoutLine: {'line': b"2: ./vendor/googletest/googletest/test/gtest_throw_on_failure_test.py:59 in public function `SetEnvVar`: D400: First line should end with a period (not 'e')\n"}
[0.760318] (serverpublisher) StdoutLine: {'line': b"2: ./vendor/googletest/googletest/test/gtest_throw_on_failure_test.py:59 in public function `SetEnvVar`: D415: First line should end with a period, question mark, or exclamation point (not 'e')\n"}
[0.760382] (serverpublisher) StdoutLine: {'line': b"2: ./vendor/googletest/googletest/test/gtest_throw_on_failure_test.py:59 in public function `SetEnvVar`: D401: First line should be in imperative mood (perhaps 'Set', not 'Sets')\n"}
[0.760443] (serverpublisher) StdoutLine: {'line': b'2: ./vendor/googletest/googletest/test/gtest_throw_on_failure_test.py:71 in public function `Run`: D202: No blank lines allowed after function docstring (found 1)\n'}
[0.760503] (serverpublisher) StdoutLine: {'line': b"2: ./vendor/googletest/googletest/test/gtest_throw_on_failure_test.py:71 in public function `Run`: D401: First line should be in imperative mood (perhaps 'Run', not 'Runs')\n"}
[0.760562] (serverpublisher) StdoutLine: {'line': b'2: ./vendor/googletest/googletest/test/gtest_throw_on_failure_test.py:84 in public method `RunAndVerify`: D202: No blank lines allowed after function docstring (found 1)\n'}
[0.760620] (serverpublisher) StdoutLine: {'line': b'2: ./vendor/googletest/googletest/test/gtest_throw_on_failure_test.py:84 in public method `RunAndVerify`: D205: 1 blank line required between summary line and description (found 0)\n'}
[0.760678] (serverpublisher) StdoutLine: {'line': b'2: ./vendor/googletest/googletest/test/gtest_throw_on_failure_test.py:84 in public method `RunAndVerify`: D213: Multi-line docstring summary should start at the second line\n'}
[0.760749] (serverpublisher) StdoutLine: {'line': b"2: ./vendor/googletest/googletest/test/gtest_throw_on_failure_test.py:84 in public method `RunAndVerify`: D400: First line should end with a period (not 's')\n"}
[0.760808] (serverpublisher) StdoutLine: {'line': b"2: ./vendor/googletest/googletest/test/gtest_throw_on_failure_test.py:84 in public method `RunAndVerify`: D415: First line should end with a period, question mark, or exclamation point (not 's')\n"}
[0.760867] (serverpublisher) StdoutLine: {'line': b"2: ./vendor/googletest/googletest/test/gtest_throw_on_failure_test.py:84 in public method `RunAndVerify`: D401: First line should be in imperative mood (perhaps 'Run', not 'Runs')\n"}
[0.760932] (serverpublisher) StdoutLine: {'line': b"2: ./vendor/googletest/googletest/test/gtest_throw_on_failure_test.py:84 in public method `RunAndVerify`: D413: Missing blank line after last section ('Args')\n"}
[0.760983] (serverpublisher) StdoutLine: {'line': b"2: ./vendor/googletest/googletest/test/gtest_throw_on_failure_test.py:84 in public method `RunAndVerify`: D407: Missing dashed underline after section ('Args')\n"}
[0.761029] (serverpublisher) StdoutLine: {'line': b'2: ./vendor/googletest/googletest/test/gtest_throw_on_failure_test.py:129 in public method `testDefaultBehavior`: D202: No blank lines allowed after function docstring (found 1)\n'}
[0.777336] (serverpublisher) StdoutLine: {'line': b'2: ./vendor/googletest/googletest/test/gtest_throw_on_failure_test.py:134 in public method `testThrowOnFailureEnvVar`: D202: No blank lines allowed after function docstring (found 1)\n'}
[0.777486] (serverpublisher) StdoutLine: {'line': b'2: ./vendor/googletest/googletest/test/gtest_throw_on_failure_test.py:144 in public method `testThrowOnFailureFlag`: D202: No blank lines allowed after function docstring (found 1)\n'}
[0.777557] (serverpublisher) StdoutLine: {'line': b'2: ./vendor/googletest/googletest/test/gtest_throw_on_failure_test.py:154 in public method `testThrowOnFailureFlagOverridesEnvVar`: D202: No blank lines allowed after function docstring (found 1)\n'}
[0.777623] (serverpublisher) StdoutLine: {'line': b'2: checking ./vendor/googletest/googletest/test/gtest_uninitialized_test.py\n'}
[0.777708] (serverpublisher) StdoutLine: {'line': b'2: ./vendor/googletest/googletest/test/gtest_uninitialized_test.py:55 in public function `TestExitCodeAndOutput`: D202: No blank lines allowed after function docstring (found 1)\n'}
[0.777771] (serverpublisher) StdoutLine: {'line': b"2: ./vendor/googletest/googletest/test/gtest_uninitialized_test.py:55 in public function `TestExitCodeAndOutput`: D401: First line should be in imperative mood (perhaps 'Run', not 'Runs')\n"}
[0.777832] (serverpublisher) StdoutLine: {'line': b'2: checking ./vendor/googletest/googletest/test/gtest_xml_outfiles_test.py\n'}
[0.777892] (serverpublisher) StdoutLine: {'line': b'2: checking ./vendor/googletest/googletest/test/gtest_xml_output_unittest.py\n'}
[0.777953] (serverpublisher) StdoutLine: {'line': b"2: ./vendor/googletest/googletest/test/gtest_xml_output_unittest.py:32 at module level: D400: First line should end with a period (not 'e')\n"}
[0.778013] (serverpublisher) StdoutLine: {'line': b"2: ./vendor/googletest/googletest/test/gtest_xml_output_unittest.py:32 at module level: D415: First line should end with a period, question mark, or exclamation point (not 'e')\n"}
[0.778077] (serverpublisher) StdoutLine: {'line': b'2: ./vendor/googletest/googletest/test/gtest_xml_output_unittest.py:153 in public class `GTestXMLOutputUnitTest`: D200: One-line docstring should fit on one line with quotes (found 3)\n'}
[0.778140] (serverpublisher) StdoutLine: {'line': b'2: ./vendor/googletest/googletest/test/gtest_xml_output_unittest.py:161 in public method `testNonEmptyXmlOutput`: D205: 1 blank line required between summary line and description (found 0)\n'}
[0.778209] (serverpublisher) StdoutLine: {'line': b"2: ./vendor/googletest/googletest/test/gtest_xml_output_unittest.py:161 in public method `testNonEmptyXmlOutput`: D400: First line should end with a period (not 'd')\n"}
[0.778277] (serverpublisher) StdoutLine: {'line': b"2: ./vendor/googletest/googletest/test/gtest_xml_output_unittest.py:161 in public method `testNonEmptyXmlOutput`: D415: First line should end with a period, question mark, or exclamation point (not 'd')\n"}
[0.778342] (serverpublisher) StdoutLine: {'line': b'2: ./vendor/googletest/googletest/test/gtest_xml_output_unittest.py:168 in public method `testEmptyXmlOutput`: D202: No blank lines allowed after function docstring (found 1)\n'}
[0.778404] (serverpublisher) StdoutLine: {'line': b'2: ./vendor/googletest/googletest/test/gtest_xml_output_unittest.py:168 in public method `testEmptyXmlOutput`: D213: Multi-line docstring summary should start at the second line\n'}
[0.778465] (serverpublisher) StdoutLine: {'line': b'2: ./vendor/googletest/googletest/test/gtest_xml_output_unittest.py:177 in public method `testTimestampValue`: D213: Multi-line docstring summary should start at the second line\n'}
[0.778524] (serverpublisher) StdoutLine: {'line': b'2: ./vendor/googletest/googletest/test/gtest_xml_output_unittest.py:202 in public method `testDefaultOutputFile`: D205: 1 blank line required between summary line and description (found 0)\n'}
[0.778584] (serverpublisher) StdoutLine: {'line': b"2: ./vendor/googletest/googletest/test/gtest_xml_output_unittest.py:202 in public method `testDefaultOutputFile`: D400: First line should end with a period (not 'd')\n"}
[0.778654] (serverpublisher) StdoutLine: {'line': b"2: ./vendor/googletest/googletest/test/gtest_xml_output_unittest.py:202 in public method `testDefaultOutputFile`: D415: First line should end with a period, question mark, or exclamation point (not 'd')\n"}
[0.778714] (serverpublisher) StdoutLine: {'line': b'2: ./vendor/googletest/googletest/test/gtest_xml_output_unittest.py:225 in public method `testSuppressedXmlOutput`: D202: No blank lines allowed after function docstring (found 1)\n'}
[0.778773] (serverpublisher) StdoutLine: {'line': b'2: ./vendor/googletest/googletest/test/gtest_xml_output_unittest.py:225 in public method `testSuppressedXmlOutput`: D205: 1 blank line required between summary line and description (found 0)\n'}
[0.778830] (serverpublisher) StdoutLine: {'line': b"2: ./vendor/googletest/googletest/test/gtest_xml_output_unittest.py:225 in public method `testSuppressedXmlOutput`: D400: First line should end with a period (not 's')\n"}
[0.778888] (serverpublisher) StdoutLine: {'line': b"2: ./vendor/googletest/googletest/test/gtest_xml_output_unittest.py:225 in public method `testSuppressedXmlOutput`: D415: First line should end with a period, question mark, or exclamation point (not 's')\n"}
[0.778946] (serverpublisher) StdoutLine: {'line': b'2: ./vendor/googletest/googletest/test/gtest_xml_output_unittest.py:254 in public method `testFilteredTestXmlOutput`: D202: No blank lines allowed after function docstring (found 1)\n'}
[0.779005] (serverpublisher) StdoutLine: {'line': b'2: ./vendor/googletest/googletest/test/gtest_xml_output_unittest.py:254 in public method `testFilteredTestXmlOutput`: D213: Multi-line docstring summary should start at the second line\n'}
[0.779065] (serverpublisher) StdoutLine: {'line': b'2: ./vendor/googletest/googletest/test/gtest_xml_output_unittest.py:264 in private method `_GetXmlOutput`: D205: 1 blank line required between summary line and description (found 0)\n'}
[0.779124] (serverpublisher) StdoutLine: {'line': b"2: ./vendor/googletest/googletest/test/gtest_xml_output_unittest.py:264 in private method `_GetXmlOutput`: D401: First line should be in imperative mood (perhaps 'Return', not 'Returns')\n"}
[0.779183] (serverpublisher) StdoutLine: {'line': b'2: ./vendor/googletest/googletest/test/gtest_xml_output_unittest.py:289 in private method `_TestXmlOutput`: D202: No blank lines allowed after function docstring (found 1)\n'}
[0.779241] (serverpublisher) StdoutLine: {'line': b'2: ./vendor/googletest/googletest/test/gtest_xml_output_unittest.py:289 in private method `_TestXmlOutput`: D205: 1 blank line required between summary line and description (found 0)\n'}
[0.779309] (serverpublisher) StdoutLine: {'line': b"2: ./vendor/googletest/googletest/test/gtest_xml_output_unittest.py:289 in private method `_TestXmlOutput`: D400: First line should end with a period (not 'm')\n"}
[0.779369] (serverpublisher) StdoutLine: {'line': b"2: ./vendor/googletest/googletest/test/gtest_xml_output_unittest.py:289 in private method `_TestXmlOutput`: D415: First line should end with a period, question mark, or exclamation point (not 'm')\n"}
[0.779429] (serverpublisher) StdoutLine: {'line': b"2: ./vendor/googletest/googletest/test/gtest_xml_output_unittest.py:289 in private method `_TestXmlOutput`: D401: First line should be in imperative mood (perhaps 'Assert', not 'Asserts')\n"}
[0.779492] (serverpublisher) StdoutLine: {'line': b'2: checking ./vendor/googletest/googletest/test/gtest_xml_test_utils.py\n'}
[0.779552] (serverpublisher) StdoutLine: {'line': b"2: ./vendor/googletest/googletest/test/gtest_xml_test_utils.py:32 at module level: D400: First line should end with a period (not 't')\n"}
[0.779612] (serverpublisher) StdoutLine: {'line': b"2: ./vendor/googletest/googletest/test/gtest_xml_test_utils.py:32 at module level: D415: First line should end with a period, question mark, or exclamation point (not 't')\n"}
[0.779671] (serverpublisher) StdoutLine: {'line': b'2: ./vendor/googletest/googletest/test/gtest_xml_test_utils.py:46 in public class `GTestXMLTestCase`: D200: One-line docstring should fit on one line with quotes (found 3)\n'}
[0.779731] (serverpublisher) StdoutLine: {'line': b'2: ./vendor/googletest/googletest/test/gtest_xml_test_utils.py:46 in public class `GTestXMLTestCase`: D204: 1 blank line required after class docstring (found 2)\n'}
[0.779789] (serverpublisher) StdoutLine: {'line': b'2: ./vendor/googletest/googletest/test/gtest_xml_test_utils.py:52 in public method `AssertEquivalentNodes`: D202: No blank lines allowed after function docstring (found 1)\n'}
[0.779849] (serverpublisher) StdoutLine: {'line': b'2: ./vendor/googletest/googletest/test/gtest_xml_test_utils.py:52 in public method `AssertEquivalentNodes`: D205: 1 blank line required between summary line and description (found 0)\n'}
[0.779907] (serverpublisher) StdoutLine: {'line': b"2: ./vendor/googletest/googletest/test/gtest_xml_test_utils.py:52 in public method `AssertEquivalentNodes`: D400: First line should end with a period (not 'o')\n"}
[0.779965] (serverpublisher) StdoutLine: {'line': b"2: ./vendor/googletest/googletest/test/gtest_xml_test_utils.py:52 in public method `AssertEquivalentNodes`: D415: First line should end with a period, question mark, or exclamation point (not 'o')\n"}
[0.780024] (serverpublisher) StdoutLine: {'line': b"2: ./vendor/googletest/googletest/test/gtest_xml_test_utils.py:52 in public method `AssertEquivalentNodes`: D401: First line should be in imperative mood (perhaps 'Assert', not 'Asserts')\n"}
[0.780093] (serverpublisher) StdoutLine: {'line': b'2: ./vendor/googletest/googletest/test/gtest_xml_test_utils.py:118 in private method `_GetChildren`: D202: No blank lines allowed after function docstring (found 1)\n'}
[0.780155] (serverpublisher) StdoutLine: {'line': b'2: ./vendor/googletest/googletest/test/gtest_xml_test_utils.py:118 in private method `_GetChildren`: D205: 1 blank line required between summary line and description (found 0)\n'}
[0.780214] (serverpublisher) StdoutLine: {'line': b"2: ./vendor/googletest/googletest/test/gtest_xml_test_utils.py:118 in private method `_GetChildren`: D401: First line should be in imperative mood (perhaps 'Fetch', not 'Fetches')\n"}
[0.780273] (serverpublisher) StdoutLine: {'line': b'2: ./vendor/googletest/googletest/test/gtest_xml_test_utils.py:151 in public method `NormalizeXml`: D202: No blank lines allowed after function docstring (found 1)\n'}
[0.780332] (serverpublisher) StdoutLine: {'line': b'2: ./vendor/googletest/googletest/test/gtest_xml_test_utils.py:151 in public method `NormalizeXml`: D205: 1 blank line required between summary line and description (found 0)\n'}
[0.780391] (serverpublisher) StdoutLine: {'line': b"2: ./vendor/googletest/googletest/test/gtest_xml_test_utils.py:151 in public method `NormalizeXml`: D400: First line should end with a period (not 't')\n"}
[0.780456] (serverpublisher) StdoutLine: {'line': b"2: ./vendor/googletest/googletest/test/gtest_xml_test_utils.py:151 in public method `NormalizeXml`: D415: First line should end with a period, question mark, or exclamation point (not 't')\n"}
[0.780515] (serverpublisher) StdoutLine: {'line': b'2: Error in file ./vendor/googletest/googletest/xcode/Scripts/versiongenerate.py: Cannot parse file.\n'}
[0.780572] (serverpublisher) StdoutLine: {'line': b"2: ./vendor/googletest/googletest/test/gtest_xml_test_utils.py:151 in public method `NormalizeXml`: D401: First line should be in imperative mood (perhaps 'Normalize', not 'Normalizes')\n"}
[0.780630] (serverpublisher) StdoutLine: {'line': b'2: checking ./vendor/googletest/googletest/xcode/Scripts/versiongenerate.py\n'}
[0.780690] (serverpublisher) StdoutLine: {'line': b'2: ./vendor/googletest/googletest/xcode/Scripts/versiongenerate.py: Cannot parse file.\n'}
[0.780749] (serverpublisher) StdoutLine: {'line': b'2: 453 errors\n'}
[0.796644] (serverpublisher) StdoutLine: {'line': b'2: Traceback (most recent call last):\n'}
[0.796763] (serverpublisher) StdoutLine: {'line': b'2:   File "/opt/ros/humble/bin/ament_pep257", line 33, in <module>\n'}
[0.796834] (serverpublisher) StdoutLine: {'line': b"2:     sys.exit(load_entry_point('ament-pep257==0.12.4', 'console_scripts', 'ament_pep257')())\n"}
[0.796900] (serverpublisher) StdoutLine: {'line': b'2:   File "/opt/ros/humble/lib/python3.10/site-packages/ament_pep257/main.py", line 149, in main\n'}
[0.796973] (serverpublisher) StdoutLine: {'line': b'2:     xml = get_xunit_content(report, testname, time.time() - start_time)\n'}
[0.797036] (serverpublisher) StdoutLine: {'line': b'2:   File "/opt/ros/humble/lib/python3.10/site-packages/ament_pep257/main.py", line 259, in get_xunit_content\n'}
[0.797106] (serverpublisher) StdoutLine: {'line': b"2:     '%s (%s:%d)' % (\n"}
[0.797167] (serverpublisher) StdoutLine: {'line': b'2: TypeError: %d format: a real number is required, not str\n'}
[0.800700] (-) TimerEvent: {}
[0.810626] (serverpublisher) StdoutLine: {'line': b'2: -- run_test.py: return code 1\n'}
[0.810878] (serverpublisher) StdoutLine: {'line': b"2: -- run_test.py: generate result file '/home/chotu/Beginner_Tutorials_Ros2/build/serverpublisher/test_results/serverpublisher/pep257.xunit.xml' with failed test\n"}
[0.811435] (serverpublisher) StdoutLine: {'line': b"2: -- run_test.py: verify result file '/home/chotu/Beginner_Tutorials_Ros2/build/serverpublisher/test_results/serverpublisher/pep257.xunit.xml'\n"}
[0.818956] (serverpublisher) StdoutLine: {'line': b'2/2 Test #2: pep257 ...........................***Failed    0.62 sec\n'}
[0.819217] (serverpublisher) StdoutLine: {'line': b'\n'}
[0.819326] (serverpublisher) StdoutLine: {'line': b'50% tests passed\x1b[0;0m, \x1b[0;31m1 tests failed\x1b[0;0m out of 2\n'}
[0.819397] (serverpublisher) StdoutLine: {'line': b'\n'}
[0.819460] (serverpublisher) StdoutLine: {'line': b'Label Time Summary:\n'}
[0.819521] (serverpublisher) StdoutLine: {'line': b'gtest     =   0.17 sec*proc (1 test)\n'}
[0.819582] (serverpublisher) StdoutLine: {'line': b'linter    =   0.62 sec*proc (1 test)\n'}
[0.819646] (serverpublisher) StdoutLine: {'line': b'pep257    =   0.62 sec*proc (1 test)\n'}
[0.819708] (serverpublisher) StdoutLine: {'line': b'\n'}
[0.819770] (serverpublisher) StdoutLine: {'line': b'Total Test time (real) =   0.79 sec\n'}
[0.819832] (serverpublisher) StdoutLine: {'line': b'\n'}
[0.819892] (serverpublisher) StdoutLine: {'line': b'The following tests FAILED:\n'}
[0.819953] (serverpublisher) StdoutLine: {'line': b'\t\x1b[0;31m  2 - pep257 (Failed)\x1b[0;0m\n'}
[0.839453] (serverpublisher) StderrLine: {'line': b'Errors while running CTest\n'}
[0.839617] (serverpublisher) StderrLine: {'line': b'Output from these tests are in: /home/chotu/Beginner_Tutorials_Ros2/build/serverpublisher/Testing/Temporary/LastTest.log\n'}
[0.839691] (serverpublisher) StderrLine: {'line': b'Use "--rerun-failed --output-on-failure" to re-run the failed cases verbosely.\n'}
[0.840772] (serverpublisher) CommandEnded: {'returncode': 8}
[0.841156] (serverpublisher) TestFailure: {'identifier': 'serverpublisher'}
[0.841185] (serverpublisher) JobEnded: {'identifier': 'serverpublisher', 'rc': 0}
[0.841575] (-) EventReactorShutdown: {}
