[0.000000] (-) TimerEvent: {}
[0.000703] (serverpublisher) JobQueued: {'identifier': 'serverpublisher', 'dependencies': OrderedDict([('serverpublisher', '/home/chotu/Beginner_Tutorials_Ros2/install/serverpublisher')])}
[0.000804] (serverpublisher) JobStarted: {'identifier': 'serverpublisher'}
[0.016165] (serverpublisher) Command: {'cmd': ['/usr/bin/ctest', '-C', 'Debug', '-D', 'ExperimentalTest', '--no-compress-output', '-V', '--force-new-ctest-process'], 'cwd': '/home/chotu/Beginner_Tutorials_Ros2/build/serverpublisher', 'env': OrderedDict([('USER', 'chotu'), ('XDG_SESSION_TYPE', 'x11'), ('SHLVL', '1'), ('LD_LIBRARY_PATH', '/home/chotu/Beginner_Tutorials_Ros2/install/serverpublisher/lib:/usr/lib/x86_64-linux-gnu/gazebo-11/plugins:/opt/ros/humble/opt/rviz_ogre_vendor/lib:/opt/ros/humble/lib/x86_64-linux-gnu:/opt/ros/humble/lib'), ('HOME', '/home/chotu'), ('OLDPWD', '/home/chotu'), ('DESKTOP_SESSION', 'ubuntu'), ('ROS_PYTHON_VERSION', '3'), ('GNOME_SHELL_SESSION_MODE', 'ubuntu'), ('GTK_MODULES', 'gail:atk-bridge'), ('SYSTEMD_EXEC_PID', '2746'), ('DBUS_SESSION_BUS_ADDRESS', 'unix:path=/run/user/1000/bus'), ('COLORTERM', 'truecolor'), ('_colcon_cd_root', '/opt/ros/humble/'), ('ROS_DISTRO', 'humble'), ('LOGNAME', 'chotu'), ('_', '/usr/bin/colcon'), ('ROS_VERSION', '2'), ('XDG_SESSION_CLASS', 'user'), ('USERNAME', 'chotu'), ('TERM', 'xterm-256color'), ('GNOME_DESKTOP_SESSION_ID', 'this-is-deprecated'), ('ROS_LOCALHOST_ONLY', '1'), ('WINDOWPATH', '2'), ('PATH', '/opt/ros/humble/bin:/usr/local/sbin:/usr/local/bin:/usr/sbin:/usr/bin:/sbin:/bin:/usr/games:/usr/local/games:/snap/bin:/snap/bin'), ('SESSION_MANAGER', 'local/chotu25:@/tmp/.ICE-unix/2484,unix/chotu25:/tmp/.ICE-unix/2484'), ('XDG_MENU_PREFIX', 'gnome-'), ('GNOME_TERMINAL_SCREEN', '/org/gnome/Terminal/screen/0e008e94_72fb_4fcc_8663_b45e969db978'), ('XDG_RUNTIME_DIR', '/run/user/1000'), ('DISPLAY', ':0'), ('LANG', 'en_US.UTF-8'), ('XDG_CURRENT_DESKTOP', 'ubuntu:GNOME'), ('XMODIFIERS', '@im=ibus'), ('XDG_SESSION_DESKTOP', 'ubuntu'), ('XAUTHORITY', '/run/user/1000/gdm/Xauthority'), ('GNOME_TERMINAL_SERVICE', ':1.97'), ('SSH_AGENT_LAUNCHER', 'gnome-keyring'), ('SSH_AUTH_SOCK', '/run/user/1000/keyring/ssh'), ('AMENT_PREFIX_PATH', '/home/chotu/Beginner_Tutorials_Ros2/install/serverpublisher:/opt/ros/humble'), ('SHELL', '/bin/bash'), ('QT_ACCESSIBILITY', '1'), ('GDMSESSION', 'ubuntu'), ('GPG_AGENT_INFO', '/run/user/1000/gnupg/S.gpg-agent:0:1'), ('QT_IM_MODULE', 'ibus'), ('PWD', '/home/chotu/Beginner_Tutorials_Ros2/build/serverpublisher'), ('LC_ALL', 'en_US.UTF-8'), ('XDG_CONFIG_DIRS', '/etc/xdg/xdg-ubuntu:/etc/xdg'), ('XDG_DATA_DIRS', '/usr/share/ubuntu:/usr/share/gnome:/usr/local/share/:/usr/share/:/var/lib/snapd/desktop'), ('PYTHONPATH', '/home/chotu/Beginner_Tutorials_Ros2/install/serverpublisher/local/lib/python3.10/dist-packages:/opt/ros/humble/lib/python3.10/site-packages:/opt/ros/humble/local/lib/python3.10/dist-packages'), ('COLCON', '1'), ('VTE_VERSION', '6800'), ('CMAKE_PREFIX_PATH', '/home/chotu/Beginner_Tutorials_Ros2/install/serverpublisher')]), 'shell': False}
[0.021918] (serverpublisher) StdoutLine: {'line': b'UpdateCTestConfiguration  from :/home/chotu/Beginner_Tutorials_Ros2/build/serverpublisher/CTestConfiguration.ini\n'}
[0.022128] (serverpublisher) StdoutLine: {'line': b'Parse Config file:/home/chotu/Beginner_Tutorials_Ros2/build/serverpublisher/CTestConfiguration.ini\n'}
[0.022293] (serverpublisher) StdoutLine: {'line': b'   Site: chotu25\n'}
[0.022407] (serverpublisher) StdoutLine: {'line': b'   Build name: (empty)\n'}
[0.022486] (serverpublisher) StdoutLine: {'line': b' Add coverage exclude regular expressions.\n'}
[0.022559] (serverpublisher) StdoutLine: {'line': b'Create new tag: 20221206-2355 - Experimental\n'}
[0.022660] (serverpublisher) StdoutLine: {'line': b'UpdateCTestConfiguration  from :/home/chotu/Beginner_Tutorials_Ros2/build/serverpublisher/CTestConfiguration.ini\n'}
[0.022775] (serverpublisher) StdoutLine: {'line': b'Parse Config file:/home/chotu/Beginner_Tutorials_Ros2/build/serverpublisher/CTestConfiguration.ini\n'}
[0.022830] (serverpublisher) StdoutLine: {'line': b'Test project /home/chotu/Beginner_Tutorials_Ros2/build/serverpublisher\n'}
[0.022889] (serverpublisher) StdoutLine: {'line': b'Constructing a list of tests\n'}
[0.022941] (serverpublisher) StdoutLine: {'line': b'Done constructing a list of tests\n'}
[0.023023] (serverpublisher) StdoutLine: {'line': b'Updating test list for fixtures\n'}
[0.023082] (serverpublisher) StdoutLine: {'line': b'Added 0 tests to meet fixture requirements\n'}
[0.023134] (serverpublisher) StdoutLine: {'line': b'Checking test dependency graph...\n'}
[0.023184] (serverpublisher) StdoutLine: {'line': b'Checking test dependency graph end\n'}
[0.023232] (serverpublisher) StdoutLine: {'line': b'test 1\n'}
[0.023282] (serverpublisher) StdoutLine: {'line': b'    Start 1: test_serverpublisher\n'}
[0.023330] (serverpublisher) StdoutLine: {'line': b'\n'}
[0.023389] (serverpublisher) StdoutLine: {'line': b'1: Test command: /usr/bin/python3.10 "-u" "/opt/ros/humble/share/ament_cmake_test/cmake/run_test.py" "/home/chotu/Beginner_Tutorials_Ros2/build/serverpublisher/test_results/serverpublisher/test_serverpublisher.gtest.xml" "--package-name" "serverpublisher" "--output-file" "/home/chotu/Beginner_Tutorials_Ros2/build/serverpublisher/ament_cmake_gtest/test_serverpublisher.txt" "--command" "/home/chotu/Beginner_Tutorials_Ros2/build/serverpublisher/test_serverpublisher" "--gtest_output=xml:/home/chotu/Beginner_Tutorials_Ros2/build/serverpublisher/test_results/serverpublisher/test_serverpublisher.gtest.xml"\n'}
[0.023447] (serverpublisher) StdoutLine: {'line': b'1: Test timeout computed to be: 60\n'}
[0.065148] (serverpublisher) StdoutLine: {'line': b"1: -- run_test.py: invoking following command in '/home/chotu/Beginner_Tutorials_Ros2/build/serverpublisher':\n"}
[0.065315] (serverpublisher) StdoutLine: {'line': b'1:  - /home/chotu/Beginner_Tutorials_Ros2/build/serverpublisher/test_serverpublisher --gtest_output=xml:/home/chotu/Beginner_Tutorials_Ros2/build/serverpublisher/test_results/serverpublisher/test_serverpublisher.gtest.xml\n'}
[0.073246] (serverpublisher) StdoutLine: {'line': b'1: [==========] Running 1 test from 1 test suite.\n'}
[0.073400] (serverpublisher) StdoutLine: {'line': b'1: [----------] Global test environment set-up.\n'}
[0.073512] (serverpublisher) StdoutLine: {'line': b'1: [----------] 1 test from TestNode\n'}
[0.073608] (serverpublisher) StdoutLine: {'line': b'1: [ RUN      ] TestNode.test_for_publishers\n'}
[0.082051] (serverpublisher) StdoutLine: {'line': b'1: [       OK ] TestNode.test_for_publishers (9 ms)\n'}
[0.082240] (serverpublisher) StdoutLine: {'line': b'1: [----------] 1 test from TestNode (9 ms total)\n'}
[0.082322] (serverpublisher) StdoutLine: {'line': b'1: \n'}
[0.082386] (serverpublisher) StdoutLine: {'line': b'1: [----------] Global test environment tear-down\n'}
[0.082448] (serverpublisher) StdoutLine: {'line': b'1: [==========] 1 test from 1 test suite ran. (9 ms total)\n'}
[0.082507] (serverpublisher) StdoutLine: {'line': b'1: [  PASSED  ] 1 test.\n'}
[0.099867] (-) TimerEvent: {}
[0.185131] (serverpublisher) StdoutLine: {'line': b'1: -- run_test.py: return code 0\n'}
[0.185371] (serverpublisher) StdoutLine: {'line': b"1: -- run_test.py: inject classname prefix into gtest result file '/home/chotu/Beginner_Tutorials_Ros2/build/serverpublisher/test_results/serverpublisher/test_serverpublisher.gtest.xml'\n"}
[0.185504] (serverpublisher) StdoutLine: {'line': b"1: -- run_test.py: verify result file '/home/chotu/Beginner_Tutorials_Ros2/build/serverpublisher/test_results/serverpublisher/test_serverpublisher.gtest.xml'\n"}
[0.191613] (serverpublisher) StdoutLine: {'line': b'1/2 Test #1: test_serverpublisher .............   Passed    0.17 sec\n'}
[0.191824] (serverpublisher) StdoutLine: {'line': b'test 2\n'}
[0.191913] (serverpublisher) StdoutLine: {'line': b'    Start 2: pep257\n'}
[0.192010] (serverpublisher) StdoutLine: {'line': b'\n'}
[0.192097] (serverpublisher) StdoutLine: {'line': b'2: Test command: /usr/bin/python3.10 "-u" "/opt/ros/humble/share/ament_cmake_test/cmake/run_test.py" "/home/chotu/Beginner_Tutorials_Ros2/build/serverpublisher/test_results/serverpublisher/pep257.xunit.xml" "--package-name" "serverpublisher" "--output-file" "/home/chotu/Beginner_Tutorials_Ros2/build/serverpublisher/ament_pep257/pep257.txt" "--command" "/opt/ros/humble/bin/ament_pep257" "--xunit-file" "/home/chotu/Beginner_Tutorials_Ros2/build/serverpublisher/test_results/serverpublisher/pep257.xunit.xml"\n'}
[0.192210] (serverpublisher) StdoutLine: {'line': b'2: Test timeout computed to be: 60\n'}
[0.199937] (-) TimerEvent: {}
[0.234930] (serverpublisher) StdoutLine: {'line': b"2: -- run_test.py: invoking following command in '/home/chotu/Beginner_Tutorials_Ros2':\n"}
[0.235149] (serverpublisher) StdoutLine: {'line': b'2:  - /opt/ros/humble/bin/ament_pep257 --xunit-file /home/chotu/Beginner_Tutorials_Ros2/build/serverpublisher/test_results/serverpublisher/pep257.xunit.xml\n'}
[0.300038] (-) TimerEvent: {}
[0.400266] (-) TimerEvent: {}
[0.483173] (serverpublisher) StdoutLine: {'line': b'2: Error in file ./vendor/googletest/googlemock/scripts/fuse_gmock_files.py: Cannot parse file.\n'}
[0.500347] (-) TimerEvent: {}
[0.562681] (serverpublisher) StdoutLine: {'line': b'2: checking ./build/serverpublisher/ament_cmake_python/serverpublisher/serverpublisher/__init__.py\n'}
[0.563719] (serverpublisher) StdoutLine: {'line': b'2: checking ./build/serverpublisher/ament_cmake_python/serverpublisher/setup.py\n'}
[0.563817] (serverpublisher) StdoutLine: {'line': b'2: checking ./build/serverpublisher/rosidl_generator_py/serverpublisher/__init__.py\n'}
[0.563887] (serverpublisher) StdoutLine: {'line': b'2: checking ./build/serverpublisher/rosidl_generator_py/serverpublisher/msg/__init__.py\n'}
[0.563950] (serverpublisher) StdoutLine: {'line': b'2: checking ./build/serverpublisher/rosidl_generator_py/serverpublisher/msg/_data.py\n'}
[0.564013] (serverpublisher) StdoutLine: {'line': b'2: checking ./build/serverpublisher/rosidl_generator_py/serverpublisher/msg/_num.py\n'}
[0.564086] (serverpublisher) StdoutLine: {'line': b'2: checking ./build/serverpublisher/rosidl_generator_py/serverpublisher/msg/_sphere.py\n'}
[0.564147] (serverpublisher) StdoutLine: {'line': b'2: checking ./build/serverpublisher/rosidl_generator_py/serverpublisher/srv/__init__.py\n'}
[0.564197] (serverpublisher) StdoutLine: {'line': b'2: checking ./build/serverpublisher/rosidl_generator_py/serverpublisher/srv/_add_three_ints.py\n'}
[0.564247] (serverpublisher) StdoutLine: {'line': b'2: checking ./build/serverpublisher/rosidl_generator_py/serverpublisher/srv/_change_string.py\n'}
[0.564297] (serverpublisher) StdoutLine: {'line': b'2: checking ./install/_local_setup_util_ps1.py\n'}
[0.564346] (serverpublisher) StdoutLine: {'line': b'2: checking ./install/_local_setup_util_sh.py\n'}
[0.564396] (serverpublisher) StdoutLine: {'line': b'2: checking ./install/serverpublisher/local/lib/python3.10/dist-packages/serverpublisher/__init__.py\n'}
[0.564446] (serverpublisher) StdoutLine: {'line': b'2: checking ./install/serverpublisher/local/lib/python3.10/dist-packages/serverpublisher/msg/__init__.py\n'}
[0.564494] (serverpublisher) StdoutLine: {'line': b'2: checking ./install/serverpublisher/local/lib/python3.10/dist-packages/serverpublisher/msg/_data.py\n'}
[0.564542] (serverpublisher) StdoutLine: {'line': b'2: checking ./install/serverpublisher/local/lib/python3.10/dist-packages/serverpublisher/msg/_num.py\n'}
[0.564601] (serverpublisher) StdoutLine: {'line': b'2: checking ./install/serverpublisher/local/lib/python3.10/dist-packages/serverpublisher/msg/_sphere.py\n'}
[0.564663] (serverpublisher) StdoutLine: {'line': b'2: checking ./install/serverpublisher/local/lib/python3.10/dist-packages/serverpublisher/srv/__init__.py\n'}
[0.564715] (serverpublisher) StdoutLine: {'line': b'2: checking ./install/serverpublisher/local/lib/python3.10/dist-packages/serverpublisher/srv/_add_three_ints.py\n'}
[0.564765] (serverpublisher) StdoutLine: {'line': b'2: checking ./install/serverpublisher/local/lib/python3.10/dist-packages/serverpublisher/srv/_change_string.py\n'}
[0.564814] (serverpublisher) StdoutLine: {'line': b'2: checking ./install/serverpublisher/share/serverpublisher/launch/bag_launch.py\n'}
[0.564870] (serverpublisher) StdoutLine: {'line': b'2: checking ./install/serverpublisher/share/serverpublisher/launch/cpp_pubsub_launch.py\n'}
[0.564921] (serverpublisher) StdoutLine: {'line': b'2: checking ./install/serverpublisher/share/serverpublisher/launch/rosbag_launch.py\n'}
[0.564969] (serverpublisher) StdoutLine: {'line': b'2: checking ./launch/bag_launch.py\n'}
[0.565018] (serverpublisher) StdoutLine: {'line': b'2: checking ./launch/cpp_pubsub_launch.py\n'}
[0.565065] (serverpublisher) StdoutLine: {'line': b'2: checking ./launch/rosbag_launch.py\n'}
[0.565112] (serverpublisher) StdoutLine: {'line': b'2: checking ./vendor/googletest/googlemock/scripts/fuse_gmock_files.py\n'}
[0.565160] (serverpublisher) StdoutLine: {'line': b'2: ./vendor/googletest/googlemock/scripts/fuse_gmock_files.py: Cannot parse file.\n'}
[0.565208] (serverpublisher) StdoutLine: {'line': b'2: checking ./vendor/googletest/googlemock/scripts/generator/cpp/__init__.py\n'}
[0.565256] (serverpublisher) StdoutLine: {'line': b'2: checking ./vendor/googletest/googlemock/scripts/generator/cpp/ast.py\n'}
[0.565304] (serverpublisher) StdoutLine: {'line': b"2: ./vendor/googletest/googlemock/scripts/generator/cpp/ast.py:117 in public method `IsDeclaration`: D401: First line should be in imperative mood (perhaps 'Return', not 'Returns')\n"}
[0.565355] (serverpublisher) StdoutLine: {'line': b"2: ./vendor/googletest/googlemock/scripts/generator/cpp/ast.py:121 in public method `IsDefinition`: D401: First line should be in imperative mood (perhaps 'Return', not 'Returns')\n"}
[0.565405] (serverpublisher) StdoutLine: {'line': b"2: ./vendor/googletest/googlemock/scripts/generator/cpp/ast.py:125 in public method `IsExportable`: D401: First line should be in imperative mood (perhaps 'Return', not 'Returns')\n"}
[0.565455] (serverpublisher) StdoutLine: {'line': b"2: ./vendor/googletest/googlemock/scripts/generator/cpp/ast.py:129 in public method `Requires`: D400: First line should end with a period (not '?')\n"}
[0.565505] (serverpublisher) StdoutLine: {'line': b"2: ./vendor/googletest/googlemock/scripts/generator/cpp/ast.py:129 in public method `Requires`: D401: First line should be in imperative mood; try rephrasing (found 'Does')\n"}
[0.565563] (serverpublisher) StdoutLine: {'line': b'2: ./vendor/googletest/googlemock/scripts/generator/cpp/ast.py:414 in public method `__init__`: D205: 1 blank line required between summary line and description (found 0)\n'}
[0.565614] (serverpublisher) StdoutLine: {'line': b"2: ./vendor/googletest/googlemock/scripts/generator/cpp/ast.py:414 in public method `__init__`: D400: First line should end with a period (not ':')\n"}
[0.565663] (serverpublisher) StdoutLine: {'line': b"2: ./vendor/googletest/googlemock/scripts/generator/cpp/ast.py:414 in public method `__init__`: D415: First line should end with a period, question mark, or exclamation point (not ':')\n"}
[0.565711] (serverpublisher) StdoutLine: {'line': b'2: ./vendor/googletest/googlemock/scripts/generator/cpp/ast.py:478 in public method `ToType`: D205: 1 blank line required between summary line and description (found 0)\n'}
[0.565760] (serverpublisher) StdoutLine: {'line': b'2: ./vendor/googletest/googlemock/scripts/generator/cpp/ast.py:478 in public method `ToType`: D213: Multi-line docstring summary should start at the second line\n'}
[0.565807] (serverpublisher) StdoutLine: {'line': b"2: ./vendor/googletest/googlemock/scripts/generator/cpp/ast.py:478 in public method `ToType`: D413: Missing blank line after last section ('Returns')\n"}
[0.565854] (serverpublisher) StdoutLine: {'line': b"2: ./vendor/googletest/googlemock/scripts/generator/cpp/ast.py:478 in public method `ToType`: D407: Missing dashed underline after section ('Returns')\n"}
[0.565900] (serverpublisher) StdoutLine: {'line': b"2: ./vendor/googletest/googlemock/scripts/generator/cpp/ast.py:478 in public method `ToType`: D406: Section name should end with a newline ('Returns', not 'Returns:')\n"}
[0.565955] (serverpublisher) StdoutLine: {'line': b"2: ./vendor/googletest/googlemock/scripts/generator/cpp/ast.py:929 in public method `GetName`: D401: First line should be in imperative mood (perhaps 'Return', not 'Returns')\n"}
[0.566009] (serverpublisher) StdoutLine: {'line': b'2: ./vendor/googletest/googlemock/scripts/generator/cpp/ast.py:1664 in public function `BuilderFromSource`: D213: Multi-line docstring summary should start at the second line\n'}
[0.566058] (serverpublisher) StdoutLine: {'line': b"2: ./vendor/googletest/googlemock/scripts/generator/cpp/ast.py:1664 in public function `BuilderFromSource`: D401: First line should be in imperative mood; try rephrasing (found 'Utility')\n"}
[0.566106] (serverpublisher) StdoutLine: {'line': b"2: ./vendor/googletest/googlemock/scripts/generator/cpp/ast.py:1664 in public function `BuilderFromSource`: D413: Missing blank line after last section ('Returns')\n"}
[0.566155] (serverpublisher) StdoutLine: {'line': b"2: ./vendor/googletest/googlemock/scripts/generator/cpp/ast.py:1664 in public function `BuilderFromSource`: D407: Missing dashed underline after section ('Returns')\n"}
[0.566202] (serverpublisher) StdoutLine: {'line': b"2: ./vendor/googletest/googlemock/scripts/generator/cpp/ast.py:1664 in public function `BuilderFromSource`: D406: Section name should end with a newline ('Returns', not 'Returns:')\n"}
[0.566250] (serverpublisher) StdoutLine: {'line': b'2: ./vendor/googletest/googlemock/scripts/generator/cpp/ast.py:1677 in public function `PrintIndentifiers`: D213: Multi-line docstring summary should start at the second line\n'}
[0.566298] (serverpublisher) StdoutLine: {'line': b"2: ./vendor/googletest/googlemock/scripts/generator/cpp/ast.py:1677 in public function `PrintIndentifiers`: D401: First line should be in imperative mood (perhaps 'Print', not 'Prints')\n"}
[0.566346] (serverpublisher) StdoutLine: {'line': b"2: ./vendor/googletest/googlemock/scripts/generator/cpp/ast.py:1677 in public function `PrintIndentifiers`: D413: Missing blank line after last section ('Args')\n"}
[0.566394] (serverpublisher) StdoutLine: {'line': b"2: ./vendor/googletest/googlemock/scripts/generator/cpp/ast.py:1677 in public function `PrintIndentifiers`: D407: Missing dashed underline after section ('Args')\n"}
[0.566442] (serverpublisher) StdoutLine: {'line': b'2: ./vendor/googletest/googlemock/scripts/generator/cpp/ast.py:1701 in public function `PrintAllIndentifiers`: D213: Multi-line docstring summary should start at the second line\n'}
[0.566492] (serverpublisher) StdoutLine: {'line': b"2: ./vendor/googletest/googlemock/scripts/generator/cpp/ast.py:1701 in public function `PrintAllIndentifiers`: D401: First line should be in imperative mood (perhaps 'Print', not 'Prints')\n"}
[0.566543] (serverpublisher) StdoutLine: {'line': b"2: ./vendor/googletest/googlemock/scripts/generator/cpp/ast.py:1701 in public function `PrintAllIndentifiers`: D413: Missing blank line after last section ('Args')\n"}
[0.566592] (serverpublisher) StdoutLine: {'line': b"2: ./vendor/googletest/googlemock/scripts/generator/cpp/ast.py:1701 in public function `PrintAllIndentifiers`: D407: Missing dashed underline after section ('Args')\n"}
[0.566641] (serverpublisher) StdoutLine: {'line': b'2: checking ./vendor/googletest/googlemock/scripts/generator/cpp/gmock_class.py\n'}
[0.566689] (serverpublisher) StdoutLine: {'line': b'2: ./vendor/googletest/googlemock/scripts/generator/cpp/gmock_class.py:17 at module level: D213: Multi-line docstring summary should start at the second line\n'}
[0.566742] (serverpublisher) StdoutLine: {'line': b'2: checking ./vendor/googletest/googlemock/scripts/generator/cpp/gmock_class_test.py\n'}
[0.566792] (serverpublisher) StdoutLine: {'line': b'2: checking ./vendor/googletest/googlemock/scripts/generator/cpp/keywords.py\n'}
[0.566839] (serverpublisher) StdoutLine: {'line': b'2: checking ./vendor/googletest/googlemock/scripts/generator/cpp/tokenize.py\n'}
[0.566886] (serverpublisher) StdoutLine: {'line': b'2: ./vendor/googletest/googlemock/scripts/generator/cpp/tokenize.py:65 in public class `Token`: D213: Multi-line docstring summary should start at the second line\n'}
[0.566939] (serverpublisher) StdoutLine: {'line': b'2: ./vendor/googletest/googlemock/scripts/generator/cpp/tokenize.py:120 in public function `GetTokens`: D213: Multi-line docstring summary should start at the second line\n'}
[0.566999] (serverpublisher) StdoutLine: {'line': b"2: ./vendor/googletest/googlemock/scripts/generator/cpp/tokenize.py:120 in public function `GetTokens`: D401: First line should be in imperative mood (perhaps 'Return', not 'Returns')\n"}
[0.567055] (serverpublisher) StdoutLine: {'line': b"2: ./vendor/googletest/googlemock/scripts/generator/cpp/tokenize.py:120 in public function `GetTokens`: D413: Missing blank line after last section ('Yields')\n"}
[0.577213] (serverpublisher) StdoutLine: {'line': b"2: ./vendor/googletest/googlemock/scripts/generator/cpp/tokenize.py:120 in public function `GetTokens`: D407: Missing dashed underline after section ('Yields')Error in file ./vendor/googletest/googlemock/scripts/upload.py: Cannot parse file.\n"}
[0.585914] (serverpublisher) StdoutLine: {'line': b'2: \n'}
[0.586127] (serverpublisher) StdoutLine: {'line': b"2: ./vendor/googletest/googlemock/scripts/generator/cpp/tokenize.py:120 in public function `GetTokens`: D406: Section name should end with a newline ('Yields', not 'Yields:')\n"}
[0.586198] (serverpublisher) StdoutLine: {'line': b'2: checking ./vendor/googletest/googlemock/scripts/generator/cpp/utils.py\n'}
[0.586275] (serverpublisher) StdoutLine: {'line': b"2: ./vendor/googletest/googlemock/scripts/generator/cpp/utils.py:31 in public function `ReadFile`: D401: First line should be in imperative mood (perhaps 'Return', not 'Returns')\n"}
[0.586337] (serverpublisher) StdoutLine: {'line': b'2: checking ./vendor/googletest/googlemock/scripts/generator/gmock_gen.py\n'}
[0.586395] (serverpublisher) StdoutLine: {'line': b'2: checking ./vendor/googletest/googlemock/scripts/gmock_doctor.py\n'}
[0.586452] (serverpublisher) StdoutLine: {'line': b'2: ./vendor/googletest/googlemock/scripts/gmock_doctor.py:138 in private function `_FindAllMatches`: D202: No blank lines allowed after function docstring (found 1)\n'}
[0.586508] (serverpublisher) StdoutLine: {'line': b"2: ./vendor/googletest/googlemock/scripts/gmock_doctor.py:138 in private function `_FindAllMatches`: D401: First line should be in imperative mood (perhaps 'Generate', not 'Generates')\n"}
[0.586563] (serverpublisher) StdoutLine: {'line': b'2: ./vendor/googletest/googlemock/scripts/gmock_doctor.py:145 in private function `_GenericDiagnoser`: D213: Multi-line docstring summary should start at the second line\n'}
[0.586624] (serverpublisher) StdoutLine: {'line': b"2: ./vendor/googletest/googlemock/scripts/gmock_doctor.py:145 in private function `_GenericDiagnoser`: D413: Missing blank line after last section ('Yields')\n"}
[0.586683] (serverpublisher) StdoutLine: {'line': b"2: ./vendor/googletest/googlemock/scripts/gmock_doctor.py:145 in private function `_GenericDiagnoser`: D411: Missing blank line before section ('Yields')\n"}
[0.586740] (serverpublisher) StdoutLine: {'line': b"2: ./vendor/googletest/googlemock/scripts/gmock_doctor.py:145 in private function `_GenericDiagnoser`: D407: Missing dashed underline after section ('Yields')\n"}
[0.586795] (serverpublisher) StdoutLine: {'line': b"2: ./vendor/googletest/googlemock/scripts/gmock_doctor.py:145 in private function `_GenericDiagnoser`: D406: Section name should end with a newline ('Yields', not 'Yields:')\n"}
[0.586849] (serverpublisher) StdoutLine: {'line': b'2: ./vendor/googletest/googlemock/scripts/gmock_doctor.py:167 in private function `_NeedToReturnReferenceDiagnoser`: D202: No blank lines allowed after function docstring (found 1)\n'}
[0.586904] (serverpublisher) StdoutLine: {'line': b'2: ./vendor/googletest/googlemock/scripts/gmock_doctor.py:192 in private function `_NeedToReturnSomethingDiagnoser`: D202: No blank lines allowed after function docstring (found 1)\n'}
[0.586957] (serverpublisher) StdoutLine: {'line': b'2: ./vendor/googletest/googlemock/scripts/gmock_doctor.py:219 in private function `_NeedToReturnNothingDiagnoser`: D202: No blank lines allowed after function docstring (found 1)\n'}
[0.587039] (serverpublisher) StdoutLine: {'line': b'2: ./vendor/googletest/googlemock/scripts/gmock_doctor.py:256 in private function `_IncompleteByReferenceArgumentDiagnoser`: D202: No blank lines allowed after function docstring (found 1)\n'}
[0.587098] (serverpublisher) StdoutLine: {'line': b'2: ./vendor/googletest/googlemock/scripts/gmock_doctor.py:283 in private function `_OverloadedFunctionMatcherDiagnoser`: D202: No blank lines allowed after function docstring (found 1)\n'}
[0.587159] (serverpublisher) StdoutLine: {'line': b'2: ./vendor/googletest/googlemock/scripts/gmock_doctor.py:304 in private function `_OverloadedFunctionActionDiagnoser`: D202: No blank lines allowed after function docstring (found 1)\n'}
[0.587216] (serverpublisher) StdoutLine: {'line': b'2: ./vendor/googletest/googlemock/scripts/gmock_doctor.py:329 in private function `_OverloadedMethodActionDiagnoser`: D202: No blank lines allowed after function docstring (found 1)\n'}
[0.587271] (serverpublisher) StdoutLine: {'line': b'2: ./vendor/googletest/googlemock/scripts/gmock_doctor.py:358 in private function `_MockObjectPointerDiagnoser`: D202: No blank lines allowed after function docstring (found 1)\n'}
[0.587326] (serverpublisher) StdoutLine: {'line': b'2: ./vendor/googletest/googlemock/scripts/gmock_doctor.py:397 in private function `_NeedToUseSymbolDiagnoser`: D202: No blank lines allowed after function docstring (found 1)\n'}
[0.587379] (serverpublisher) StdoutLine: {'line': b'2: ./vendor/googletest/googlemock/scripts/gmock_doctor.py:417 in private function `_NeedToUseReturnNullDiagnoser`: D202: No blank lines allowed after function docstring (found 1)\n'}
[0.587436] (serverpublisher) StdoutLine: {'line': b'2: ./vendor/googletest/googlemock/scripts/gmock_doctor.py:443 in private function `_TypeInTemplatedBaseDiagnoser`: D202: No blank lines allowed after function docstring (found 1)\n'}
[0.587492] (serverpublisher) StdoutLine: {'line': b'2: ./vendor/googletest/googlemock/scripts/gmock_doctor.py:512 in private function `_WrongMockMethodMacroDiagnoser`: D202: No blank lines allowed after function docstring (found 1)\n'}
[0.587549] (serverpublisher) StdoutLine: {'line': b'2: ./vendor/googletest/googlemock/scripts/gmock_doctor.py:540 in private function `_WrongParenPositionDiagnoser`: D202: No blank lines allowed after function docstring (found 1)\n'}
[0.587603] (serverpublisher) StdoutLine: {'line': b'2: ./vendor/googletest/googlemock/scripts/gmock_doctor.py:578 in public function `Diagnose`: D202: No blank lines allowed after function docstring (found 1)\n'}
[0.587658] (serverpublisher) StdoutLine: {'line': b"2: ./vendor/googletest/googlemock/scripts/gmock_doctor.py:578 in public function `Diagnose`: D401: First line should be in imperative mood (perhaps 'Generate', not 'Generates')\n"}
[0.587722] (serverpublisher) StdoutLine: {'line': b'2: checking ./vendor/googletest/googlemock/scripts/upload.py\n'}
[0.587778] (serverpublisher) StdoutLine: {'line': b'2: ./vendor/googletest/googlemock/scripts/upload.py: Cannot parse file.\n'}
[0.587834] (serverpublisher) StdoutLine: {'line': b'2: checking ./vendor/googletest/googlemock/scripts/upload_gmock.py\n'}
[0.587887] (serverpublisher) StdoutLine: {'line': b'2: ./vendor/googletest/googlemock/scripts/upload_gmock.py:32 at module level: D213: Multi-line docstring summary should start at the second line\n'}
[0.587940] (serverpublisher) StdoutLine: {'line': b'2: checking ./vendor/googletest/googlemock/test/gmock_leak_test.py\n'}
[0.587993] (serverpublisher) StdoutLine: {'line': b'2: checking ./vendor/googletest/googlemock/test/gmock_output_test.py\n'}
[0.588046] (serverpublisher) StdoutLine: {'line': b'2: ./vendor/googletest/googlemock/test/gmock_output_test.py:32 at module level: D213: Multi-line docstring summary should start at the second line\n'}
[0.588099] (serverpublisher) StdoutLine: {'line': b'2: ./vendor/googletest/googlemock/test/gmock_output_test.py:60 in public function `ToUnixLineEnding`: D202: No blank lines allowed after function docstring (found 1)\n'}
[0.588158] (serverpublisher) StdoutLine: {'line': b"2: ./vendor/googletest/googlemock/test/gmock_output_test.py:60 in public function `ToUnixLineEnding`: D401: First line should be in imperative mood (perhaps 'Change', not 'Changes')\n"}
[0.588213] (serverpublisher) StdoutLine: {'line': b'2: ./vendor/googletest/googlemock/test/gmock_output_test.py:66 in public function `RemoveReportHeaderAndFooter`: D202: No blank lines allowed after function docstring (found 1)\n'}
[0.588267] (serverpublisher) StdoutLine: {'line': b"2: ./vendor/googletest/googlemock/test/gmock_output_test.py:66 in public function `RemoveReportHeaderAndFooter`: D401: First line should be in imperative mood (perhaps 'Remove', not 'Removes')\n"}
[0.588324] (serverpublisher) StdoutLine: {'line': b'2: ./vendor/googletest/googlemock/test/gmock_output_test.py:77 in public function `RemoveLocations`: D202: No blank lines allowed after function docstring (found 1)\n'}
[0.588380] (serverpublisher) StdoutLine: {'line': b'2: ./vendor/googletest/googlemock/test/gmock_output_test.py:77 in public function `RemoveLocations`: D213: Multi-line docstring summary should start at the second line\n'}
[0.588435] (serverpublisher) StdoutLine: {'line': b'2: ./vendor/googletest/googlemock/test/gmock_output_test.py:77 in public function `RemoveLocations`: D301: Use r""" if any backslashes in a docstring\n'}
[0.588488] (serverpublisher) StdoutLine: {'line': b"2: ./vendor/googletest/googlemock/test/gmock_output_test.py:77 in public function `RemoveLocations`: D401: First line should be in imperative mood (perhaps 'Remove', not 'Removes')\n"}
[0.588546] (serverpublisher) StdoutLine: {'line': b"2: ./vendor/googletest/googlemock/test/gmock_output_test.py:77 in public function `RemoveLocations`: D413: Missing blank line after last section ('Returns')\n"}
[0.588600] (serverpublisher) StdoutLine: {'line': b"2: ./vendor/googletest/googlemock/test/gmock_output_test.py:77 in public function `RemoveLocations`: D407: Missing dashed underline after section ('Returns')\n"}
[0.588654] (serverpublisher) StdoutLine: {'line': b"2: ./vendor/googletest/googlemock/test/gmock_output_test.py:77 in public function `RemoveLocations`: D406: Section name should end with a newline ('Returns', not 'Returns:')\n"}
[0.588709] (serverpublisher) StdoutLine: {'line': b'2: ./vendor/googletest/googlemock/test/gmock_output_test.py:93 in public function `NormalizeErrorMarker`: D202: No blank lines allowed after function docstring (found 1)\n'}
[0.588763] (serverpublisher) StdoutLine: {'line': b"2: ./vendor/googletest/googlemock/test/gmock_output_test.py:93 in public function `NormalizeErrorMarker`: D401: First line should be in imperative mood (perhaps 'Normalize', not 'Normalizes')\n"}
[0.588818] (serverpublisher) StdoutLine: {'line': b'2: ./vendor/googletest/googlemock/test/gmock_output_test.py:99 in public function `RemoveMemoryAddresses`: D202: No blank lines allowed after function docstring (found 1)\n'}
[0.588872] (serverpublisher) StdoutLine: {'line': b"2: ./vendor/googletest/googlemock/test/gmock_output_test.py:99 in public function `RemoveMemoryAddresses`: D401: First line should be in imperative mood (perhaps 'Remove', not 'Removes')\n"}
[0.588925] (serverpublisher) StdoutLine: {'line': b'2: ./vendor/googletest/googlemock/test/gmock_output_test.py:105 in public function `RemoveTestNamesOfLeakedMocks`: D202: No blank lines allowed after function docstring (found 1)\n'}
[0.588977] (serverpublisher) StdoutLine: {'line': b"2: ./vendor/googletest/googlemock/test/gmock_output_test.py:105 in public function `RemoveTestNamesOfLeakedMocks`: D401: First line should be in imperative mood (perhaps 'Remove', not 'Removes')\n"}
[0.589031] (serverpublisher) StdoutLine: {'line': b'2: ./vendor/googletest/googlemock/test/gmock_output_test.py:111 in public function `GetLeakyTests`: D202: No blank lines allowed after function docstring (found 1)\n'}
[0.597028] (serverpublisher) StdoutLine: {'line': b"2: ./vendor/googletest/googlemock/test/gmock_output_test.py:111 in public function `GetLeakyTests`: D401: First line should be in imperative mood (perhaps 'Return', not 'Returns')\n"}
[0.597217] (serverpublisher) StdoutLine: {'line': b'2: ./vendor/googletest/googlemock/test/gmock_output_test.py:120 in public function `GetNormalizedOutputAndLeakyTests`: D202: No blank lines allowed after function docstring (found 1)\n'}
[0.597293] (serverpublisher) StdoutLine: {'line': b'2: ./vendor/googletest/googlemock/test/gmock_output_test.py:120 in public function `GetNormalizedOutputAndLeakyTests`: D213: Multi-line docstring summary should start at the second line\n'}
[0.597354] (serverpublisher) StdoutLine: {'line': b"2: ./vendor/googletest/googlemock/test/gmock_output_test.py:120 in public function `GetNormalizedOutputAndLeakyTests`: D401: First line should be in imperative mood (perhaps 'Normalize', not 'Normalizes')\n"}
[0.597418] (serverpublisher) StdoutLine: {'line': b"2: ./vendor/googletest/googlemock/test/gmock_output_test.py:120 in public function `GetNormalizedOutputAndLeakyTests`: D413: Missing blank line after last section ('Returns')\n"}
[0.597472] (serverpublisher) StdoutLine: {'line': b"2: ./vendor/googletest/googlemock/test/gmock_output_test.py:120 in public function `GetNormalizedOutputAndLeakyTests`: D407: Missing dashed underline after section ('Returns')\n"}
[0.597524] (serverpublisher) StdoutLine: {'line': b"2: ./vendor/googletest/googlemock/test/gmock_output_test.py:120 in public function `GetNormalizedOutputAndLeakyTests`: D406: Section name should end with a newline ('Returns', not 'Returns:')\n"}
[0.597574] (serverpublisher) StdoutLine: {'line': b'2: ./vendor/googletest/googlemock/test/gmock_output_test.py:139 in public function `GetShellCommandOutput`: D202: No blank lines allowed after function docstring (found 1)\n'}
[0.597622] (serverpublisher) StdoutLine: {'line': b"2: ./vendor/googletest/googlemock/test/gmock_output_test.py:139 in public function `GetShellCommandOutput`: D401: First line should be in imperative mood (perhaps 'Run', not 'Runs')\n"}
[0.597671] (serverpublisher) StdoutLine: {'line': b'2: ./vendor/googletest/googlemock/test/gmock_output_test.py:145 in public function `GetNormalizedCommandOutputAndLeakyTests`: D202: No blank lines allowed after function docstring (found 1)\n'}
[0.597720] (serverpublisher) StdoutLine: {'line': b'2: ./vendor/googletest/googlemock/test/gmock_output_test.py:145 in public function `GetNormalizedCommandOutputAndLeakyTests`: D213: Multi-line docstring summary should start at the second line\n'}
[0.597769] (serverpublisher) StdoutLine: {'line': b"2: ./vendor/googletest/googlemock/test/gmock_output_test.py:145 in public function `GetNormalizedCommandOutputAndLeakyTests`: D401: First line should be in imperative mood (perhaps 'Run', not 'Runs')\n"}
[0.597824] (serverpublisher) StdoutLine: {'line': b"2: ./vendor/googletest/googlemock/test/gmock_output_test.py:145 in public function `GetNormalizedCommandOutputAndLeakyTests`: D413: Missing blank line after last section ('Args')\n"}
[0.597875] (serverpublisher) StdoutLine: {'line': b"2: ./vendor/googletest/googlemock/test/gmock_output_test.py:145 in public function `GetNormalizedCommandOutputAndLeakyTests`: D407: Missing dashed underline after section ('Args')\n"}
[0.597924] (serverpublisher) StdoutLine: {'line': b'2: checking ./vendor/googletest/googlemock/test/gmock_test_utils.py\n'}
[0.597974] (serverpublisher) StdoutLine: {'line': b'2: ./vendor/googletest/googlemock/test/gmock_test_utils.py:55 in public function `GetSourceDir`: D202: No blank lines allowed after function docstring (found 1)\n'}
[0.598023] (serverpublisher) StdoutLine: {'line': b"2: ./vendor/googletest/googlemock/test/gmock_test_utils.py:55 in public function `GetSourceDir`: D401: First line should be in imperative mood (perhaps 'Return', not 'Returns')\n"}
[0.598073] (serverpublisher) StdoutLine: {'line': b'2: ./vendor/googletest/googlemock/test/gmock_test_utils.py:61 in public function `GetTestExecutablePath`: D202: No blank lines allowed after function docstring (found 1)\n'}
[0.598121] (serverpublisher) StdoutLine: {'line': b'2: ./vendor/googletest/googlemock/test/gmock_test_utils.py:61 in public function `GetTestExecutablePath`: D213: Multi-line docstring summary should start at the second line\n'}
[0.598178] (serverpublisher) StdoutLine: {'line': b"2: ./vendor/googletest/googlemock/test/gmock_test_utils.py:61 in public function `GetTestExecutablePath`: D401: First line should be in imperative mood (perhaps 'Return', not 'Returns')\n"}
[0.598230] (serverpublisher) StdoutLine: {'line': b"2: ./vendor/googletest/googlemock/test/gmock_test_utils.py:61 in public function `GetTestExecutablePath`: D413: Missing blank line after last section ('Returns')\n"}
[0.598280] (serverpublisher) StdoutLine: {'line': b"2: ./vendor/googletest/googlemock/test/gmock_test_utils.py:61 in public function `GetTestExecutablePath`: D407: Missing dashed underline after section ('Returns')\n"}
[0.598329] (serverpublisher) StdoutLine: {'line': b"2: ./vendor/googletest/googlemock/test/gmock_test_utils.py:61 in public function `GetTestExecutablePath`: D406: Section name should end with a newline ('Returns', not 'Returns:')\n"}
[0.598377] (serverpublisher) StdoutLine: {'line': b'2: ./vendor/googletest/googlemock/test/gmock_test_utils.py:77 in public function `GetExitStatus`: D202: No blank lines allowed after function docstring (found 1)\n'}
[0.598426] (serverpublisher) StdoutLine: {'line': b'2: ./vendor/googletest/googlemock/test/gmock_test_utils.py:77 in public function `GetExitStatus`: D213: Multi-line docstring summary should start at the second line\n'}
[0.598481] (serverpublisher) StdoutLine: {'line': b"2: ./vendor/googletest/googlemock/test/gmock_test_utils.py:77 in public function `GetExitStatus`: D401: First line should be in imperative mood (perhaps 'Return', not 'Returns')\n"}
[0.598530] (serverpublisher) StdoutLine: {'line': b"2: ./vendor/googletest/googlemock/test/gmock_test_utils.py:77 in public function `GetExitStatus`: D413: Missing blank line after last section ('Args')\n"}
[0.598580] (serverpublisher) StdoutLine: {'line': b"2: ./vendor/googletest/googlemock/test/gmock_test_utils.py:77 in public function `GetExitStatus`: D407: Missing dashed underline after section ('Args')\n"}
[0.598628] (serverpublisher) StdoutLine: {'line': b'2: ./vendor/googletest/googlemock/test/gmock_test_utils.py:110 in public function `Main`: D202: No blank lines allowed after function docstring (found 1)\n'}
[0.598677] (serverpublisher) StdoutLine: {'line': b"2: ./vendor/googletest/googlemock/test/gmock_test_utils.py:110 in public function `Main`: D401: First line should be in imperative mood (perhaps 'Run', not 'Runs')\n"}
[0.598730] (serverpublisher) StdoutLine: {'line': b'2: checking ./vendor/googletest/googletest/scripts/common.py\n'}
[0.598781] (serverpublisher) StdoutLine: {'line': b'2: ./vendor/googletest/googletest/scripts/common.py:47 in public function `GetCommandOutput`: D202: No blank lines allowed after function docstring (found 1)\n'}
[0.598831] (serverpublisher) StdoutLine: {'line': b"2: ./vendor/googletest/googletest/scripts/common.py:47 in public function `GetCommandOutput`: D401: First line should be in imperative mood (perhaps 'Run', not 'Runs')\n"}
[0.598881] (serverpublisher) StdoutLine: {'line': b'2: ./vendor/googletest/googletest/scripts/common.py:56 in public function `GetSvnInfo`: D202: No blank lines allowed after function docstring (found 1)\n'}
[0.598932] (serverpublisher) StdoutLine: {'line': b"2: ./vendor/googletest/googletest/scripts/common.py:56 in public function `GetSvnInfo`: D401: First line should be in imperative mood (perhaps 'Return', not 'Returns')\n"}
[0.598988] (serverpublisher) StdoutLine: {'line': b'2: ./vendor/googletest/googletest/scripts/common.py:70 in public function `GetSvnTrunk`: D202: No blank lines allowed after function docstring (found 1)\n'}
[0.599056] (serverpublisher) StdoutLine: {'line': b"2: ./vendor/googletest/googletest/scripts/common.py:70 in public function `GetSvnTrunk`: D401: First line should be in imperative mood (perhaps 'Return', not 'Returns')\n"}
[0.599107] (serverpublisher) StdoutLine: {'line': b'2: checking ./vendor/googletest/googletest/scripts/fuse_gtest_files.py\n'}
[0.599162] (serverpublisher) StdoutLine: {'line': b'2: ./vendor/googletest/googletest/scripts/fuse_gtest_files.py:32 at module level: D205: 1 blank line required between summary line and description (found 0)\n'}
[0.599212] (serverpublisher) StdoutLine: {'line': b'2: ./vendor/googletest/googletest/scripts/fuse_gtest_files.py:32 at module level: D213: Multi-line docstring summary should start at the second line\n'}
[0.599282] (serverpublisher) StdoutLine: {'line': b"2: ./vendor/googletest/googletest/scripts/fuse_gtest_files.py:32 at module level: D400: First line should end with a period (not '0')\n"}
[0.599374] (serverpublisher) StdoutLine: {'line': b"2: ./vendor/googletest/googletest/scripts/fuse_gtest_files.py:32 at module level: D415: First line should end with a period, question mark, or exclamation point (not '0')\n"}
[0.599429] (serverpublisher) StdoutLine: {'line': b"2: ./vendor/googletest/googletest/scripts/fuse_gtest_files.py:32 at module level: D405: Section name should be properly capitalized ('Examples', not 'EXAMPLES')\n"}
[0.599479] (serverpublisher) StdoutLine: {'line': b"2: ./vendor/googletest/googletest/scripts/fuse_gtest_files.py:32 at module level: D413: Missing blank line after last section ('Examples')\n"}
[0.599530] (serverpublisher) StdoutLine: {'line': b"2: ./vendor/googletest/googletest/scripts/fuse_gtest_files.py:32 at module level: D407: Missing dashed underline after section ('Examples')\n"}
[0.599581] (serverpublisher) StdoutLine: {'line': b'2: ./vendor/googletest/googletest/scripts/fuse_gtest_files.py:90 in public function `VerifyFileExists`: D202: No blank lines allowed after function docstring (found 1)\n'}
[0.599630] (serverpublisher) StdoutLine: {'line': b'2: ./vendor/googletest/googletest/scripts/fuse_gtest_files.py:90 in public function `VerifyFileExists`: D213: Multi-line docstring summary should start at the second line\n'}
[0.599678] (serverpublisher) StdoutLine: {'line': b"2: ./vendor/googletest/googletest/scripts/fuse_gtest_files.py:90 in public function `VerifyFileExists`: D401: First line should be in imperative mood (perhaps 'Verify', not 'Verifies')\n"}
[0.599726] (serverpublisher) StdoutLine: {'line': b'2: ./vendor/googletest/googletest/scripts/fuse_gtest_files.py:104 in public function `ValidateGTestRootDir`: D202: No blank lines allowed after function docstring (found 1)\n'}
[0.599776] (serverpublisher) StdoutLine: {'line': b'2: ./vendor/googletest/googletest/scripts/fuse_gtest_files.py:104 in public function `ValidateGTestRootDir`: D213: Multi-line docstring summary should start at the second line\n'}
[0.599826] (serverpublisher) StdoutLine: {'line': b'2: Error in file ./vendor/googletest/googletest/scripts/gen_gtest_pred_impl.py: Cannot parse file.\n'}
[0.600363] (serverpublisher) StdoutLine: {'line': b'2: Error in file ./vendor/googletest/googletest/scripts/pump.py: Cannot parse file.\n'}
[0.600450] (-) TimerEvent: {}
[0.600727] (serverpublisher) StdoutLine: {'line': b'2: Error in file ./vendor/googletest/googletest/scripts/release_docs.py: Cannot parse file.\n'}
[0.601166] (serverpublisher) StdoutLine: {'line': b'2: Error in file ./vendor/googletest/googletest/scripts/upload.py: Cannot parse file.\n'}
[0.613426] (serverpublisher) StdoutLine: {'line': b"2: ./vendor/googletest/googletest/scripts/fuse_gtest_files.py:104 in public function `ValidateGTestRootDir`: D401: First line should be in imperative mood (perhaps 'Make', not 'Makes')\n"}
[0.613532] (serverpublisher) StdoutLine: {'line': b'2: ./vendor/googletest/googletest/scripts/fuse_gtest_files.py:114 in public function `VerifyOutputFile`: D202: No blank lines allowed after function docstring (found 1)\n'}
[0.613599] (serverpublisher) StdoutLine: {'line': b'2: ./vendor/googletest/googletest/scripts/fuse_gtest_files.py:114 in public function `VerifyOutputFile`: D213: Multi-line docstring summary should start at the second line\n'}
[0.613659] (serverpublisher) StdoutLine: {'line': b"2: ./vendor/googletest/googletest/scripts/fuse_gtest_files.py:114 in public function `VerifyOutputFile`: D401: First line should be in imperative mood (perhaps 'Verify', not 'Verifies')\n"}
[0.613727] (serverpublisher) StdoutLine: {'line': b'2: ./vendor/googletest/googletest/scripts/fuse_gtest_files.py:140 in public function `ValidateOutputDir`: D202: No blank lines allowed after function docstring (found 1)\n'}
[0.613782] (serverpublisher) StdoutLine: {'line': b'2: ./vendor/googletest/googletest/scripts/fuse_gtest_files.py:140 in public function `ValidateOutputDir`: D213: Multi-line docstring summary should start at the second line\n'}
[0.613836] (serverpublisher) StdoutLine: {'line': b"2: ./vendor/googletest/googletest/scripts/fuse_gtest_files.py:140 in public function `ValidateOutputDir`: D401: First line should be in imperative mood (perhaps 'Make', not 'Makes')\n"}
[0.613892] (serverpublisher) StdoutLine: {'line': b'2: ./vendor/googletest/googletest/scripts/fuse_gtest_files.py:150 in public function `FuseGTestH`: D202: No blank lines allowed after function docstring (found 1)\n'}
[0.613951] (serverpublisher) StdoutLine: {'line': b"2: ./vendor/googletest/googletest/scripts/fuse_gtest_files.py:150 in public function `FuseGTestH`: D401: First line should be in imperative mood (perhaps 'Scan', not 'Scans')\n"}
[0.614001] (serverpublisher) StdoutLine: {'line': b'2: ./vendor/googletest/googletest/scripts/fuse_gtest_files.py:156 in private nested function `ProcessFile`: D202: No blank lines allowed after function docstring (found 1)\n'}
[0.614051] (serverpublisher) StdoutLine: {'line': b"2: ./vendor/googletest/googletest/scripts/fuse_gtest_files.py:156 in private nested function `ProcessFile`: D401: First line should be in imperative mood (perhaps 'Process', not 'Processes')\n"}
[0.614101] (serverpublisher) StdoutLine: {'line': b'2: ./vendor/googletest/googletest/scripts/fuse_gtest_files.py:179 in public function `FuseGTestAllCcToFile`: D202: No blank lines allowed after function docstring (found 1)\n'}
[0.614152] (serverpublisher) StdoutLine: {'line': b"2: ./vendor/googletest/googletest/scripts/fuse_gtest_files.py:179 in public function `FuseGTestAllCcToFile`: D401: First line should be in imperative mood (perhaps 'Scan', not 'Scans')\n"}
[0.614201] (serverpublisher) StdoutLine: {'line': b'2: ./vendor/googletest/googletest/scripts/fuse_gtest_files.py:184 in private nested function `ProcessFile`: D202: No blank lines allowed after function docstring (found 1)\n'}
[0.614256] (serverpublisher) StdoutLine: {'line': b"2: ./vendor/googletest/googletest/scripts/fuse_gtest_files.py:184 in private nested function `ProcessFile`: D401: First line should be in imperative mood (perhaps 'Process', not 'Processes')\n"}
[0.614304] (serverpublisher) StdoutLine: {'line': b'2: ./vendor/googletest/googletest/scripts/fuse_gtest_files.py:222 in public function `FuseGTestAllCc`: D202: No blank lines allowed after function docstring (found 1)\n'}
[0.614358] (serverpublisher) StdoutLine: {'line': b"2: ./vendor/googletest/googletest/scripts/fuse_gtest_files.py:222 in public function `FuseGTestAllCc`: D401: First line should be in imperative mood (perhaps 'Scan', not 'Scans')\n"}
[0.614409] (serverpublisher) StdoutLine: {'line': b'2: ./vendor/googletest/googletest/scripts/fuse_gtest_files.py:230 in public function `FuseGTest`: D202: No blank lines allowed after function docstring (found 1)\n'}
[0.614457] (serverpublisher) StdoutLine: {'line': b'2: checking ./vendor/googletest/googletest/scripts/gen_gtest_pred_impl.py\n'}
[0.614507] (serverpublisher) StdoutLine: {'line': b'2: ./vendor/googletest/googletest/scripts/gen_gtest_pred_impl.py: Cannot parse file.\n'}
[0.614556] (serverpublisher) StdoutLine: {'line': b'2: checking ./vendor/googletest/googletest/scripts/pump.py\n'}
[0.614604] (serverpublisher) StdoutLine: {'line': b'2: ./vendor/googletest/googletest/scripts/pump.py: Cannot parse file.\n'}
[0.614652] (serverpublisher) StdoutLine: {'line': b'2: checking ./vendor/googletest/googletest/scripts/release_docs.py\n'}
[0.614698] (serverpublisher) StdoutLine: {'line': b'2: ./vendor/googletest/googletest/scripts/release_docs.py: Cannot parse file.\n'}
[0.614750] (serverpublisher) StdoutLine: {'line': b'2: checking ./vendor/googletest/googletest/scripts/upload.py\n'}
[0.614798] (serverpublisher) StdoutLine: {'line': b'2: ./vendor/googletest/googletest/scripts/upload.py: Cannot parse file.\n'}
[0.614847] (serverpublisher) StdoutLine: {'line': b'2: checking ./vendor/googletest/googletest/scripts/upload_gtest.py\n'}
[0.614893] (serverpublisher) StdoutLine: {'line': b'2: ./vendor/googletest/googletest/scripts/upload_gtest.py:32 at module level: D213: Multi-line docstring summary should start at the second line\n'}
[0.614940] (serverpublisher) StdoutLine: {'line': b'2: checking ./vendor/googletest/googletest/test/gtest_break_on_failure_unittest.py\n'}
[0.615012] (serverpublisher) StdoutLine: {'line': b'2: ./vendor/googletest/googletest/test/gtest_break_on_failure_unittest.py:32 at module level: D213: Multi-line docstring summary should start at the second line\n'}
[0.615073] (serverpublisher) StdoutLine: {'line': b'2: ./vendor/googletest/googletest/test/gtest_break_on_failure_unittest.py:81 in public function `Run`: D202: No blank lines allowed after function docstring (found 1)\n'}
[0.615127] (serverpublisher) StdoutLine: {'line': b"2: ./vendor/googletest/googletest/test/gtest_break_on_failure_unittest.py:81 in public function `Run`: D401: First line should be in imperative mood (perhaps 'Run', not 'Runs')\n"}
[0.615173] (serverpublisher) StdoutLine: {'line': b'2: ./vendor/googletest/googletest/test/gtest_break_on_failure_unittest.py:94 in public class `GTestBreakOnFailureUnitTest`: D205: 1 blank line required between summary line and description (found 0)\n'}
[0.615221] (serverpublisher) StdoutLine: {'line': b'2: ./vendor/googletest/googletest/test/gtest_break_on_failure_unittest.py:94 in public class `GTestBreakOnFailureUnitTest`: D213: Multi-line docstring summary should start at the second line\n'}
[0.615270] (serverpublisher) StdoutLine: {'line': b"2: ./vendor/googletest/googletest/test/gtest_break_on_failure_unittest.py:94 in public class `GTestBreakOnFailureUnitTest`: D400: First line should end with a period (not 'r')\n"}
[0.615318] (serverpublisher) StdoutLine: {'line': b"2: ./vendor/googletest/googletest/test/gtest_break_on_failure_unittest.py:94 in public class `GTestBreakOnFailureUnitTest`: D415: First line should end with a period, question mark, or exclamation point (not 'r')\n"}
[0.615372] (serverpublisher) StdoutLine: {'line': b'2: ./vendor/googletest/googletest/test/gtest_break_on_failure_unittest.py:100 in public method `RunAndVerify`: D202: No blank lines allowed after function docstring (found 1)\n'}
[0.615422] (serverpublisher) StdoutLine: {'line': b'2: ./vendor/googletest/googletest/test/gtest_break_on_failure_unittest.py:100 in public method `RunAndVerify`: D205: 1 blank line required between summary line and description (found 0)\n'}
[0.615472] (serverpublisher) StdoutLine: {'line': b'2: ./vendor/googletest/googletest/test/gtest_break_on_failure_unittest.py:100 in public method `RunAndVerify`: D213: Multi-line docstring summary should start at the second line\n'}
[0.615521] (serverpublisher) StdoutLine: {'line': b"2: ./vendor/googletest/googletest/test/gtest_break_on_failure_unittest.py:100 in public method `RunAndVerify`: D400: First line should end with a period (not 's')\n"}
[0.615576] (serverpublisher) StdoutLine: {'line': b"2: ./vendor/googletest/googletest/test/gtest_break_on_failure_unittest.py:100 in public method `RunAndVerify`: D415: First line should end with a period, question mark, or exclamation point (not 's')\n"}
[0.615628] (serverpublisher) StdoutLine: {'line': b"2: ./vendor/googletest/googletest/test/gtest_break_on_failure_unittest.py:100 in public method `RunAndVerify`: D401: First line should be in imperative mood (perhaps 'Run', not 'Runs')\n"}
[0.615678] (serverpublisher) StdoutLine: {'line': b"2: ./vendor/googletest/googletest/test/gtest_break_on_failure_unittest.py:100 in public method `RunAndVerify`: D413: Missing blank line after last section ('Args')\n"}
[0.615731] (serverpublisher) StdoutLine: {'line': b"2: ./vendor/googletest/googletest/test/gtest_break_on_failure_unittest.py:100 in public method `RunAndVerify`: D407: Missing dashed underline after section ('Args')\n"}
[0.615780] (serverpublisher) StdoutLine: {'line': b'2: ./vendor/googletest/googletest/test/gtest_break_on_failure_unittest.py:145 in public method `testDefaultBehavior`: D202: No blank lines allowed after function docstring (found 1)\n'}
[0.615827] (serverpublisher) StdoutLine: {'line': b'2: ./vendor/googletest/googletest/test/gtest_break_on_failure_unittest.py:152 in public method `testEnvVar`: D202: No blank lines allowed after function docstring (found 1)\n'}
[0.615875] (serverpublisher) StdoutLine: {'line': b'2: ./vendor/googletest/googletest/test/gtest_break_on_failure_unittest.py:162 in public method `testFlag`: D202: No blank lines allowed after function docstring (found 1)\n'}
[0.615922] (serverpublisher) StdoutLine: {'line': b'2: ./vendor/googletest/googletest/test/gtest_break_on_failure_unittest.py:172 in public method `testFlagOverridesEnvVar`: D202: No blank lines allowed after function docstring (found 1)\n'}
[0.615970] (serverpublisher) StdoutLine: {'line': b'2: ./vendor/googletest/googletest/test/gtest_break_on_failure_unittest.py:188 in public method `testBreakOnFailureOverridesThrowOnFailure`: D202: No blank lines allowed after function docstring (found 1)\n'}
[0.616019] (serverpublisher) StdoutLine: {'line': b'2: ./vendor/googletest/googletest/test/gtest_break_on_failure_unittest.py:200 in public method `testCatchExceptionsDoesNotInterfere`: D202: No blank lines allowed after function docstring (found 1)\n'}
[0.616066] (serverpublisher) StdoutLine: {'line': b'2: checking ./vendor/googletest/googletest/test/gtest_catch_exceptions_test.py\n'}
[0.616113] (serverpublisher) StdoutLine: {'line': b'2: ./vendor/googletest/googletest/test/gtest_catch_exceptions_test.py:31 at module level: D213: Multi-line docstring summary should start at the second line\n'}
[0.616170] (serverpublisher) StdoutLine: {'line': b'2: ./vendor/googletest/googletest/test/gtest_catch_exceptions_test.py:86 in public class `CatchSehExceptionsTest`: D204: 1 blank line required after class docstring (found 2)\n'}
[0.637374] (serverpublisher) StdoutLine: {'line': b'2: ./vendor/googletest/googletest/test/gtest_catch_exceptions_test.py:115 in public class `CatchCxxExceptionsTest`: D208: Docstring is over-indented\n'}
[0.637612] (serverpublisher) StdoutLine: {'line': b'2: ./vendor/googletest/googletest/test/gtest_catch_exceptions_test.py:115 in public class `CatchCxxExceptionsTest`: D213: Multi-line docstring summary should start at the second line\n'}
[0.637688] (serverpublisher) StdoutLine: {'line': b'2: checking ./vendor/googletest/googletest/test/gtest_color_test.py\n'}
[0.637754] (serverpublisher) StdoutLine: {'line': b'2: ./vendor/googletest/googletest/test/gtest_color_test.py:48 in public function `SetEnvVar`: D202: No blank lines allowed after function docstring (found 1)\n'}
[0.637818] (serverpublisher) StdoutLine: {'line': b"2: ./vendor/googletest/googletest/test/gtest_color_test.py:48 in public function `SetEnvVar`: D401: First line should be in imperative mood (perhaps 'Set', not 'Sets')\n"}
[0.637881] (serverpublisher) StdoutLine: {'line': b'2: ./vendor/googletest/googletest/test/gtest_color_test.py:57 in public function `UsesColor`: D202: No blank lines allowed after function docstring (found 1)\n'}
[0.637954] (serverpublisher) StdoutLine: {'line': b"2: ./vendor/googletest/googletest/test/gtest_color_test.py:57 in public function `UsesColor`: D401: First line should be in imperative mood (perhaps 'Run', not 'Runs')\n"}
[0.638021] (serverpublisher) StdoutLine: {'line': b'2: ./vendor/googletest/googletest/test/gtest_color_test.py:72 in public method `testNoEnvVarNoFlag`: D202: No blank lines allowed after function docstring (found 1)\n'}
[0.638088] (serverpublisher) StdoutLine: {'line': b'2: ./vendor/googletest/googletest/test/gtest_color_test.py:87 in public method `testFlagOnly`: D202: No blank lines allowed after function docstring (found 1)\n'}
[0.638160] (serverpublisher) StdoutLine: {'line': b'2: ./vendor/googletest/googletest/test/gtest_color_test.py:98 in public method `testEnvVarOnly`: D202: No blank lines allowed after function docstring (found 1)\n'}
[0.638226] (serverpublisher) StdoutLine: {'line': b'2: ./vendor/googletest/googletest/test/gtest_color_test.py:109 in public method `testEnvVarAndFlag`: D202: No blank lines allowed after function docstring (found 1)\n'}
[0.638296] (serverpublisher) StdoutLine: {'line': b'2: ./vendor/googletest/googletest/test/gtest_color_test.py:116 in public method `testAliasesOfYesAndNo`: D202: No blank lines allowed after function docstring (found 1)\n'}
[0.638364] (serverpublisher) StdoutLine: {'line': b'2: checking ./vendor/googletest/googletest/test/gtest_env_var_test.py\n'}
[0.638429] (serverpublisher) StdoutLine: {'line': b'2: ./vendor/googletest/googletest/test/gtest_env_var_test.py:56 in public function `SetEnvVar`: D202: No blank lines allowed after function docstring (found 1)\n'}
[0.638495] (serverpublisher) StdoutLine: {'line': b"2: ./vendor/googletest/googletest/test/gtest_env_var_test.py:56 in public function `SetEnvVar`: D401: First line should be in imperative mood (perhaps 'Set', not 'Sets')\n"}
[0.638561] (serverpublisher) StdoutLine: {'line': b'2: ./vendor/googletest/googletest/test/gtest_env_var_test.py:65 in public function `GetFlag`: D202: No blank lines allowed after function docstring (found 1)\n'}
[0.638625] (serverpublisher) StdoutLine: {'line': b"2: ./vendor/googletest/googletest/test/gtest_env_var_test.py:65 in public function `GetFlag`: D401: First line should be in imperative mood (perhaps 'Run', not 'Runs')\n"}
[0.638689] (serverpublisher) StdoutLine: {'line': b'2: ./vendor/googletest/googletest/test/gtest_env_var_test.py:74 in public function `TestFlag`: D202: No blank lines allowed after function docstring (found 1)\n'}
[0.638753] (serverpublisher) StdoutLine: {'line': b"2: ./vendor/googletest/googletest/test/gtest_env_var_test.py:74 in public function `TestFlag`: D401: First line should be in imperative mood (perhaps 'Verify', not 'Verifies')\n"}
[0.638817] (serverpublisher) StdoutLine: {'line': b'2: ./vendor/googletest/googletest/test/gtest_env_var_test.py:85 in public method `testEnvVarAffectsFlag`: D202: No blank lines allowed after function docstring (found 1)\n'}
[0.638881] (serverpublisher) StdoutLine: {'line': b'2: ./vendor/googletest/googletest/test/gtest_env_var_test.py:103 in public method `testXmlOutputFile`: D202: No blank lines allowed after function docstring (found 1)\n'}
[0.638944] (serverpublisher) StdoutLine: {'line': b'2: ./vendor/googletest/googletest/test/gtest_env_var_test.py:110 in public method `testXmlOutputFileOverride`: D202: No blank lines allowed after function docstring (found 1)\n'}
[0.639025] (serverpublisher) StdoutLine: {'line': b"2: ./vendor/googletest/googletest/test/gtest_env_var_test.py:110 in public method `testXmlOutputFileOverride`: D400: First line should end with a period (not 'T')\n"}
[0.639097] (serverpublisher) StdoutLine: {'line': b"2: ./vendor/googletest/googletest/test/gtest_env_var_test.py:110 in public method `testXmlOutputFileOverride`: D415: First line should end with a period, question mark, or exclamation point (not 'T')\n"}
[0.639167] (serverpublisher) StdoutLine: {'line': b'2: checking ./vendor/googletest/googletest/test/gtest_filter_unittest.py\n'}
[0.639229] (serverpublisher) StdoutLine: {'line': b'2: ./vendor/googletest/googletest/test/gtest_filter_unittest.py:31 at module level: D213: Multi-line docstring summary should start at the second line\n'}
[0.639303] (serverpublisher) StdoutLine: {'line': b'2: ./vendor/googletest/googletest/test/gtest_filter_unittest.py:173 in public function `SetEnvVar`: D202: No blank lines allowed after function docstring (found 1)\n'}
[0.639368] (serverpublisher) StdoutLine: {'line': b"2: ./vendor/googletest/googletest/test/gtest_filter_unittest.py:173 in public function `SetEnvVar`: D401: First line should be in imperative mood (perhaps 'Set', not 'Sets')\n"}
[0.639439] (serverpublisher) StdoutLine: {'line': b'2: ./vendor/googletest/googletest/test/gtest_filter_unittest.py:182 in public function `RunAndReturnOutput`: D202: No blank lines allowed after function docstring (found 1)\n'}
[0.639505] (serverpublisher) StdoutLine: {'line': b"2: ./vendor/googletest/googletest/test/gtest_filter_unittest.py:182 in public function `RunAndReturnOutput`: D401: First line should be in imperative mood (perhaps 'Run', not 'Runs')\n"}
[0.639579] (serverpublisher) StdoutLine: {'line': b'2: ./vendor/googletest/googletest/test/gtest_filter_unittest.py:189 in public function `RunAndExtractTestList`: D202: No blank lines allowed after function docstring (found 1)\n'}
[0.639645] (serverpublisher) StdoutLine: {'line': b"2: ./vendor/googletest/googletest/test/gtest_filter_unittest.py:189 in public function `RunAndExtractTestList`: D401: First line should be in imperative mood (perhaps 'Run', not 'Runs')\n"}
[0.639709] (serverpublisher) StdoutLine: {'line': b"2: ./vendor/googletest/googletest/test/gtest_filter_unittest.py:208 in public function `InvokeWithModifiedEnv`: D401: First line should be in imperative mood (perhaps 'Run', not 'Runs')\n"}
[0.639773] (serverpublisher) StdoutLine: {'line': b'2: ./vendor/googletest/googletest/test/gtest_filter_unittest.py:219 in public function `RunWithSharding`: D202: No blank lines allowed after function docstring (found 1)\n'}
[0.639837] (serverpublisher) StdoutLine: {'line': b"2: ./vendor/googletest/googletest/test/gtest_filter_unittest.py:219 in public function `RunWithSharding`: D401: First line should be in imperative mood (perhaps 'Run', not 'Runs')\n"}
[0.639900] (serverpublisher) StdoutLine: {'line': b'2: ./vendor/googletest/googletest/test/gtest_filter_unittest.py:234 in public method `AssertSetEqual`: D202: No blank lines allowed after function docstring (found 1)\n'}
[0.639964] (serverpublisher) StdoutLine: {'line': b"2: ./vendor/googletest/googletest/test/gtest_filter_unittest.py:234 in public method `AssertSetEqual`: D401: First line should be in imperative mood (perhaps 'Assert', not 'Asserts')\n"}
[0.640027] (serverpublisher) StdoutLine: {'line': b'2: ./vendor/googletest/googletest/test/gtest_filter_unittest.py:243 in public method `AssertPartitionIsValid`: D202: No blank lines allowed after function docstring (found 1)\n'}
[0.640090] (serverpublisher) StdoutLine: {'line': b"2: ./vendor/googletest/googletest/test/gtest_filter_unittest.py:243 in public method `AssertPartitionIsValid`: D401: First line should be in imperative mood (perhaps 'Assert', not 'Asserts')\n"}
[0.640154] (serverpublisher) StdoutLine: {'line': b'2: ./vendor/googletest/googletest/test/gtest_filter_unittest.py:252 in public method `AdjustForParameterizedTests`: D202: No blank lines allowed after function docstring (found 1)\n'}
[0.640217] (serverpublisher) StdoutLine: {'line': b'2: ./vendor/googletest/googletest/test/gtest_filter_unittest.py:261 in public method `RunAndVerify`: D202: No blank lines allowed after function docstring (found 1)\n'}
[0.640280] (serverpublisher) StdoutLine: {'line': b"2: ./vendor/googletest/googletest/test/gtest_filter_unittest.py:261 in public method `RunAndVerify`: D401: First line should be in imperative mood (perhaps 'Check', not 'Checks')\n"}
[0.640344] (serverpublisher) StdoutLine: {'line': b'2: ./vendor/googletest/googletest/test/gtest_filter_unittest.py:292 in public method `RunAndVerifyWithSharding`: D202: No blank lines allowed after function docstring (found 1)\n'}
[0.640407] (serverpublisher) StdoutLine: {'line': b'2: ./vendor/googletest/googletest/test/gtest_filter_unittest.py:292 in public method `RunAndVerifyWithSharding`: D213: Multi-line docstring summary should start at the second line\n'}
[0.640470] (serverpublisher) StdoutLine: {'line': b"2: ./vendor/googletest/googletest/test/gtest_filter_unittest.py:292 in public method `RunAndVerifyWithSharding`: D401: First line should be in imperative mood (perhaps 'Check', not 'Checks')\n"}
[0.640534] (serverpublisher) StdoutLine: {'line': b"2: ./vendor/googletest/googletest/test/gtest_filter_unittest.py:292 in public method `RunAndVerifyWithSharding`: D413: Missing blank line after last section ('Args')\n"}
[0.640595] (serverpublisher) StdoutLine: {'line': b"2: ./vendor/googletest/googletest/test/gtest_filter_unittest.py:292 in public method `RunAndVerifyWithSharding`: D407: Missing dashed underline after section ('Args')\n"}
[0.640646] (serverpublisher) StdoutLine: {'line': b'2: ./vendor/googletest/googletest/test/gtest_filter_unittest.py:329 in public method `RunAndVerifyAllowingDisabled`: D202: No blank lines allowed after function docstring (found 1)\n'}
[0.640696] (serverpublisher) StdoutLine: {'line': b'2: ./vendor/googletest/googletest/test/gtest_filter_unittest.py:329 in public method `RunAndVerifyAllowingDisabled`: D213: Multi-line docstring summary should start at the second line\n'}
[0.640757] (serverpublisher) StdoutLine: {'line': b"2: ./vendor/googletest/googletest/test/gtest_filter_unittest.py:329 in public method `RunAndVerifyAllowingDisabled`: D401: First line should be in imperative mood (perhaps 'Check', not 'Checks')\n"}
[0.643880] (serverpublisher) StdoutLine: {'line': b"2: ./vendor/googletest/googletest/test/gtest_filter_unittest.py:329 in public method `RunAndVerifyAllowingDisabled`: D413: Missing blank line after last section ('Args')\n"}
[0.644051] (serverpublisher) StdoutLine: {'line': b"2: ./vendor/googletest/googletest/test/gtest_filter_unittest.py:329 in public method `RunAndVerifyAllowingDisabled`: D407: Missing dashed underline after section ('Args')\n"}
[0.644181] (serverpublisher) StdoutLine: {'line': b'2: ./vendor/googletest/googletest/test/gtest_filter_unittest.py:350 in public method `setUp`: D202: No blank lines allowed after function docstring (found 1)\n'}
[0.644255] (serverpublisher) StdoutLine: {'line': b'2: ./vendor/googletest/googletest/test/gtest_filter_unittest.py:350 in public method `setUp`: D213: Multi-line docstring summary should start at the second line\n'}
[0.644309] (serverpublisher) StdoutLine: {'line': b"2: ./vendor/googletest/googletest/test/gtest_filter_unittest.py:350 in public method `setUp`: D401: First line should be in imperative mood (perhaps 'Set', not 'Sets')\n"}
[0.644364] (serverpublisher) StdoutLine: {'line': b'2: ./vendor/googletest/googletest/test/gtest_filter_unittest.py:362 in public method `testDefaultBehavior`: D202: No blank lines allowed after function docstring (found 1)\n'}
[0.644419] (serverpublisher) StdoutLine: {'line': b'2: ./vendor/googletest/googletest/test/gtest_filter_unittest.py:367 in public method `testDefaultBehaviorWithShards`: D202: No blank lines allowed after function docstring (found 1)\n'}
[0.644469] (serverpublisher) StdoutLine: {'line': b'2: ./vendor/googletest/googletest/test/gtest_filter_unittest.py:376 in public method `testEmptyFilter`: D202: No blank lines allowed after function docstring (found 1)\n'}
[0.644518] (serverpublisher) StdoutLine: {'line': b'2: ./vendor/googletest/googletest/test/gtest_filter_unittest.py:383 in public method `testBadFilter`: D202: No blank lines allowed after function docstring (found 1)\n'}
[0.644568] (serverpublisher) StdoutLine: {'line': b'2: ./vendor/googletest/googletest/test/gtest_filter_unittest.py:389 in public method `testFullName`: D202: No blank lines allowed after function docstring (found 1)\n'}
[0.644617] (serverpublisher) StdoutLine: {'line': b'2: ./vendor/googletest/googletest/test/gtest_filter_unittest.py:396 in public method `testUniversalFilters`: D202: No blank lines allowed after function docstring (found 1)\n'}
[0.644667] (serverpublisher) StdoutLine: {'line': b'2: ./vendor/googletest/googletest/test/gtest_filter_unittest.py:405 in public method `testFilterByTestCase`: D202: No blank lines allowed after function docstring (found 1)\n'}
[0.644715] (serverpublisher) StdoutLine: {'line': b'2: ./vendor/googletest/googletest/test/gtest_filter_unittest.py:415 in public method `testFilterByTest`: D202: No blank lines allowed after function docstring (found 1)\n'}
[0.644763] (serverpublisher) StdoutLine: {'line': b'2: ./vendor/googletest/googletest/test/gtest_filter_unittest.py:420 in public method `testFilterDisabledTests`: D202: No blank lines allowed after function docstring (found 1)\n'}
[0.644818] (serverpublisher) StdoutLine: {'line': b'2: ./vendor/googletest/googletest/test/gtest_filter_unittest.py:445 in public method `testWildcardInTestCaseName`: D202: No blank lines allowed after function docstring (found 1)\n'}
[0.644892] (serverpublisher) StdoutLine: {'line': b'2: ./vendor/googletest/googletest/test/gtest_filter_unittest.py:457 in public method `testWildcardInTestName`: D202: No blank lines allowed after function docstring (found 1)\n'}
[0.644965] (serverpublisher) StdoutLine: {'line': b'2: ./vendor/googletest/googletest/test/gtest_filter_unittest.py:462 in public method `testFilterWithoutDot`: D202: No blank lines allowed after function docstring (found 1)\n'}
[0.645033] (serverpublisher) StdoutLine: {'line': b'2: ./vendor/googletest/googletest/test/gtest_filter_unittest.py:473 in public method `testTwoPatterns`: D202: No blank lines allowed after function docstring (found 1)\n'}
[0.645104] (serverpublisher) StdoutLine: {'line': b'2: ./vendor/googletest/googletest/test/gtest_filter_unittest.py:486 in public method `testThreePatterns`: D202: No blank lines allowed after function docstring (found 1)\n'}
[0.645172] (serverpublisher) StdoutLine: {'line': b'2: ./vendor/googletest/googletest/test/gtest_filter_unittest.py:567 in public method `testFlagOverridesEnvVar`: D202: No blank lines allowed after function docstring (found 1)\n'}
[0.645237] (serverpublisher) StdoutLine: {'line': b'2: ./vendor/googletest/googletest/test/gtest_filter_unittest.py:577 in public method `testShardStatusFileIsCreated`: D202: No blank lines allowed after function docstring (found 1)\n'}
[0.645301] (serverpublisher) StdoutLine: {'line': b'2: ./vendor/googletest/googletest/test/gtest_filter_unittest.py:591 in public method `testShardStatusFileIsCreatedWithListTests`: D202: No blank lines allowed after function docstring (found 1)\n'}
[0.645376] (serverpublisher) StdoutLine: {'line': b'2: ./vendor/googletest/googletest/test/gtest_filter_unittest.py:615 in public method `testShardingWorksWithDeathTests`: D202: No blank lines allowed after function docstring (found 1)\n'}
[0.645441] (serverpublisher) StdoutLine: {'line': b'2: checking ./vendor/googletest/googletest/test/gtest_help_test.py\n'}
[0.645505] (serverpublisher) StdoutLine: {'line': b'2: ./vendor/googletest/googletest/test/gtest_help_test.py:32 at module level: D213: Multi-line docstring summary should start at the second line\n'}
[0.645574] (serverpublisher) StdoutLine: {'line': b'2: ./vendor/googletest/googletest/test/gtest_help_test.py:82 in public function `RunWithFlag`: D202: No blank lines allowed after function docstring (found 1)\n'}
[0.645640] (serverpublisher) StdoutLine: {'line': b'2: ./vendor/googletest/googletest/test/gtest_help_test.py:82 in public function `RunWithFlag`: D213: Multi-line docstring summary should start at the second line\n'}
[0.645703] (serverpublisher) StdoutLine: {'line': b"2: ./vendor/googletest/googletest/test/gtest_help_test.py:82 in public function `RunWithFlag`: D401: First line should be in imperative mood (perhaps 'Run', not 'Runs')\n"}
[0.645766] (serverpublisher) StdoutLine: {'line': b"2: ./vendor/googletest/googletest/test/gtest_help_test.py:82 in public function `RunWithFlag`: D413: Missing blank line after last section ('Returns')\n"}
[0.645828] (serverpublisher) StdoutLine: {'line': b"2: ./vendor/googletest/googletest/test/gtest_help_test.py:82 in public function `RunWithFlag`: D407: Missing dashed underline after section ('Returns')\n"}
[0.645891] (serverpublisher) StdoutLine: {'line': b"2: ./vendor/googletest/googletest/test/gtest_help_test.py:82 in public function `RunWithFlag`: D406: Section name should end with a newline ('Returns', not 'Returns:')\n"}
[0.645953] (serverpublisher) StdoutLine: {'line': b'2: ./vendor/googletest/googletest/test/gtest_help_test.py:102 in public method `TestHelpFlag`: D202: No blank lines allowed after function docstring (found 1)\n'}
[0.646015] (serverpublisher) StdoutLine: {'line': b'2: ./vendor/googletest/googletest/test/gtest_help_test.py:102 in public method `TestHelpFlag`: D213: Multi-line docstring summary should start at the second line\n'}
[0.646074] (serverpublisher) StdoutLine: {'line': b"2: ./vendor/googletest/googletest/test/gtest_help_test.py:102 in public method `TestHelpFlag`: D401: First line should be in imperative mood (perhaps 'Verify', not 'Verifies')\n"}
[0.646129] (serverpublisher) StdoutLine: {'line': b"2: ./vendor/googletest/googletest/test/gtest_help_test.py:102 in public method `TestHelpFlag`: D413: Missing blank line after last section ('Args')\n"}
[0.646182] (serverpublisher) StdoutLine: {'line': b"2: ./vendor/googletest/googletest/test/gtest_help_test.py:102 in public method `TestHelpFlag`: D407: Missing dashed underline after section ('Args')\n"}
[0.646234] (serverpublisher) StdoutLine: {'line': b'2: ./vendor/googletest/googletest/test/gtest_help_test.py:126 in public method `TestNonHelpFlag`: D202: No blank lines allowed after function docstring (found 1)\n'}
[0.646285] (serverpublisher) StdoutLine: {'line': b'2: ./vendor/googletest/googletest/test/gtest_help_test.py:126 in public method `TestNonHelpFlag`: D213: Multi-line docstring summary should start at the second line\n'}
[0.646338] (serverpublisher) StdoutLine: {'line': b"2: ./vendor/googletest/googletest/test/gtest_help_test.py:126 in public method `TestNonHelpFlag`: D401: First line should be in imperative mood (perhaps 'Verify', not 'Verifies')\n"}
[0.646393] (serverpublisher) StdoutLine: {'line': b"2: ./vendor/googletest/googletest/test/gtest_help_test.py:126 in public method `TestNonHelpFlag`: D413: Missing blank line after last section ('Args')\n"}
[0.646446] (serverpublisher) StdoutLine: {'line': b"2: ./vendor/googletest/googletest/test/gtest_help_test.py:126 in public method `TestNonHelpFlag`: D407: Missing dashed underline after section ('Args')\n"}
[0.646501] (serverpublisher) StdoutLine: {'line': b'2: ./vendor/googletest/googletest/test/gtest_help_test.py:159 in public method `testRunsTestsWithoutHelpFlag`: D202: No blank lines allowed after function docstring (found 1)\n'}
[0.646555] (serverpublisher) StdoutLine: {'line': b'2: ./vendor/googletest/googletest/test/gtest_help_test.py:159 in public method `testRunsTestsWithoutHelpFlag`: D205: 1 blank line required between summary line and description (found 0)\n'}
[0.646609] (serverpublisher) StdoutLine: {'line': b'2: ./vendor/googletest/googletest/test/gtest_help_test.py:159 in public method `testRunsTestsWithoutHelpFlag`: D209: Multi-line docstring closing quotes should be on a separate line\n'}
[0.646663] (serverpublisher) StdoutLine: {'line': b'2: ./vendor/googletest/googletest/test/gtest_help_test.py:159 in public method `testRunsTestsWithoutHelpFlag`: D213: Multi-line docstring summary should start at the second line\n'}
[0.646716] (serverpublisher) StdoutLine: {'line': b"2: ./vendor/googletest/googletest/test/gtest_help_test.py:159 in public method `testRunsTestsWithoutHelpFlag`: D400: First line should end with a period (not 'n')\n"}
[0.646770] (serverpublisher) StdoutLine: {'line': b"2: ./vendor/googletest/googletest/test/gtest_help_test.py:159 in public method `testRunsTestsWithoutHelpFlag`: D415: First line should end with a period, question mark, or exclamation point (not 'n')\n"}
[0.646822] (serverpublisher) StdoutLine: {'line': b'2: ./vendor/googletest/googletest/test/gtest_help_test.py:165 in public method `testRunsTestsWithGtestInternalFlag`: D202: No blank lines allowed after function docstring (found 1)\n'}
[0.646882] (serverpublisher) StdoutLine: {'line': b'2: ./vendor/googletest/googletest/test/gtest_help_test.py:165 in public method `testRunsTestsWithGtestInternalFlag`: D205: 1 blank line required between summary line and description (found 0)\n'}
[0.656869] (serverpublisher) StdoutLine: {'line': b'2: ./vendor/googletest/googletest/test/gtest_help_test.py:165 in public method `testRunsTestsWithGtestInternalFlag`: D209: Multi-line docstring closing quotes should be on a separate line\n'}
[0.657138] (serverpublisher) StdoutLine: {'line': b'2: ./vendor/googletest/googletest/test/gtest_help_test.py:165 in public method `testRunsTestsWithGtestInternalFlag`: D213: Multi-line docstring summary should start at the second line\n'}
[0.657208] (serverpublisher) StdoutLine: {'line': b"2: ./vendor/googletest/googletest/test/gtest_help_test.py:165 in public method `testRunsTestsWithGtestInternalFlag`: D400: First line should end with a period (not 'n')\n"}
[0.657264] (serverpublisher) StdoutLine: {'line': b"2: ./vendor/googletest/googletest/test/gtest_help_test.py:165 in public method `testRunsTestsWithGtestInternalFlag`: D415: First line should end with a period, question mark, or exclamation point (not 'n')\n"}
[0.657318] (serverpublisher) StdoutLine: {'line': b'2: checking ./vendor/googletest/googletest/test/gtest_list_tests_unittest.py\n'}
[0.657368] (serverpublisher) StdoutLine: {'line': b'2: ./vendor/googletest/googletest/test/gtest_list_tests_unittest.py:32 at module level: D213: Multi-line docstring summary should start at the second line\n'}
[0.657419] (serverpublisher) StdoutLine: {'line': b'2: ./vendor/googletest/googletest/test/gtest_list_tests_unittest.py:118 in public function `Run`: D202: No blank lines allowed after function docstring (found 1)\n'}
[0.657471] (serverpublisher) StdoutLine: {'line': b"2: ./vendor/googletest/googletest/test/gtest_list_tests_unittest.py:118 in public function `Run`: D401: First line should be in imperative mood (perhaps 'Run', not 'Runs')\n"}
[0.657521] (serverpublisher) StdoutLine: {'line': b'2: ./vendor/googletest/googletest/test/gtest_list_tests_unittest.py:130 in public method `RunAndVerify`: D202: No blank lines allowed after function docstring (found 1)\n'}
[0.657572] (serverpublisher) StdoutLine: {'line': b'2: ./vendor/googletest/googletest/test/gtest_list_tests_unittest.py:130 in public method `RunAndVerify`: D205: 1 blank line required between summary line and description (found 0)\n'}
[0.657621] (serverpublisher) StdoutLine: {'line': b'2: ./vendor/googletest/googletest/test/gtest_list_tests_unittest.py:130 in public method `RunAndVerify`: D213: Multi-line docstring summary should start at the second line\n'}
[0.657671] (serverpublisher) StdoutLine: {'line': b"2: ./vendor/googletest/googletest/test/gtest_list_tests_unittest.py:130 in public method `RunAndVerify`: D400: First line should end with a period (not 's')\n"}
[0.657720] (serverpublisher) StdoutLine: {'line': b"2: ./vendor/googletest/googletest/test/gtest_list_tests_unittest.py:130 in public method `RunAndVerify`: D415: First line should end with a period, question mark, or exclamation point (not 's')\n"}
[0.657771] (serverpublisher) StdoutLine: {'line': b"2: ./vendor/googletest/googletest/test/gtest_list_tests_unittest.py:130 in public method `RunAndVerify`: D401: First line should be in imperative mood (perhaps 'Run', not 'Runs')\n"}
[0.657824] (serverpublisher) StdoutLine: {'line': b"2: ./vendor/googletest/googletest/test/gtest_list_tests_unittest.py:130 in public method `RunAndVerify`: D413: Missing blank line after last section ('Args')\n"}
[0.657875] (serverpublisher) StdoutLine: {'line': b"2: ./vendor/googletest/googletest/test/gtest_list_tests_unittest.py:130 in public method `RunAndVerify`: D407: Missing dashed underline after section ('Args')\n"}
[0.657927] (serverpublisher) StdoutLine: {'line': b'2: ./vendor/googletest/googletest/test/gtest_list_tests_unittest.py:174 in public method `testDefaultBehavior`: D202: No blank lines allowed after function docstring (found 1)\n'}
[0.657979] (serverpublisher) StdoutLine: {'line': b'2: ./vendor/googletest/googletest/test/gtest_list_tests_unittest.py:181 in public method `testFlag`: D202: No blank lines allowed after function docstring (found 1)\n'}
[0.658033] (serverpublisher) StdoutLine: {'line': b'2: ./vendor/googletest/googletest/test/gtest_list_tests_unittest.py:191 in public method `testOverrideNonFilterFlags`: D202: No blank lines allowed after function docstring (found 1)\n'}
[0.658086] (serverpublisher) StdoutLine: {'line': b'2: ./vendor/googletest/googletest/test/gtest_list_tests_unittest.py:198 in public method `testWithFilterFlags`: D202: No blank lines allowed after function docstring (found 1)\n'}
[0.658145] (serverpublisher) StdoutLine: {'line': b'2: ./vendor/googletest/googletest/test/gtest_list_tests_unittest.py:198 in public method `testWithFilterFlags`: D205: 1 blank line required between summary line and description (found 0)\n'}
[0.658198] (serverpublisher) StdoutLine: {'line': b'2: ./vendor/googletest/googletest/test/gtest_list_tests_unittest.py:198 in public method `testWithFilterFlags`: D209: Multi-line docstring closing quotes should be on a separate line\n'}
[0.658254] (serverpublisher) StdoutLine: {'line': b'2: ./vendor/googletest/googletest/test/gtest_list_tests_unittest.py:198 in public method `testWithFilterFlags`: D213: Multi-line docstring summary should start at the second line\n'}
[0.658312] (serverpublisher) StdoutLine: {'line': b"2: ./vendor/googletest/googletest/test/gtest_list_tests_unittest.py:198 in public method `testWithFilterFlags`: D400: First line should end with a period (not 'e')\n"}
[0.658363] (serverpublisher) StdoutLine: {'line': b"2: ./vendor/googletest/googletest/test/gtest_list_tests_unittest.py:198 in public method `testWithFilterFlags`: D415: First line should end with a period, question mark, or exclamation point (not 'e')\n"}
[0.658413] (serverpublisher) StdoutLine: {'line': b'2: checking ./vendor/googletest/googletest/test/gtest_output_test.py\n'}
[0.658460] (serverpublisher) StdoutLine: {'line': b'2: ./vendor/googletest/googletest/test/gtest_output_test.py:32 at module level: D213: Multi-line docstring summary should start at the second line\n'}
[0.658509] (serverpublisher) StdoutLine: {'line': b'2: ./vendor/googletest/googletest/test/gtest_output_test.py:84 in public function `ToUnixLineEnding`: D202: No blank lines allowed after function docstring (found 1)\n'}
[0.658556] (serverpublisher) StdoutLine: {'line': b"2: ./vendor/googletest/googletest/test/gtest_output_test.py:84 in public function `ToUnixLineEnding`: D401: First line should be in imperative mood (perhaps 'Change', not 'Changes')\n"}
[0.658605] (serverpublisher) StdoutLine: {'line': b'2: ./vendor/googletest/googletest/test/gtest_output_test.py:90 in public function `RemoveLocations`: D202: No blank lines allowed after function docstring (found 1)\n'}
[0.658652] (serverpublisher) StdoutLine: {'line': b'2: ./vendor/googletest/googletest/test/gtest_output_test.py:90 in public function `RemoveLocations`: D213: Multi-line docstring summary should start at the second line\n'}
[0.658700] (serverpublisher) StdoutLine: {'line': b'2: ./vendor/googletest/googletest/test/gtest_output_test.py:90 in public function `RemoveLocations`: D301: Use r""" if any backslashes in a docstring\n'}
[0.658747] (serverpublisher) StdoutLine: {'line': b"2: ./vendor/googletest/googletest/test/gtest_output_test.py:90 in public function `RemoveLocations`: D401: First line should be in imperative mood (perhaps 'Remove', not 'Removes')\n"}
[0.658796] (serverpublisher) StdoutLine: {'line': b"2: ./vendor/googletest/googletest/test/gtest_output_test.py:90 in public function `RemoveLocations`: D413: Missing blank line after last section ('Returns')\n"}
[0.658843] (serverpublisher) StdoutLine: {'line': b"2: ./vendor/googletest/googletest/test/gtest_output_test.py:90 in public function `RemoveLocations`: D407: Missing dashed underline after section ('Returns')\n"}
[0.658890] (serverpublisher) StdoutLine: {'line': b"2: ./vendor/googletest/googletest/test/gtest_output_test.py:90 in public function `RemoveLocations`: D406: Section name should end with a newline ('Returns', not 'Returns:')\n"}
[0.658938] (serverpublisher) StdoutLine: {'line': b'2: ./vendor/googletest/googletest/test/gtest_output_test.py:106 in public function `RemoveStackTraceDetails`: D202: No blank lines allowed after function docstring (found 1)\n'}
[0.658992] (serverpublisher) StdoutLine: {'line': b"2: ./vendor/googletest/googletest/test/gtest_output_test.py:106 in public function `RemoveStackTraceDetails`: D401: First line should be in imperative mood (perhaps 'Remove', not 'Removes')\n"}
[0.659051] (serverpublisher) StdoutLine: {'line': b'2: ./vendor/googletest/googletest/test/gtest_output_test.py:114 in public function `RemoveStackTraces`: D202: No blank lines allowed after function docstring (found 1)\n'}
[0.659100] (serverpublisher) StdoutLine: {'line': b"2: ./vendor/googletest/googletest/test/gtest_output_test.py:114 in public function `RemoveStackTraces`: D401: First line should be in imperative mood (perhaps 'Remove', not 'Removes')\n"}
[0.659149] (serverpublisher) StdoutLine: {'line': b'2: ./vendor/googletest/googletest/test/gtest_output_test.py:121 in public function `RemoveTime`: D202: No blank lines allowed after function docstring (found 1)\n'}
[0.659199] (serverpublisher) StdoutLine: {'line': b"2: ./vendor/googletest/googletest/test/gtest_output_test.py:121 in public function `RemoveTime`: D401: First line should be in imperative mood (perhaps 'Remove', not 'Removes')\n"}
[0.659247] (serverpublisher) StdoutLine: {'line': b'2: ./vendor/googletest/googletest/test/gtest_output_test.py:127 in public function `RemoveTypeInfoDetails`: D202: No blank lines allowed after function docstring (found 1)\n'}
[0.659297] (serverpublisher) StdoutLine: {'line': b'2: ./vendor/googletest/googletest/test/gtest_output_test.py:127 in public function `RemoveTypeInfoDetails`: D213: Multi-line docstring summary should start at the second line\n'}
[0.659348] (serverpublisher) StdoutLine: {'line': b"2: ./vendor/googletest/googletest/test/gtest_output_test.py:127 in public function `RemoveTypeInfoDetails`: D401: First line should be in imperative mood (perhaps 'Remove', not 'Removes')\n"}
[0.659399] (serverpublisher) StdoutLine: {'line': b"2: ./vendor/googletest/googletest/test/gtest_output_test.py:127 in public function `RemoveTypeInfoDetails`: D413: Missing blank line after last section ('Returns')\n"}
[0.659471] (serverpublisher) StdoutLine: {'line': b"2: ./vendor/googletest/googletest/test/gtest_output_test.py:127 in public function `RemoveTypeInfoDetails`: D407: Missing dashed underline after section ('Returns')\n"}
[0.659532] (serverpublisher) StdoutLine: {'line': b"2: ./vendor/googletest/googletest/test/gtest_output_test.py:127 in public function `RemoveTypeInfoDetails`: D406: Section name should end with a newline ('Returns', not 'Returns:')\n"}
[0.659583] (serverpublisher) StdoutLine: {'line': b'2: ./vendor/googletest/googletest/test/gtest_output_test.py:141 in public function `NormalizeToCurrentPlatform`: D202: No blank lines allowed after function docstring (found 1)\n'}
[0.675575] (serverpublisher) StdoutLine: {'line': b"2: ./vendor/googletest/googletest/test/gtest_output_test.py:141 in public function `NormalizeToCurrentPlatform`: D401: First line should be in imperative mood (perhaps 'Normalize', not 'Normalizes')\n"}
[0.675778] (serverpublisher) StdoutLine: {'line': b'2: ./vendor/googletest/googletest/test/gtest_output_test.py:155 in public function `RemoveTestCounts`: D202: No blank lines allowed after function docstring (found 1)\n'}
[0.675916] (serverpublisher) StdoutLine: {'line': b"2: ./vendor/googletest/googletest/test/gtest_output_test.py:155 in public function `RemoveTestCounts`: D401: First line should be in imperative mood (perhaps 'Remove', not 'Removes')\n"}
[0.675981] (serverpublisher) StdoutLine: {'line': b'2: ./vendor/googletest/googletest/test/gtest_output_test.py:169 in public function `RemoveMatchingTests`: D202: No blank lines allowed after function docstring (found 1)\n'}
[0.676042] (serverpublisher) StdoutLine: {'line': b'2: ./vendor/googletest/googletest/test/gtest_output_test.py:169 in public function `RemoveMatchingTests`: D213: Multi-line docstring summary should start at the second line\n'}
[0.676110] (serverpublisher) StdoutLine: {'line': b"2: ./vendor/googletest/googletest/test/gtest_output_test.py:169 in public function `RemoveMatchingTests`: D401: First line should be in imperative mood (perhaps 'Remove', not 'Removes')\n"}
[0.676169] (serverpublisher) StdoutLine: {'line': b"2: ./vendor/googletest/googletest/test/gtest_output_test.py:169 in public function `RemoveMatchingTests`: D413: Missing blank line after last section ('Returns')\n"}
[0.676233] (serverpublisher) StdoutLine: {'line': b"2: ./vendor/googletest/googletest/test/gtest_output_test.py:169 in public function `RemoveMatchingTests`: D407: Missing dashed underline after section ('Returns')\n"}
[0.676288] (serverpublisher) StdoutLine: {'line': b"2: ./vendor/googletest/googletest/test/gtest_output_test.py:169 in public function `RemoveMatchingTests`: D406: Section name should end with a newline ('Returns', not 'Returns:')\n"}
[0.676342] (serverpublisher) StdoutLine: {'line': b'2: ./vendor/googletest/googletest/test/gtest_output_test.py:192 in public function `NormalizeOutput`: D202: No blank lines allowed after function docstring (found 1)\n'}
[0.676396] (serverpublisher) StdoutLine: {'line': b"2: ./vendor/googletest/googletest/test/gtest_output_test.py:192 in public function `NormalizeOutput`: D401: First line should be in imperative mood (perhaps 'Normalize', not 'Normalizes')\n"}
[0.676452] (serverpublisher) StdoutLine: {'line': b'2: ./vendor/googletest/googletest/test/gtest_output_test.py:202 in public function `GetShellCommandOutput`: D202: No blank lines allowed after function docstring (found 1)\n'}
[0.676507] (serverpublisher) StdoutLine: {'line': b'2: ./vendor/googletest/googletest/test/gtest_output_test.py:202 in public function `GetShellCommandOutput`: D213: Multi-line docstring summary should start at the second line\n'}
[0.676560] (serverpublisher) StdoutLine: {'line': b"2: ./vendor/googletest/googletest/test/gtest_output_test.py:202 in public function `GetShellCommandOutput`: D401: First line should be in imperative mood (perhaps 'Run', not 'Runs')\n"}
[0.676616] (serverpublisher) StdoutLine: {'line': b"2: ./vendor/googletest/googletest/test/gtest_output_test.py:202 in public function `GetShellCommandOutput`: D413: Missing blank line after last section ('Returns')\n"}
[0.676673] (serverpublisher) StdoutLine: {'line': b"2: ./vendor/googletest/googletest/test/gtest_output_test.py:202 in public function `GetShellCommandOutput`: D407: Missing dashed underline after section ('Returns')\n"}
[0.676747] (serverpublisher) StdoutLine: {'line': b"2: ./vendor/googletest/googletest/test/gtest_output_test.py:202 in public function `GetShellCommandOutput`: D406: Section name should end with a newline ('Returns', not 'Returns:')\n"}
[0.676854] (serverpublisher) StdoutLine: {'line': b'2: ./vendor/googletest/googletest/test/gtest_output_test.py:223 in public function `GetCommandOutput`: D202: No blank lines allowed after function docstring (found 1)\n'}
[0.676928] (serverpublisher) StdoutLine: {'line': b'2: ./vendor/googletest/googletest/test/gtest_output_test.py:223 in public function `GetCommandOutput`: D205: 1 blank line required between summary line and description (found 0)\n'}
[0.676989] (serverpublisher) StdoutLine: {'line': b'2: ./vendor/googletest/googletest/test/gtest_output_test.py:223 in public function `GetCommandOutput`: D213: Multi-line docstring summary should start at the second line\n'}
[0.677044] (serverpublisher) StdoutLine: {'line': b"2: ./vendor/googletest/googletest/test/gtest_output_test.py:223 in public function `GetCommandOutput`: D400: First line should end with a period (not 'n')\n"}
[0.677098] (serverpublisher) StdoutLine: {'line': b"2: ./vendor/googletest/googletest/test/gtest_output_test.py:223 in public function `GetCommandOutput`: D415: First line should end with a period, question mark, or exclamation point (not 'n')\n"}
[0.677161] (serverpublisher) StdoutLine: {'line': b"2: ./vendor/googletest/googletest/test/gtest_output_test.py:223 in public function `GetCommandOutput`: D401: First line should be in imperative mood (perhaps 'Run', not 'Runs')\n"}
[0.677215] (serverpublisher) StdoutLine: {'line': b"2: ./vendor/googletest/googletest/test/gtest_output_test.py:223 in public function `GetCommandOutput`: D413: Missing blank line after last section ('Args')\n"}
[0.677269] (serverpublisher) StdoutLine: {'line': b"2: ./vendor/googletest/googletest/test/gtest_output_test.py:223 in public function `GetCommandOutput`: D407: Missing dashed underline after section ('Args')\n"}
[0.677326] (serverpublisher) StdoutLine: {'line': b'2: ./vendor/googletest/googletest/test/gtest_output_test.py:240 in public function `GetOutputOfAllCommands`: D202: No blank lines allowed after function docstring (found 1)\n'}
[0.677379] (serverpublisher) StdoutLine: {'line': b"2: ./vendor/googletest/googletest/test/gtest_output_test.py:240 in public function `GetOutputOfAllCommands`: D401: First line should be in imperative mood (perhaps 'Return', not 'Returns')\n"}
[0.677432] (serverpublisher) StdoutLine: {'line': b'2: checking ./vendor/googletest/googletest/test/gtest_shuffle_test.py\n'}
[0.677485] (serverpublisher) StdoutLine: {'line': b'2: ./vendor/googletest/googletest/test/gtest_shuffle_test.py:79 in public function `RunAndReturnOutput`: D202: No blank lines allowed after function docstring (found 1)\n'}
[0.677538] (serverpublisher) StdoutLine: {'line': b"2: ./vendor/googletest/googletest/test/gtest_shuffle_test.py:79 in public function `RunAndReturnOutput`: D401: First line should be in imperative mood (perhaps 'Run', not 'Runs')\n"}
[0.677591] (serverpublisher) StdoutLine: {'line': b'2: ./vendor/googletest/googletest/test/gtest_shuffle_test.py:88 in public function `GetTestsForAllIterations`: D202: No blank lines allowed after function docstring (found 1)\n'}
[0.677645] (serverpublisher) StdoutLine: {'line': b'2: ./vendor/googletest/googletest/test/gtest_shuffle_test.py:88 in public function `GetTestsForAllIterations`: D213: Multi-line docstring summary should start at the second line\n'}
[0.677699] (serverpublisher) StdoutLine: {'line': b"2: ./vendor/googletest/googletest/test/gtest_shuffle_test.py:88 in public function `GetTestsForAllIterations`: D401: First line should be in imperative mood (perhaps 'Run', not 'Runs')\n"}
[0.677752] (serverpublisher) StdoutLine: {'line': b"2: ./vendor/googletest/googletest/test/gtest_shuffle_test.py:88 in public function `GetTestsForAllIterations`: D413: Missing blank line after last section ('Returns')\n"}
[0.677806] (serverpublisher) StdoutLine: {'line': b"2: ./vendor/googletest/googletest/test/gtest_shuffle_test.py:88 in public function `GetTestsForAllIterations`: D407: Missing dashed underline after section ('Returns')\n"}
[0.677860] (serverpublisher) StdoutLine: {'line': b"2: ./vendor/googletest/googletest/test/gtest_shuffle_test.py:88 in public function `GetTestsForAllIterations`: D406: Section name should end with a newline ('Returns', not 'Returns:')\n"}
[0.677913] (serverpublisher) StdoutLine: {'line': b'2: ./vendor/googletest/googletest/test/gtest_shuffle_test.py:111 in public function `GetTestCases`: D202: No blank lines allowed after function docstring (found 1)\n'}
[0.677965] (serverpublisher) StdoutLine: {'line': b'2: ./vendor/googletest/googletest/test/gtest_shuffle_test.py:111 in public function `GetTestCases`: D213: Multi-line docstring summary should start at the second line\n'}
[0.678019] (serverpublisher) StdoutLine: {'line': b"2: ./vendor/googletest/googletest/test/gtest_shuffle_test.py:111 in public function `GetTestCases`: D401: First line should be in imperative mood (perhaps 'Return', not 'Returns')\n"}
[0.678072] (serverpublisher) StdoutLine: {'line': b"2: ./vendor/googletest/googletest/test/gtest_shuffle_test.py:111 in public function `GetTestCases`: D413: Missing blank line after last section ('Returns')\n"}
[0.678124] (serverpublisher) StdoutLine: {'line': b"2: ./vendor/googletest/googletest/test/gtest_shuffle_test.py:111 in public function `GetTestCases`: D407: Missing dashed underline after section ('Returns')\n"}
[0.678176] (serverpublisher) StdoutLine: {'line': b"2: ./vendor/googletest/googletest/test/gtest_shuffle_test.py:111 in public function `GetTestCases`: D406: Section name should end with a newline ('Returns', not 'Returns:')\n"}
[0.678234] (serverpublisher) StdoutLine: {'line': b'2: ./vendor/googletest/googletest/test/gtest_shuffle_test.py:131 in public function `CalculateTestLists`: D202: No blank lines allowed after function docstring (found 1)\n'}
[0.678291] (serverpublisher) StdoutLine: {'line': b"2: ./vendor/googletest/googletest/test/gtest_shuffle_test.py:131 in public function `CalculateTestLists`: D401: First line should be in imperative mood (perhaps 'Calculate', not 'Calculates')\n"}
[0.678344] (serverpublisher) StdoutLine: {'line': b'2: checking ./vendor/googletest/googletest/test/gtest_test_utils.py\n'}
[0.678397] (serverpublisher) StdoutLine: {'line': b'2: ./vendor/googletest/googletest/test/gtest_test_utils.py:66 in public function `SetEnvVar`: D202: No blank lines allowed after function docstring (found 1)\n'}
[0.678450] (serverpublisher) StdoutLine: {'line': b'2: ./vendor/googletest/googletest/test/gtest_test_utils.py:87 in private function `_ParseAndStripGTestFlags`: D202: No blank lines allowed after function docstring (found 1)\n'}
[0.678513] (serverpublisher) StdoutLine: {'line': b"2: ./vendor/googletest/googletest/test/gtest_test_utils.py:87 in private function `_ParseAndStripGTestFlags`: D401: First line should be in imperative mood (perhaps 'Parse', not 'Parses')\n"}
[0.678567] (serverpublisher) StdoutLine: {'line': b'2: ./vendor/googletest/googletest/test/gtest_test_utils.py:116 in public function `GetFlag`: D202: No blank lines allowed after function docstring (found 1)\n'}
[0.683822] (serverpublisher) StdoutLine: {'line': b"2: ./vendor/googletest/googletest/test/gtest_test_utils.py:116 in public function `GetFlag`: D401: First line should be in imperative mood (perhaps 'Return', not 'Returns')\n"}
[0.683925] (serverpublisher) StdoutLine: {'line': b'2: ./vendor/googletest/googletest/test/gtest_test_utils.py:127 in public function `GetSourceDir`: D202: No blank lines allowed after function docstring (found 1)\n'}
[0.684018] (serverpublisher) StdoutLine: {'line': b"2: ./vendor/googletest/googletest/test/gtest_test_utils.py:127 in public function `GetSourceDir`: D401: First line should be in imperative mood (perhaps 'Return', not 'Returns')\n"}
[0.684135] (serverpublisher) StdoutLine: {'line': b'2: ./vendor/googletest/googletest/test/gtest_test_utils.py:133 in public function `GetBuildDir`: D202: No blank lines allowed after function docstring (found 1)\n'}
[0.684199] (serverpublisher) StdoutLine: {'line': b"2: ./vendor/googletest/googletest/test/gtest_test_utils.py:133 in public function `GetBuildDir`: D401: First line should be in imperative mood (perhaps 'Return', not 'Returns')\n"}
[0.684254] (serverpublisher) StdoutLine: {'line': b'2: ./vendor/googletest/googletest/test/gtest_test_utils.py:148 in public function `GetTempDir`: D202: No blank lines allowed after function docstring (found 1)\n'}
[0.684309] (serverpublisher) StdoutLine: {'line': b"2: ./vendor/googletest/googletest/test/gtest_test_utils.py:148 in public function `GetTempDir`: D401: First line should be in imperative mood (perhaps 'Return', not 'Returns')\n"}
[0.684363] (serverpublisher) StdoutLine: {'line': b'2: ./vendor/googletest/googletest/test/gtest_test_utils.py:157 in public function `GetTestExecutablePath`: D202: No blank lines allowed after function docstring (found 1)\n'}
[0.684418] (serverpublisher) StdoutLine: {'line': b'2: ./vendor/googletest/googletest/test/gtest_test_utils.py:157 in public function `GetTestExecutablePath`: D213: Multi-line docstring summary should start at the second line\n'}
[0.684472] (serverpublisher) StdoutLine: {'line': b"2: ./vendor/googletest/googletest/test/gtest_test_utils.py:157 in public function `GetTestExecutablePath`: D401: First line should be in imperative mood (perhaps 'Return', not 'Returns')\n"}
[0.684527] (serverpublisher) StdoutLine: {'line': b"2: ./vendor/googletest/googletest/test/gtest_test_utils.py:157 in public function `GetTestExecutablePath`: D413: Missing blank line after last section ('Returns')\n"}
[0.684581] (serverpublisher) StdoutLine: {'line': b"2: ./vendor/googletest/googletest/test/gtest_test_utils.py:157 in public function `GetTestExecutablePath`: D407: Missing dashed underline after section ('Returns')\n"}
[0.684633] (serverpublisher) StdoutLine: {'line': b"2: ./vendor/googletest/googletest/test/gtest_test_utils.py:157 in public function `GetTestExecutablePath`: D406: Section name should end with a newline ('Returns', not 'Returns:')\n"}
[0.684693] (serverpublisher) StdoutLine: {'line': b'2: ./vendor/googletest/googletest/test/gtest_test_utils.py:188 in public function `GetExitStatus`: D202: No blank lines allowed after function docstring (found 1)\n'}
[0.684746] (serverpublisher) StdoutLine: {'line': b'2: ./vendor/googletest/googletest/test/gtest_test_utils.py:188 in public function `GetExitStatus`: D213: Multi-line docstring summary should start at the second line\n'}
[0.684799] (serverpublisher) StdoutLine: {'line': b"2: ./vendor/googletest/googletest/test/gtest_test_utils.py:188 in public function `GetExitStatus`: D401: First line should be in imperative mood (perhaps 'Return', not 'Returns')\n"}
[0.684852] (serverpublisher) StdoutLine: {'line': b"2: ./vendor/googletest/googletest/test/gtest_test_utils.py:188 in public function `GetExitStatus`: D413: Missing blank line after last section ('Args')\n"}
[0.684911] (serverpublisher) StdoutLine: {'line': b"2: ./vendor/googletest/googletest/test/gtest_test_utils.py:188 in public function `GetExitStatus`: D407: Missing dashed underline after section ('Args')\n"}
[0.684967] (serverpublisher) StdoutLine: {'line': b'2: ./vendor/googletest/googletest/test/gtest_test_utils.py:209 in public method `__init__`: D202: No blank lines allowed after function docstring (found 1)\n'}
[0.685020] (serverpublisher) StdoutLine: {'line': b'2: ./vendor/googletest/googletest/test/gtest_test_utils.py:209 in public method `__init__`: D213: Multi-line docstring summary should start at the second line\n'}
[0.685072] (serverpublisher) StdoutLine: {'line': b"2: ./vendor/googletest/googletest/test/gtest_test_utils.py:209 in public method `__init__`: D401: First line should be in imperative mood (perhaps 'Change', not 'Changes')\n"}
[0.685124] (serverpublisher) StdoutLine: {'line': b"2: ./vendor/googletest/googletest/test/gtest_test_utils.py:209 in public method `__init__`: D413: Missing blank line after last section ('Returns')\n"}
[0.685184] (serverpublisher) StdoutLine: {'line': b"2: ./vendor/googletest/googletest/test/gtest_test_utils.py:209 in public method `__init__`: D407: Missing dashed underline after section ('Returns')\n"}
[0.685238] (serverpublisher) StdoutLine: {'line': b"2: ./vendor/googletest/googletest/test/gtest_test_utils.py:209 in public method `__init__`: D406: Section name should end with a newline ('Returns', not 'Returns:')\n"}
[0.685291] (serverpublisher) StdoutLine: {'line': b'2: ./vendor/googletest/googletest/test/gtest_test_utils.py:307 in public function `Main`: D202: No blank lines allowed after function docstring (found 1)\n'}
[0.685345] (serverpublisher) StdoutLine: {'line': b"2: ./vendor/googletest/googletest/test/gtest_test_utils.py:307 in public function `Main`: D401: First line should be in imperative mood (perhaps 'Run', not 'Runs')\n"}
[0.685400] (serverpublisher) StdoutLine: {'line': b'2: checking ./vendor/googletest/googletest/test/gtest_throw_on_failure_test.py\n'}
[0.685454] (serverpublisher) StdoutLine: {'line': b'2: ./vendor/googletest/googletest/test/gtest_throw_on_failure_test.py:32 at module level: D213: Multi-line docstring summary should start at the second line\n'}
[0.685507] (serverpublisher) StdoutLine: {'line': b'2: ./vendor/googletest/googletest/test/gtest_throw_on_failure_test.py:59 in public function `SetEnvVar`: D202: No blank lines allowed after function docstring (found 1)\n'}
[0.685560] (serverpublisher) StdoutLine: {'line': b'2: ./vendor/googletest/googletest/test/gtest_throw_on_failure_test.py:59 in public function `SetEnvVar`: D205: 1 blank line required between summary line and description (found 0)\n'}
[0.685613] (serverpublisher) StdoutLine: {'line': b'2: ./vendor/googletest/googletest/test/gtest_throw_on_failure_test.py:59 in public function `SetEnvVar`: D213: Multi-line docstring summary should start at the second line\n'}
[0.685666] (serverpublisher) StdoutLine: {'line': b"2: ./vendor/googletest/googletest/test/gtest_throw_on_failure_test.py:59 in public function `SetEnvVar`: D400: First line should end with a period (not 'e')\n"}
[0.685726] (serverpublisher) StdoutLine: {'line': b"2: ./vendor/googletest/googletest/test/gtest_throw_on_failure_test.py:59 in public function `SetEnvVar`: D415: First line should end with a period, question mark, or exclamation point (not 'e')\n"}
[0.685780] (serverpublisher) StdoutLine: {'line': b"2: ./vendor/googletest/googletest/test/gtest_throw_on_failure_test.py:59 in public function `SetEnvVar`: D401: First line should be in imperative mood (perhaps 'Set', not 'Sets')\n"}
[0.685833] (serverpublisher) StdoutLine: {'line': b'2: ./vendor/googletest/googletest/test/gtest_throw_on_failure_test.py:71 in public function `Run`: D202: No blank lines allowed after function docstring (found 1)\n'}
[0.685886] (serverpublisher) StdoutLine: {'line': b"2: ./vendor/googletest/googletest/test/gtest_throw_on_failure_test.py:71 in public function `Run`: D401: First line should be in imperative mood (perhaps 'Run', not 'Runs')\n"}
[0.685939] (serverpublisher) StdoutLine: {'line': b'2: ./vendor/googletest/googletest/test/gtest_throw_on_failure_test.py:84 in public method `RunAndVerify`: D202: No blank lines allowed after function docstring (found 1)\n'}
[0.685993] (serverpublisher) StdoutLine: {'line': b'2: ./vendor/googletest/googletest/test/gtest_throw_on_failure_test.py:84 in public method `RunAndVerify`: D205: 1 blank line required between summary line and description (found 0)\n'}
[0.686046] (serverpublisher) StdoutLine: {'line': b'2: ./vendor/googletest/googletest/test/gtest_throw_on_failure_test.py:84 in public method `RunAndVerify`: D213: Multi-line docstring summary should start at the second line\n'}
[0.686100] (serverpublisher) StdoutLine: {'line': b"2: ./vendor/googletest/googletest/test/gtest_throw_on_failure_test.py:84 in public method `RunAndVerify`: D400: First line should end with a period (not 's')\n"}
[0.686154] (serverpublisher) StdoutLine: {'line': b"2: ./vendor/googletest/googletest/test/gtest_throw_on_failure_test.py:84 in public method `RunAndVerify`: D415: First line should end with a period, question mark, or exclamation point (not 's')\n"}
[0.686212] (serverpublisher) StdoutLine: {'line': b"2: ./vendor/googletest/googletest/test/gtest_throw_on_failure_test.py:84 in public method `RunAndVerify`: D401: First line should be in imperative mood (perhaps 'Run', not 'Runs')\n"}
[0.686267] (serverpublisher) StdoutLine: {'line': b"2: ./vendor/googletest/googletest/test/gtest_throw_on_failure_test.py:84 in public method `RunAndVerify`: D413: Missing blank line after last section ('Args')\n"}
[0.686320] (serverpublisher) StdoutLine: {'line': b"2: ./vendor/googletest/googletest/test/gtest_throw_on_failure_test.py:84 in public method `RunAndVerify`: D407: Missing dashed underline after section ('Args')\n"}
[0.686374] (serverpublisher) StdoutLine: {'line': b'2: ./vendor/googletest/googletest/test/gtest_throw_on_failure_test.py:129 in public method `testDefaultBehavior`: D202: No blank lines allowed after function docstring (found 1)\n'}
[0.686428] (serverpublisher) StdoutLine: {'line': b'2: ./vendor/googletest/googletest/test/gtest_throw_on_failure_test.py:134 in public method `testThrowOnFailureEnvVar`: D202: No blank lines allowed after function docstring (found 1)\n'}
[0.686481] (serverpublisher) StdoutLine: {'line': b'2: ./vendor/googletest/googletest/test/gtest_throw_on_failure_test.py:144 in public method `testThrowOnFailureFlag`: D202: No blank lines allowed after function docstring (found 1)\n'}
[0.686542] (serverpublisher) StdoutLine: {'line': b'2: ./vendor/googletest/googletest/test/gtest_throw_on_failure_test.py:154 in public method `testThrowOnFailureFlagOverridesEnvVar`: D202: No blank lines allowed after function docstring (found 1)\n'}
[0.686596] (serverpublisher) StdoutLine: {'line': b'2: checking ./vendor/googletest/googletest/test/gtest_uninitialized_test.py\n'}
[0.686648] (serverpublisher) StdoutLine: {'line': b'2: ./vendor/googletest/googletest/test/gtest_uninitialized_test.py:55 in public function `TestExitCodeAndOutput`: D202: No blank lines allowed after function docstring (found 1)\n'}
[0.700530] (-) TimerEvent: {}
[0.701149] (serverpublisher) StdoutLine: {'line': b'2: Error in file ./vendor/googletest/googletest/xcode/Scripts/versiongenerate.py: Cannot parse file.\n'}
[0.701331] (serverpublisher) StdoutLine: {'line': b"2: ./vendor/googletest/googletest/test/gtest_uninitialized_test.py:55 in public function `TestExitCodeAndOutput`: D401: First line should be in imperative mood (perhaps 'Run', not 'Runs')\n"}
[0.701557] (serverpublisher) StdoutLine: {'line': b'2: checking ./vendor/googletest/googletest/test/gtest_xml_outfiles_test.py\n'}
[0.701621] (serverpublisher) StdoutLine: {'line': b'2: checking ./vendor/googletest/googletest/test/gtest_xml_output_unittest.py\n'}
[0.701685] (serverpublisher) StdoutLine: {'line': b"2: ./vendor/googletest/googletest/test/gtest_xml_output_unittest.py:32 at module level: D400: First line should end with a period (not 'e')\n"}
[0.701740] (serverpublisher) StdoutLine: {'line': b"2: ./vendor/googletest/googletest/test/gtest_xml_output_unittest.py:32 at module level: D415: First line should end with a period, question mark, or exclamation point (not 'e')\n"}
[0.701791] (serverpublisher) StdoutLine: {'line': b'2: ./vendor/googletest/googletest/test/gtest_xml_output_unittest.py:153 in public class `GTestXMLOutputUnitTest`: D200: One-line docstring should fit on one line with quotes (found 3)\n'}
[0.701841] (serverpublisher) StdoutLine: {'line': b'2: ./vendor/googletest/googletest/test/gtest_xml_output_unittest.py:161 in public method `testNonEmptyXmlOutput`: D205: 1 blank line required between summary line and description (found 0)\n'}
[0.701890] (serverpublisher) StdoutLine: {'line': b"2: ./vendor/googletest/googletest/test/gtest_xml_output_unittest.py:161 in public method `testNonEmptyXmlOutput`: D400: First line should end with a period (not 'd')\n"}
[0.701949] (serverpublisher) StdoutLine: {'line': b"2: ./vendor/googletest/googletest/test/gtest_xml_output_unittest.py:161 in public method `testNonEmptyXmlOutput`: D415: First line should end with a period, question mark, or exclamation point (not 'd')\n"}
[0.701999] (serverpublisher) StdoutLine: {'line': b'2: ./vendor/googletest/googletest/test/gtest_xml_output_unittest.py:168 in public method `testEmptyXmlOutput`: D202: No blank lines allowed after function docstring (found 1)\n'}
[0.702050] (serverpublisher) StdoutLine: {'line': b'2: ./vendor/googletest/googletest/test/gtest_xml_output_unittest.py:168 in public method `testEmptyXmlOutput`: D213: Multi-line docstring summary should start at the second line\n'}
[0.702098] (serverpublisher) StdoutLine: {'line': b'2: ./vendor/googletest/googletest/test/gtest_xml_output_unittest.py:177 in public method `testTimestampValue`: D213: Multi-line docstring summary should start at the second line\n'}
[0.702147] (serverpublisher) StdoutLine: {'line': b'2: ./vendor/googletest/googletest/test/gtest_xml_output_unittest.py:202 in public method `testDefaultOutputFile`: D205: 1 blank line required between summary line and description (found 0)\n'}
[0.702203] (serverpublisher) StdoutLine: {'line': b"2: ./vendor/googletest/googletest/test/gtest_xml_output_unittest.py:202 in public method `testDefaultOutputFile`: D400: First line should end with a period (not 'd')\n"}
[0.702257] (serverpublisher) StdoutLine: {'line': b"2: ./vendor/googletest/googletest/test/gtest_xml_output_unittest.py:202 in public method `testDefaultOutputFile`: D415: First line should end with a period, question mark, or exclamation point (not 'd')\n"}
[0.702309] (serverpublisher) StdoutLine: {'line': b'2: ./vendor/googletest/googletest/test/gtest_xml_output_unittest.py:225 in public method `testSuppressedXmlOutput`: D202: No blank lines allowed after function docstring (found 1)\n'}
[0.702360] (serverpublisher) StdoutLine: {'line': b'2: ./vendor/googletest/googletest/test/gtest_xml_output_unittest.py:225 in public method `testSuppressedXmlOutput`: D205: 1 blank line required between summary line and description (found 0)\n'}
[0.702416] (serverpublisher) StdoutLine: {'line': b"2: ./vendor/googletest/googletest/test/gtest_xml_output_unittest.py:225 in public method `testSuppressedXmlOutput`: D400: First line should end with a period (not 's')\n"}
[0.702465] (serverpublisher) StdoutLine: {'line': b"2: ./vendor/googletest/googletest/test/gtest_xml_output_unittest.py:225 in public method `testSuppressedXmlOutput`: D415: First line should end with a period, question mark, or exclamation point (not 's')\n"}
[0.702514] (serverpublisher) StdoutLine: {'line': b'2: ./vendor/googletest/googletest/test/gtest_xml_output_unittest.py:254 in public method `testFilteredTestXmlOutput`: D202: No blank lines allowed after function docstring (found 1)\n'}
[0.702568] (serverpublisher) StdoutLine: {'line': b'2: ./vendor/googletest/googletest/test/gtest_xml_output_unittest.py:254 in public method `testFilteredTestXmlOutput`: D213: Multi-line docstring summary should start at the second line\n'}
[0.702618] (serverpublisher) StdoutLine: {'line': b'2: ./vendor/googletest/googletest/test/gtest_xml_output_unittest.py:264 in private method `_GetXmlOutput`: D205: 1 blank line required between summary line and description (found 0)\n'}
[0.702666] (serverpublisher) StdoutLine: {'line': b"2: ./vendor/googletest/googletest/test/gtest_xml_output_unittest.py:264 in private method `_GetXmlOutput`: D401: First line should be in imperative mood (perhaps 'Return', not 'Returns')\n"}
[0.702714] (serverpublisher) StdoutLine: {'line': b'2: ./vendor/googletest/googletest/test/gtest_xml_output_unittest.py:289 in private method `_TestXmlOutput`: D202: No blank lines allowed after function docstring (found 1)\n'}
[0.702762] (serverpublisher) StdoutLine: {'line': b'2: ./vendor/googletest/googletest/test/gtest_xml_output_unittest.py:289 in private method `_TestXmlOutput`: D205: 1 blank line required between summary line and description (found 0)\n'}
[0.702809] (serverpublisher) StdoutLine: {'line': b"2: ./vendor/googletest/googletest/test/gtest_xml_output_unittest.py:289 in private method `_TestXmlOutput`: D400: First line should end with a period (not 'm')\n"}
[0.702856] (serverpublisher) StdoutLine: {'line': b"2: ./vendor/googletest/googletest/test/gtest_xml_output_unittest.py:289 in private method `_TestXmlOutput`: D415: First line should end with a period, question mark, or exclamation point (not 'm')\n"}
[0.702903] (serverpublisher) StdoutLine: {'line': b"2: ./vendor/googletest/googletest/test/gtest_xml_output_unittest.py:289 in private method `_TestXmlOutput`: D401: First line should be in imperative mood (perhaps 'Assert', not 'Asserts')\n"}
[0.702952] (serverpublisher) StdoutLine: {'line': b'2: checking ./vendor/googletest/googletest/test/gtest_xml_test_utils.py\n'}
[0.703016] (serverpublisher) StdoutLine: {'line': b"2: ./vendor/googletest/googletest/test/gtest_xml_test_utils.py:32 at module level: D400: First line should end with a period (not 't')\n"}
[0.703067] (serverpublisher) StdoutLine: {'line': b"2: ./vendor/googletest/googletest/test/gtest_xml_test_utils.py:32 at module level: D415: First line should end with a period, question mark, or exclamation point (not 't')\n"}
[0.703117] (serverpublisher) StdoutLine: {'line': b'2: ./vendor/googletest/googletest/test/gtest_xml_test_utils.py:46 in public class `GTestXMLTestCase`: D200: One-line docstring should fit on one line with quotes (found 3)\n'}
[0.703166] (serverpublisher) StdoutLine: {'line': b'2: ./vendor/googletest/googletest/test/gtest_xml_test_utils.py:46 in public class `GTestXMLTestCase`: D204: 1 blank line required after class docstring (found 2)\n'}
[0.703216] (serverpublisher) StdoutLine: {'line': b'2: ./vendor/googletest/googletest/test/gtest_xml_test_utils.py:52 in public method `AssertEquivalentNodes`: D202: No blank lines allowed after function docstring (found 1)\n'}
[0.703266] (serverpublisher) StdoutLine: {'line': b'2: ./vendor/googletest/googletest/test/gtest_xml_test_utils.py:52 in public method `AssertEquivalentNodes`: D205: 1 blank line required between summary line and description (found 0)\n'}
[0.703314] (serverpublisher) StdoutLine: {'line': b"2: ./vendor/googletest/googletest/test/gtest_xml_test_utils.py:52 in public method `AssertEquivalentNodes`: D400: First line should end with a period (not 'o')\n"}
[0.703374] (serverpublisher) StdoutLine: {'line': b"2: ./vendor/googletest/googletest/test/gtest_xml_test_utils.py:52 in public method `AssertEquivalentNodes`: D415: First line should end with a period, question mark, or exclamation point (not 'o')\n"}
[0.703424] (serverpublisher) StdoutLine: {'line': b"2: ./vendor/googletest/googletest/test/gtest_xml_test_utils.py:52 in public method `AssertEquivalentNodes`: D401: First line should be in imperative mood (perhaps 'Assert', not 'Asserts')\n"}
[0.703472] (serverpublisher) StdoutLine: {'line': b'2: ./vendor/googletest/googletest/test/gtest_xml_test_utils.py:118 in private method `_GetChildren`: D202: No blank lines allowed after function docstring (found 1)\n'}
[0.703520] (serverpublisher) StdoutLine: {'line': b'2: ./vendor/googletest/googletest/test/gtest_xml_test_utils.py:118 in private method `_GetChildren`: D205: 1 blank line required between summary line and description (found 0)\n'}
[0.703567] (serverpublisher) StdoutLine: {'line': b"2: ./vendor/googletest/googletest/test/gtest_xml_test_utils.py:118 in private method `_GetChildren`: D401: First line should be in imperative mood (perhaps 'Fetch', not 'Fetches')\n"}
[0.703615] (serverpublisher) StdoutLine: {'line': b'2: ./vendor/googletest/googletest/test/gtest_xml_test_utils.py:151 in public method `NormalizeXml`: D202: No blank lines allowed after function docstring (found 1)\n'}
[0.703663] (serverpublisher) StdoutLine: {'line': b'2: ./vendor/googletest/googletest/test/gtest_xml_test_utils.py:151 in public method `NormalizeXml`: D205: 1 blank line required between summary line and description (found 0)\n'}
[0.703709] (serverpublisher) StdoutLine: {'line': b"2: ./vendor/googletest/googletest/test/gtest_xml_test_utils.py:151 in public method `NormalizeXml`: D400: First line should end with a period (not 't')\n"}
[0.703765] (serverpublisher) StdoutLine: {'line': b"2: ./vendor/googletest/googletest/test/gtest_xml_test_utils.py:151 in public method `NormalizeXml`: D415: First line should end with a period, question mark, or exclamation point (not 't')\n"}
[0.703814] (serverpublisher) StdoutLine: {'line': b"2: ./vendor/googletest/googletest/test/gtest_xml_test_utils.py:151 in public method `NormalizeXml`: D401: First line should be in imperative mood (perhaps 'Normalize', not 'Normalizes')\n"}
[0.703862] (serverpublisher) StdoutLine: {'line': b'2: checking ./vendor/googletest/googletest/xcode/Scripts/versiongenerate.py\n'}
[0.703910] (serverpublisher) StdoutLine: {'line': b'2: ./vendor/googletest/googletest/xcode/Scripts/versiongenerate.py: Cannot parse file.\n'}
[0.703958] (serverpublisher) StdoutLine: {'line': b'2: 453 errors\n'}
[0.716829] (serverpublisher) StdoutLine: {'line': b'2: Traceback (most recent call last):\n'}
[0.716989] (serverpublisher) StdoutLine: {'line': b'2:   File "/opt/ros/humble/bin/ament_pep257", line 33, in <module>\n'}
[0.717058] (serverpublisher) StdoutLine: {'line': b"2:     sys.exit(load_entry_point('ament-pep257==0.12.4', 'console_scripts', 'ament_pep257')())\n"}
[0.717113] (serverpublisher) StdoutLine: {'line': b'2:   File "/opt/ros/humble/lib/python3.10/site-packages/ament_pep257/main.py", line 149, in main\n'}
[0.717175] (serverpublisher) StdoutLine: {'line': b'2:     xml = get_xunit_content(report, testname, time.time() - start_time)\n'}
[0.717234] (serverpublisher) StdoutLine: {'line': b'2:   File "/opt/ros/humble/lib/python3.10/site-packages/ament_pep257/main.py", line 259, in get_xunit_content\n'}
[0.717294] (serverpublisher) StdoutLine: {'line': b"2:     '%s (%s:%d)' % (\n"}
[0.717349] (serverpublisher) StdoutLine: {'line': b'2: TypeError: %d format: a real number is required, not str\n'}
[0.729652] (serverpublisher) StdoutLine: {'line': b'2: -- run_test.py: return code 1\n'}
[0.729837] (serverpublisher) StdoutLine: {'line': b"2: -- run_test.py: generate result file '/home/chotu/Beginner_Tutorials_Ros2/build/serverpublisher/test_results/serverpublisher/pep257.xunit.xml' with failed test\n"}
[0.730366] (serverpublisher) StdoutLine: {'line': b"2: -- run_test.py: verify result file '/home/chotu/Beginner_Tutorials_Ros2/build/serverpublisher/test_results/serverpublisher/pep257.xunit.xml'\n"}
[0.739338] (serverpublisher) StdoutLine: {'line': b'2/2 Test #2: pep257 ...........................***Failed    0.55 sec\n'}
[0.739757] (serverpublisher) StdoutLine: {'line': b'\n'}
[0.739913] (serverpublisher) StdoutLine: {'line': b'50% tests passed\x1b[0;0m, \x1b[0;31m1 tests failed\x1b[0;0m out of 2\n'}
[0.740001] (serverpublisher) StdoutLine: {'line': b'\n'}
[0.740081] (serverpublisher) StdoutLine: {'line': b'Label Time Summary:\n'}
[0.740154] (serverpublisher) StdoutLine: {'line': b'gtest     =   0.17 sec*proc (1 test)\n'}
[0.740224] (serverpublisher) StdoutLine: {'line': b'linter    =   0.55 sec*proc (1 test)\n'}
[0.740293] (serverpublisher) StdoutLine: {'line': b'pep257    =   0.55 sec*proc (1 test)\n'}
[0.740364] (serverpublisher) StdoutLine: {'line': b'\n'}
[0.740433] (serverpublisher) StdoutLine: {'line': b'Total Test time (real) =   0.72 sec\n'}
[0.740503] (serverpublisher) StdoutLine: {'line': b'\n'}
[0.740571] (serverpublisher) StdoutLine: {'line': b'The following tests FAILED:\n'}
[0.740637] (serverpublisher) StdoutLine: {'line': b'\t\x1b[0;31m  2 - pep257 (Failed)\x1b[0;0m\n'}
[0.762916] (serverpublisher) StderrLine: {'line': b'Errors while running CTest\n'}
[0.763113] (serverpublisher) StderrLine: {'line': b'Output from these tests are in: /home/chotu/Beginner_Tutorials_Ros2/build/serverpublisher/Testing/Temporary/LastTest.log\n'}
[0.763213] (serverpublisher) StderrLine: {'line': b'Use "--rerun-failed --output-on-failure" to re-run the failed cases verbosely.\n'}
[0.764597] (serverpublisher) CommandEnded: {'returncode': 8}
[0.765172] (serverpublisher) TestFailure: {'identifier': 'serverpublisher'}
[0.765230] (serverpublisher) JobEnded: {'identifier': 'serverpublisher', 'rc': 0}
[0.765610] (-) EventReactorShutdown: {}
