[01m[K/home/chotu/Beginner_Tutorials_Ros2/test/test_server.cpp:[m[K In member function â€˜[01m[Kvirtual void test_services_client_Manipulation1_Test::TestBody()[m[Kâ€™:
[01m[K/home/chotu/Beginner_Tutorials_Ros2/test/test_server.cpp:159:18:[m[K [01;31m[Kerror: [m[Kâ€˜[01m[Kros2_cpp_pubsub[m[Kâ€™ was not declared in this scope
  159 |                 <[01;31m[Kros2_cpp_pubsub[m[K::srv::ChangeString>(service_name);
      |                  [01;31m[K^~~~~~~~~~~~~~~[m[K
[01m[K/home/chotu/Beginner_Tutorials_Ros2/test/test_server.cpp:158:27:[m[K [01;31m[Kerror: [m[Kparse error in template argument list
  158 |     CLIENT client = node->[01;31m[Kcreate_client[m[K
      |                           [01;31m[K^~~~~~~~~~~~~[m[K
  159 | [01;31m[K                <ros2_cpp_pubsub::srv::ChangeString>[m[K(service_name);
      |                 [01;31m[K~~~~~~~~~~~~~~~~~~~~~~~~~~~~~~~~~~~~[m[K
[01m[K/home/chotu/Beginner_Tutorials_Ros2/test/test_server.cpp:159:53:[m[K [01;31m[Kerror: [m[Kno matching function for call to â€˜[01m[Krclcpp::Node::create_client<<expression error> >(const char*&)[m[Kâ€™
  158 |     CLIENT client = [01;31m[Knode->create_client[m[K
      |                     [01;31m[K~~~~~~~~~~~~~~~~~~~[m[K              
  159 | [01;31m[K                <ros2_cpp_pubsub::srv::ChangeString>(service_name)[m[K;
      |                 [01;31m[K~~~~~~~~~~~~~~~~~~~~~~~~~~~~~~~~~~~~^~~~~~~~~~~~~~[m[K
In file included from [01m[K/opt/ros/humble/include/rclcpp/rclcpp/executors/single_threaded_executor.hpp:28[m[K,
                 from [01m[K/opt/ros/humble/include/rclcpp/rclcpp/executors.hpp:22[m[K,
                 from [01m[K/opt/ros/humble/include/rclcpp/rclcpp/rclcpp.hpp:155[m[K,
                 from [01m[K/home/chotu/Beginner_Tutorials_Ros2/test/test_server.cpp:66[m[K:
[01m[K/opt/ros/humble/include/rclcpp/rclcpp/node.hpp:252:3:[m[K [01;36m[Knote: [m[Kcandidate: â€˜[01m[Ktemplate<class ServiceT> typename rclcpp::Client<ServiceT>::SharedPtr rclcpp::Node::create_client(const string&, const rmw_qos_profile_t&, rclcpp::CallbackGroup::SharedPtr)[m[Kâ€™
  252 |   [01;36m[Kcreate_client[m[K(
      |   [01;36m[K^~~~~~~~~~~~~[m[K
[01m[K/opt/ros/humble/include/rclcpp/rclcpp/node.hpp:252:3:[m[K [01;36m[Knote: [m[K  template argument deduction/substitution failed:
[01m[K/home/chotu/Beginner_Tutorials_Ros2/test/test_server.cpp:159:53:[m[K [01;31m[Kerror: [m[Ktemplate argument 1 is invalid
  158 |     CLIENT client = [01;31m[Knode->create_client[m[K
      |                     [01;31m[K~~~~~~~~~~~~~~~~~~~[m[K              
  159 | [01;31m[K                <ros2_cpp_pubsub::srv::ChangeString>(service_name)[m[K;
      |                 [01;31m[K~~~~~~~~~~~~~~~~~~~~~~~~~~~~~~~~~~~~^~~~~~~~~~~~~~[m[K
[01m[K/home/chotu/Beginner_Tutorials_Ros2/test/test_server.cpp:168:25:[m[K [01;31m[Kerror: [m[Kparse error in template argument list
  168 |     auto request = std::[01;31m[Kmake_shared[m[K
      |                         [01;31m[K^~~~~~~~~~~[m[K
  169 | [01;31m[K            <ros2_cpp_pubsub::srv::ChangeString::Request>[m[K();
      |             [01;31m[K~~~~~~~~~~~~~~~~~~~~~~~~~~~~~~~~~~~~~~~~~~~~~[m[K
[01m[K/home/chotu/Beginner_Tutorials_Ros2/test/test_server.cpp:169:58:[m[K [01;31m[Kerror: [m[Kno matching function for call to â€˜[01m[Kmake_shared<ros2_cpp_pubsub>()[m[Kâ€™
  168 |     auto request = [01;31m[Kstd::make_shared[m[K
      |                    [01;31m[K~~~~~~~~~~~~~~~~[m[K                       
  169 | [01;31m[K            <ros2_cpp_pubsub::srv::ChangeString::Request>()[m[K;
      |             [01;31m[K~~~~~~~~~~~~~~~~~~~~~~~~~~~~~~~~~~~~~~~~~~~~~^~[m[K
In file included from [01m[K/usr/include/c++/11/memory:77[m[K,
                 from [01m[K/home/chotu/Beginner_Tutorials_Ros2/test/test_server.cpp:58[m[K:
[01m[K/usr/include/c++/11/bits/shared_ptr.h:875:5:[m[K [01;36m[Knote: [m[Kcandidate: â€˜[01m[Ktemplate<class _Tp, class ... _Args> std::shared_ptr<_Tp> std::make_shared(_Args&& ...)[m[Kâ€™
  875 |     [01;36m[Kmake_shared[m[K(_Args&&... __args)
      |     [01;36m[K^~~~~~~~~~~[m[K
[01m[K/usr/include/c++/11/bits/shared_ptr.h:875:5:[m[K [01;36m[Knote: [m[K  template argument deduction/substitution failed:
[01m[K/home/chotu/Beginner_Tutorials_Ros2/test/test_server.cpp:[m[K In member function â€˜[01m[Kvirtual void test_services_client_Manipulation2_Test::TestBody()[m[Kâ€™:
[01m[K/home/chotu/Beginner_Tutorials_Ros2/test/test_server.cpp:197:18:[m[K [01;31m[Kerror: [m[Kâ€˜[01m[Kros2_cpp_pubsub[m[Kâ€™ was not declared in this scope
  197 |                 <[01;31m[Kros2_cpp_pubsub[m[K::srv::ChangeString>(service_name);
      |                  [01;31m[K^~~~~~~~~~~~~~~[m[K
[01m[K/home/chotu/Beginner_Tutorials_Ros2/test/test_server.cpp:196:27:[m[K [01;31m[Kerror: [m[Kparse error in template argument list
  196 |     CLIENT client = node->[01;31m[Kcreate_client[m[K
      |                           [01;31m[K^~~~~~~~~~~~~[m[K
  197 | [01;31m[K                <ros2_cpp_pubsub::srv::ChangeString>[m[K(service_name);
      |                 [01;31m[K~~~~~~~~~~~~~~~~~~~~~~~~~~~~~~~~~~~~[m[K
[01m[K/home/chotu/Beginner_Tutorials_Ros2/test/test_server.cpp:197:53:[m[K [01;31m[Kerror: [m[Kno matching function for call to â€˜[01m[Krclcpp::Node::create_client<<expression error> >(const char*&)[m[Kâ€™
  196 |     CLIENT client = [01;31m[Knode->create_client[m[K
      |                     [01;31m[K~~~~~~~~~~~~~~~~~~~[m[K              
  197 | [01;31m[K                <ros2_cpp_pubsub::srv::ChangeString>(service_name)[m[K;
      |                 [01;31m[K~~~~~~~~~~~~~~~~~~~~~~~~~~~~~~~~~~~~^~~~~~~~~~~~~~[m[K
In file included from [01m[K/opt/ros/humble/include/rclcpp/rclcpp/executors/single_threaded_executor.hpp:28[m[K,
                 from [01m[K/opt/ros/humble/include/rclcpp/rclcpp/executors.hpp:22[m[K,
                 from [01m[K/opt/ros/humble/include/rclcpp/rclcpp/rclcpp.hpp:155[m[K,
                 from [01m[K/home/chotu/Beginner_Tutorials_Ros2/test/test_server.cpp:66[m[K:
[01m[K/opt/ros/humble/include/rclcpp/rclcpp/node.hpp:252:3:[m[K [01;36m[Knote: [m[Kcandidate: â€˜[01m[Ktemplate<class ServiceT> typename rclcpp::Client<ServiceT>::SharedPtr rclcpp::Node::create_client(const string&, const rmw_qos_profile_t&, rclcpp::CallbackGroup::SharedPtr)[m[Kâ€™
  252 |   [01;36m[Kcreate_client[m[K(
      |   [01;36m[K^~~~~~~~~~~~~[m[K
[01m[K/opt/ros/humble/include/rclcpp/rclcpp/node.hpp:252:3:[m[K [01;36m[Knote: [m[K  template argument deduction/substitution failed:
[01m[K/home/chotu/Beginner_Tutorials_Ros2/test/test_server.cpp:197:53:[m[K [01;31m[Kerror: [m[Ktemplate argument 1 is invalid
  196 |     CLIENT client = [01;31m[Knode->create_client[m[K
      |                     [01;31m[K~~~~~~~~~~~~~~~~~~~[m[K              
  197 | [01;31m[K                <ros2_cpp_pubsub::srv::ChangeString>(service_name)[m[K;
      |                 [01;31m[K~~~~~~~~~~~~~~~~~~~~~~~~~~~~~~~~~~~~^~~~~~~~~~~~~~[m[K
[01m[K/home/chotu/Beginner_Tutorials_Ros2/test/test_server.cpp:207:25:[m[K [01;31m[Kerror: [m[Kparse error in template argument list
  207 |     auto request = std::[01;31m[Kmake_shared[m[K
      |                         [01;31m[K^~~~~~~~~~~[m[K
  208 | [01;31m[K            <ros2_cpp_pubsub::srv::ChangeString::Request>[m[K();
      |             [01;31m[K~~~~~~~~~~~~~~~~~~~~~~~~~~~~~~~~~~~~~~~~~~~~~[m[K
[01m[K/home/chotu/Beginner_Tutorials_Ros2/test/test_server.cpp:208:58:[m[K [01;31m[Kerror: [m[Kno matching function for call to â€˜[01m[Kmake_shared<ros2_cpp_pubsub>()[m[Kâ€™
  207 |     auto request = [01;31m[Kstd::make_shared[m[K
      |                    [01;31m[K~~~~~~~~~~~~~~~~[m[K                       
  208 | [01;31m[K            <ros2_cpp_pubsub::srv::ChangeString::Request>()[m[K;
      |             [01;31m[K~~~~~~~~~~~~~~~~~~~~~~~~~~~~~~~~~~~~~~~~~~~~~^~[m[K
In file included from [01m[K/usr/include/c++/11/memory:77[m[K,
                 from [01m[K/home/chotu/Beginner_Tutorials_Ros2/test/test_server.cpp:58[m[K:
[01m[K/usr/include/c++/11/bits/shared_ptr.h:875:5:[m[K [01;36m[Knote: [m[Kcandidate: â€˜[01m[Ktemplate<class _Tp, class ... _Args> std::shared_ptr<_Tp> std::make_shared(_Args&& ...)[m[Kâ€™
  875 |     [01;36m[Kmake_shared[m[K(_Args&&... __args)
      |     [01;36m[K^~~~~~~~~~~[m[K
[01m[K/usr/include/c++/11/bits/shared_ptr.h:875:5:[m[K [01;36m[Knote: [m[K  template argument deduction/substitution failed:
gmake[2]: *** [CMakeFiles/server_test.dir/build.make:76: CMakeFiles/server_test.dir/test/test_server.cpp.o] Error 1
gmake[1]: *** [CMakeFiles/Makefile2:624: CMakeFiles/server_test.dir/all] Error 2
gmake[1]: *** Waiting for unfinished jobs....
gmake: *** [Makefile:146: all] Error 2
