-- The C compiler identification is GNU 11.3.0
-- The CXX compiler identification is GNU 11.3.0
-- Detecting C compiler ABI info
-- Detecting C compiler ABI info - done
-- Check for working C compiler: /usr/bin/cc - skipped
-- Detecting C compile features
-- Detecting C compile features - done
-- Detecting CXX compiler ABI info
-- Detecting CXX compiler ABI info - done
-- Check for working CXX compiler: /usr/bin/c++ - skipped
-- Detecting CXX compile features
-- Detecting CXX compile features - done
-- Found ament_cmake: 1.3.3 (/opt/ros/humble/share/ament_cmake/cmake)
-- Found Python3: /usr/bin/python3.10 (found version "3.10.6") found components: Interpreter 
-- Found rclcpp: 16.0.2 (/opt/ros/humble/share/rclcpp/cmake)
-- Found rosidl_generator_c: 3.1.4 (/opt/ros/humble/share/rosidl_generator_c/cmake)
-- Found rosidl_adapter: 3.1.4 (/opt/ros/humble/share/rosidl_adapter/cmake)
-- Found rosidl_generator_cpp: 3.1.4 (/opt/ros/humble/share/rosidl_generator_cpp/cmake)
-- Using all available rosidl_typesupport_c: rosidl_typesupport_fastrtps_c;rosidl_typesupport_introspection_c
-- Using all available rosidl_typesupport_cpp: rosidl_typesupport_fastrtps_cpp;rosidl_typesupport_introspection_cpp
-- Found rmw_implementation_cmake: 6.1.1 (/opt/ros/humble/share/rmw_implementation_cmake/cmake)
-- Found rmw_fastrtps_cpp: 6.2.2 (/opt/ros/humble/share/rmw_fastrtps_cpp/cmake)
-- Found OpenSSL: /usr/lib/x86_64-linux-gnu/libcrypto.so (found version "3.0.2")  
-- Found FastRTPS: /opt/ros/humble/include  
-- Using RMW implementation 'rmw_fastrtps_cpp' as default
-- Looking for pthread.h
-- Looking for pthread.h - found
-- Performing Test CMAKE_HAVE_LIBC_PTHREAD
-- Performing Test CMAKE_HAVE_LIBC_PTHREAD - Success
-- Found Threads: TRUE  
-- Found tf2: 0.25.1 (/opt/ros/humble/share/tf2/cmake)
-- Found tf2_ros: 0.25.1 (/opt/ros/humble/share/tf2_ros/cmake)
-- Found rosidl_default_generators: 1.2.0 (/opt/ros/humble/share/rosidl_default_generators/cmake)
-- Found ament_cmake_ros: 0.10.0 (/opt/ros/humble/share/ament_cmake_ros/cmake)
-- Using all available rosidl_typesupport_c: rosidl_typesupport_fastrtps_c;rosidl_typesupport_introspection_c
-- Using all available rosidl_typesupport_cpp: rosidl_typesupport_fastrtps_cpp;rosidl_typesupport_introspection_cpp
-- Found PythonInterp: /usr/bin/python3 (found suitable version "3.10.6", minimum required is "3.6") 
-- Found python_cmake_module: 0.10.0 (/opt/ros/humble/share/python_cmake_module/cmake)
-- Found PythonLibs: /usr/lib/x86_64-linux-gnu/libpython3.10.so (found suitable version "3.10.6", minimum required is "3.5") 
-- Using PYTHON_EXECUTABLE: /usr/bin/python3
-- Using PYTHON_INCLUDE_DIRS: /usr/include/python3.10
-- Using PYTHON_LIBRARIES: /usr/lib/x86_64-linux-gnu/libpython3.10.so
-- Found PythonExtra: .so  
-- Found ament_lint_auto: 0.12.4 (/opt/ros/humble/share/ament_lint_auto/cmake)
-- Found gtest sources under '/opt/ros/humble/src/gtest_vendor': C++ tests using 'Google Test' will be built
-- Added test 'pep257' to check Python code against some of the docstring style conventions in PEP 257
-- Configuring done
-- Generating done
-- Build files have been written to: /home/chotu/Beginner_Tutorials_Ros2/build/serverpublisher
[  1%] [34m[1mGenerating C code for ROS interfaces[0m
[  5%] [32mBuilding CXX object gtest/CMakeFiles/gtest.dir/src/gtest-all.cc.o[0m
[  5%] [34m[1mGenerating C++ code for ROS interfaces[0m
[  5%] [32mBuilding CXX object gtest/CMakeFiles/gtest_main.dir/src/gtest_main.cc.o[0m
[  5%] Built target ament_cmake_python_copy_serverpublisher
running egg_info
creating serverpublisher.egg-info
writing serverpublisher.egg-info/PKG-INFO
writing dependency_links to serverpublisher.egg-info/dependency_links.txt
writing top-level names to serverpublisher.egg-info/top_level.txt
writing manifest file 'serverpublisher.egg-info/SOURCES.txt'
reading manifest file 'serverpublisher.egg-info/SOURCES.txt'
writing manifest file 'serverpublisher.egg-info/SOURCES.txt'
[  5%] Built target ament_cmake_python_build_serverpublisher_egg
[  5%] Built target serverpublisher__cpp
[  7%] [34m[1mGenerating C++ type support for eProsima Fast-RTPS[0m
[  7%] [34m[1mGenerating C++ introspection for ROS interfaces[0m
[  8%] [34m[1mGenerating C++ type support dispatch for ROS interfaces[0m
[ 13%] [32mBuilding C object CMakeFiles/serverpublisher__rosidl_generator_c.dir/rosidl_generator_c/serverpublisher/msg/detail/num__functions.c.o[0m
[ 13%] [32mBuilding C object CMakeFiles/serverpublisher__rosidl_generator_c.dir/rosidl_generator_c/serverpublisher/msg/detail/sphere__functions.c.o[0m
[ 13%] [32mBuilding C object CMakeFiles/serverpublisher__rosidl_generator_c.dir/rosidl_generator_c/serverpublisher/msg/detail/data__functions.c.o[0m
[ 13%] [32mBuilding C object CMakeFiles/serverpublisher__rosidl_generator_c.dir/rosidl_generator_c/serverpublisher/srv/detail/change_string__functions.c.o[0m
[ 15%] [32mBuilding C object CMakeFiles/serverpublisher__rosidl_generator_c.dir/rosidl_generator_c/serverpublisher/srv/detail/add_three_ints__functions.c.o[0m
[ 16%] [32m[1mLinking C shared library libserverpublisher__rosidl_generator_c.so[0m
[ 16%] Built target serverpublisher__rosidl_generator_c
[ 20%] [34m[1mGenerating C type support for eProsima Fast-RTPS[0m
[ 20%] [34m[1mGenerating C introspection for ROS interfaces[0m
[ 20%] [34m[1mGenerating C type support dispatch for ROS interfaces[0m
[ 25%] [32mBuilding CXX object CMakeFiles/serverpublisher__rosidl_typesupport_cpp.dir/rosidl_typesupport_cpp/serverpublisher/srv/change_string__type_support.cpp.o[0m
[ 26%] [32mBuilding CXX object CMakeFiles/serverpublisher__rosidl_typesupport_cpp.dir/rosidl_typesupport_cpp/serverpublisher/msg/data__type_support.cpp.o[0m
[ 26%] [32mBuilding CXX object CMakeFiles/serverpublisher__rosidl_typesupport_cpp.dir/rosidl_typesupport_cpp/serverpublisher/msg/sphere__type_support.cpp.o[0m
[ 26%] [32mBuilding CXX object CMakeFiles/serverpublisher__rosidl_typesupport_cpp.dir/rosidl_typesupport_cpp/serverpublisher/srv/add_three_ints__type_support.cpp.o[0m
[ 26%] [32mBuilding CXX object CMakeFiles/serverpublisher__rosidl_typesupport_cpp.dir/rosidl_typesupport_cpp/serverpublisher/msg/num__type_support.cpp.o[0m
[ 29%] [32mBuilding CXX object CMakeFiles/serverpublisher__rosidl_typesupport_introspection_cpp.dir/rosidl_typesupport_introspection_cpp/serverpublisher/srv/detail/add_three_ints__type_support.cpp.o[0m
[ 29%] [32mBuilding CXX object CMakeFiles/serverpublisher__rosidl_typesupport_introspection_cpp.dir/rosidl_typesupport_introspection_cpp/serverpublisher/msg/detail/num__type_support.cpp.o[0m
[ 30%] [32mBuilding CXX object CMakeFiles/serverpublisher__rosidl_typesupport_introspection_cpp.dir/rosidl_typesupport_introspection_cpp/serverpublisher/msg/detail/sphere__type_support.cpp.o[0m
[ 31%] [32mBuilding CXX object CMakeFiles/serverpublisher__rosidl_typesupport_introspection_cpp.dir/rosidl_typesupport_introspection_cpp/serverpublisher/srv/detail/change_string__type_support.cpp.o[0m
[ 32%] [32mBuilding CXX object CMakeFiles/serverpublisher__rosidl_typesupport_introspection_cpp.dir/rosidl_typesupport_introspection_cpp/serverpublisher/msg/detail/data__type_support.cpp.o[0m
[ 34%] [32mBuilding CXX object CMakeFiles/serverpublisher__rosidl_typesupport_c.dir/rosidl_typesupport_c/serverpublisher/msg/num__type_support.cpp.o[0m
[ 35%] [32m[1mLinking CXX static library libgtest_main.a[0m
[ 36%] [32mBuilding CXX object CMakeFiles/serverpublisher__rosidl_typesupport_fastrtps_cpp.dir/rosidl_typesupport_fastrtps_cpp/serverpublisher/msg/detail/dds_fastrtps/num__type_support.cpp.o[0m
[ 37%] [32mBuilding CXX object CMakeFiles/serverpublisher__rosidl_typesupport_c.dir/rosidl_typesupport_c/serverpublisher/msg/sphere__type_support.cpp.o[0m
[ 39%] [32mBuilding CXX object CMakeFiles/serverpublisher__rosidl_typesupport_c.dir/rosidl_typesupport_c/serverpublisher/msg/data__type_support.cpp.o[0m
[ 39%] Built target gtest_main
[ 41%] [32mBuilding CXX object CMakeFiles/serverpublisher__rosidl_typesupport_c.dir/rosidl_typesupport_c/serverpublisher/srv/add_three_ints__type_support.cpp.o[0m
[ 41%] [32mBuilding CXX object CMakeFiles/serverpublisher__rosidl_typesupport_fastrtps_cpp.dir/rosidl_typesupport_fastrtps_cpp/serverpublisher/msg/detail/dds_fastrtps/sphere__type_support.cpp.o[0m
[ 43%] [32mBuilding CXX object CMakeFiles/serverpublisher__rosidl_typesupport_fastrtps_cpp.dir/rosidl_typesupport_fastrtps_cpp/serverpublisher/msg/detail/dds_fastrtps/data__type_support.cpp.o[0m
[ 46%] [32mBuilding C object CMakeFiles/serverpublisher__rosidl_typesupport_introspection_c.dir/rosidl_typesupport_introspection_c/serverpublisher/msg/detail/sphere__type_support.c.o[0m
[ 46%] [32mBuilding C object CMakeFiles/serverpublisher__rosidl_typesupport_introspection_c.dir/rosidl_typesupport_introspection_c/serverpublisher/msg/detail/num__type_support.c.o[0m
[ 46%] [32mBuilding CXX object CMakeFiles/serverpublisher__rosidl_typesupport_fastrtps_cpp.dir/rosidl_typesupport_fastrtps_cpp/serverpublisher/srv/detail/dds_fastrtps/add_three_ints__type_support.cpp.o[0m
[ 48%] [32mBuilding CXX object CMakeFiles/serverpublisher__rosidl_typesupport_c.dir/rosidl_typesupport_c/serverpublisher/srv/change_string__type_support.cpp.o[0m
[ 49%] [32mBuilding C object CMakeFiles/serverpublisher__rosidl_typesupport_introspection_c.dir/rosidl_typesupport_introspection_c/serverpublisher/msg/detail/data__type_support.c.o[0m
[ 50%] [32mBuilding CXX object CMakeFiles/serverpublisher__rosidl_typesupport_fastrtps_cpp.dir/rosidl_typesupport_fastrtps_cpp/serverpublisher/srv/detail/dds_fastrtps/change_string__type_support.cpp.o[0m
[ 51%] [32mBuilding C object CMakeFiles/serverpublisher__rosidl_typesupport_introspection_c.dir/rosidl_typesupport_introspection_c/serverpublisher/srv/detail/add_three_ints__type_support.c.o[0m
[ 53%] [32m[1mLinking CXX shared library libserverpublisher__rosidl_typesupport_c.so[0m
[ 54%] [32mBuilding CXX object CMakeFiles/serverpublisher__rosidl_typesupport_fastrtps_c.dir/rosidl_typesupport_fastrtps_c/serverpublisher/msg/detail/num__type_support_c.cpp.o[0m
[ 55%] [32mBuilding C object CMakeFiles/serverpublisher__rosidl_typesupport_introspection_c.dir/rosidl_typesupport_introspection_c/serverpublisher/srv/detail/change_string__type_support.c.o[0m
[ 56%] [32m[1mLinking CXX shared library libserverpublisher__rosidl_typesupport_cpp.so[0m
[ 58%] [32mBuilding CXX object CMakeFiles/serverpublisher__rosidl_typesupport_fastrtps_c.dir/rosidl_typesupport_fastrtps_c/serverpublisher/msg/detail/sphere__type_support_c.cpp.o[0m
[ 59%] [32m[1mLinking C shared library libserverpublisher__rosidl_typesupport_introspection_c.so[0m
[ 59%] Built target serverpublisher__rosidl_typesupport_c
[ 59%] Built target serverpublisher__rosidl_typesupport_cpp
[ 60%] [32mBuilding CXX object CMakeFiles/serverpublisher__rosidl_typesupport_fastrtps_c.dir/rosidl_typesupport_fastrtps_c/serverpublisher/msg/detail/data__type_support_c.cpp.o[0m
[ 62%] [32mBuilding CXX object CMakeFiles/talker.dir/src/publisher_member_function.cpp.o[0m
[ 62%] Built target serverpublisher__rosidl_typesupport_introspection_c
[ 63%] [32mBuilding CXX object CMakeFiles/serverpublisher__rosidl_typesupport_fastrtps_c.dir/rosidl_typesupport_fastrtps_c/serverpublisher/srv/detail/add_three_ints__type_support_c.cpp.o[0m
[ 64%] [32mBuilding CXX object CMakeFiles/talkerandlistner.dir/src/pub_sub_node.cpp.o[0m
[ 65%] [32mBuilding CXX object CMakeFiles/serverpublisher__rosidl_typesupport_fastrtps_c.dir/rosidl_typesupport_fastrtps_c/serverpublisher/srv/detail/change_string__type_support_c.cpp.o[0m
[ 67%] [32m[1mLinking CXX shared library libserverpublisher__rosidl_typesupport_introspection_cpp.so[0m
[ 68%] [32mBuilding CXX object CMakeFiles/server.dir/src/add_two_ints_server.cpp.o[0m
[ 69%] [32mBuilding CXX object CMakeFiles/stringserver.dir/src/change_string_server.cpp.o[0m
[ 69%] Built target serverpublisher__rosidl_typesupport_introspection_cpp
[ 70%] [32mBuilding CXX object CMakeFiles/static_transform_publisher.dir/src/static_transform_publisher.cpp.o[0m
[ 72%] [32m[1mLinking CXX shared library libserverpublisher__rosidl_typesupport_fastrtps_cpp.so[0m
[ 72%] Built target serverpublisher__rosidl_typesupport_fastrtps_cpp
[ 73%] [32m[1mLinking CXX shared library libserverpublisher__rosidl_typesupport_fastrtps_c.so[0m
[ 73%] Built target serverpublisher__rosidl_typesupport_fastrtps_c
[ 73%] Built target serverpublisher
[ 74%] [34m[1mGenerating Python code for ROS interfaces[0m
[ 74%] Built target serverpublisher__py
[ 75%] [32mBuilding C object CMakeFiles/serverpublisher__rosidl_generator_py.dir/rosidl_generator_py/serverpublisher/msg/_sphere_s.c.o[0m
[ 81%] [32mBuilding C object CMakeFiles/serverpublisher__rosidl_generator_py.dir/rosidl_generator_py/serverpublisher/srv/_add_three_ints_s.c.o[0m
[ 81%] [32mBuilding C object CMakeFiles/serverpublisher__rosidl_generator_py.dir/rosidl_generator_py/serverpublisher/srv/_change_string_s.c.o[0m
[ 81%] [32mBuilding C object CMakeFiles/serverpublisher__rosidl_generator_py.dir/rosidl_generator_py/serverpublisher/msg/_data_s.c.o[0m
[ 81%] [32mBuilding C object CMakeFiles/serverpublisher__rosidl_generator_py.dir/rosidl_generator_py/serverpublisher/msg/_num_s.c.o[0m
[ 82%] [32m[1mLinking C shared library rosidl_generator_py/serverpublisher/libserverpublisher__rosidl_generator_py.so[0m
[ 82%] Built target serverpublisher__rosidl_generator_py
[ 84%] [32mBuilding C object CMakeFiles/serverpublisher__rosidl_typesupport_introspection_c__pyext.dir/rosidl_generator_py/serverpublisher/_serverpublisher_s.ep.rosidl_typesupport_introspection_c.c.o[0m
[ 84%] [32mBuilding C object CMakeFiles/serverpublisher__rosidl_typesupport_c__pyext.dir/rosidl_generator_py/serverpublisher/_serverpublisher_s.ep.rosidl_typesupport_c.c.o[0m
[ 86%] [32mBuilding C object CMakeFiles/serverpublisher__rosidl_typesupport_fastrtps_c__pyext.dir/rosidl_generator_py/serverpublisher/_serverpublisher_s.ep.rosidl_typesupport_fastrtps_c.c.o[0m
[ 87%] [32m[1mLinking C shared library rosidl_generator_py/serverpublisher/serverpublisher_s__rosidl_typesupport_fastrtps_c.cpython-310-x86_64-linux-gnu.so[0m
[ 87%] Built target serverpublisher__rosidl_typesupport_fastrtps_c__pyext
[ 88%] [32m[1mLinking C shared library rosidl_generator_py/serverpublisher/serverpublisher_s__rosidl_typesupport_introspection_c.cpython-310-x86_64-linux-gnu.so[0m
[ 89%] [32m[1mLinking C shared library rosidl_generator_py/serverpublisher/serverpublisher_s__rosidl_typesupport_c.cpython-310-x86_64-linux-gnu.so[0m
[ 89%] Built target serverpublisher__rosidl_typesupport_introspection_c__pyext
[ 89%] Built target serverpublisher__rosidl_typesupport_c__pyext
[ 91%] [32m[1mLinking CXX static library libgtest.a[0m
[ 91%] Built target gtest
[ 92%] [32mBuilding CXX object CMakeFiles/server_test.dir/test/test_server.cpp.o[0m
[ 93%] [32m[1mLinking CXX executable stringserver[0m
[ 94%] [32m[1mLinking CXX executable server[0m
[ 94%] Built target stringserver
[ 94%] Built target server
[01m[K/home/chotu/Beginner_Tutorials_Ros2/test/test_server.cpp:[m[K In member function â€˜[01m[Kvirtual void test_services_client_Manipulation1_Test::TestBody()[m[Kâ€™:
[01m[K/home/chotu/Beginner_Tutorials_Ros2/test/test_server.cpp:159:18:[m[K [01;31m[Kerror: [m[Kâ€˜[01m[Kros2_cpp_pubsub[m[Kâ€™ was not declared in this scope
  159 |                 <[01;31m[Kros2_cpp_pubsub[m[K::srv::ChangeString>(service_name);
      |                  [01;31m[K^~~~~~~~~~~~~~~[m[K
[01m[K/home/chotu/Beginner_Tutorials_Ros2/test/test_server.cpp:158:27:[m[K [01;31m[Kerror: [m[Kparse error in template argument list
  158 |     CLIENT client = node->[01;31m[Kcreate_client[m[K
      |                           [01;31m[K^~~~~~~~~~~~~[m[K
  159 | [01;31m[K                <ros2_cpp_pubsub::srv::ChangeString>[m[K(service_name);
      |                 [01;31m[K~~~~~~~~~~~~~~~~~~~~~~~~~~~~~~~~~~~~[m[K
[01m[K/home/chotu/Beginner_Tutorials_Ros2/test/test_server.cpp:159:53:[m[K [01;31m[Kerror: [m[Kno matching function for call to â€˜[01m[Krclcpp::Node::create_client<<expression error> >(const char*&)[m[Kâ€™
  158 |     CLIENT client = [01;31m[Knode->create_client[m[K
      |                     [01;31m[K~~~~~~~~~~~~~~~~~~~[m[K              
  159 | [01;31m[K                <ros2_cpp_pubsub::srv::ChangeString>(service_name)[m[K;
      |                 [01;31m[K~~~~~~~~~~~~~~~~~~~~~~~~~~~~~~~~~~~~^~~~~~~~~~~~~~[m[K
In file included from [01m[K/opt/ros/humble/include/rclcpp/rclcpp/executors/single_threaded_executor.hpp:28[m[K,
                 from [01m[K/opt/ros/humble/include/rclcpp/rclcpp/executors.hpp:22[m[K,
                 from [01m[K/opt/ros/humble/include/rclcpp/rclcpp/rclcpp.hpp:155[m[K,
                 from [01m[K/home/chotu/Beginner_Tutorials_Ros2/test/test_server.cpp:66[m[K:
[01m[K/opt/ros/humble/include/rclcpp/rclcpp/node.hpp:252:3:[m[K [01;36m[Knote: [m[Kcandidate: â€˜[01m[Ktemplate<class ServiceT> typename rclcpp::Client<ServiceT>::SharedPtr rclcpp::Node::create_client(const string&, const rmw_qos_profile_t&, rclcpp::CallbackGroup::SharedPtr)[m[Kâ€™
  252 |   [01;36m[Kcreate_client[m[K(
      |   [01;36m[K^~~~~~~~~~~~~[m[K
[01m[K/opt/ros/humble/include/rclcpp/rclcpp/node.hpp:252:3:[m[K [01;36m[Knote: [m[K  template argument deduction/substitution failed:
[01m[K/home/chotu/Beginner_Tutorials_Ros2/test/test_server.cpp:159:53:[m[K [01;31m[Kerror: [m[Ktemplate argument 1 is invalid
  158 |     CLIENT client = [01;31m[Knode->create_client[m[K
      |                     [01;31m[K~~~~~~~~~~~~~~~~~~~[m[K              
  159 | [01;31m[K                <ros2_cpp_pubsub::srv::ChangeString>(service_name)[m[K;
      |                 [01;31m[K~~~~~~~~~~~~~~~~~~~~~~~~~~~~~~~~~~~~^~~~~~~~~~~~~~[m[K
[01m[K/home/chotu/Beginner_Tutorials_Ros2/test/test_server.cpp:168:25:[m[K [01;31m[Kerror: [m[Kparse error in template argument list
  168 |     auto request = std::[01;31m[Kmake_shared[m[K
      |                         [01;31m[K^~~~~~~~~~~[m[K
  169 | [01;31m[K            <ros2_cpp_pubsub::srv::ChangeString::Request>[m[K();
      |             [01;31m[K~~~~~~~~~~~~~~~~~~~~~~~~~~~~~~~~~~~~~~~~~~~~~[m[K
[01m[K/home/chotu/Beginner_Tutorials_Ros2/test/test_server.cpp:169:58:[m[K [01;31m[Kerror: [m[Kno matching function for call to â€˜[01m[Kmake_shared<ros2_cpp_pubsub>()[m[Kâ€™
  168 |     auto request = [01;31m[Kstd::make_shared[m[K
      |                    [01;31m[K~~~~~~~~~~~~~~~~[m[K                       
  169 | [01;31m[K            <ros2_cpp_pubsub::srv::ChangeString::Request>()[m[K;
      |             [01;31m[K~~~~~~~~~~~~~~~~~~~~~~~~~~~~~~~~~~~~~~~~~~~~~^~[m[K
In file included from [01m[K/usr/include/c++/11/memory:77[m[K,
                 from [01m[K/home/chotu/Beginner_Tutorials_Ros2/test/test_server.cpp:58[m[K:
[01m[K/usr/include/c++/11/bits/shared_ptr.h:875:5:[m[K [01;36m[Knote: [m[Kcandidate: â€˜[01m[Ktemplate<class _Tp, class ... _Args> std::shared_ptr<_Tp> std::make_shared(_Args&& ...)[m[Kâ€™
  875 |     [01;36m[Kmake_shared[m[K(_Args&&... __args)
      |     [01;36m[K^~~~~~~~~~~[m[K
[01m[K/usr/include/c++/11/bits/shared_ptr.h:875:5:[m[K [01;36m[Knote: [m[K  template argument deduction/substitution failed:
[01m[K/home/chotu/Beginner_Tutorials_Ros2/test/test_server.cpp:[m[K In member function â€˜[01m[Kvirtual void test_services_client_Manipulation2_Test::TestBody()[m[Kâ€™:
[01m[K/home/chotu/Beginner_Tutorials_Ros2/test/test_server.cpp:197:18:[m[K [01;31m[Kerror: [m[Kâ€˜[01m[Kros2_cpp_pubsub[m[Kâ€™ was not declared in this scope
  197 |                 <[01;31m[Kros2_cpp_pubsub[m[K::srv::ChangeString>(service_name);
      |                  [01;31m[K^~~~~~~~~~~~~~~[m[K
[01m[K/home/chotu/Beginner_Tutorials_Ros2/test/test_server.cpp:196:27:[m[K [01;31m[Kerror: [m[Kparse error in template argument list
  196 |     CLIENT client = node->[01;31m[Kcreate_client[m[K
      |                           [01;31m[K^~~~~~~~~~~~~[m[K
  197 | [01;31m[K                <ros2_cpp_pubsub::srv::ChangeString>[m[K(service_name);
      |                 [01;31m[K~~~~~~~~~~~~~~~~~~~~~~~~~~~~~~~~~~~~[m[K
[01m[K/home/chotu/Beginner_Tutorials_Ros2/test/test_server.cpp:197:53:[m[K [01;31m[Kerror: [m[Kno matching function for call to â€˜[01m[Krclcpp::Node::create_client<<expression error> >(const char*&)[m[Kâ€™
  196 |     CLIENT client = [01;31m[Knode->create_client[m[K
      |                     [01;31m[K~~~~~~~~~~~~~~~~~~~[m[K              
  197 | [01;31m[K                <ros2_cpp_pubsub::srv::ChangeString>(service_name)[m[K;
      |                 [01;31m[K~~~~~~~~~~~~~~~~~~~~~~~~~~~~~~~~~~~~^~~~~~~~~~~~~~[m[K
In file included from [01m[K/opt/ros/humble/include/rclcpp/rclcpp/executors/single_threaded_executor.hpp:28[m[K,
                 from [01m[K/opt/ros/humble/include/rclcpp/rclcpp/executors.hpp:22[m[K,
                 from [01m[K/opt/ros/humble/include/rclcpp/rclcpp/rclcpp.hpp:155[m[K,
                 from [01m[K/home/chotu/Beginner_Tutorials_Ros2/test/test_server.cpp:66[m[K:
[01m[K/opt/ros/humble/include/rclcpp/rclcpp/node.hpp:252:3:[m[K [01;36m[Knote: [m[Kcandidate: â€˜[01m[Ktemplate<class ServiceT> typename rclcpp::Client<ServiceT>::SharedPtr rclcpp::Node::create_client(const string&, const rmw_qos_profile_t&, rclcpp::CallbackGroup::SharedPtr)[m[Kâ€™
  252 |   [01;36m[Kcreate_client[m[K(
      |   [01;36m[K^~~~~~~~~~~~~[m[K
[01m[K/opt/ros/humble/include/rclcpp/rclcpp/node.hpp:252:3:[m[K [01;36m[Knote: [m[K  template argument deduction/substitution failed:
[01m[K/home/chotu/Beginner_Tutorials_Ros2/test/test_server.cpp:197:53:[m[K [01;31m[Kerror: [m[Ktemplate argument 1 is invalid
  196 |     CLIENT client = [01;31m[Knode->create_client[m[K
      |                     [01;31m[K~~~~~~~~~~~~~~~~~~~[m[K              
  197 | [01;31m[K                <ros2_cpp_pubsub::srv::ChangeString>(service_name)[m[K;
      |                 [01;31m[K~~~~~~~~~~~~~~~~~~~~~~~~~~~~~~~~~~~~^~~~~~~~~~~~~~[m[K
[01m[K/home/chotu/Beginner_Tutorials_Ros2/test/test_server.cpp:207:25:[m[K [01;31m[Kerror: [m[Kparse error in template argument list
  207 |     auto request = std::[01;31m[Kmake_shared[m[K
      |                         [01;31m[K^~~~~~~~~~~[m[K
  208 | [01;31m[K            <ros2_cpp_pubsub::srv::ChangeString::Request>[m[K();
      |             [01;31m[K~~~~~~~~~~~~~~~~~~~~~~~~~~~~~~~~~~~~~~~~~~~~~[m[K
[01m[K/home/chotu/Beginner_Tutorials_Ros2/test/test_server.cpp:208:58:[m[K [01;31m[Kerror: [m[Kno matching function for call to â€˜[01m[Kmake_shared<ros2_cpp_pubsub>()[m[Kâ€™
  207 |     auto request = [01;31m[Kstd::make_shared[m[K
      |                    [01;31m[K~~~~~~~~~~~~~~~~[m[K                       
  208 | [01;31m[K            <ros2_cpp_pubsub::srv::ChangeString::Request>()[m[K;
      |             [01;31m[K~~~~~~~~~~~~~~~~~~~~~~~~~~~~~~~~~~~~~~~~~~~~~^~[m[K
In file included from [01m[K/usr/include/c++/11/memory:77[m[K,
                 from [01m[K/home/chotu/Beginner_Tutorials_Ros2/test/test_server.cpp:58[m[K:
[01m[K/usr/include/c++/11/bits/shared_ptr.h:875:5:[m[K [01;36m[Knote: [m[Kcandidate: â€˜[01m[Ktemplate<class _Tp, class ... _Args> std::shared_ptr<_Tp> std::make_shared(_Args&& ...)[m[Kâ€™
  875 |     [01;36m[Kmake_shared[m[K(_Args&&... __args)
      |     [01;36m[K^~~~~~~~~~~[m[K
[01m[K/usr/include/c++/11/bits/shared_ptr.h:875:5:[m[K [01;36m[Knote: [m[K  template argument deduction/substitution failed:
[ 96%] [32m[1mLinking CXX executable static_transform_publisher[0m
[ 96%] Built target static_transform_publisher
gmake[2]: *** [CMakeFiles/server_test.dir/build.make:76: CMakeFiles/server_test.dir/test/test_server.cpp.o] Error 1
gmake[1]: *** [CMakeFiles/Makefile2:624: CMakeFiles/server_test.dir/all] Error 2
gmake[1]: *** Waiting for unfinished jobs....
[ 97%] [32m[1mLinking CXX executable talker[0m
[ 98%] [32m[1mLinking CXX executable talkerandlistner[0m
[ 98%] Built target talker
[ 98%] Built target talkerandlistner
gmake: *** [Makefile:146: all] Error 2
