[0.008s] Invoking command in '/home/chotu/Beginner_Tutorials_Ros2/build/serverpublisher': CMAKE_PREFIX_PATH=/opt/ros/humble /usr/bin/cmake /home/chotu/Beginner_Tutorials_Ros2 -DCMAKE_INSTALL_PREFIX=/home/chotu/Beginner_Tutorials_Ros2/install/serverpublisher
[0.049s] -- The C compiler identification is GNU 11.3.0
[0.086s] -- The CXX compiler identification is GNU 11.3.0
[0.091s] -- Detecting C compiler ABI info
[0.133s] -- Detecting C compiler ABI info - done
[0.140s] -- Check for working C compiler: /usr/bin/cc - skipped
[0.140s] -- Detecting C compile features
[0.140s] -- Detecting C compile features - done
[0.143s] -- Detecting CXX compiler ABI info
[0.192s] -- Detecting CXX compiler ABI info - done
[0.198s] -- Check for working CXX compiler: /usr/bin/c++ - skipped
[0.199s] -- Detecting CXX compile features
[0.199s] -- Detecting CXX compile features - done
[0.201s] -- Found ament_cmake: 1.3.3 (/opt/ros/humble/share/ament_cmake/cmake)
[0.324s] -- Found Python3: /usr/bin/python3.10 (found version "3.10.6") found components: Interpreter 
[0.382s] -- Found rclcpp: 16.0.2 (/opt/ros/humble/share/rclcpp/cmake)
[0.411s] -- Found rosidl_generator_c: 3.1.4 (/opt/ros/humble/share/rosidl_generator_c/cmake)
[0.414s] -- Found rosidl_adapter: 3.1.4 (/opt/ros/humble/share/rosidl_adapter/cmake)
[0.419s] -- Found rosidl_generator_cpp: 3.1.4 (/opt/ros/humble/share/rosidl_generator_cpp/cmake)
[0.427s] -- Using all available rosidl_typesupport_c: rosidl_typesupport_fastrtps_c;rosidl_typesupport_introspection_c
[0.441s] -- Using all available rosidl_typesupport_cpp: rosidl_typesupport_fastrtps_cpp;rosidl_typesupport_introspection_cpp
[0.487s] -- Found rmw_implementation_cmake: 6.1.1 (/opt/ros/humble/share/rmw_implementation_cmake/cmake)
[0.489s] -- Found rmw_fastrtps_cpp: 6.2.2 (/opt/ros/humble/share/rmw_fastrtps_cpp/cmake)
[0.552s] -- Found OpenSSL: /usr/lib/x86_64-linux-gnu/libcrypto.so (found version "3.0.2")  
[0.570s] -- Found FastRTPS: /opt/ros/humble/include  
[0.604s] -- Using RMW implementation 'rmw_fastrtps_cpp' as default
[0.610s] -- Looking for pthread.h
[0.656s] -- Looking for pthread.h - found
[0.656s] -- Performing Test CMAKE_HAVE_LIBC_PTHREAD
[0.701s] -- Performing Test CMAKE_HAVE_LIBC_PTHREAD - Success
[0.702s] -- Found Threads: TRUE  
[0.810s] -- Found tf2: 0.25.1 (/opt/ros/humble/share/tf2/cmake)
[0.851s] -- Found tf2_ros: 0.25.1 (/opt/ros/humble/share/tf2_ros/cmake)
[1.071s] -- Found rosidl_default_generators: 1.2.0 (/opt/ros/humble/share/rosidl_default_generators/cmake)
[1.280s] -- Found ament_cmake_ros: 0.10.0 (/opt/ros/humble/share/ament_cmake_ros/cmake)
[1.563s] -- Using all available rosidl_typesupport_c: rosidl_typesupport_fastrtps_c;rosidl_typesupport_introspection_c
[1.674s] -- Using all available rosidl_typesupport_cpp: rosidl_typesupport_fastrtps_cpp;rosidl_typesupport_introspection_cpp
[1.688s] -- Found PythonInterp: /usr/bin/python3 (found suitable version "3.10.6", minimum required is "3.6") 
[1.689s] -- Found python_cmake_module: 0.10.0 (/opt/ros/humble/share/python_cmake_module/cmake)
[1.709s] -- Found PythonLibs: /usr/lib/x86_64-linux-gnu/libpython3.10.so (found suitable version "3.10.6", minimum required is "3.5") 
[1.709s] -- Using PYTHON_EXECUTABLE: /usr/bin/python3
[1.709s] -- Using PYTHON_INCLUDE_DIRS: /usr/include/python3.10
[1.709s] -- Using PYTHON_LIBRARIES: /usr/lib/x86_64-linux-gnu/libpython3.10.so
[1.722s] -- Found PythonExtra: .so  
[1.762s] -- Found ament_lint_auto: 0.12.4 (/opt/ros/humble/share/ament_lint_auto/cmake)
[1.781s] -- Found gtest sources under '/opt/ros/humble/src/gtest_vendor': C++ tests using 'Google Test' will be built
[1.792s] -- Added test 'pep257' to check Python code against some of the docstring style conventions in PEP 257
[1.794s] -- Configuring done
[1.844s] -- Generating done
[1.846s] -- Build files have been written to: /home/chotu/Beginner_Tutorials_Ros2/build/serverpublisher
[1.858s] Invoked command in '/home/chotu/Beginner_Tutorials_Ros2/build/serverpublisher' returned '0': CMAKE_PREFIX_PATH=/opt/ros/humble /usr/bin/cmake /home/chotu/Beginner_Tutorials_Ros2 -DCMAKE_INSTALL_PREFIX=/home/chotu/Beginner_Tutorials_Ros2/install/serverpublisher
[1.859s] Invoking command in '/home/chotu/Beginner_Tutorials_Ros2/build/serverpublisher': CMAKE_PREFIX_PATH=/opt/ros/humble /usr/bin/cmake --build /home/chotu/Beginner_Tutorials_Ros2/build/serverpublisher -- -j16 -l16
[1.885s] [  1%] [34m[1mGenerating C code for ROS interfaces[0m
[1.891s] [  5%] [32mBuilding CXX object gtest/CMakeFiles/gtest.dir/src/gtest-all.cc.o[0m
[1.891s] [  5%] [34m[1mGenerating C++ code for ROS interfaces[0m
[1.891s] [  5%] [32mBuilding CXX object gtest/CMakeFiles/gtest_main.dir/src/gtest_main.cc.o[0m
[1.897s] [  5%] Built target ament_cmake_python_copy_serverpublisher
[2.102s] running egg_info
[2.103s] creating serverpublisher.egg-info
[2.103s] writing serverpublisher.egg-info/PKG-INFO
[2.103s] writing dependency_links to serverpublisher.egg-info/dependency_links.txt
[2.103s] writing top-level names to serverpublisher.egg-info/top_level.txt
[2.103s] writing manifest file 'serverpublisher.egg-info/SOURCES.txt'
[2.105s] reading manifest file 'serverpublisher.egg-info/SOURCES.txt'
[2.105s] writing manifest file 'serverpublisher.egg-info/SOURCES.txt'
[2.139s] [  5%] Built target ament_cmake_python_build_serverpublisher_egg
[2.278s] [  5%] Built target serverpublisher__cpp
[2.283s] [  7%] [34m[1mGenerating C++ type support for eProsima Fast-RTPS[0m
[2.283s] [  7%] [34m[1mGenerating C++ introspection for ROS interfaces[0m
[2.283s] [  8%] [34m[1mGenerating C++ type support dispatch for ROS interfaces[0m
[2.296s] [ 13%] [32mBuilding C object CMakeFiles/serverpublisher__rosidl_generator_c.dir/rosidl_generator_c/serverpublisher/msg/detail/num__functions.c.o[0m
[2.296s] [ 13%] [32mBuilding C object CMakeFiles/serverpublisher__rosidl_generator_c.dir/rosidl_generator_c/serverpublisher/msg/detail/sphere__functions.c.o[0m
[2.297s] [ 13%] [32mBuilding C object CMakeFiles/serverpublisher__rosidl_generator_c.dir/rosidl_generator_c/serverpublisher/msg/detail/data__functions.c.o[0m
[2.297s] [ 13%] [32mBuilding C object CMakeFiles/serverpublisher__rosidl_generator_c.dir/rosidl_generator_c/serverpublisher/srv/detail/change_string__functions.c.o[0m
[2.297s] [ 15%] [32mBuilding C object CMakeFiles/serverpublisher__rosidl_generator_c.dir/rosidl_generator_c/serverpublisher/srv/detail/add_three_ints__functions.c.o[0m
[2.339s] [ 16%] [32m[1mLinking C shared library libserverpublisher__rosidl_generator_c.so[0m
[2.367s] [ 16%] Built target serverpublisher__rosidl_generator_c
[2.374s] [ 20%] [34m[1mGenerating C type support for eProsima Fast-RTPS[0m
[2.374s] [ 20%] [34m[1mGenerating C introspection for ROS interfaces[0m
[2.374s] [ 20%] [34m[1mGenerating C type support dispatch for ROS interfaces[0m
[2.554s] [ 25%] [32mBuilding CXX object CMakeFiles/serverpublisher__rosidl_typesupport_cpp.dir/rosidl_typesupport_cpp/serverpublisher/srv/change_string__type_support.cpp.o[0m
[2.554s] [ 26%] [32mBuilding CXX object CMakeFiles/serverpublisher__rosidl_typesupport_cpp.dir/rosidl_typesupport_cpp/serverpublisher/msg/data__type_support.cpp.o[0m
[2.554s] [ 26%] [32mBuilding CXX object CMakeFiles/serverpublisher__rosidl_typesupport_cpp.dir/rosidl_typesupport_cpp/serverpublisher/msg/sphere__type_support.cpp.o[0m
[2.554s] [ 26%] [32mBuilding CXX object CMakeFiles/serverpublisher__rosidl_typesupport_cpp.dir/rosidl_typesupport_cpp/serverpublisher/srv/add_three_ints__type_support.cpp.o[0m
[2.555s] [ 26%] [32mBuilding CXX object CMakeFiles/serverpublisher__rosidl_typesupport_cpp.dir/rosidl_typesupport_cpp/serverpublisher/msg/num__type_support.cpp.o[0m
[2.625s] [ 29%] [32mBuilding CXX object CMakeFiles/serverpublisher__rosidl_typesupport_introspection_cpp.dir/rosidl_typesupport_introspection_cpp/serverpublisher/srv/detail/add_three_ints__type_support.cpp.o[0m
[2.625s] [ 29%] [32mBuilding CXX object CMakeFiles/serverpublisher__rosidl_typesupport_introspection_cpp.dir/rosidl_typesupport_introspection_cpp/serverpublisher/msg/detail/num__type_support.cpp.o[0m
[2.625s] [ 30%] [32mBuilding CXX object CMakeFiles/serverpublisher__rosidl_typesupport_introspection_cpp.dir/rosidl_typesupport_introspection_cpp/serverpublisher/msg/detail/sphere__type_support.cpp.o[0m
[2.636s] [ 31%] [32mBuilding CXX object CMakeFiles/serverpublisher__rosidl_typesupport_introspection_cpp.dir/rosidl_typesupport_introspection_cpp/serverpublisher/srv/detail/change_string__type_support.cpp.o[0m
[2.655s] [ 32%] [32mBuilding CXX object CMakeFiles/serverpublisher__rosidl_typesupport_introspection_cpp.dir/rosidl_typesupport_introspection_cpp/serverpublisher/msg/detail/data__type_support.cpp.o[0m
[2.755s] [ 34%] [32mBuilding CXX object CMakeFiles/serverpublisher__rosidl_typesupport_c.dir/rosidl_typesupport_c/serverpublisher/msg/num__type_support.cpp.o[0m
[2.773s] [ 35%] [32m[1mLinking CXX static library libgtest_main.a[0m
[2.796s] [ 36%] [32mBuilding CXX object CMakeFiles/serverpublisher__rosidl_typesupport_fastrtps_cpp.dir/rosidl_typesupport_fastrtps_cpp/serverpublisher/msg/detail/dds_fastrtps/num__type_support.cpp.o[0m
[2.819s] [ 37%] [32mBuilding CXX object CMakeFiles/serverpublisher__rosidl_typesupport_c.dir/rosidl_typesupport_c/serverpublisher/msg/sphere__type_support.cpp.o[0m
[2.869s] [ 39%] [32mBuilding CXX object CMakeFiles/serverpublisher__rosidl_typesupport_c.dir/rosidl_typesupport_c/serverpublisher/msg/data__type_support.cpp.o[0m
[2.891s] [ 39%] Built target gtest_main
[2.893s] [ 41%] [32mBuilding CXX object CMakeFiles/serverpublisher__rosidl_typesupport_c.dir/rosidl_typesupport_c/serverpublisher/srv/add_three_ints__type_support.cpp.o[0m
[2.893s] [ 41%] [32mBuilding CXX object CMakeFiles/serverpublisher__rosidl_typesupport_fastrtps_cpp.dir/rosidl_typesupport_fastrtps_cpp/serverpublisher/msg/detail/dds_fastrtps/sphere__type_support.cpp.o[0m
[2.902s] [ 43%] [32mBuilding CXX object CMakeFiles/serverpublisher__rosidl_typesupport_fastrtps_cpp.dir/rosidl_typesupport_fastrtps_cpp/serverpublisher/msg/detail/dds_fastrtps/data__type_support.cpp.o[0m
[2.905s] [ 46%] [32mBuilding C object CMakeFiles/serverpublisher__rosidl_typesupport_introspection_c.dir/rosidl_typesupport_introspection_c/serverpublisher/msg/detail/sphere__type_support.c.o[0m
[2.905s] [ 46%] [32mBuilding C object CMakeFiles/serverpublisher__rosidl_typesupport_introspection_c.dir/rosidl_typesupport_introspection_c/serverpublisher/msg/detail/num__type_support.c.o[0m
[2.905s] [ 46%] [32mBuilding CXX object CMakeFiles/serverpublisher__rosidl_typesupport_fastrtps_cpp.dir/rosidl_typesupport_fastrtps_cpp/serverpublisher/srv/detail/dds_fastrtps/add_three_ints__type_support.cpp.o[0m
[2.928s] [ 48%] [32mBuilding CXX object CMakeFiles/serverpublisher__rosidl_typesupport_c.dir/rosidl_typesupport_c/serverpublisher/srv/change_string__type_support.cpp.o[0m
[2.939s] [ 49%] [32mBuilding C object CMakeFiles/serverpublisher__rosidl_typesupport_introspection_c.dir/rosidl_typesupport_introspection_c/serverpublisher/msg/detail/data__type_support.c.o[0m
[2.941s] [ 50%] [32mBuilding CXX object CMakeFiles/serverpublisher__rosidl_typesupport_fastrtps_cpp.dir/rosidl_typesupport_fastrtps_cpp/serverpublisher/srv/detail/dds_fastrtps/change_string__type_support.cpp.o[0m
[2.957s] [ 51%] [32mBuilding C object CMakeFiles/serverpublisher__rosidl_typesupport_introspection_c.dir/rosidl_typesupport_introspection_c/serverpublisher/srv/detail/add_three_ints__type_support.c.o[0m
[2.968s] [ 53%] [32m[1mLinking CXX shared library libserverpublisher__rosidl_typesupport_c.so[0m
[2.973s] [ 54%] [32mBuilding CXX object CMakeFiles/serverpublisher__rosidl_typesupport_fastrtps_c.dir/rosidl_typesupport_fastrtps_c/serverpublisher/msg/detail/num__type_support_c.cpp.o[0m
[2.979s] [ 55%] [32mBuilding C object CMakeFiles/serverpublisher__rosidl_typesupport_introspection_c.dir/rosidl_typesupport_introspection_c/serverpublisher/srv/detail/change_string__type_support.c.o[0m
[2.987s] [ 56%] [32m[1mLinking CXX shared library libserverpublisher__rosidl_typesupport_cpp.so[0m
[3.002s] [ 58%] [32mBuilding CXX object CMakeFiles/serverpublisher__rosidl_typesupport_fastrtps_c.dir/rosidl_typesupport_fastrtps_c/serverpublisher/msg/detail/sphere__type_support_c.cpp.o[0m
[3.028s] [ 59%] [32m[1mLinking C shared library libserverpublisher__rosidl_typesupport_introspection_c.so[0m
[3.036s] [ 59%] Built target serverpublisher__rosidl_typesupport_c
[3.043s] [ 59%] Built target serverpublisher__rosidl_typesupport_cpp
[3.048s] [ 60%] [32mBuilding CXX object CMakeFiles/serverpublisher__rosidl_typesupport_fastrtps_c.dir/rosidl_typesupport_fastrtps_c/serverpublisher/msg/detail/data__type_support_c.cpp.o[0m
[3.073s] [ 62%] [32mBuilding CXX object CMakeFiles/talker.dir/src/publisher_member_function.cpp.o[0m
[3.083s] [ 62%] Built target serverpublisher__rosidl_typesupport_introspection_c
[3.111s] [ 63%] [32mBuilding CXX object CMakeFiles/serverpublisher__rosidl_typesupport_fastrtps_c.dir/rosidl_typesupport_fastrtps_c/serverpublisher/srv/detail/add_three_ints__type_support_c.cpp.o[0m
[3.113s] [ 64%] [32mBuilding CXX object CMakeFiles/talkerandlistner.dir/src/pub_sub_node.cpp.o[0m
[3.138s] [ 65%] [32mBuilding CXX object CMakeFiles/serverpublisher__rosidl_typesupport_fastrtps_c.dir/rosidl_typesupport_fastrtps_c/serverpublisher/srv/detail/change_string__type_support_c.cpp.o[0m
[3.159s] [ 67%] [32m[1mLinking CXX shared library libserverpublisher__rosidl_typesupport_introspection_cpp.so[0m
[3.178s] [ 68%] [32mBuilding CXX object CMakeFiles/server.dir/src/add_two_ints_server.cpp.o[0m
[3.189s] [ 69%] [32mBuilding CXX object CMakeFiles/stringserver.dir/src/change_string_server.cpp.o[0m
[3.348s] [ 69%] Built target serverpublisher__rosidl_typesupport_introspection_cpp
[3.411s] [ 70%] [32mBuilding CXX object CMakeFiles/static_transform_publisher.dir/src/static_transform_publisher.cpp.o[0m
[3.520s] [ 72%] [32m[1mLinking CXX shared library libserverpublisher__rosidl_typesupport_fastrtps_cpp.so[0m
[3.611s] [ 72%] Built target serverpublisher__rosidl_typesupport_fastrtps_cpp
[3.642s] [ 73%] [32m[1mLinking CXX shared library libserverpublisher__rosidl_typesupport_fastrtps_c.so[0m
[3.733s] [ 73%] Built target serverpublisher__rosidl_typesupport_fastrtps_c
[3.754s] [ 73%] Built target serverpublisher
[3.770s] [ 74%] [34m[1mGenerating Python code for ROS interfaces[0m
[4.283s] [ 74%] Built target serverpublisher__py
[4.298s] [ 75%] [32mBuilding C object CMakeFiles/serverpublisher__rosidl_generator_py.dir/rosidl_generator_py/serverpublisher/msg/_sphere_s.c.o[0m
[4.298s] [ 81%] [32mBuilding C object CMakeFiles/serverpublisher__rosidl_generator_py.dir/rosidl_generator_py/serverpublisher/srv/_add_three_ints_s.c.o[0m
[4.298s] [ 81%] [32mBuilding C object CMakeFiles/serverpublisher__rosidl_generator_py.dir/rosidl_generator_py/serverpublisher/srv/_change_string_s.c.o[0m
[4.298s] [ 81%] [32mBuilding C object CMakeFiles/serverpublisher__rosidl_generator_py.dir/rosidl_generator_py/serverpublisher/msg/_data_s.c.o[0m
[4.298s] [ 81%] [32mBuilding C object CMakeFiles/serverpublisher__rosidl_generator_py.dir/rosidl_generator_py/serverpublisher/msg/_num_s.c.o[0m
[4.419s] [ 82%] [32m[1mLinking C shared library rosidl_generator_py/serverpublisher/libserverpublisher__rosidl_generator_py.so[0m
[4.451s] [ 82%] Built target serverpublisher__rosidl_generator_py
[4.465s] [ 84%] [32mBuilding C object CMakeFiles/serverpublisher__rosidl_typesupport_introspection_c__pyext.dir/rosidl_generator_py/serverpublisher/_serverpublisher_s.ep.rosidl_typesupport_introspection_c.c.o[0m
[4.465s] [ 84%] [32mBuilding C object CMakeFiles/serverpublisher__rosidl_typesupport_c__pyext.dir/rosidl_generator_py/serverpublisher/_serverpublisher_s.ep.rosidl_typesupport_c.c.o[0m
[4.465s] [ 86%] [32mBuilding C object CMakeFiles/serverpublisher__rosidl_typesupport_fastrtps_c__pyext.dir/rosidl_generator_py/serverpublisher/_serverpublisher_s.ep.rosidl_typesupport_fastrtps_c.c.o[0m
[4.554s] [ 87%] [32m[1mLinking C shared library rosidl_generator_py/serverpublisher/serverpublisher_s__rosidl_typesupport_fastrtps_c.cpython-310-x86_64-linux-gnu.so[0m
[4.589s] [ 87%] Built target serverpublisher__rosidl_typesupport_fastrtps_c__pyext
[4.591s] [ 88%] [32m[1mLinking C shared library rosidl_generator_py/serverpublisher/serverpublisher_s__rosidl_typesupport_introspection_c.cpython-310-x86_64-linux-gnu.so[0m
[4.594s] [ 89%] [32m[1mLinking C shared library rosidl_generator_py/serverpublisher/serverpublisher_s__rosidl_typesupport_c.cpython-310-x86_64-linux-gnu.so[0m
[4.619s] [ 89%] Built target serverpublisher__rosidl_typesupport_introspection_c__pyext
[4.622s] [ 89%] Built target serverpublisher__rosidl_typesupport_c__pyext
[4.942s] [ 91%] [32m[1mLinking CXX static library libgtest.a[0m
[5.005s] [ 91%] Built target gtest
[5.018s] [ 92%] [32mBuilding CXX object CMakeFiles/server_test.dir/test/test_server.cpp.o[0m
[6.240s] [ 93%] [32m[1mLinking CXX executable stringserver[0m
[6.257s] [ 94%] [32m[1mLinking CXX executable server[0m
[6.401s] [ 94%] Built target stringserver
[6.405s] [ 94%] Built target server
[7.329s] [01m[K/home/chotu/Beginner_Tutorials_Ros2/test/test_server.cpp:[m[K In member function â€˜[01m[Kvirtual void test_services_client_Manipulation1_Test::TestBody()[m[Kâ€™:
[7.329s] [01m[K/home/chotu/Beginner_Tutorials_Ros2/test/test_server.cpp:159:18:[m[K [01;31m[Kerror: [m[Kâ€˜[01m[Kros2_cpp_pubsub[m[Kâ€™ was not declared in this scope
[7.329s]   159 |                 <[01;31m[Kros2_cpp_pubsub[m[K::srv::ChangeString>(service_name);
[7.329s]       |                  [01;31m[K^~~~~~~~~~~~~~~[m[K
[7.329s] [01m[K/home/chotu/Beginner_Tutorials_Ros2/test/test_server.cpp:158:27:[m[K [01;31m[Kerror: [m[Kparse error in template argument list
[7.329s]   158 |     CLIENT client = node->[01;31m[Kcreate_client[m[K
[7.329s]       |                           [01;31m[K^~~~~~~~~~~~~[m[K
[7.329s]   159 | [01;31m[K                <ros2_cpp_pubsub::srv::ChangeString>[m[K(service_name);
[7.329s]       |                 [01;31m[K~~~~~~~~~~~~~~~~~~~~~~~~~~~~~~~~~~~~[m[K
[7.329s] [01m[K/home/chotu/Beginner_Tutorials_Ros2/test/test_server.cpp:159:53:[m[K [01;31m[Kerror: [m[Kno matching function for call to â€˜[01m[Krclcpp::Node::create_client<<expression error> >(const char*&)[m[Kâ€™
[7.329s]   158 |     CLIENT client = [01;31m[Knode->create_client[m[K
[7.329s]       |                     [01;31m[K~~~~~~~~~~~~~~~~~~~[m[K              
[7.329s]   159 | [01;31m[K                <ros2_cpp_pubsub::srv::ChangeString>(service_name)[m[K;
[7.329s]       |                 [01;31m[K~~~~~~~~~~~~~~~~~~~~~~~~~~~~~~~~~~~~^~~~~~~~~~~~~~[m[K
[7.329s] In file included from [01m[K/opt/ros/humble/include/rclcpp/rclcpp/executors/single_threaded_executor.hpp:28[m[K,
[7.329s]                  from [01m[K/opt/ros/humble/include/rclcpp/rclcpp/executors.hpp:22[m[K,
[7.330s]                  from [01m[K/opt/ros/humble/include/rclcpp/rclcpp/rclcpp.hpp:155[m[K,
[7.330s]                  from [01m[K/home/chotu/Beginner_Tutorials_Ros2/test/test_server.cpp:66[m[K:
[7.330s] [01m[K/opt/ros/humble/include/rclcpp/rclcpp/node.hpp:252:3:[m[K [01;36m[Knote: [m[Kcandidate: â€˜[01m[Ktemplate<class ServiceT> typename rclcpp::Client<ServiceT>::SharedPtr rclcpp::Node::create_client(const string&, const rmw_qos_profile_t&, rclcpp::CallbackGroup::SharedPtr)[m[Kâ€™
[7.330s]   252 |   [01;36m[Kcreate_client[m[K(
[7.330s]       |   [01;36m[K^~~~~~~~~~~~~[m[K
[7.330s] [01m[K/opt/ros/humble/include/rclcpp/rclcpp/node.hpp:252:3:[m[K [01;36m[Knote: [m[K  template argument deduction/substitution failed:
[7.330s] [01m[K/home/chotu/Beginner_Tutorials_Ros2/test/test_server.cpp:159:53:[m[K [01;31m[Kerror: [m[Ktemplate argument 1 is invalid
[7.330s]   158 |     CLIENT client = [01;31m[Knode->create_client[m[K
[7.330s]       |                     [01;31m[K~~~~~~~~~~~~~~~~~~~[m[K              
[7.330s]   159 | [01;31m[K                <ros2_cpp_pubsub::srv::ChangeString>(service_name)[m[K;
[7.330s]       |                 [01;31m[K~~~~~~~~~~~~~~~~~~~~~~~~~~~~~~~~~~~~^~~~~~~~~~~~~~[m[K
[7.330s] [01m[K/home/chotu/Beginner_Tutorials_Ros2/test/test_server.cpp:168:25:[m[K [01;31m[Kerror: [m[Kparse error in template argument list
[7.330s]   168 |     auto request = std::[01;31m[Kmake_shared[m[K
[7.330s]       |                         [01;31m[K^~~~~~~~~~~[m[K
[7.330s]   169 | [01;31m[K            <ros2_cpp_pubsub::srv::ChangeString::Request>[m[K();
[7.330s]       |             [01;31m[K~~~~~~~~~~~~~~~~~~~~~~~~~~~~~~~~~~~~~~~~~~~~~[m[K
[7.330s] [01m[K/home/chotu/Beginner_Tutorials_Ros2/test/test_server.cpp:169:58:[m[K [01;31m[Kerror: [m[Kno matching function for call to â€˜[01m[Kmake_shared<ros2_cpp_pubsub>()[m[Kâ€™
[7.330s]   168 |     auto request = [01;31m[Kstd::make_shared[m[K
[7.330s]       |                    [01;31m[K~~~~~~~~~~~~~~~~[m[K                       
[7.330s]   169 | [01;31m[K            <ros2_cpp_pubsub::srv::ChangeString::Request>()[m[K;
[7.330s]       |             [01;31m[K~~~~~~~~~~~~~~~~~~~~~~~~~~~~~~~~~~~~~~~~~~~~~^~[m[K
[7.330s] In file included from [01m[K/usr/include/c++/11/memory:77[m[K,
[7.330s]                  from [01m[K/home/chotu/Beginner_Tutorials_Ros2/test/test_server.cpp:58[m[K:
[7.330s] [01m[K/usr/include/c++/11/bits/shared_ptr.h:875:5:[m[K [01;36m[Knote: [m[Kcandidate: â€˜[01m[Ktemplate<class _Tp, class ... _Args> std::shared_ptr<_Tp> std::make_shared(_Args&& ...)[m[Kâ€™
[7.330s]   875 |     [01;36m[Kmake_shared[m[K(_Args&&... __args)
[7.330s]       |     [01;36m[K^~~~~~~~~~~[m[K
[7.331s] [01m[K/usr/include/c++/11/bits/shared_ptr.h:875:5:[m[K [01;36m[Knote: [m[K  template argument deduction/substitution failed:
[7.339s] [01m[K/home/chotu/Beginner_Tutorials_Ros2/test/test_server.cpp:[m[K In member function â€˜[01m[Kvirtual void test_services_client_Manipulation2_Test::TestBody()[m[Kâ€™:
[7.339s] [01m[K/home/chotu/Beginner_Tutorials_Ros2/test/test_server.cpp:197:18:[m[K [01;31m[Kerror: [m[Kâ€˜[01m[Kros2_cpp_pubsub[m[Kâ€™ was not declared in this scope
[7.339s]   197 |                 <[01;31m[Kros2_cpp_pubsub[m[K::srv::ChangeString>(service_name);
[7.339s]       |                  [01;31m[K^~~~~~~~~~~~~~~[m[K
[7.339s] [01m[K/home/chotu/Beginner_Tutorials_Ros2/test/test_server.cpp:196:27:[m[K [01;31m[Kerror: [m[Kparse error in template argument list
[7.339s]   196 |     CLIENT client = node->[01;31m[Kcreate_client[m[K
[7.339s]       |                           [01;31m[K^~~~~~~~~~~~~[m[K
[7.339s]   197 | [01;31m[K                <ros2_cpp_pubsub::srv::ChangeString>[m[K(service_name);
[7.339s]       |                 [01;31m[K~~~~~~~~~~~~~~~~~~~~~~~~~~~~~~~~~~~~[m[K
[7.339s] [01m[K/home/chotu/Beginner_Tutorials_Ros2/test/test_server.cpp:197:53:[m[K [01;31m[Kerror: [m[Kno matching function for call to â€˜[01m[Krclcpp::Node::create_client<<expression error> >(const char*&)[m[Kâ€™
[7.339s]   196 |     CLIENT client = [01;31m[Knode->create_client[m[K
[7.339s]       |                     [01;31m[K~~~~~~~~~~~~~~~~~~~[m[K              
[7.340s]   197 | [01;31m[K                <ros2_cpp_pubsub::srv::ChangeString>(service_name)[m[K;
[7.340s]       |                 [01;31m[K~~~~~~~~~~~~~~~~~~~~~~~~~~~~~~~~~~~~^~~~~~~~~~~~~~[m[K
[7.340s] In file included from [01m[K/opt/ros/humble/include/rclcpp/rclcpp/executors/single_threaded_executor.hpp:28[m[K,
[7.340s]                  from [01m[K/opt/ros/humble/include/rclcpp/rclcpp/executors.hpp:22[m[K,
[7.340s]                  from [01m[K/opt/ros/humble/include/rclcpp/rclcpp/rclcpp.hpp:155[m[K,
[7.340s]                  from [01m[K/home/chotu/Beginner_Tutorials_Ros2/test/test_server.cpp:66[m[K:
[7.340s] [01m[K/opt/ros/humble/include/rclcpp/rclcpp/node.hpp:252:3:[m[K [01;36m[Knote: [m[Kcandidate: â€˜[01m[Ktemplate<class ServiceT> typename rclcpp::Client<ServiceT>::SharedPtr rclcpp::Node::create_client(const string&, const rmw_qos_profile_t&, rclcpp::CallbackGroup::SharedPtr)[m[Kâ€™
[7.340s]   252 |   [01;36m[Kcreate_client[m[K(
[7.340s]       |   [01;36m[K^~~~~~~~~~~~~[m[K
[7.340s] [01m[K/opt/ros/humble/include/rclcpp/rclcpp/node.hpp:252:3:[m[K [01;36m[Knote: [m[K  template argument deduction/substitution failed:
[7.340s] [01m[K/home/chotu/Beginner_Tutorials_Ros2/test/test_server.cpp:197:53:[m[K [01;31m[Kerror: [m[Ktemplate argument 1 is invalid
[7.340s]   196 |     CLIENT client = [01;31m[Knode->create_client[m[K
[7.340s]       |                     [01;31m[K~~~~~~~~~~~~~~~~~~~[m[K              
[7.340s]   197 | [01;31m[K                <ros2_cpp_pubsub::srv::ChangeString>(service_name)[m[K;
[7.340s]       |                 [01;31m[K~~~~~~~~~~~~~~~~~~~~~~~~~~~~~~~~~~~~^~~~~~~~~~~~~~[m[K
[7.340s] [01m[K/home/chotu/Beginner_Tutorials_Ros2/test/test_server.cpp:207:25:[m[K [01;31m[Kerror: [m[Kparse error in template argument list
[7.340s]   207 |     auto request = std::[01;31m[Kmake_shared[m[K
[7.340s]       |                         [01;31m[K^~~~~~~~~~~[m[K
[7.340s]   208 | [01;31m[K            <ros2_cpp_pubsub::srv::ChangeString::Request>[m[K();
[7.340s]       |             [01;31m[K~~~~~~~~~~~~~~~~~~~~~~~~~~~~~~~~~~~~~~~~~~~~~[m[K
[7.340s] [01m[K/home/chotu/Beginner_Tutorials_Ros2/test/test_server.cpp:208:58:[m[K [01;31m[Kerror: [m[Kno matching function for call to â€˜[01m[Kmake_shared<ros2_cpp_pubsub>()[m[Kâ€™
[7.340s]   207 |     auto request = [01;31m[Kstd::make_shared[m[K
[7.340s]       |                    [01;31m[K~~~~~~~~~~~~~~~~[m[K                       
[7.340s]   208 | [01;31m[K            <ros2_cpp_pubsub::srv::ChangeString::Request>()[m[K;
[7.340s]       |             [01;31m[K~~~~~~~~~~~~~~~~~~~~~~~~~~~~~~~~~~~~~~~~~~~~~^~[m[K
[7.341s] In file included from [01m[K/usr/include/c++/11/memory:77[m[K,
[7.341s]                  from [01m[K/home/chotu/Beginner_Tutorials_Ros2/test/test_server.cpp:58[m[K:
[7.341s] [01m[K/usr/include/c++/11/bits/shared_ptr.h:875:5:[m[K [01;36m[Knote: [m[Kcandidate: â€˜[01m[Ktemplate<class _Tp, class ... _Args> std::shared_ptr<_Tp> std::make_shared(_Args&& ...)[m[Kâ€™
[7.341s]   875 |     [01;36m[Kmake_shared[m[K(_Args&&... __args)
[7.341s]       |     [01;36m[K^~~~~~~~~~~[m[K
[7.341s] [01m[K/usr/include/c++/11/bits/shared_ptr.h:875:5:[m[K [01;36m[Knote: [m[K  template argument deduction/substitution failed:
[7.364s] [ 96%] [32m[1mLinking CXX executable static_transform_publisher[0m
[7.559s] [ 96%] Built target static_transform_publisher
[9.402s] gmake[2]: *** [CMakeFiles/server_test.dir/build.make:76: CMakeFiles/server_test.dir/test/test_server.cpp.o] Error 1
[9.402s] gmake[1]: *** [CMakeFiles/Makefile2:624: CMakeFiles/server_test.dir/all] Error 2
[9.402s] gmake[1]: *** Waiting for unfinished jobs....
[10.207s] [ 97%] [32m[1mLinking CXX executable talker[0m
[10.406s] [ 98%] [32m[1mLinking CXX executable talkerandlistner[0m
[10.500s] [ 98%] Built target talker
[10.670s] [ 98%] Built target talkerandlistner
[10.671s] gmake: *** [Makefile:146: all] Error 2
[10.673s] Invoked command in '/home/chotu/Beginner_Tutorials_Ros2/build/serverpublisher' returned '2': CMAKE_PREFIX_PATH=/opt/ros/humble /usr/bin/cmake --build /home/chotu/Beginner_Tutorials_Ros2/build/serverpublisher -- -j16 -l16
