<?xml version="1.0" encoding="UTF-8"?>
<Site BuildName="(empty)"
	BuildStamp="20221105-0044-Experimental"
	Name="sahruday-Legion-S7-15ACH6"
	Generator="ctest-3.22.1"
	CompilerName="/usr/bin/c++"
	CompilerVersion="11.3.0"
	OSName="Linux"
	Hostname="sahruday-Legion-S7-15ACH6"
	OSRelease="5.15.0-52-generic"
	OSVersion="#58-Ubuntu SMP Thu Oct 13 08:03:55 UTC 2022"
	OSPlatform="x86_64"
	Is64Bits="1"
	VendorString="AuthenticAMD"
	VendorID="Advanced Micro Devices"
	FamilyID="25"
	ModelID="80"
	ProcessorCacheSize="512"
	NumberOfLogicalCPU="16"
	NumberOfPhysicalCPU="8"
	TotalVirtualMemory="2047"
	TotalPhysicalMemory="15356"
	LogicalProcessorsPerPhysical="2"
	ProcessorClockFrequency="400"
	>
	<Testing>
		<StartDateTime>Nov 04 20:44 EDT</StartDateTime>
		<StartTestTime>1667609042</StartTestTime>
		<TestList>
			<Test>./copyright</Test>
			<Test>./cppcheck</Test>
			<Test>./cpplint</Test>
			<Test>./flake8</Test>
			<Test>./lint_cmake</Test>
			<Test>./pep257</Test>
			<Test>./uncrustify</Test>
			<Test>./xmllint</Test>
		</TestList>
		<Test Status="failed">
			<Name>copyright</Name>
			<Path>.</Path>
			<FullName>./copyright</FullName>
			<FullCommandLine>/usr/bin/python3.10 "-u" "/home/sahruday/ros2_humble/install/ament_cmake_test/share/ament_cmake_test/cmake/run_test.py" "/home/sahruday/Documents/Github/Ros2/src/cpp_pubsub/build/cpp_pubsub/test_results/cpp_pubsub/copyright.xunit.xml" "--package-name" "cpp_pubsub" "--output-file" "/home/sahruday/Documents/Github/Ros2/src/cpp_pubsub/build/cpp_pubsub/ament_copyright/copyright.txt" "--command" "/home/sahruday/ros2_humble/install/ament_copyright/bin/ament_copyright" "--xunit-file" "/home/sahruday/Documents/Github/Ros2/src/cpp_pubsub/build/cpp_pubsub/test_results/cpp_pubsub/copyright.xunit.xml"</FullCommandLine>
			<Results>
				<NamedMeasurement type="text/string" name="Exit Code">
					<Value>Failed</Value>
				</NamedMeasurement>
				<NamedMeasurement type="text/string" name="Exit Value">
					<Value>1</Value>
				</NamedMeasurement>
				<NamedMeasurement type="numeric/double" name="Execution Time">
					<Value>0.498351</Value>
				</NamedMeasurement>
				<NamedMeasurement type="numeric/double" name="Processors">
					<Value>1</Value>
				</NamedMeasurement>
				<NamedMeasurement type="text/string" name="Completion Status">
					<Value>Completed</Value>
				</NamedMeasurement>
				<NamedMeasurement type="text/string" name="Command Line">
					<Value>/usr/bin/python3.10 "-u" "/home/sahruday/ros2_humble/install/ament_cmake_test/share/ament_cmake_test/cmake/run_test.py" "/home/sahruday/Documents/Github/Ros2/src/cpp_pubsub/build/cpp_pubsub/test_results/cpp_pubsub/copyright.xunit.xml" "--package-name" "cpp_pubsub" "--output-file" "/home/sahruday/Documents/Github/Ros2/src/cpp_pubsub/build/cpp_pubsub/ament_copyright/copyright.txt" "--command" "/home/sahruday/ros2_humble/install/ament_copyright/bin/ament_copyright" "--xunit-file" "/home/sahruday/Documents/Github/Ros2/src/cpp_pubsub/build/cpp_pubsub/test_results/cpp_pubsub/copyright.xunit.xml"</Value>
				</NamedMeasurement>
				<NamedMeasurement type="text/string" name="Environment">
					<Value>#CTEST_RESOURCE_GROUP_COUNT=</Value>
				</NamedMeasurement>
				<Measurement>
					<Value>-- run_test.py: invoking following command in '/home/sahruday/Documents/Github/Ros2/src/cpp_pubsub':
 - /home/sahruday/ros2_humble/install/ament_copyright/bin/ament_copyright --xunit-file /home/sahruday/Documents/Github/Ros2/src/cpp_pubsub/build/cpp_pubsub/test_results/cpp_pubsub/copyright.xunit.xml
build/cpp_pubsub/CMakeFiles/3.22.1/CMakeCCompiler.cmake: could not find copyright notice
build/cpp_pubsub/CMakeFiles/3.22.1/CMakeCXXCompiler.cmake: could not find copyright notice
build/cpp_pubsub/CMakeFiles/3.22.1/CMakeSystem.cmake: could not find copyright notice
build/cpp_pubsub/CMakeFiles/3.22.1/CompilerIdC/CMakeCCompilerId.c: could not find copyright notice
build/cpp_pubsub/CMakeFiles/3.22.1/CompilerIdCXX/CMakeCXXCompilerId.cpp: could not find copyright notice
build/cpp_pubsub/CMakeFiles/CMakeDirectoryInformation.cmake: could not find copyright notice
build/cpp_pubsub/CMakeFiles/Makefile.cmake: could not find copyright notice
build/cpp_pubsub/CMakeFiles/cpp_pubsub_uninstall.dir/DependInfo.cmake: could not find copyright notice
build/cpp_pubsub/CMakeFiles/cpp_pubsub_uninstall.dir/cmake_clean.cmake: could not find copyright notice
build/cpp_pubsub/CMakeFiles/listener.dir/DependInfo.cmake: could not find copyright notice
build/cpp_pubsub/CMakeFiles/listener.dir/cmake_clean.cmake: could not find copyright notice
build/cpp_pubsub/CMakeFiles/talker.dir/DependInfo.cmake: could not find copyright notice
build/cpp_pubsub/CMakeFiles/talker.dir/cmake_clean.cmake: could not find copyright notice
build/cpp_pubsub/CMakeFiles/uninstall.dir/DependInfo.cmake: could not find copyright notice
build/cpp_pubsub/CMakeFiles/uninstall.dir/cmake_clean.cmake: could not find copyright notice
build/cpp_pubsub/CPackConfig.cmake: could not find copyright notice
build/cpp_pubsub/CPackSourceConfig.cmake: could not find copyright notice
build/cpp_pubsub/CTestCustom.cmake: could not find copyright notice
build/cpp_pubsub/CTestTestfile.cmake: could not find copyright notice
build/cpp_pubsub/ament_cmake_core/cpp_pubsubConfig-version.cmake: could not find copyright notice
build/cpp_pubsub/ament_cmake_core/cpp_pubsubConfig.cmake: could not find copyright notice
build/cpp_pubsub/ament_cmake_core/package.cmake: could not find copyright notice
build/cpp_pubsub/ament_cmake_package_templates/templates.cmake: could not find copyright notice
build/cpp_pubsub/ament_cmake_symlink_install/ament_cmake_symlink_install.cmake: could not find copyright notice
build/cpp_pubsub/ament_cmake_symlink_install/ament_cmake_symlink_install_uninstall_script.cmake: could not find copyright notice
build/cpp_pubsub/ament_cmake_symlink_install_targets_0_.cmake: could not find copyright notice
build/cpp_pubsub/ament_cmake_symlink_install_targets_1_.cmake: could not find copyright notice
build/cpp_pubsub/ament_cmake_uninstall_target/ament_cmake_uninstall_target.cmake: could not find copyright notice
build/cpp_pubsub/cmake_install.cmake: could not find copyright notice
install/_local_setup_util_ps1.py: copyright=Dirk Thomas (2016-2019), license=&lt;unknown&gt;
install/_local_setup_util_sh.py: copyright=Dirk Thomas (2016-2019), license=&lt;unknown&gt;
install/cpp_pubsub/share/cpp_pubsub/cmake/cpp_pubsubConfig-version.cmake: could not find copyright notice
install/cpp_pubsub/share/cpp_pubsub/cmake/cpp_pubsubConfig.cmake: could not find copyright notice
33 errors, checked 35 files
-- run_test.py: return code 1
-- run_test.py: verify result file '/home/sahruday/Documents/Github/Ros2/src/cpp_pubsub/build/cpp_pubsub/test_results/cpp_pubsub/copyright.xunit.xml'
</Value>
				</Measurement>
			</Results>
			<Labels>
				<Label>copyright</Label>
				<Label>linter</Label>
			</Labels>
		</Test>
		<Test Status="passed">
			<Name>cppcheck</Name>
			<Path>.</Path>
			<FullName>./cppcheck</FullName>
			<FullCommandLine>/usr/bin/python3.10 "-u" "/home/sahruday/ros2_humble/install/ament_cmake_test/share/ament_cmake_test/cmake/run_test.py" "/home/sahruday/Documents/Github/Ros2/src/cpp_pubsub/build/cpp_pubsub/test_results/cpp_pubsub/cppcheck.xunit.xml" "--package-name" "cpp_pubsub" "--output-file" "/home/sahruday/Documents/Github/Ros2/src/cpp_pubsub/build/cpp_pubsub/ament_cppcheck/cppcheck.txt" "--command" "/home/sahruday/ros2_humble/install/ament_cppcheck/bin/ament_cppcheck" "--xunit-file" "/home/sahruday/Documents/Github/Ros2/src/cpp_pubsub/build/cpp_pubsub/test_results/cpp_pubsub/cppcheck.xunit.xml"</FullCommandLine>
			<Results>
				<NamedMeasurement type="numeric/double" name="Execution Time">
					<Value>0.343597</Value>
				</NamedMeasurement>
				<NamedMeasurement type="numeric/double" name="Processors">
					<Value>1</Value>
				</NamedMeasurement>
				<NamedMeasurement type="text/string" name="Completion Status">
					<Value>Completed</Value>
				</NamedMeasurement>
				<NamedMeasurement type="text/string" name="Command Line">
					<Value>/usr/bin/python3.10 "-u" "/home/sahruday/ros2_humble/install/ament_cmake_test/share/ament_cmake_test/cmake/run_test.py" "/home/sahruday/Documents/Github/Ros2/src/cpp_pubsub/build/cpp_pubsub/test_results/cpp_pubsub/cppcheck.xunit.xml" "--package-name" "cpp_pubsub" "--output-file" "/home/sahruday/Documents/Github/Ros2/src/cpp_pubsub/build/cpp_pubsub/ament_cppcheck/cppcheck.txt" "--command" "/home/sahruday/ros2_humble/install/ament_cppcheck/bin/ament_cppcheck" "--xunit-file" "/home/sahruday/Documents/Github/Ros2/src/cpp_pubsub/build/cpp_pubsub/test_results/cpp_pubsub/cppcheck.xunit.xml"</Value>
				</NamedMeasurement>
				<NamedMeasurement type="text/string" name="Environment">
					<Value>#CTEST_RESOURCE_GROUP_COUNT=</Value>
				</NamedMeasurement>
				<Measurement>
					<Value>-- run_test.py: invoking following command in '/home/sahruday/Documents/Github/Ros2/src/cpp_pubsub':
 - /home/sahruday/ros2_humble/install/ament_cppcheck/bin/ament_cppcheck --xunit-file /home/sahruday/Documents/Github/Ros2/src/cpp_pubsub/build/cpp_pubsub/test_results/cpp_pubsub/cppcheck.xunit.xml
cppcheck 2.7 has known performance issues and therefore will not be used, set the AMENT_CPPCHECK_ALLOW_SLOW_VERSIONS environment variable to override this.
-- run_test.py: return code 0
-- run_test.py: verify result file '/home/sahruday/Documents/Github/Ros2/src/cpp_pubsub/build/cpp_pubsub/test_results/cpp_pubsub/cppcheck.xunit.xml'
</Value>
				</Measurement>
			</Results>
			<Labels>
				<Label>cppcheck</Label>
				<Label>linter</Label>
			</Labels>
		</Test>
		<Test Status="failed">
			<Name>cpplint</Name>
			<Path>.</Path>
			<FullName>./cpplint</FullName>
			<FullCommandLine>/usr/bin/python3.10 "-u" "/home/sahruday/ros2_humble/install/ament_cmake_test/share/ament_cmake_test/cmake/run_test.py" "/home/sahruday/Documents/Github/Ros2/src/cpp_pubsub/build/cpp_pubsub/test_results/cpp_pubsub/cpplint.xunit.xml" "--package-name" "cpp_pubsub" "--output-file" "/home/sahruday/Documents/Github/Ros2/src/cpp_pubsub/build/cpp_pubsub/ament_cpplint/cpplint.txt" "--command" "/home/sahruday/ros2_humble/install/ament_cpplint/bin/ament_cpplint" "--xunit-file" "/home/sahruday/Documents/Github/Ros2/src/cpp_pubsub/build/cpp_pubsub/test_results/cpp_pubsub/cpplint.xunit.xml"</FullCommandLine>
			<Results>
				<NamedMeasurement type="text/string" name="Exit Code">
					<Value>Failed</Value>
				</NamedMeasurement>
				<NamedMeasurement type="text/string" name="Exit Value">
					<Value>1</Value>
				</NamedMeasurement>
				<NamedMeasurement type="numeric/double" name="Execution Time">
					<Value>0.489528</Value>
				</NamedMeasurement>
				<NamedMeasurement type="numeric/double" name="Processors">
					<Value>1</Value>
				</NamedMeasurement>
				<NamedMeasurement type="text/string" name="Completion Status">
					<Value>Completed</Value>
				</NamedMeasurement>
				<NamedMeasurement type="text/string" name="Command Line">
					<Value>/usr/bin/python3.10 "-u" "/home/sahruday/ros2_humble/install/ament_cmake_test/share/ament_cmake_test/cmake/run_test.py" "/home/sahruday/Documents/Github/Ros2/src/cpp_pubsub/build/cpp_pubsub/test_results/cpp_pubsub/cpplint.xunit.xml" "--package-name" "cpp_pubsub" "--output-file" "/home/sahruday/Documents/Github/Ros2/src/cpp_pubsub/build/cpp_pubsub/ament_cpplint/cpplint.txt" "--command" "/home/sahruday/ros2_humble/install/ament_cpplint/bin/ament_cpplint" "--xunit-file" "/home/sahruday/Documents/Github/Ros2/src/cpp_pubsub/build/cpp_pubsub/test_results/cpp_pubsub/cpplint.xunit.xml"</Value>
				</NamedMeasurement>
				<NamedMeasurement type="text/string" name="Environment">
					<Value>#CTEST_RESOURCE_GROUP_COUNT=</Value>
				</NamedMeasurement>
				<Measurement>
					<Value>-- run_test.py: invoking following command in '/home/sahruday/Documents/Github/Ros2/src/cpp_pubsub':
 - /home/sahruday/ros2_humble/install/ament_cpplint/bin/ament_cpplint --xunit-file /home/sahruday/Documents/Github/Ros2/src/cpp_pubsub/build/cpp_pubsub/test_results/cpp_pubsub/cpplint.xunit.xml
/home/sahruday/Documents/Github/Ros2/src/cpp_pubsub/build/cpp_pubsub/CMakeFiles/3.22.1/CompilerIdC/CMakeCCompilerId.c:0:  No copyright message found.  You should have a line: "Copyright [year] &lt;Copyright Owner&gt;"  [legal/copyright] [5]
/home/sahruday/Documents/Github/Ros2/src/cpp_pubsub/build/cpp_pubsub/CMakeFiles/3.22.1/CompilerIdCXX/CMakeCXXCompilerId.cpp:0:  No copyright message found.  You should have a line: "Copyright [year] &lt;Copyright Owner&gt;"  [legal/copyright] [5]
Category 'legal/copyright' errors found: 2
Total errors found: 2
Using '--root=/home/sahruday/Documents/Github/Ros2/src' argument

Done processing /home/sahruday/Documents/Github/Ros2/src/cpp_pubsub/build/cpp_pubsub/CMakeFiles/3.22.1/CompilerIdC/CMakeCCompilerId.c

Done processing /home/sahruday/Documents/Github/Ros2/src/cpp_pubsub/build/cpp_pubsub/CMakeFiles/3.22.1/CompilerIdCXX/CMakeCXXCompilerId.cpp

Using '--root=/home/sahruday/Documents/Github/Ros2/src/cpp_pubsub/src' argument

Done processing /home/sahruday/Documents/Github/Ros2/src/cpp_pubsub/src/publisher_member_function.cpp

Done processing /home/sahruday/Documents/Github/Ros2/src/cpp_pubsub/src/subscriber_member_function.cpp

-- run_test.py: return code 1
-- run_test.py: verify result file '/home/sahruday/Documents/Github/Ros2/src/cpp_pubsub/build/cpp_pubsub/test_results/cpp_pubsub/cpplint.xunit.xml'
</Value>
				</Measurement>
			</Results>
			<Labels>
				<Label>cpplint</Label>
				<Label>linter</Label>
			</Labels>
		</Test>
		<Test Status="failed">
			<Name>flake8</Name>
			<Path>.</Path>
			<FullName>./flake8</FullName>
			<FullCommandLine>/usr/bin/python3.10 "-u" "/home/sahruday/ros2_humble/install/ament_cmake_test/share/ament_cmake_test/cmake/run_test.py" "/home/sahruday/Documents/Github/Ros2/src/cpp_pubsub/build/cpp_pubsub/test_results/cpp_pubsub/flake8.xunit.xml" "--package-name" "cpp_pubsub" "--output-file" "/home/sahruday/Documents/Github/Ros2/src/cpp_pubsub/build/cpp_pubsub/ament_flake8/flake8.txt" "--command" "/home/sahruday/ros2_humble/install/ament_flake8/bin/ament_flake8" "--xunit-file" "/home/sahruday/Documents/Github/Ros2/src/cpp_pubsub/build/cpp_pubsub/test_results/cpp_pubsub/flake8.xunit.xml"</FullCommandLine>
			<Results>
				<NamedMeasurement type="text/string" name="Exit Code">
					<Value>Failed</Value>
				</NamedMeasurement>
				<NamedMeasurement type="text/string" name="Exit Value">
					<Value>1</Value>
				</NamedMeasurement>
				<NamedMeasurement type="numeric/double" name="Execution Time">
					<Value>0.789226</Value>
				</NamedMeasurement>
				<NamedMeasurement type="numeric/double" name="Processors">
					<Value>1</Value>
				</NamedMeasurement>
				<NamedMeasurement type="text/string" name="Completion Status">
					<Value>Completed</Value>
				</NamedMeasurement>
				<NamedMeasurement type="text/string" name="Command Line">
					<Value>/usr/bin/python3.10 "-u" "/home/sahruday/ros2_humble/install/ament_cmake_test/share/ament_cmake_test/cmake/run_test.py" "/home/sahruday/Documents/Github/Ros2/src/cpp_pubsub/build/cpp_pubsub/test_results/cpp_pubsub/flake8.xunit.xml" "--package-name" "cpp_pubsub" "--output-file" "/home/sahruday/Documents/Github/Ros2/src/cpp_pubsub/build/cpp_pubsub/ament_flake8/flake8.txt" "--command" "/home/sahruday/ros2_humble/install/ament_flake8/bin/ament_flake8" "--xunit-file" "/home/sahruday/Documents/Github/Ros2/src/cpp_pubsub/build/cpp_pubsub/test_results/cpp_pubsub/flake8.xunit.xml"</Value>
				</NamedMeasurement>
				<NamedMeasurement type="text/string" name="Environment">
					<Value>#CTEST_RESOURCE_GROUP_COUNT=</Value>
				</NamedMeasurement>
				<Measurement>
					<Value>-- run_test.py: invoking following command in '/home/sahruday/Documents/Github/Ros2/src/cpp_pubsub':
 - /home/sahruday/ros2_humble/install/ament_flake8/bin/ament_flake8 --xunit-file /home/sahruday/Documents/Github/Ros2/src/cpp_pubsub/build/cpp_pubsub/test_results/cpp_pubsub/flake8.xunit.xml
FORMAT_STR_INVOKE_SCRIPT = 'COLCON_CURRENT_PREFIX="{prefix}" _colcon_prefix_sh_source_script "{script_path}"'
                                                                                                   ^
FORMAT_STR_REMOVE_LEADING_SEPARATOR = 'if [ "$(echo -n ${name} | head -c 1)" = ":" ]; then export {name}=${{{name}#?}} ; fi'
                                                                                                   ^
FORMAT_STR_REMOVE_TRAILING_SEPARATOR = 'if [ "$(echo -n ${name} | tail -c 1)" = ":" ]; then export {name}=${{{name}%?}} ; fi'
                                                                                                   ^
3     E501 line too long (109 &gt; 99 characters)

./install/_local_setup_util_sh.py:14:100: E501 line too long (109 &gt; 99 characters)

./install/_local_setup_util_sh.py:15:100: E501 line too long (124 &gt; 99 characters)

./install/_local_setup_util_sh.py:16:100: E501 line too long (125 &gt; 99 characters)


2 files checked
3 errors

'E'-type errors: 3

Checked files:

* ./install/_local_setup_util_ps1.py
* ./install/_local_setup_util_sh.py
-- run_test.py: return code 1
-- run_test.py: verify result file '/home/sahruday/Documents/Github/Ros2/src/cpp_pubsub/build/cpp_pubsub/test_results/cpp_pubsub/flake8.xunit.xml'
</Value>
				</Measurement>
			</Results>
			<Labels>
				<Label>flake8</Label>
				<Label>linter</Label>
			</Labels>
		</Test>
		<Test Status="failed">
			<Name>lint_cmake</Name>
			<Path>.</Path>
			<FullName>./lint_cmake</FullName>
			<FullCommandLine>/usr/bin/python3.10 "-u" "/home/sahruday/ros2_humble/install/ament_cmake_test/share/ament_cmake_test/cmake/run_test.py" "/home/sahruday/Documents/Github/Ros2/src/cpp_pubsub/build/cpp_pubsub/test_results/cpp_pubsub/lint_cmake.xunit.xml" "--package-name" "cpp_pubsub" "--output-file" "/home/sahruday/Documents/Github/Ros2/src/cpp_pubsub/build/cpp_pubsub/ament_lint_cmake/lint_cmake.txt" "--command" "/home/sahruday/ros2_humble/install/ament_lint_cmake/bin/ament_lint_cmake" "--xunit-file" "/home/sahruday/Documents/Github/Ros2/src/cpp_pubsub/build/cpp_pubsub/test_results/cpp_pubsub/lint_cmake.xunit.xml"</FullCommandLine>
			<Results>
				<NamedMeasurement type="text/string" name="Exit Code">
					<Value>Failed</Value>
				</NamedMeasurement>
				<NamedMeasurement type="text/string" name="Exit Value">
					<Value>1</Value>
				</NamedMeasurement>
				<NamedMeasurement type="numeric/double" name="Execution Time">
					<Value>0.358091</Value>
				</NamedMeasurement>
				<NamedMeasurement type="numeric/double" name="Processors">
					<Value>1</Value>
				</NamedMeasurement>
				<NamedMeasurement type="text/string" name="Completion Status">
					<Value>Completed</Value>
				</NamedMeasurement>
				<NamedMeasurement type="text/string" name="Command Line">
					<Value>/usr/bin/python3.10 "-u" "/home/sahruday/ros2_humble/install/ament_cmake_test/share/ament_cmake_test/cmake/run_test.py" "/home/sahruday/Documents/Github/Ros2/src/cpp_pubsub/build/cpp_pubsub/test_results/cpp_pubsub/lint_cmake.xunit.xml" "--package-name" "cpp_pubsub" "--output-file" "/home/sahruday/Documents/Github/Ros2/src/cpp_pubsub/build/cpp_pubsub/ament_lint_cmake/lint_cmake.txt" "--command" "/home/sahruday/ros2_humble/install/ament_lint_cmake/bin/ament_lint_cmake" "--xunit-file" "/home/sahruday/Documents/Github/Ros2/src/cpp_pubsub/build/cpp_pubsub/test_results/cpp_pubsub/lint_cmake.xunit.xml"</Value>
				</NamedMeasurement>
				<NamedMeasurement type="text/string" name="Environment">
					<Value>#CTEST_RESOURCE_GROUP_COUNT=</Value>
				</NamedMeasurement>
				<Measurement>
					<Value>-- run_test.py: invoking following command in '/home/sahruday/Documents/Github/Ros2/src/cpp_pubsub':
 - /home/sahruday/ros2_humble/install/ament_lint_cmake/bin/ament_lint_cmake --xunit-file /home/sahruday/Documents/Github/Ros2/src/cpp_pubsub/build/cpp_pubsub/test_results/cpp_pubsub/lint_cmake.xunit.xml
build/cpp_pubsub/CPackConfig.cmake:23: Lines should be &lt;= 140 characters long [linelength]

build/cpp_pubsub/CPackSourceConfig.cmake:23: Lines should be &lt;= 140 characters long [linelength]

build/cpp_pubsub/CTestTestfile.cmake:1: Line ends in whitespace [whitespace/eol]
build/cpp_pubsub/CTestTestfile.cmake:4: Line ends in whitespace [whitespace/eol]
build/cpp_pubsub/CTestTestfile.cmake:5: Line ends in whitespace [whitespace/eol]
build/cpp_pubsub/CTestTestfile.cmake:7: Lines should be &lt;= 140 characters long [linelength]
build/cpp_pubsub/CTestTestfile.cmake:8: Lines should be &lt;= 140 characters long [linelength]
build/cpp_pubsub/CTestTestfile.cmake:9: Lines should be &lt;= 140 characters long [linelength]
build/cpp_pubsub/CTestTestfile.cmake:10: Lines should be &lt;= 140 characters long [linelength]
build/cpp_pubsub/CTestTestfile.cmake:11: Lines should be &lt;= 140 characters long [linelength]
build/cpp_pubsub/CTestTestfile.cmake:12: Lines should be &lt;= 140 characters long [linelength]
build/cpp_pubsub/CTestTestfile.cmake:13: Lines should be &lt;= 140 characters long [linelength]
build/cpp_pubsub/CTestTestfile.cmake:14: Lines should be &lt;= 140 characters long [linelength]
build/cpp_pubsub/CTestTestfile.cmake:15: Lines should be &lt;= 140 characters long [linelength]
build/cpp_pubsub/CTestTestfile.cmake:16: Lines should be &lt;= 140 characters long [linelength]
build/cpp_pubsub/CTestTestfile.cmake:17: Lines should be &lt;= 140 characters long [linelength]
build/cpp_pubsub/CTestTestfile.cmake:18: Lines should be &lt;= 140 characters long [linelength]
build/cpp_pubsub/CTestTestfile.cmake:19: Lines should be &lt;= 140 characters long [linelength]
build/cpp_pubsub/CTestTestfile.cmake:20: Lines should be &lt;= 140 characters long [linelength]
build/cpp_pubsub/CTestTestfile.cmake:21: Lines should be &lt;= 140 characters long [linelength]
build/cpp_pubsub/CTestTestfile.cmake:22: Lines should be &lt;= 140 characters long [linelength]

build/cpp_pubsub/ament_cmake_symlink_install_targets_0_.cmake:1: Lines should be &lt;= 140 characters long [linelength]

build/cpp_pubsub/ament_cmake_symlink_install_targets_1_.cmake:1: Lines should be &lt;= 140 characters long [linelength]

build/cpp_pubsub/cmake_install.cmake:13: Weird indentation; use 2 spaces [whitespace/indent]
build/cpp_pubsub/cmake_install.cmake:46: Lines should be &lt;= 140 characters long [linelength]
build/cpp_pubsub/cmake_install.cmake:56: Weird indentation; use 2 spaces [whitespace/indent]
build/cpp_pubsub/cmake_install.cmake:58: Weird indentation; use 2 spaces [whitespace/indent]

build/cpp_pubsub/CMakeFiles/Makefile.cmake:8: Mismatching spaces inside () after command [whitespace/mismatch]
build/cpp_pubsub/CMakeFiles/Makefile.cmake:634: Mismatching spaces inside () after command [whitespace/mismatch]
build/cpp_pubsub/CMakeFiles/Makefile.cmake:640: Mismatching spaces inside () after command [whitespace/mismatch]
build/cpp_pubsub/CMakeFiles/Makefile.cmake:666: Mismatching spaces inside () after command [whitespace/mismatch]

build/cpp_pubsub/CMakeFiles/3.22.1/CMakeCCompiler.cmake:9: Lines should be &lt;= 140 characters long [linelength]
build/cpp_pubsub/CMakeFiles/3.22.1/CMakeCCompiler.cmake:69: Lines should be &lt;= 140 characters long [linelength]

build/cpp_pubsub/CMakeFiles/3.22.1/CMakeCXXCompiler.cmake:9: Lines should be &lt;= 140 characters long [linelength]
build/cpp_pubsub/CMakeFiles/3.22.1/CMakeCXXCompiler.cmake:11: Lines should be &lt;= 140 characters long [linelength]
build/cpp_pubsub/CMakeFiles/3.22.1/CMakeCXXCompiler.cmake:12: Lines should be &lt;= 140 characters long [linelength]
build/cpp_pubsub/CMakeFiles/3.22.1/CMakeCXXCompiler.cmake:42: Extra spaces between 'foreach' and its () [whitespace/extra]
build/cpp_pubsub/CMakeFiles/3.22.1/CMakeCXXCompiler.cmake:43: Extra spaces between 'if' and its () [whitespace/extra]
build/cpp_pubsub/CMakeFiles/3.22.1/CMakeCXXCompiler.cmake:80: Lines should be &lt;= 140 characters long [linelength]

build/cpp_pubsub/CMakeFiles/cpp_pubsub_uninstall.dir/DependInfo.cmake:6: Mismatching spaces inside () after command [whitespace/mismatch]
build/cpp_pubsub/CMakeFiles/cpp_pubsub_uninstall.dir/DependInfo.cmake:10: Mismatching spaces inside () after command [whitespace/mismatch]
build/cpp_pubsub/CMakeFiles/cpp_pubsub_uninstall.dir/DependInfo.cmake:14: Mismatching spaces inside () after command [whitespace/mismatch]

build/cpp_pubsub/CMakeFiles/cpp_pubsub_uninstall.dir/cmake_clean.cmake:6: Mismatching spaces inside () after command [whitespace/mismatch]

build/cpp_pubsub/CMakeFiles/listener.dir/DependInfo.cmake:6: Mismatching spaces inside () after command [whitespace/mismatch]
build/cpp_pubsub/CMakeFiles/listener.dir/DependInfo.cmake:10: Mismatching spaces inside () after command [whitespace/mismatch]
build/cpp_pubsub/CMakeFiles/listener.dir/DependInfo.cmake:15: Mismatching spaces inside () after command [whitespace/mismatch]

build/cpp_pubsub/CMakeFiles/talker.dir/DependInfo.cmake:6: Mismatching spaces inside () after command [whitespace/mismatch]
build/cpp_pubsub/CMakeFiles/talker.dir/DependInfo.cmake:10: Mismatching spaces inside () after command [whitespace/mismatch]
build/cpp_pubsub/CMakeFiles/talker.dir/DependInfo.cmake:15: Mismatching spaces inside () after command [whitespace/mismatch]

build/cpp_pubsub/CMakeFiles/uninstall.dir/DependInfo.cmake:6: Mismatching spaces inside () after command [whitespace/mismatch]
build/cpp_pubsub/CMakeFiles/uninstall.dir/DependInfo.cmake:10: Mismatching spaces inside () after command [whitespace/mismatch]
build/cpp_pubsub/CMakeFiles/uninstall.dir/DependInfo.cmake:14: Mismatching spaces inside () after command [whitespace/mismatch]

build/cpp_pubsub/ament_cmake_core/package.cmake:7: Mismatching spaces inside () after command [whitespace/mismatch]

build/cpp_pubsub/ament_cmake_package_templates/templates.cmake:1: Lines should be &lt;= 140 characters long [linelength]
build/cpp_pubsub/ament_cmake_package_templates/templates.cmake:2: Lines should be &lt;= 140 characters long [linelength]
build/cpp_pubsub/ament_cmake_package_templates/templates.cmake:4: Lines should be &lt;= 140 characters long [linelength]
build/cpp_pubsub/ament_cmake_package_templates/templates.cmake:5: Lines should be &lt;= 140 characters long [linelength]
build/cpp_pubsub/ament_cmake_package_templates/templates.cmake:6: Lines should be &lt;= 140 characters long [linelength]
build/cpp_pubsub/ament_cmake_package_templates/templates.cmake:8: Lines should be &lt;= 140 characters long [linelength]
build/cpp_pubsub/ament_cmake_package_templates/templates.cmake:9: Lines should be &lt;= 140 characters long [linelength]
build/cpp_pubsub/ament_cmake_package_templates/templates.cmake:10: Lines should be &lt;= 140 characters long [linelength]
build/cpp_pubsub/ament_cmake_package_templates/templates.cmake:11: Lines should be &lt;= 140 characters long [linelength]
build/cpp_pubsub/ament_cmake_package_templates/templates.cmake:12: Lines should be &lt;= 140 characters long [linelength]
build/cpp_pubsub/ament_cmake_package_templates/templates.cmake:13: Lines should be &lt;= 140 characters long [linelength]
build/cpp_pubsub/ament_cmake_package_templates/templates.cmake:14: Lines should be &lt;= 140 characters long [linelength]

build/cpp_pubsub/ament_cmake_symlink_install/ament_cmake_symlink_install.cmake:314: Lines should be &lt;= 140 characters long [linelength]
build/cpp_pubsub/ament_cmake_symlink_install/ament_cmake_symlink_install.cmake:317: Lines should be &lt;= 140 characters long [linelength]
build/cpp_pubsub/ament_cmake_symlink_install/ament_cmake_symlink_install.cmake:319: Lines should be &lt;= 140 characters long [linelength]
build/cpp_pubsub/ament_cmake_symlink_install/ament_cmake_symlink_install.cmake:320: Lines should be &lt;= 140 characters long [linelength]
build/cpp_pubsub/ament_cmake_symlink_install/ament_cmake_symlink_install.cmake:322: Lines should be &lt;= 140 characters long [linelength]
build/cpp_pubsub/ament_cmake_symlink_install/ament_cmake_symlink_install.cmake:323: Lines should be &lt;= 140 characters long [linelength]
build/cpp_pubsub/ament_cmake_symlink_install/ament_cmake_symlink_install.cmake:325: Lines should be &lt;= 140 characters long [linelength]
build/cpp_pubsub/ament_cmake_symlink_install/ament_cmake_symlink_install.cmake:326: Lines should be &lt;= 140 characters long [linelength]
build/cpp_pubsub/ament_cmake_symlink_install/ament_cmake_symlink_install.cmake:328: Lines should be &lt;= 140 characters long [linelength]
build/cpp_pubsub/ament_cmake_symlink_install/ament_cmake_symlink_install.cmake:329: Lines should be &lt;= 140 characters long [linelength]
build/cpp_pubsub/ament_cmake_symlink_install/ament_cmake_symlink_install.cmake:331: Lines should be &lt;= 140 characters long [linelength]
build/cpp_pubsub/ament_cmake_symlink_install/ament_cmake_symlink_install.cmake:332: Lines should be &lt;= 140 characters long [linelength]
build/cpp_pubsub/ament_cmake_symlink_install/ament_cmake_symlink_install.cmake:334: Lines should be &lt;= 140 characters long [linelength]
build/cpp_pubsub/ament_cmake_symlink_install/ament_cmake_symlink_install.cmake:335: Lines should be &lt;= 140 characters long [linelength]
build/cpp_pubsub/ament_cmake_symlink_install/ament_cmake_symlink_install.cmake:337: Lines should be &lt;= 140 characters long [linelength]
build/cpp_pubsub/ament_cmake_symlink_install/ament_cmake_symlink_install.cmake:338: Lines should be &lt;= 140 characters long [linelength]
build/cpp_pubsub/ament_cmake_symlink_install/ament_cmake_symlink_install.cmake:340: Lines should be &lt;= 140 characters long [linelength]
build/cpp_pubsub/ament_cmake_symlink_install/ament_cmake_symlink_install.cmake:341: Lines should be &lt;= 140 characters long [linelength]
build/cpp_pubsub/ament_cmake_symlink_install/ament_cmake_symlink_install.cmake:343: Lines should be &lt;= 140 characters long [linelength]
build/cpp_pubsub/ament_cmake_symlink_install/ament_cmake_symlink_install.cmake:344: Lines should be &lt;= 140 characters long [linelength]
build/cpp_pubsub/ament_cmake_symlink_install/ament_cmake_symlink_install.cmake:346: Lines should be &lt;= 140 characters long [linelength]
build/cpp_pubsub/ament_cmake_symlink_install/ament_cmake_symlink_install.cmake:347: Lines should be &lt;= 140 characters long [linelength]
build/cpp_pubsub/ament_cmake_symlink_install/ament_cmake_symlink_install.cmake:349: Lines should be &lt;= 140 characters long [linelength]
build/cpp_pubsub/ament_cmake_symlink_install/ament_cmake_symlink_install.cmake:350: Lines should be &lt;= 140 characters long [linelength]
build/cpp_pubsub/ament_cmake_symlink_install/ament_cmake_symlink_install.cmake:352: Lines should be &lt;= 140 characters long [linelength]
build/cpp_pubsub/ament_cmake_symlink_install/ament_cmake_symlink_install.cmake:353: Lines should be &lt;= 140 characters long [linelength]
build/cpp_pubsub/ament_cmake_symlink_install/ament_cmake_symlink_install.cmake:355: Lines should be &lt;= 140 characters long [linelength]
build/cpp_pubsub/ament_cmake_symlink_install/ament_cmake_symlink_install.cmake:356: Lines should be &lt;= 140 characters long [linelength]
build/cpp_pubsub/ament_cmake_symlink_install/ament_cmake_symlink_install.cmake:359: Lines should be &lt;= 140 characters long [linelength]

build/cpp_pubsub/ament_cmake_uninstall_target/ament_cmake_uninstall_target.cmake:60: Lines should be &lt;= 140 characters long [linelength]


95 errors
-- run_test.py: return code 1
-- run_test.py: verify result file '/home/sahruday/Documents/Github/Ros2/src/cpp_pubsub/build/cpp_pubsub/test_results/cpp_pubsub/lint_cmake.xunit.xml'
</Value>
				</Measurement>
			</Results>
			<Labels>
				<Label>lint_cmake</Label>
				<Label>linter</Label>
			</Labels>
		</Test>
		<Test Status="passed">
			<Name>pep257</Name>
			<Path>.</Path>
			<FullName>./pep257</FullName>
			<FullCommandLine>/usr/bin/python3.10 "-u" "/home/sahruday/ros2_humble/install/ament_cmake_test/share/ament_cmake_test/cmake/run_test.py" "/home/sahruday/Documents/Github/Ros2/src/cpp_pubsub/build/cpp_pubsub/test_results/cpp_pubsub/pep257.xunit.xml" "--package-name" "cpp_pubsub" "--output-file" "/home/sahruday/Documents/Github/Ros2/src/cpp_pubsub/build/cpp_pubsub/ament_pep257/pep257.txt" "--command" "/home/sahruday/ros2_humble/install/ament_pep257/bin/ament_pep257" "--xunit-file" "/home/sahruday/Documents/Github/Ros2/src/cpp_pubsub/build/cpp_pubsub/test_results/cpp_pubsub/pep257.xunit.xml"</FullCommandLine>
			<Results>
				<NamedMeasurement type="numeric/double" name="Execution Time">
					<Value>0.414918</Value>
				</NamedMeasurement>
				<NamedMeasurement type="numeric/double" name="Processors">
					<Value>1</Value>
				</NamedMeasurement>
				<NamedMeasurement type="text/string" name="Completion Status">
					<Value>Completed</Value>
				</NamedMeasurement>
				<NamedMeasurement type="text/string" name="Command Line">
					<Value>/usr/bin/python3.10 "-u" "/home/sahruday/ros2_humble/install/ament_cmake_test/share/ament_cmake_test/cmake/run_test.py" "/home/sahruday/Documents/Github/Ros2/src/cpp_pubsub/build/cpp_pubsub/test_results/cpp_pubsub/pep257.xunit.xml" "--package-name" "cpp_pubsub" "--output-file" "/home/sahruday/Documents/Github/Ros2/src/cpp_pubsub/build/cpp_pubsub/ament_pep257/pep257.txt" "--command" "/home/sahruday/ros2_humble/install/ament_pep257/bin/ament_pep257" "--xunit-file" "/home/sahruday/Documents/Github/Ros2/src/cpp_pubsub/build/cpp_pubsub/test_results/cpp_pubsub/pep257.xunit.xml"</Value>
				</NamedMeasurement>
				<NamedMeasurement type="text/string" name="Environment">
					<Value>#CTEST_RESOURCE_GROUP_COUNT=</Value>
				</NamedMeasurement>
				<Measurement>
					<Value>-- run_test.py: invoking following command in '/home/sahruday/Documents/Github/Ros2/src/cpp_pubsub':
 - /home/sahruday/ros2_humble/install/ament_pep257/bin/ament_pep257 --xunit-file /home/sahruday/Documents/Github/Ros2/src/cpp_pubsub/build/cpp_pubsub/test_results/cpp_pubsub/pep257.xunit.xml
checking ./install/_local_setup_util_ps1.py
checking ./install/_local_setup_util_sh.py
No problems found
-- run_test.py: return code 0
-- run_test.py: verify result file '/home/sahruday/Documents/Github/Ros2/src/cpp_pubsub/build/cpp_pubsub/test_results/cpp_pubsub/pep257.xunit.xml'
</Value>
				</Measurement>
			</Results>
			<Labels>
				<Label>linter</Label>
				<Label>pep257</Label>
			</Labels>
		</Test>
		<Test Status="failed">
			<Name>uncrustify</Name>
			<Path>.</Path>
			<FullName>./uncrustify</FullName>
			<FullCommandLine>/usr/bin/python3.10 "-u" "/home/sahruday/ros2_humble/install/ament_cmake_test/share/ament_cmake_test/cmake/run_test.py" "/home/sahruday/Documents/Github/Ros2/src/cpp_pubsub/build/cpp_pubsub/test_results/cpp_pubsub/uncrustify.xunit.xml" "--package-name" "cpp_pubsub" "--output-file" "/home/sahruday/Documents/Github/Ros2/src/cpp_pubsub/build/cpp_pubsub/ament_uncrustify/uncrustify.txt" "--command" "/home/sahruday/ros2_humble/install/ament_uncrustify/bin/ament_uncrustify" "--xunit-file" "/home/sahruday/Documents/Github/Ros2/src/cpp_pubsub/build/cpp_pubsub/test_results/cpp_pubsub/uncrustify.xunit.xml"</FullCommandLine>
			<Results>
				<NamedMeasurement type="text/string" name="Exit Code">
					<Value>Failed</Value>
				</NamedMeasurement>
				<NamedMeasurement type="text/string" name="Exit Value">
					<Value>1</Value>
				</NamedMeasurement>
				<NamedMeasurement type="numeric/double" name="Execution Time">
					<Value>0.399697</Value>
				</NamedMeasurement>
				<NamedMeasurement type="numeric/double" name="Processors">
					<Value>1</Value>
				</NamedMeasurement>
				<NamedMeasurement type="text/string" name="Completion Status">
					<Value>Completed</Value>
				</NamedMeasurement>
				<NamedMeasurement type="text/string" name="Command Line">
					<Value>/usr/bin/python3.10 "-u" "/home/sahruday/ros2_humble/install/ament_cmake_test/share/ament_cmake_test/cmake/run_test.py" "/home/sahruday/Documents/Github/Ros2/src/cpp_pubsub/build/cpp_pubsub/test_results/cpp_pubsub/uncrustify.xunit.xml" "--package-name" "cpp_pubsub" "--output-file" "/home/sahruday/Documents/Github/Ros2/src/cpp_pubsub/build/cpp_pubsub/ament_uncrustify/uncrustify.txt" "--command" "/home/sahruday/ros2_humble/install/ament_uncrustify/bin/ament_uncrustify" "--xunit-file" "/home/sahruday/Documents/Github/Ros2/src/cpp_pubsub/build/cpp_pubsub/test_results/cpp_pubsub/uncrustify.xunit.xml"</Value>
				</NamedMeasurement>
				<NamedMeasurement type="text/string" name="Environment">
					<Value>#CTEST_RESOURCE_GROUP_COUNT=</Value>
				</NamedMeasurement>
				<Measurement>
					<Value>-- run_test.py: invoking following command in '/home/sahruday/Documents/Github/Ros2/src/cpp_pubsub':
 - /home/sahruday/ros2_humble/install/ament_uncrustify/bin/ament_uncrustify --xunit-file /home/sahruday/Documents/Github/Ros2/src/cpp_pubsub/build/cpp_pubsub/test_results/cpp_pubsub/uncrustify.xunit.xml
Code style divergence in file 'build/cpp_pubsub/CMakeFiles/3.22.1/CompilerIdC/CMakeCCompilerId.c':

--- build/cpp_pubsub/CMakeFiles/3.22.1/CompilerIdC/CMakeCCompilerId.c
+++ build/cpp_pubsub/CMakeFiles/3.22.1/CompilerIdC/CMakeCCompilerId.c.uncrustify
@@ -364,3 +364,3 @@
-#elif defined(__VER__) &amp;&amp; (defined(__ICCAVR__) || defined(__ICCRX__) || defined(__ICCRH850__) ||   \
-                           defined(__ICCRL78__) || defined(__ICC430__) || defined(__ICCRISCV__) || \
-                           defined(__ICCV850__) || defined(__ICC8051__) || defined(__ICCSTM8__))
+#elif defined(__VER__) &amp;&amp; (defined(__ICCAVR__) || defined(__ICCRX__) || defined(__ICCRH850__) || \
+  defined(__ICCRL78__) || defined(__ICC430__) || defined(__ICCRISCV__) || \
+  defined(__ICCV850__) || defined(__ICC8051__) || defined(__ICCSTM8__))
@@ -368 +368 @@
-#define COMPILER_VERSION_MINOR DEC((__VER__) - (((__VER__) / 100) * 100))
+#define COMPILER_VERSION_MINOR DEC((__VER__) -(((__VER__) / 100) * 100))
@@ -665 +665 @@
-#define DEC(n)                                                                                    \
+#define DEC(n) \
@@ -667,2 +667,2 @@
-    ('0' + (((n) / 10000) % 10)), ('0' + (((n) / 1000) % 10)), ('0' + (((n) / 100) % 10)),        \
-    ('0' + (((n) / 10) % 10)), ('0' + ((n) % 10))
+  ('0' + (((n) / 10000) % 10)), ('0' + (((n) / 1000) % 10)), ('0' + (((n) / 100) % 10)), \
+  ('0' + (((n) / 10) % 10)), ('0' + ((n) % 10))
@@ -671,4 +671,4 @@
-#define HEX(n)                                                                      \
-  ('0' + ((n) &gt;&gt; 28 &amp; 0xF)), ('0' + ((n) &gt;&gt; 24 &amp; 0xF)), ('0' + ((n) &gt;&gt; 20 &amp; 0xF)),  \
-    ('0' + ((n) &gt;&gt; 16 &amp; 0xF)), ('0' + ((n) &gt;&gt; 12 &amp; 0xF)), ('0' + ((n) &gt;&gt; 8 &amp; 0xF)), \
-    ('0' + ((n) &gt;&gt; 4 &amp; 0xF)), ('0' + ((n)&amp;0xF))
+#define HEX(n) \
+  ('0' + ((n) &gt;&gt; 28 &amp; 0xF)), ('0' + ((n) &gt;&gt; 24 &amp; 0xF)), ('0' + ((n) &gt;&gt; 20 &amp; 0xF)), \
+  ('0' + ((n) &gt;&gt; 16 &amp; 0xF)), ('0' + ((n) &gt;&gt; 12 &amp; 0xF)), ('0' + ((n) &gt;&gt; 8 &amp; 0xF)), \
+  ('0' + ((n) &gt;&gt; 4 &amp; 0xF)), ('0' + ((n) &amp; 0xF))
@@ -722 +722,2 @@
-  '\0'};
+  '\0'
+};
@@ -728,4 +729,4 @@
-                                      'p', 'i', 'l', 'e', 'r', '_', 'v', 'e',
-                                      'r', 's', 'i', 'o', 'n', '_', 'i', 'n',
-                                      't', 'e', 'r', 'n', 'a', 'l', '[', COMPILER_VERSION_INTERNAL,
-                                      ']', '\0'};
+  'p', 'i', 'l', 'e', 'r', '_', 'v', 'e',
+  'r', 's', 'i', 'o', 'n', '_', 'i', 'n',
+  't', 'e', 'r', 'n', 'a', 'l', '[', COMPILER_VERSION_INTERNAL,
+  ']', '\0'};
@@ -778 +779,2 @@
-  '\0'};
+  '\0'
+};

Code style divergence in file 'build/cpp_pubsub/CMakeFiles/3.22.1/CompilerIdCXX/CMakeCXXCompilerId.cpp':

--- build/cpp_pubsub/CMakeFiles/3.22.1/CompilerIdCXX/CMakeCXXCompilerId.cpp
+++ build/cpp_pubsub/CMakeFiles/3.22.1/CompilerIdCXX/CMakeCXXCompilerId.cpp.uncrustify
@@ -362,3 +362,3 @@
-#elif defined(__VER__) &amp;&amp; (defined(__ICCAVR__) || defined(__ICCRX__) || defined(__ICCRH850__) ||   \
-                           defined(__ICCRL78__) || defined(__ICC430__) || defined(__ICCRISCV__) || \
-                           defined(__ICCV850__) || defined(__ICC8051__) || defined(__ICCSTM8__))
+#elif defined(__VER__) &amp;&amp; (defined(__ICCAVR__) || defined(__ICCRX__) || defined(__ICCRH850__) || \
+  defined(__ICCRL78__) || defined(__ICC430__) || defined(__ICCRISCV__) || \
+  defined(__ICCV850__) || defined(__ICC8051__) || defined(__ICCSTM8__))
@@ -366 +366 @@
-#define COMPILER_VERSION_MINOR DEC((__VER__) - (((__VER__) / 100) * 100))
+#define COMPILER_VERSION_MINOR DEC((__VER__) -(((__VER__) / 100) * 100))
@@ -650 +650 @@
-#define DEC(n)                                                                                    \
+#define DEC(n) \
@@ -652,2 +652,2 @@
-    ('0' + (((n) / 10000) % 10)), ('0' + (((n) / 1000) % 10)), ('0' + (((n) / 100) % 10)),        \
-    ('0' + (((n) / 10) % 10)), ('0' + ((n) % 10))
+  ('0' + (((n) / 10000) % 10)), ('0' + (((n) / 1000) % 10)), ('0' + (((n) / 100) % 10)), \
+  ('0' + (((n) / 10) % 10)), ('0' + ((n) % 10))
@@ -656,4 +656,4 @@
-#define HEX(n)                                                                      \
-  ('0' + ((n) &gt;&gt; 28 &amp; 0xF)), ('0' + ((n) &gt;&gt; 24 &amp; 0xF)), ('0' + ((n) &gt;&gt; 20 &amp; 0xF)),  \
-    ('0' + ((n) &gt;&gt; 16 &amp; 0xF)), ('0' + ((n) &gt;&gt; 12 &amp; 0xF)), ('0' + ((n) &gt;&gt; 8 &amp; 0xF)), \
-    ('0' + ((n) &gt;&gt; 4 &amp; 0xF)), ('0' + ((n)&amp;0xF))
+#define HEX(n) \
+  ('0' + ((n) &gt;&gt; 28 &amp; 0xF)), ('0' + ((n) &gt;&gt; 24 &amp; 0xF)), ('0' + ((n) &gt;&gt; 20 &amp; 0xF)), \
+  ('0' + ((n) &gt;&gt; 16 &amp; 0xF)), ('0' + ((n) &gt;&gt; 12 &amp; 0xF)), ('0' + ((n) &gt;&gt; 8 &amp; 0xF)), \
+  ('0' + ((n) &gt;&gt; 4 &amp; 0xF)), ('0' + ((n) &amp; 0xF))
@@ -713,4 +713,4 @@
-                                      'p', 'i', 'l', 'e', 'r', '_', 'v', 'e',
-                                      'r', 's', 'i', 'o', 'n', '_', 'i', 'n',
-                                      't', 'e', 'r', 'n', 'a', 'l', '[', COMPILER_VERSION_INTERNAL,
-                                      ']', '\0'};
+  'p', 'i', 'l', 'e', 'r', '_', 'v', 'e',
+  'r', 's', 'i', 'o', 'n', '_', 'i', 'n',
+  't', 'e', 'r', 'n', 'a', 'l', '[', COMPILER_VERSION_INTERNAL,
+  ']', '\0'};

Code style divergence in file 'src/subscriber_member_function.cpp':

--- src/subscriber_member_function.cpp
+++ src/subscriber_member_function.cpp.uncrustify
@@ -26 +26,2 @@
-  MinimalSubscriber() : Node("minimal_subscriber")
+  MinimalSubscriber()
+  : Node("minimal_subscriber")

3 files with code style divergence
No code style divergence in file 'src/publisher_member_function.cpp'

-- run_test.py: return code 1
-- run_test.py: verify result file '/home/sahruday/Documents/Github/Ros2/src/cpp_pubsub/build/cpp_pubsub/test_results/cpp_pubsub/uncrustify.xunit.xml'
</Value>
				</Measurement>
			</Results>
			<Labels>
				<Label>linter</Label>
				<Label>uncrustify</Label>
			</Labels>
		</Test>
		<Test Status="failed">
			<Name>xmllint</Name>
			<Path>.</Path>
			<FullName>./xmllint</FullName>
			<FullCommandLine>/usr/bin/python3.10 "-u" "/home/sahruday/ros2_humble/install/ament_cmake_test/share/ament_cmake_test/cmake/run_test.py" "/home/sahruday/Documents/Github/Ros2/src/cpp_pubsub/build/cpp_pubsub/test_results/cpp_pubsub/xmllint.xunit.xml" "--package-name" "cpp_pubsub" "--output-file" "/home/sahruday/Documents/Github/Ros2/src/cpp_pubsub/build/cpp_pubsub/ament_xmllint/xmllint.txt" "--command" "/home/sahruday/ros2_humble/install/ament_xmllint/bin/ament_xmllint" "--xunit-file" "/home/sahruday/Documents/Github/Ros2/src/cpp_pubsub/build/cpp_pubsub/test_results/cpp_pubsub/xmllint.xunit.xml"</FullCommandLine>
			<Results>
				<NamedMeasurement type="text/string" name="Exit Code">
					<Value>Failed</Value>
				</NamedMeasurement>
				<NamedMeasurement type="text/string" name="Exit Value">
					<Value>1</Value>
				</NamedMeasurement>
				<NamedMeasurement type="numeric/double" name="Execution Time">
					<Value>0.918843</Value>
				</NamedMeasurement>
				<NamedMeasurement type="numeric/double" name="Processors">
					<Value>1</Value>
				</NamedMeasurement>
				<NamedMeasurement type="text/string" name="Completion Status">
					<Value>Completed</Value>
				</NamedMeasurement>
				<NamedMeasurement type="text/string" name="Command Line">
					<Value>/usr/bin/python3.10 "-u" "/home/sahruday/ros2_humble/install/ament_cmake_test/share/ament_cmake_test/cmake/run_test.py" "/home/sahruday/Documents/Github/Ros2/src/cpp_pubsub/build/cpp_pubsub/test_results/cpp_pubsub/xmllint.xunit.xml" "--package-name" "cpp_pubsub" "--output-file" "/home/sahruday/Documents/Github/Ros2/src/cpp_pubsub/build/cpp_pubsub/ament_xmllint/xmllint.txt" "--command" "/home/sahruday/ros2_humble/install/ament_xmllint/bin/ament_xmllint" "--xunit-file" "/home/sahruday/Documents/Github/Ros2/src/cpp_pubsub/build/cpp_pubsub/test_results/cpp_pubsub/xmllint.xunit.xml"</Value>
				</NamedMeasurement>
				<NamedMeasurement type="text/string" name="Environment">
					<Value>#CTEST_RESOURCE_GROUP_COUNT=</Value>
				</NamedMeasurement>
				<Measurement>
					<Value>-- run_test.py: invoking following command in '/home/sahruday/Documents/Github/Ros2/src/cpp_pubsub':
 - /home/sahruday/ros2_humble/install/ament_xmllint/bin/ament_xmllint --xunit-file /home/sahruday/Documents/Github/Ros2/src/cpp_pubsub/build/cpp_pubsub/test_results/cpp_pubsub/xmllint.xunit.xml
File 'package.xml' is invalid:
/home/sahruday/Documents/Github/Ros2/src/cpp_pubsub/package.xml:18: element depend: Schemas validity error : Element 'depend': This element is not expected.
/home/sahruday/Documents/Github/Ros2/src/cpp_pubsub/package.xml fails to validate

File 'install/cpp_pubsub/share/cpp_pubsub/package.xml' is invalid:
/home/sahruday/Documents/Github/Ros2/src/cpp_pubsub/install/cpp_pubsub/share/cpp_pubsub/package.xml:18: element depend: Schemas validity error : Element 'depend': This element is not expected.
/home/sahruday/Documents/Github/Ros2/src/cpp_pubsub/install/cpp_pubsub/share/cpp_pubsub/package.xml fails to validate

2 files are invalid
File 'build/cpp_pubsub/Testing/20221105-0036/Test.xml' is valid

File 'build/cpp_pubsub/Testing/20221105-0038/Test.xml' is valid

File 'build/cpp_pubsub/test_results/cpp_pubsub/copyright.xunit.xml' is valid

File 'build/cpp_pubsub/test_results/cpp_pubsub/cppcheck.xunit.xml' is valid

File 'build/cpp_pubsub/test_results/cpp_pubsub/cpplint.xunit.xml' is valid

File 'build/cpp_pubsub/test_results/cpp_pubsub/flake8.xunit.xml' is valid

File 'build/cpp_pubsub/test_results/cpp_pubsub/lint_cmake.xunit.xml' is valid

File 'build/cpp_pubsub/test_results/cpp_pubsub/pep257.xunit.xml' is valid

File 'build/cpp_pubsub/test_results/cpp_pubsub/uncrustify.xunit.xml' is valid

File 'build/cpp_pubsub/test_results/cpp_pubsub/xmllint.xunit.xml' is valid

-- run_test.py: return code 1
-- run_test.py: verify result file '/home/sahruday/Documents/Github/Ros2/src/cpp_pubsub/build/cpp_pubsub/test_results/cpp_pubsub/xmllint.xunit.xml'
</Value>
				</Measurement>
			</Results>
			<Labels>
				<Label>linter</Label>
				<Label>xmllint</Label>
			</Labels>
		</Test>
		<EndDateTime>Nov 04 20:44 EDT</EndDateTime>
		<EndTestTime>1667609046</EndTestTime>
		<ElapsedMinutes>0</ElapsedMinutes>
	</Testing>
</Site>
