[0.000000] (-) TimerEvent: {}
[0.000516] (serverpublisher) JobQueued: {'identifier': 'serverpublisher', 'dependencies': OrderedDict([('serverpublisher', '/home/chotu/Beginner_Tutorials_Ros2/install/serverpublisher')])}
[0.000840] (serverpublisher) JobStarted: {'identifier': 'serverpublisher'}
[0.015656] (serverpublisher) Command: {'cmd': ['/usr/bin/ctest', '-C', 'Release', '-D', 'ExperimentalTest', '--no-compress-output', '-V', '--force-new-ctest-process'], 'cwd': '/home/chotu/Beginner_Tutorials_Ros2/build/serverpublisher', 'env': OrderedDict([('USER', 'chotu'), ('XDG_SESSION_TYPE', 'x11'), ('SHLVL', '1'), ('LD_LIBRARY_PATH', '/home/chotu/Beginner_Tutorials_Ros2/install/serverpublisher/lib:/usr/lib/x86_64-linux-gnu/gazebo-11/plugins:/opt/ros/humble/opt/rviz_ogre_vendor/lib:/opt/ros/humble/lib/x86_64-linux-gnu:/opt/ros/humble/lib'), ('HOME', '/home/chotu'), ('OLDPWD', '/home/chotu'), ('DESKTOP_SESSION', 'ubuntu'), ('ROS_PYTHON_VERSION', '3'), ('GNOME_SHELL_SESSION_MODE', 'ubuntu'), ('GTK_MODULES', 'gail:atk-bridge'), ('SYSTEMD_EXEC_PID', '2728'), ('DBUS_SESSION_BUS_ADDRESS', 'unix:path=/run/user/1000/bus'), ('COLORTERM', 'truecolor'), ('_colcon_cd_root', '/opt/ros/humble/'), ('ROS_DISTRO', 'humble'), ('LOGNAME', 'chotu'), ('_', '/usr/bin/colcon'), ('ROS_VERSION', '2'), ('XDG_SESSION_CLASS', 'user'), ('USERNAME', 'chotu'), ('TERM', 'xterm-256color'), ('GNOME_DESKTOP_SESSION_ID', 'this-is-deprecated'), ('ROS_LOCALHOST_ONLY', '1'), ('WINDOWPATH', '2'), ('PATH', '/opt/ros/humble/bin:/usr/local/sbin:/usr/local/bin:/usr/sbin:/usr/bin:/sbin:/bin:/usr/games:/usr/local/games:/snap/bin:/snap/bin'), ('SESSION_MANAGER', 'local/chotu25:@/tmp/.ICE-unix/2544,unix/chotu25:/tmp/.ICE-unix/2544'), ('XDG_MENU_PREFIX', 'gnome-'), ('GNOME_TERMINAL_SCREEN', '/org/gnome/Terminal/screen/9c0edb00_dce6_4147_9cb2_75b43c7c51b2'), ('XDG_RUNTIME_DIR', '/run/user/1000'), ('DISPLAY', ':0'), ('LANG', 'en_US.UTF-8'), ('XDG_CURRENT_DESKTOP', 'ubuntu:GNOME'), ('XMODIFIERS', '@im=ibus'), ('XDG_SESSION_DESKTOP', 'ubuntu'), ('XAUTHORITY', '/run/user/1000/gdm/Xauthority'), ('GNOME_TERMINAL_SERVICE', ':1.1256'), ('SSH_AGENT_LAUNCHER', 'gnome-keyring'), ('SSH_AUTH_SOCK', '/run/user/1000/keyring/ssh'), ('AMENT_PREFIX_PATH', '/home/chotu/Beginner_Tutorials_Ros2/install/serverpublisher:/opt/ros/humble'), ('SHELL', '/bin/bash'), ('QT_ACCESSIBILITY', '1'), ('GDMSESSION', 'ubuntu'), ('GPG_AGENT_INFO', '/run/user/1000/gnupg/S.gpg-agent:0:1'), ('QT_IM_MODULE', 'ibus'), ('PWD', '/home/chotu/Beginner_Tutorials_Ros2/build/serverpublisher'), ('LC_ALL', 'en_US.UTF-8'), ('XDG_CONFIG_DIRS', '/etc/xdg/xdg-ubuntu:/etc/xdg'), ('XDG_DATA_DIRS', '/usr/share/ubuntu:/usr/share/gnome:/usr/local/share/:/usr/share/:/var/lib/snapd/desktop'), ('PYTHONPATH', '/home/chotu/Beginner_Tutorials_Ros2/install/serverpublisher/local/lib/python3.10/dist-packages:/opt/ros/humble/lib/python3.10/site-packages:/opt/ros/humble/local/lib/python3.10/dist-packages'), ('COLCON', '1'), ('VTE_VERSION', '6800'), ('CMAKE_PREFIX_PATH', '/home/chotu/Beginner_Tutorials_Ros2/install/serverpublisher')]), 'shell': False}
[0.021771] (serverpublisher) StdoutLine: {'line': b'UpdateCTestConfiguration  from :/home/chotu/Beginner_Tutorials_Ros2/build/serverpublisher/CTestConfiguration.ini\n'}
[0.021947] (serverpublisher) StdoutLine: {'line': b'Parse Config file:/home/chotu/Beginner_Tutorials_Ros2/build/serverpublisher/CTestConfiguration.ini\n'}
[0.022140] (serverpublisher) StdoutLine: {'line': b'   Site: chotu25\n'}
[0.022267] (serverpublisher) StdoutLine: {'line': b'   Build name: (empty)\n'}
[0.022351] (serverpublisher) StdoutLine: {'line': b' Add coverage exclude regular expressions.\n'}
[0.022428] (serverpublisher) StdoutLine: {'line': b'Create new tag: 20221206-0557 - Experimental\n'}
[0.022515] (serverpublisher) StdoutLine: {'line': b'UpdateCTestConfiguration  from :/home/chotu/Beginner_Tutorials_Ros2/build/serverpublisher/CTestConfiguration.ini\n'}
[0.022608] (serverpublisher) StdoutLine: {'line': b'Parse Config file:/home/chotu/Beginner_Tutorials_Ros2/build/serverpublisher/CTestConfiguration.ini\n'}
[0.022733] (serverpublisher) StdoutLine: {'line': b'Test project /home/chotu/Beginner_Tutorials_Ros2/build/serverpublisher\n'}
[0.022818] (serverpublisher) StdoutLine: {'line': b'Constructing a list of tests\n'}
[0.022892] (serverpublisher) StdoutLine: {'line': b'Done constructing a list of tests\n'}
[0.022969] (serverpublisher) StdoutLine: {'line': b'Updating test list for fixtures\n'}
[0.023042] (serverpublisher) StdoutLine: {'line': b'Added 0 tests to meet fixture requirements\n'}
[0.023114] (serverpublisher) StdoutLine: {'line': b'Checking test dependency graph...\n'}
[0.023186] (serverpublisher) StdoutLine: {'line': b'Checking test dependency graph end\n'}
[0.023256] (serverpublisher) StdoutLine: {'line': b'test 1\n'}
[0.023320] (serverpublisher) StdoutLine: {'line': b'    Start 1: server_test\n'}
[0.023373] (serverpublisher) StdoutLine: {'line': b'\n'}
[0.023427] (serverpublisher) StdoutLine: {'line': b'1: Test command: /usr/bin/python3.10 "-u" "/opt/ros/humble/share/ament_cmake_test/cmake/run_test.py" "/home/chotu/Beginner_Tutorials_Ros2/build/serverpublisher/test_results/serverpublisher/server_test.gtest.xml" "--package-name" "serverpublisher" "--output-file" "/home/chotu/Beginner_Tutorials_Ros2/build/serverpublisher/ament_cmake_gtest/server_test.txt" "--command" "/home/chotu/Beginner_Tutorials_Ros2/build/serverpublisher/server_test" "--gtest_output=xml:/home/chotu/Beginner_Tutorials_Ros2/build/serverpublisher/test_results/serverpublisher/server_test.gtest.xml"\n'}
[0.023483] (serverpublisher) StdoutLine: {'line': b'1: Test timeout computed to be: 60\n'}
[0.064720] (serverpublisher) StdoutLine: {'line': b"1: -- run_test.py: invoking following command in '/home/chotu/Beginner_Tutorials_Ros2/build/serverpublisher':\n"}
[0.064920] (serverpublisher) StdoutLine: {'line': b'1:  - /home/chotu/Beginner_Tutorials_Ros2/build/serverpublisher/server_test --gtest_output=xml:/home/chotu/Beginner_Tutorials_Ros2/build/serverpublisher/test_results/serverpublisher/server_test.gtest.xml\n'}
[0.070395] (serverpublisher) StdoutLine: {'line': b'1: [==========] Running 3 tests from 1 test suite.\n'}
[0.070528] (serverpublisher) StdoutLine: {'line': b'1: [----------] Global test environment set-up.\n'}
[0.070601] (serverpublisher) StdoutLine: {'line': b'1: [----------] 3 tests from test_services_client\n'}
[0.070668] (serverpublisher) StdoutLine: {'line': b'1: unknown file: Failure\n'}
[0.070760] (serverpublisher) StdoutLine: {'line': b'1: C++ exception with description "context is already initialized" thrown in SetUpTestSuite().\n'}
[0.070846] (serverpublisher) StdoutLine: {'line': b'1: [ RUN      ] test_services_client.Manipulation1\n'}
[0.076398] (serverpublisher) StdoutLine: {'line': b'1: [INFO] [1670306277.288782895] [string_server1]: DONE WITH TEST1\n'}
[0.076532] (serverpublisher) StdoutLine: {'line': b'1: \n'}
[0.077540] (serverpublisher) StdoutLine: {'line': b'1: [       OK ] test_services_client.Manipulation1 (7 ms)\n'}
[0.077620] (serverpublisher) StdoutLine: {'line': b'1: [ RUN      ] test_services_client.Manipulation2\n'}
[0.080088] (serverpublisher) StdoutLine: {'line': b'1: [INFO] [1670306277.292536767] [string_server2]: DONE WITH TEST2\n'}
[0.080190] (serverpublisher) StdoutLine: {'line': b'1: \n'}
[0.080987] (serverpublisher) StdoutLine: {'line': b'1: [       OK ] test_services_client.Manipulation2 (3 ms)\n'}
[0.081051] (serverpublisher) StdoutLine: {'line': b'1: [ RUN      ] test_services_client.Subscriber1\n'}
[0.083435] (serverpublisher) StdoutLine: {'line': b'1: [INFO] [1670306277.295889136] [subscriber]: DONE WITH TEST3\n'}
[0.083530] (serverpublisher) StdoutLine: {'line': b'1: \n'}
[0.084198] (serverpublisher) StdoutLine: {'line': b'1: [       OK ] test_services_client.Subscriber1 (3 ms)\n'}
[0.084311] (serverpublisher) StdoutLine: {'line': b'1: [----------] 3 tests from test_services_client (14 ms total)\n'}
[0.084375] (serverpublisher) StdoutLine: {'line': b'1: \n'}
[0.084459] (serverpublisher) StdoutLine: {'line': b'1: [----------] Global test environment tear-down\n'}
[0.084514] (serverpublisher) StdoutLine: {'line': b'1: [==========] 3 tests from 1 test suite ran. (14 ms total)\n'}
[0.084569] (serverpublisher) StdoutLine: {'line': b'1: [  PASSED  ] 3 tests.\n'}
[0.099552] (-) TimerEvent: {}
[0.185192] (serverpublisher) StdoutLine: {'line': b'1: DONE SHUTTING DOWN ROS\n'}
[0.186041] (serverpublisher) StdoutLine: {'line': b'1: -- run_test.py: return code 0\n'}
[0.186267] (serverpublisher) StdoutLine: {'line': b"1: -- run_test.py: inject classname prefix into gtest result file '/home/chotu/Beginner_Tutorials_Ros2/build/serverpublisher/test_results/serverpublisher/server_test.gtest.xml'\n"}
[0.186381] (serverpublisher) StdoutLine: {'line': b"1: -- run_test.py: verify result file '/home/chotu/Beginner_Tutorials_Ros2/build/serverpublisher/test_results/serverpublisher/server_test.gtest.xml'\n"}
[0.192968] (serverpublisher) StdoutLine: {'line': b'1/2 Test #1: server_test ......................   Passed    0.17 sec\n'}
[0.193146] (serverpublisher) StdoutLine: {'line': b'test 2\n'}
[0.193210] (serverpublisher) StdoutLine: {'line': b'    Start 2: pep257\n'}
[0.193266] (serverpublisher) StdoutLine: {'line': b'\n'}
[0.193319] (serverpublisher) StdoutLine: {'line': b'2: Test command: /usr/bin/python3.10 "-u" "/opt/ros/humble/share/ament_cmake_test/cmake/run_test.py" "/home/chotu/Beginner_Tutorials_Ros2/build/serverpublisher/test_results/serverpublisher/pep257.xunit.xml" "--package-name" "serverpublisher" "--output-file" "/home/chotu/Beginner_Tutorials_Ros2/build/serverpublisher/ament_pep257/pep257.txt" "--command" "/opt/ros/humble/bin/ament_pep257" "--xunit-file" "/home/chotu/Beginner_Tutorials_Ros2/build/serverpublisher/test_results/serverpublisher/pep257.xunit.xml"\n'}
[0.193380] (serverpublisher) StdoutLine: {'line': b'2: Test timeout computed to be: 60\n'}
[0.199623] (-) TimerEvent: {}
[0.227117] (serverpublisher) StdoutLine: {'line': b"2: -- run_test.py: invoking following command in '/home/chotu/Beginner_Tutorials_Ros2':\n"}
[0.227313] (serverpublisher) StdoutLine: {'line': b'2:  - /opt/ros/humble/bin/ament_pep257 --xunit-file /home/chotu/Beginner_Tutorials_Ros2/build/serverpublisher/test_results/serverpublisher/pep257.xunit.xml\n'}
[0.299715] (-) TimerEvent: {}
[0.399971] (-) TimerEvent: {}
[0.484444] (serverpublisher) StdoutLine: {'line': b'2: Error in file ./vendor/googletest/googlemock/scripts/fuse_gmock_files.py: Cannot parse file.\n'}
[0.500053] (-) TimerEvent: {}
[0.567703] (serverpublisher) StdoutLine: {'line': b'2: checking ./build/serverpublisher/ament_cmake_python/serverpublisher/serverpublisher/__init__.py\n'}
[0.567968] (serverpublisher) StdoutLine: {'line': b'2: checking ./build/serverpublisher/ament_cmake_python/serverpublisher/setup.py\n'}
[0.568084] (serverpublisher) StdoutLine: {'line': b'2: checking ./build/serverpublisher/rosidl_generator_py/serverpublisher/__init__.py\n'}
[0.568187] (serverpublisher) StdoutLine: {'line': b'2: checking ./build/serverpublisher/rosidl_generator_py/serverpublisher/msg/__init__.py\n'}
[0.568281] (serverpublisher) StdoutLine: {'line': b'2: checking ./build/serverpublisher/rosidl_generator_py/serverpublisher/msg/_data.py\n'}
[0.568379] (serverpublisher) StdoutLine: {'line': b'2: checking ./build/serverpublisher/rosidl_generator_py/serverpublisher/msg/_num.py\n'}
[0.568442] (serverpublisher) StdoutLine: {'line': b'2: checking ./build/serverpublisher/rosidl_generator_py/serverpublisher/msg/_sphere.py\n'}
[0.568496] (serverpublisher) StdoutLine: {'line': b'2: checking ./build/serverpublisher/rosidl_generator_py/serverpublisher/srv/__init__.py\n'}
[0.568548] (serverpublisher) StdoutLine: {'line': b'2: checking ./build/serverpublisher/rosidl_generator_py/serverpublisher/srv/_add_three_ints.py\n'}
[0.568599] (serverpublisher) StdoutLine: {'line': b'2: checking ./build/serverpublisher/rosidl_generator_py/serverpublisher/srv/_change_string.py\n'}
[0.568652] (serverpublisher) StdoutLine: {'line': b'2: checking ./install/_local_setup_util_ps1.py\n'}
[0.568704] (serverpublisher) StdoutLine: {'line': b'2: checking ./install/_local_setup_util_sh.py\n'}
[0.568756] (serverpublisher) StdoutLine: {'line': b'2: checking ./install/serverpublisher/local/lib/python3.10/dist-packages/serverpublisher/__init__.py\n'}
[0.568817] (serverpublisher) StdoutLine: {'line': b'2: checking ./install/serverpublisher/local/lib/python3.10/dist-packages/serverpublisher/msg/__init__.py\n'}
[0.568869] (serverpublisher) StdoutLine: {'line': b'2: checking ./install/serverpublisher/local/lib/python3.10/dist-packages/serverpublisher/msg/_data.py\n'}
[0.568965] (serverpublisher) StdoutLine: {'line': b'2: checking ./install/serverpublisher/local/lib/python3.10/dist-packages/serverpublisher/msg/_num.py\n'}
[0.569050] (serverpublisher) StdoutLine: {'line': b'2: checking ./install/serverpublisher/local/lib/python3.10/dist-packages/serverpublisher/msg/_sphere.py\n'}
[0.569133] (serverpublisher) StdoutLine: {'line': b'2: checking ./install/serverpublisher/local/lib/python3.10/dist-packages/serverpublisher/srv/__init__.py\n'}
[0.569213] (serverpublisher) StdoutLine: {'line': b'2: checking ./install/serverpublisher/local/lib/python3.10/dist-packages/serverpublisher/srv/_add_three_ints.py\n'}
[0.569294] (serverpublisher) StdoutLine: {'line': b'2: checking ./install/serverpublisher/local/lib/python3.10/dist-packages/serverpublisher/srv/_change_string.py\n'}
[0.569373] (serverpublisher) StdoutLine: {'line': b'2: checking ./install/serverpublisher/share/serverpublisher/launch/bag_launch.py\n'}
[0.569426] (serverpublisher) StdoutLine: {'line': b'2: checking ./install/serverpublisher/share/serverpublisher/launch/cpp_pubsub_launch.py\n'}
[0.569477] (serverpublisher) StdoutLine: {'line': b'2: checking ./install/serverpublisher/share/serverpublisher/launch/rosbag_launch.py\n'}
[0.569527] (serverpublisher) StdoutLine: {'line': b'2: checking ./launch/bag_launch.py\n'}
[0.569583] (serverpublisher) StdoutLine: {'line': b'2: checking ./launch/cpp_pubsub_launch.py\n'}
[0.569635] (serverpublisher) StdoutLine: {'line': b'2: checking ./launch/rosbag_launch.py\n'}
[0.569685] (serverpublisher) StdoutLine: {'line': b'2: checking ./vendor/googletest/googlemock/scripts/fuse_gmock_files.py\n'}
[0.569752] (serverpublisher) StdoutLine: {'line': b'2: ./vendor/googletest/googlemock/scripts/fuse_gmock_files.py: Cannot parse file.\n'}
[0.569804] (serverpublisher) StdoutLine: {'line': b'2: checking ./vendor/googletest/googlemock/scripts/generator/cpp/__init__.py\n'}
[0.569855] (serverpublisher) StdoutLine: {'line': b'2: checking ./vendor/googletest/googlemock/scripts/generator/cpp/ast.py\n'}
[0.569932] (serverpublisher) StdoutLine: {'line': b"2: ./vendor/googletest/googlemock/scripts/generator/cpp/ast.py:117 in public method `IsDeclaration`: D401: First line should be in imperative mood (perhaps 'Return', not 'Returns')\n"}
[0.570023] (serverpublisher) StdoutLine: {'line': b"2: ./vendor/googletest/googlemock/scripts/generator/cpp/ast.py:121 in public method `IsDefinition`: D401: First line should be in imperative mood (perhaps 'Return', not 'Returns')\n"}
[0.570109] (serverpublisher) StdoutLine: {'line': b"2: ./vendor/googletest/googlemock/scripts/generator/cpp/ast.py:125 in public method `IsExportable`: D401: First line should be in imperative mood (perhaps 'Return', not 'Returns')\n"}
[0.570185] (serverpublisher) StdoutLine: {'line': b"2: ./vendor/googletest/googlemock/scripts/generator/cpp/ast.py:129 in public method `Requires`: D400: First line should end with a period (not '?')\n"}
[0.570260] (serverpublisher) StdoutLine: {'line': b"2: ./vendor/googletest/googlemock/scripts/generator/cpp/ast.py:129 in public method `Requires`: D401: First line should be in imperative mood; try rephrasing (found 'Does')\n"}
[0.570318] (serverpublisher) StdoutLine: {'line': b'2: ./vendor/googletest/googlemock/scripts/generator/cpp/ast.py:414 in public method `__init__`: D205: 1 blank line required between summary line and description (found 0)\n'}
[0.570372] (serverpublisher) StdoutLine: {'line': b"2: ./vendor/googletest/googlemock/scripts/generator/cpp/ast.py:414 in public method `__init__`: D400: First line should end with a period (not ':')\n"}
[0.570424] (serverpublisher) StdoutLine: {'line': b"2: ./vendor/googletest/googlemock/scripts/generator/cpp/ast.py:414 in public method `__init__`: D415: First line should end with a period, question mark, or exclamation point (not ':')\n"}
[0.570483] (serverpublisher) StdoutLine: {'line': b'2: ./vendor/googletest/googlemock/scripts/generator/cpp/ast.py:478 in public method `ToType`: D205: 1 blank line required between summary line and description (found 0)\n'}
[0.570537] (serverpublisher) StdoutLine: {'line': b'2: ./vendor/googletest/googlemock/scripts/generator/cpp/ast.py:478 in public method `ToType`: D213: Multi-line docstring summary should start at the second line\n'}
[0.570598] (serverpublisher) StdoutLine: {'line': b"2: ./vendor/googletest/googlemock/scripts/generator/cpp/ast.py:478 in public method `ToType`: D413: Missing blank line after last section ('Returns')\n"}
[0.570652] (serverpublisher) StdoutLine: {'line': b"2: ./vendor/googletest/googlemock/scripts/generator/cpp/ast.py:478 in public method `ToType`: D407: Missing dashed underline after section ('Returns')\n"}
[0.570703] (serverpublisher) StdoutLine: {'line': b"2: ./vendor/googletest/googlemock/scripts/generator/cpp/ast.py:478 in public method `ToType`: D406: Section name should end with a newline ('Returns', not 'Returns:')\n"}
[0.570756] (serverpublisher) StdoutLine: {'line': b"2: ./vendor/googletest/googlemock/scripts/generator/cpp/ast.py:929 in public method `GetName`: D401: First line should be in imperative mood (perhaps 'Return', not 'Returns')\n"}
[0.570808] (serverpublisher) StdoutLine: {'line': b'2: ./vendor/googletest/googlemock/scripts/generator/cpp/ast.py:1664 in public function `BuilderFromSource`: D213: Multi-line docstring summary should start at the second line\n'}
[0.570862] (serverpublisher) StdoutLine: {'line': b"2: ./vendor/googletest/googlemock/scripts/generator/cpp/ast.py:1664 in public function `BuilderFromSource`: D401: First line should be in imperative mood; try rephrasing (found 'Utility')\n"}
[0.570943] (serverpublisher) StdoutLine: {'line': b"2: ./vendor/googletest/googlemock/scripts/generator/cpp/ast.py:1664 in public function `BuilderFromSource`: D413: Missing blank line after last section ('Returns')\n"}
[0.571021] (serverpublisher) StdoutLine: {'line': b"2: ./vendor/googletest/googlemock/scripts/generator/cpp/ast.py:1664 in public function `BuilderFromSource`: D407: Missing dashed underline after section ('Returns')\n"}
[0.571095] (serverpublisher) StdoutLine: {'line': b"2: ./vendor/googletest/googlemock/scripts/generator/cpp/ast.py:1664 in public function `BuilderFromSource`: D406: Section name should end with a newline ('Returns', not 'Returns:')\n"}
[0.571169] (serverpublisher) StdoutLine: {'line': b'2: ./vendor/googletest/googlemock/scripts/generator/cpp/ast.py:1677 in public function `PrintIndentifiers`: D213: Multi-line docstring summary should start at the second line\n'}
[0.571254] (serverpublisher) StdoutLine: {'line': b"2: ./vendor/googletest/googlemock/scripts/generator/cpp/ast.py:1677 in public function `PrintIndentifiers`: D401: First line should be in imperative mood (perhaps 'Print', not 'Prints')\n"}
[0.571310] (serverpublisher) StdoutLine: {'line': b"2: ./vendor/googletest/googlemock/scripts/generator/cpp/ast.py:1677 in public function `PrintIndentifiers`: D413: Missing blank line after last section ('Args')\n"}
[0.571361] (serverpublisher) StdoutLine: {'line': b"2: ./vendor/googletest/googlemock/scripts/generator/cpp/ast.py:1677 in public function `PrintIndentifiers`: D407: Missing dashed underline after section ('Args')\n"}
[0.571411] (serverpublisher) StdoutLine: {'line': b'2: ./vendor/googletest/googlemock/scripts/generator/cpp/ast.py:1701 in public function `PrintAllIndentifiers`: D213: Multi-line docstring summary should start at the second line\n'}
[0.571469] (serverpublisher) StdoutLine: {'line': b"2: ./vendor/googletest/googlemock/scripts/generator/cpp/ast.py:1701 in public function `PrintAllIndentifiers`: D401: First line should be in imperative mood (perhaps 'Print', not 'Prints')\n"}
[0.571522] (serverpublisher) StdoutLine: {'line': b"2: ./vendor/googletest/googlemock/scripts/generator/cpp/ast.py:1701 in public function `PrintAllIndentifiers`: D413: Missing blank line after last section ('Args')\n"}
[0.571579] (serverpublisher) StdoutLine: {'line': b"2: ./vendor/googletest/googlemock/scripts/generator/cpp/ast.py:1701 in public function `PrintAllIndentifiers`: D407: Missing dashed underline after section ('Args')\n"}
[0.571631] (serverpublisher) StdoutLine: {'line': b'2: checking ./vendor/googletest/googlemock/scripts/generator/cpp/gmock_class.py\n'}
[0.571681] (serverpublisher) StdoutLine: {'line': b'2: ./vendor/googletest/googlemock/scripts/generator/cpp/gmock_class.py:17 at module level: D213: Multi-line docstring summary should start at the second line\n'}
[0.571730] (serverpublisher) StdoutLine: {'line': b'2: checking ./vendor/googletest/googlemock/scripts/generator/cpp/gmock_class_test.py\n'}
[0.571780] (serverpublisher) StdoutLine: {'line': b'2: checking ./vendor/googletest/googlemock/scripts/generator/cpp/keywords.py\n'}
[0.571833] (serverpublisher) StdoutLine: {'line': b'2: checking ./vendor/googletest/googlemock/scripts/generator/cpp/tokenize.py\n'}
[0.571885] (serverpublisher) StdoutLine: {'line': b'2: ./vendor/googletest/googlemock/scripts/generator/cpp/tokenize.py:65 in public class `Token`: D213: Multi-line docstring summary should start at the second line\n'}
[0.571985] (serverpublisher) StdoutLine: {'line': b'2: ./vendor/googletest/googlemock/scripts/generator/cpp/tokenize.py:120 in public function `GetTokens`: D213: Multi-line docstring summary should start at the second line\n'}
[0.572064] (serverpublisher) StdoutLine: {'line': b"2: ./vendor/googletest/googlemock/scripts/generator/cpp/tokenize.py:120 in public function `GetTokens`: D401: First line should be in imperative mood (perhaps 'Return', not 'Returns')\n"}
[0.572139] (serverpublisher) StdoutLine: {'line': b"2: ./vendor/googletest/googlemock/scripts/generator/cpp/tokenize.py:120 in public function `GetTokens`: D413: Missing blank line after last section ('Yields')\n"}
[0.582169] (serverpublisher) StdoutLine: {'line': b"2: ./vendor/googletest/googlemock/scripts/generator/cpp/tokenize.py:120 in public function `GetTokens`: D407: Missing dashed underline after section ('Yields')Error in file ./vendor/googletest/googlemock/scripts/upload.py: Cannot parse file.\n"}
[0.590780] (serverpublisher) StdoutLine: {'line': b'2: \n'}
[0.590922] (serverpublisher) StdoutLine: {'line': b"2: ./vendor/googletest/googlemock/scripts/generator/cpp/tokenize.py:120 in public function `GetTokens`: D406: Section name should end with a newline ('Yields', not 'Yields:')\n"}
[0.591141] (serverpublisher) StdoutLine: {'line': b'2: checking ./vendor/googletest/googlemock/scripts/generator/cpp/utils.py\n'}
[0.591231] (serverpublisher) StdoutLine: {'line': b"2: ./vendor/googletest/googlemock/scripts/generator/cpp/utils.py:31 in public function `ReadFile`: D401: First line should be in imperative mood (perhaps 'Return', not 'Returns')\n"}
[0.591291] (serverpublisher) StdoutLine: {'line': b'2: checking ./vendor/googletest/googlemock/scripts/generator/gmock_gen.py\n'}
[0.591343] (serverpublisher) StdoutLine: {'line': b'2: checking ./vendor/googletest/googlemock/scripts/gmock_doctor.py\n'}
[0.591396] (serverpublisher) StdoutLine: {'line': b'2: ./vendor/googletest/googlemock/scripts/gmock_doctor.py:138 in private function `_FindAllMatches`: D202: No blank lines allowed after function docstring (found 1)\n'}
[0.591448] (serverpublisher) StdoutLine: {'line': b"2: ./vendor/googletest/googlemock/scripts/gmock_doctor.py:138 in private function `_FindAllMatches`: D401: First line should be in imperative mood (perhaps 'Generate', not 'Generates')\n"}
[0.591501] (serverpublisher) StdoutLine: {'line': b'2: ./vendor/googletest/googlemock/scripts/gmock_doctor.py:145 in private function `_GenericDiagnoser`: D213: Multi-line docstring summary should start at the second line\n'}
[0.591554] (serverpublisher) StdoutLine: {'line': b"2: ./vendor/googletest/googlemock/scripts/gmock_doctor.py:145 in private function `_GenericDiagnoser`: D413: Missing blank line after last section ('Yields')\n"}
[0.591618] (serverpublisher) StdoutLine: {'line': b"2: ./vendor/googletest/googlemock/scripts/gmock_doctor.py:145 in private function `_GenericDiagnoser`: D411: Missing blank line before section ('Yields')\n"}
[0.591676] (serverpublisher) StdoutLine: {'line': b"2: ./vendor/googletest/googlemock/scripts/gmock_doctor.py:145 in private function `_GenericDiagnoser`: D407: Missing dashed underline after section ('Yields')\n"}
[0.591731] (serverpublisher) StdoutLine: {'line': b"2: ./vendor/googletest/googlemock/scripts/gmock_doctor.py:145 in private function `_GenericDiagnoser`: D406: Section name should end with a newline ('Yields', not 'Yields:')\n"}
[0.591782] (serverpublisher) StdoutLine: {'line': b'2: ./vendor/googletest/googlemock/scripts/gmock_doctor.py:167 in private function `_NeedToReturnReferenceDiagnoser`: D202: No blank lines allowed after function docstring (found 1)\n'}
[0.591848] (serverpublisher) StdoutLine: {'line': b'2: ./vendor/googletest/googlemock/scripts/gmock_doctor.py:192 in private function `_NeedToReturnSomethingDiagnoser`: D202: No blank lines allowed after function docstring (found 1)\n'}
[0.591912] (serverpublisher) StdoutLine: {'line': b'2: ./vendor/googletest/googlemock/scripts/gmock_doctor.py:219 in private function `_NeedToReturnNothingDiagnoser`: D202: No blank lines allowed after function docstring (found 1)\n'}
[0.592029] (serverpublisher) StdoutLine: {'line': b'2: ./vendor/googletest/googlemock/scripts/gmock_doctor.py:256 in private function `_IncompleteByReferenceArgumentDiagnoser`: D202: No blank lines allowed after function docstring (found 1)\n'}
[0.592117] (serverpublisher) StdoutLine: {'line': b'2: ./vendor/googletest/googlemock/scripts/gmock_doctor.py:283 in private function `_OverloadedFunctionMatcherDiagnoser`: D202: No blank lines allowed after function docstring (found 1)\n'}
[0.592204] (serverpublisher) StdoutLine: {'line': b'2: ./vendor/googletest/googlemock/scripts/gmock_doctor.py:304 in private function `_OverloadedFunctionActionDiagnoser`: D202: No blank lines allowed after function docstring (found 1)\n'}
[0.592291] (serverpublisher) StdoutLine: {'line': b'2: ./vendor/googletest/googlemock/scripts/gmock_doctor.py:329 in private function `_OverloadedMethodActionDiagnoser`: D202: No blank lines allowed after function docstring (found 1)\n'}
[0.592363] (serverpublisher) StdoutLine: {'line': b'2: ./vendor/googletest/googlemock/scripts/gmock_doctor.py:358 in private function `_MockObjectPointerDiagnoser`: D202: No blank lines allowed after function docstring (found 1)\n'}
[0.592418] (serverpublisher) StdoutLine: {'line': b'2: ./vendor/googletest/googlemock/scripts/gmock_doctor.py:397 in private function `_NeedToUseSymbolDiagnoser`: D202: No blank lines allowed after function docstring (found 1)\n'}
[0.592469] (serverpublisher) StdoutLine: {'line': b'2: ./vendor/googletest/googlemock/scripts/gmock_doctor.py:417 in private function `_NeedToUseReturnNullDiagnoser`: D202: No blank lines allowed after function docstring (found 1)\n'}
[0.592520] (serverpublisher) StdoutLine: {'line': b'2: ./vendor/googletest/googlemock/scripts/gmock_doctor.py:443 in private function `_TypeInTemplatedBaseDiagnoser`: D202: No blank lines allowed after function docstring (found 1)\n'}
[0.592571] (serverpublisher) StdoutLine: {'line': b'2: ./vendor/googletest/googlemock/scripts/gmock_doctor.py:512 in private function `_WrongMockMethodMacroDiagnoser`: D202: No blank lines allowed after function docstring (found 1)\n'}
[0.592632] (serverpublisher) StdoutLine: {'line': b'2: ./vendor/googletest/googlemock/scripts/gmock_doctor.py:540 in private function `_WrongParenPositionDiagnoser`: D202: No blank lines allowed after function docstring (found 1)\n'}
[0.592686] (serverpublisher) StdoutLine: {'line': b'2: ./vendor/googletest/googlemock/scripts/gmock_doctor.py:578 in public function `Diagnose`: D202: No blank lines allowed after function docstring (found 1)\n'}
[0.592740] (serverpublisher) StdoutLine: {'line': b"2: ./vendor/googletest/googlemock/scripts/gmock_doctor.py:578 in public function `Diagnose`: D401: First line should be in imperative mood (perhaps 'Generate', not 'Generates')\n"}
[0.592797] (serverpublisher) StdoutLine: {'line': b'2: checking ./vendor/googletest/googlemock/scripts/upload.py\n'}
[0.592851] (serverpublisher) StdoutLine: {'line': b'2: ./vendor/googletest/googlemock/scripts/upload.py: Cannot parse file.\n'}
[0.592902] (serverpublisher) StdoutLine: {'line': b'2: checking ./vendor/googletest/googlemock/scripts/upload_gmock.py\n'}
[0.592989] (serverpublisher) StdoutLine: {'line': b'2: ./vendor/googletest/googlemock/scripts/upload_gmock.py:32 at module level: D213: Multi-line docstring summary should start at the second line\n'}
[0.593065] (serverpublisher) StdoutLine: {'line': b'2: checking ./vendor/googletest/googlemock/test/gmock_leak_test.py\n'}
[0.593137] (serverpublisher) StdoutLine: {'line': b'2: checking ./vendor/googletest/googlemock/test/gmock_output_test.py\n'}
[0.593210] (serverpublisher) StdoutLine: {'line': b'2: ./vendor/googletest/googlemock/test/gmock_output_test.py:32 at module level: D213: Multi-line docstring summary should start at the second line\n'}
[0.593290] (serverpublisher) StdoutLine: {'line': b'2: ./vendor/googletest/googlemock/test/gmock_output_test.py:60 in public function `ToUnixLineEnding`: D202: No blank lines allowed after function docstring (found 1)\n'}
[0.593346] (serverpublisher) StdoutLine: {'line': b"2: ./vendor/googletest/googlemock/test/gmock_output_test.py:60 in public function `ToUnixLineEnding`: D401: First line should be in imperative mood (perhaps 'Change', not 'Changes')\n"}
[0.593399] (serverpublisher) StdoutLine: {'line': b'2: ./vendor/googletest/googlemock/test/gmock_output_test.py:66 in public function `RemoveReportHeaderAndFooter`: D202: No blank lines allowed after function docstring (found 1)\n'}
[0.593454] (serverpublisher) StdoutLine: {'line': b"2: ./vendor/googletest/googlemock/test/gmock_output_test.py:66 in public function `RemoveReportHeaderAndFooter`: D401: First line should be in imperative mood (perhaps 'Remove', not 'Removes')\n"}
[0.593507] (serverpublisher) StdoutLine: {'line': b'2: ./vendor/googletest/googlemock/test/gmock_output_test.py:77 in public function `RemoveLocations`: D202: No blank lines allowed after function docstring (found 1)\n'}
[0.593566] (serverpublisher) StdoutLine: {'line': b'2: ./vendor/googletest/googlemock/test/gmock_output_test.py:77 in public function `RemoveLocations`: D213: Multi-line docstring summary should start at the second line\n'}
[0.593619] (serverpublisher) StdoutLine: {'line': b'2: ./vendor/googletest/googlemock/test/gmock_output_test.py:77 in public function `RemoveLocations`: D301: Use r""" if any backslashes in a docstring\n'}
[0.593670] (serverpublisher) StdoutLine: {'line': b"2: ./vendor/googletest/googlemock/test/gmock_output_test.py:77 in public function `RemoveLocations`: D401: First line should be in imperative mood (perhaps 'Remove', not 'Removes')\n"}
[0.593722] (serverpublisher) StdoutLine: {'line': b"2: ./vendor/googletest/googlemock/test/gmock_output_test.py:77 in public function `RemoveLocations`: D413: Missing blank line after last section ('Returns')\n"}
[0.593773] (serverpublisher) StdoutLine: {'line': b"2: ./vendor/googletest/googlemock/test/gmock_output_test.py:77 in public function `RemoveLocations`: D407: Missing dashed underline after section ('Returns')\n"}
[0.593824] (serverpublisher) StdoutLine: {'line': b"2: ./vendor/googletest/googlemock/test/gmock_output_test.py:77 in public function `RemoveLocations`: D406: Section name should end with a newline ('Returns', not 'Returns:')\n"}
[0.593874] (serverpublisher) StdoutLine: {'line': b'2: ./vendor/googletest/googlemock/test/gmock_output_test.py:93 in public function `NormalizeErrorMarker`: D202: No blank lines allowed after function docstring (found 1)\n'}
[0.593938] (serverpublisher) StdoutLine: {'line': b"2: ./vendor/googletest/googlemock/test/gmock_output_test.py:93 in public function `NormalizeErrorMarker`: D401: First line should be in imperative mood (perhaps 'Normalize', not 'Normalizes')\n"}
[0.594031] (serverpublisher) StdoutLine: {'line': b'2: ./vendor/googletest/googlemock/test/gmock_output_test.py:99 in public function `RemoveMemoryAddresses`: D202: No blank lines allowed after function docstring (found 1)\n'}
[0.594120] (serverpublisher) StdoutLine: {'line': b"2: ./vendor/googletest/googlemock/test/gmock_output_test.py:99 in public function `RemoveMemoryAddresses`: D401: First line should be in imperative mood (perhaps 'Remove', not 'Removes')\n"}
[0.594196] (serverpublisher) StdoutLine: {'line': b'2: ./vendor/googletest/googlemock/test/gmock_output_test.py:105 in public function `RemoveTestNamesOfLeakedMocks`: D202: No blank lines allowed after function docstring (found 1)\n'}
[0.594281] (serverpublisher) StdoutLine: {'line': b"2: ./vendor/googletest/googlemock/test/gmock_output_test.py:105 in public function `RemoveTestNamesOfLeakedMocks`: D401: First line should be in imperative mood (perhaps 'Remove', not 'Removes')\n"}
[0.594347] (serverpublisher) StdoutLine: {'line': b'2: ./vendor/googletest/googlemock/test/gmock_output_test.py:111 in public function `GetLeakyTests`: D202: No blank lines allowed after function docstring (found 1)\n'}
[0.600113] (-) TimerEvent: {}
[0.602064] (serverpublisher) StdoutLine: {'line': b"2: ./vendor/googletest/googlemock/test/gmock_output_test.py:111 in public function `GetLeakyTests`: D401: First line should be in imperative mood (perhaps 'Return', not 'Returns')\n"}
[0.602300] (serverpublisher) StdoutLine: {'line': b'2: ./vendor/googletest/googlemock/test/gmock_output_test.py:120 in public function `GetNormalizedOutputAndLeakyTests`: D202: No blank lines allowed after function docstring (found 1)\n'}
[0.602364] (serverpublisher) StdoutLine: {'line': b'2: ./vendor/googletest/googlemock/test/gmock_output_test.py:120 in public function `GetNormalizedOutputAndLeakyTests`: D213: Multi-line docstring summary should start at the second line\n'}
[0.602420] (serverpublisher) StdoutLine: {'line': b"2: ./vendor/googletest/googlemock/test/gmock_output_test.py:120 in public function `GetNormalizedOutputAndLeakyTests`: D401: First line should be in imperative mood (perhaps 'Normalize', not 'Normalizes')\n"}
[0.602474] (serverpublisher) StdoutLine: {'line': b"2: ./vendor/googletest/googlemock/test/gmock_output_test.py:120 in public function `GetNormalizedOutputAndLeakyTests`: D413: Missing blank line after last section ('Returns')\n"}
[0.602527] (serverpublisher) StdoutLine: {'line': b"2: ./vendor/googletest/googlemock/test/gmock_output_test.py:120 in public function `GetNormalizedOutputAndLeakyTests`: D407: Missing dashed underline after section ('Returns')\n"}
[0.602579] (serverpublisher) StdoutLine: {'line': b"2: ./vendor/googletest/googlemock/test/gmock_output_test.py:120 in public function `GetNormalizedOutputAndLeakyTests`: D406: Section name should end with a newline ('Returns', not 'Returns:')\n"}
[0.602631] (serverpublisher) StdoutLine: {'line': b'2: ./vendor/googletest/googlemock/test/gmock_output_test.py:139 in public function `GetShellCommandOutput`: D202: No blank lines allowed after function docstring (found 1)\n'}
[0.602682] (serverpublisher) StdoutLine: {'line': b"2: ./vendor/googletest/googlemock/test/gmock_output_test.py:139 in public function `GetShellCommandOutput`: D401: First line should be in imperative mood (perhaps 'Run', not 'Runs')\n"}
[0.602906] (serverpublisher) StdoutLine: {'line': b'2: ./vendor/googletest/googlemock/test/gmock_output_test.py:145 in public function `GetNormalizedCommandOutputAndLeakyTests`: D202: No blank lines allowed after function docstring (found 1)\n'}
[0.603002] (serverpublisher) StdoutLine: {'line': b'2: ./vendor/googletest/googlemock/test/gmock_output_test.py:145 in public function `GetNormalizedCommandOutputAndLeakyTests`: D213: Multi-line docstring summary should start at the second line\n'}
[0.603093] (serverpublisher) StdoutLine: {'line': b"2: ./vendor/googletest/googlemock/test/gmock_output_test.py:145 in public function `GetNormalizedCommandOutputAndLeakyTests`: D401: First line should be in imperative mood (perhaps 'Run', not 'Runs')\n"}
[0.603188] (serverpublisher) StdoutLine: {'line': b"2: ./vendor/googletest/googlemock/test/gmock_output_test.py:145 in public function `GetNormalizedCommandOutputAndLeakyTests`: D413: Missing blank line after last section ('Args')\n"}
[0.603274] (serverpublisher) StdoutLine: {'line': b"2: ./vendor/googletest/googlemock/test/gmock_output_test.py:145 in public function `GetNormalizedCommandOutputAndLeakyTests`: D407: Missing dashed underline after section ('Args')\n"}
[0.603353] (serverpublisher) StdoutLine: {'line': b'2: checking ./vendor/googletest/googlemock/test/gmock_test_utils.py\n'}
[0.603429] (serverpublisher) StdoutLine: {'line': b'2: ./vendor/googletest/googlemock/test/gmock_test_utils.py:55 in public function `GetSourceDir`: D202: No blank lines allowed after function docstring (found 1)\n'}
[0.603483] (serverpublisher) StdoutLine: {'line': b"2: ./vendor/googletest/googlemock/test/gmock_test_utils.py:55 in public function `GetSourceDir`: D401: First line should be in imperative mood (perhaps 'Return', not 'Returns')\n"}
[0.603535] (serverpublisher) StdoutLine: {'line': b'2: ./vendor/googletest/googlemock/test/gmock_test_utils.py:61 in public function `GetTestExecutablePath`: D202: No blank lines allowed after function docstring (found 1)\n'}
[0.603586] (serverpublisher) StdoutLine: {'line': b'2: ./vendor/googletest/googlemock/test/gmock_test_utils.py:61 in public function `GetTestExecutablePath`: D213: Multi-line docstring summary should start at the second line\n'}
[0.603638] (serverpublisher) StdoutLine: {'line': b"2: ./vendor/googletest/googlemock/test/gmock_test_utils.py:61 in public function `GetTestExecutablePath`: D401: First line should be in imperative mood (perhaps 'Return', not 'Returns')\n"}
[0.603691] (serverpublisher) StdoutLine: {'line': b"2: ./vendor/googletest/googlemock/test/gmock_test_utils.py:61 in public function `GetTestExecutablePath`: D413: Missing blank line after last section ('Returns')\n"}
[0.603741] (serverpublisher) StdoutLine: {'line': b"2: ./vendor/googletest/googlemock/test/gmock_test_utils.py:61 in public function `GetTestExecutablePath`: D407: Missing dashed underline after section ('Returns')\n"}
[0.603801] (serverpublisher) StdoutLine: {'line': b"2: ./vendor/googletest/googlemock/test/gmock_test_utils.py:61 in public function `GetTestExecutablePath`: D406: Section name should end with a newline ('Returns', not 'Returns:')\n"}
[0.603852] (serverpublisher) StdoutLine: {'line': b'2: ./vendor/googletest/googlemock/test/gmock_test_utils.py:77 in public function `GetExitStatus`: D202: No blank lines allowed after function docstring (found 1)\n'}
[0.603903] (serverpublisher) StdoutLine: {'line': b'2: ./vendor/googletest/googlemock/test/gmock_test_utils.py:77 in public function `GetExitStatus`: D213: Multi-line docstring summary should start at the second line\n'}
[0.603990] (serverpublisher) StdoutLine: {'line': b"2: ./vendor/googletest/googlemock/test/gmock_test_utils.py:77 in public function `GetExitStatus`: D401: First line should be in imperative mood (perhaps 'Return', not 'Returns')\n"}
[0.604087] (serverpublisher) StdoutLine: {'line': b"2: ./vendor/googletest/googlemock/test/gmock_test_utils.py:77 in public function `GetExitStatus`: D413: Missing blank line after last section ('Args')\n"}
[0.604162] (serverpublisher) StdoutLine: {'line': b"2: ./vendor/googletest/googlemock/test/gmock_test_utils.py:77 in public function `GetExitStatus`: D407: Missing dashed underline after section ('Args')\n"}
[0.604234] (serverpublisher) StdoutLine: {'line': b'2: ./vendor/googletest/googlemock/test/gmock_test_utils.py:110 in public function `Main`: D202: No blank lines allowed after function docstring (found 1)\n'}
[0.604315] (serverpublisher) StdoutLine: {'line': b"2: ./vendor/googletest/googlemock/test/gmock_test_utils.py:110 in public function `Main`: D401: First line should be in imperative mood (perhaps 'Run', not 'Runs')\n"}
[0.604402] (serverpublisher) StdoutLine: {'line': b'2: checking ./vendor/googletest/googletest/scripts/common.py\n'}
[0.604453] (serverpublisher) StdoutLine: {'line': b'2: ./vendor/googletest/googletest/scripts/common.py:47 in public function `GetCommandOutput`: D202: No blank lines allowed after function docstring (found 1)\n'}
[0.604512] (serverpublisher) StdoutLine: {'line': b"2: ./vendor/googletest/googletest/scripts/common.py:47 in public function `GetCommandOutput`: D401: First line should be in imperative mood (perhaps 'Run', not 'Runs')\n"}
[0.604567] (serverpublisher) StdoutLine: {'line': b'2: ./vendor/googletest/googletest/scripts/common.py:56 in public function `GetSvnInfo`: D202: No blank lines allowed after function docstring (found 1)\n'}
[0.604618] (serverpublisher) StdoutLine: {'line': b"2: ./vendor/googletest/googletest/scripts/common.py:56 in public function `GetSvnInfo`: D401: First line should be in imperative mood (perhaps 'Return', not 'Returns')\n"}
[0.604668] (serverpublisher) StdoutLine: {'line': b'2: ./vendor/googletest/googletest/scripts/common.py:70 in public function `GetSvnTrunk`: D202: No blank lines allowed after function docstring (found 1)\n'}
[0.604718] (serverpublisher) StdoutLine: {'line': b"2: ./vendor/googletest/googletest/scripts/common.py:70 in public function `GetSvnTrunk`: D401: First line should be in imperative mood (perhaps 'Return', not 'Returns')\n"}
[0.604768] (serverpublisher) StdoutLine: {'line': b'2: checking ./vendor/googletest/googletest/scripts/fuse_gtest_files.py\n'}
[0.604818] (serverpublisher) StdoutLine: {'line': b'2: ./vendor/googletest/googletest/scripts/fuse_gtest_files.py:32 at module level: D205: 1 blank line required between summary line and description (found 0)\n'}
[0.604868] (serverpublisher) StdoutLine: {'line': b'2: ./vendor/googletest/googletest/scripts/fuse_gtest_files.py:32 at module level: D213: Multi-line docstring summary should start at the second line\n'}
[0.604918] (serverpublisher) StdoutLine: {'line': b"2: ./vendor/googletest/googletest/scripts/fuse_gtest_files.py:32 at module level: D400: First line should end with a period (not '0')\n"}
[0.604999] (serverpublisher) StdoutLine: {'line': b"2: ./vendor/googletest/googletest/scripts/fuse_gtest_files.py:32 at module level: D415: First line should end with a period, question mark, or exclamation point (not '0')\n"}
[0.605079] (serverpublisher) StdoutLine: {'line': b"2: ./vendor/googletest/googletest/scripts/fuse_gtest_files.py:32 at module level: D405: Section name should be properly capitalized ('Examples', not 'EXAMPLES')\n"}
[0.605155] (serverpublisher) StdoutLine: {'line': b"2: ./vendor/googletest/googletest/scripts/fuse_gtest_files.py:32 at module level: D413: Missing blank line after last section ('Examples')\n"}
[0.605228] (serverpublisher) StdoutLine: {'line': b"2: ./vendor/googletest/googletest/scripts/fuse_gtest_files.py:32 at module level: D407: Missing dashed underline after section ('Examples')\n"}
[0.605321] (serverpublisher) StdoutLine: {'line': b'2: ./vendor/googletest/googletest/scripts/fuse_gtest_files.py:90 in public function `VerifyFileExists`: D202: No blank lines allowed after function docstring (found 1)\n'}
[0.605375] (serverpublisher) StdoutLine: {'line': b'2: ./vendor/googletest/googletest/scripts/fuse_gtest_files.py:90 in public function `VerifyFileExists`: D213: Multi-line docstring summary should start at the second line\n'}
[0.605440] (serverpublisher) StdoutLine: {'line': b"2: ./vendor/googletest/googletest/scripts/fuse_gtest_files.py:90 in public function `VerifyFileExists`: D401: First line should be in imperative mood (perhaps 'Verify', not 'Verifies')\n"}
[0.605494] (serverpublisher) StdoutLine: {'line': b'2: ./vendor/googletest/googletest/scripts/fuse_gtest_files.py:104 in public function `ValidateGTestRootDir`: D202: No blank lines allowed after function docstring (found 1)\n'}
[0.605575] (serverpublisher) StdoutLine: {'line': b'2: ./vendor/googletest/googletest/scripts/fuse_gtest_files.py:104 in public function `ValidateGTestRootDir`: D213: Multi-line docstring summary should start at the second line\n'}
[0.605631] (serverpublisher) StdoutLine: {'line': b'2: Error in file ./vendor/googletest/googletest/scripts/gen_gtest_pred_impl.py: Cannot parse file.\n'}
[0.605686] (serverpublisher) StdoutLine: {'line': b'2: Error in file ./vendor/googletest/googletest/scripts/pump.py: Cannot parse file.\n'}
[0.605832] (serverpublisher) StdoutLine: {'line': b'2: Error in file ./vendor/googletest/googletest/scripts/release_docs.py: Cannot parse file.\n'}
[0.606231] (serverpublisher) StdoutLine: {'line': b'2: Error in file ./vendor/googletest/googletest/scripts/upload.py: Cannot parse file.\n'}
[0.618056] (serverpublisher) StdoutLine: {'line': b"2: ./vendor/googletest/googletest/scripts/fuse_gtest_files.py:104 in public function `ValidateGTestRootDir`: D401: First line should be in imperative mood (perhaps 'Make', not 'Makes')\n"}
[0.618254] (serverpublisher) StdoutLine: {'line': b'2: ./vendor/googletest/googletest/scripts/fuse_gtest_files.py:114 in public function `VerifyOutputFile`: D202: No blank lines allowed after function docstring (found 1)\n'}
[0.618317] (serverpublisher) StdoutLine: {'line': b'2: ./vendor/googletest/googletest/scripts/fuse_gtest_files.py:114 in public function `VerifyOutputFile`: D213: Multi-line docstring summary should start at the second line\n'}
[0.618373] (serverpublisher) StdoutLine: {'line': b"2: ./vendor/googletest/googletest/scripts/fuse_gtest_files.py:114 in public function `VerifyOutputFile`: D401: First line should be in imperative mood (perhaps 'Verify', not 'Verifies')\n"}
[0.618426] (serverpublisher) StdoutLine: {'line': b'2: ./vendor/googletest/googletest/scripts/fuse_gtest_files.py:140 in public function `ValidateOutputDir`: D202: No blank lines allowed after function docstring (found 1)\n'}
[0.618484] (serverpublisher) StdoutLine: {'line': b'2: ./vendor/googletest/googletest/scripts/fuse_gtest_files.py:140 in public function `ValidateOutputDir`: D213: Multi-line docstring summary should start at the second line\n'}
[0.618538] (serverpublisher) StdoutLine: {'line': b"2: ./vendor/googletest/googletest/scripts/fuse_gtest_files.py:140 in public function `ValidateOutputDir`: D401: First line should be in imperative mood (perhaps 'Make', not 'Makes')\n"}
[0.618591] (serverpublisher) StdoutLine: {'line': b'2: ./vendor/googletest/googletest/scripts/fuse_gtest_files.py:150 in public function `FuseGTestH`: D202: No blank lines allowed after function docstring (found 1)\n'}
[0.618642] (serverpublisher) StdoutLine: {'line': b"2: ./vendor/googletest/googletest/scripts/fuse_gtest_files.py:150 in public function `FuseGTestH`: D401: First line should be in imperative mood (perhaps 'Scan', not 'Scans')\n"}
[0.618693] (serverpublisher) StdoutLine: {'line': b'2: ./vendor/googletest/googletest/scripts/fuse_gtest_files.py:156 in private nested function `ProcessFile`: D202: No blank lines allowed after function docstring (found 1)\n'}
[0.618744] (serverpublisher) StdoutLine: {'line': b"2: ./vendor/googletest/googletest/scripts/fuse_gtest_files.py:156 in private nested function `ProcessFile`: D401: First line should be in imperative mood (perhaps 'Process', not 'Processes')\n"}
[0.618795] (serverpublisher) StdoutLine: {'line': b'2: ./vendor/googletest/googletest/scripts/fuse_gtest_files.py:179 in public function `FuseGTestAllCcToFile`: D202: No blank lines allowed after function docstring (found 1)\n'}
[0.618845] (serverpublisher) StdoutLine: {'line': b"2: ./vendor/googletest/googletest/scripts/fuse_gtest_files.py:179 in public function `FuseGTestAllCcToFile`: D401: First line should be in imperative mood (perhaps 'Scan', not 'Scans')\n"}
[0.618896] (serverpublisher) StdoutLine: {'line': b'2: ./vendor/googletest/googletest/scripts/fuse_gtest_files.py:184 in private nested function `ProcessFile`: D202: No blank lines allowed after function docstring (found 1)\n'}
[0.618957] (serverpublisher) StdoutLine: {'line': b"2: ./vendor/googletest/googletest/scripts/fuse_gtest_files.py:184 in private nested function `ProcessFile`: D401: First line should be in imperative mood (perhaps 'Process', not 'Processes')\n"}
[0.619048] (serverpublisher) StdoutLine: {'line': b'2: ./vendor/googletest/googletest/scripts/fuse_gtest_files.py:222 in public function `FuseGTestAllCc`: D202: No blank lines allowed after function docstring (found 1)\n'}
[0.619132] (serverpublisher) StdoutLine: {'line': b"2: ./vendor/googletest/googletest/scripts/fuse_gtest_files.py:222 in public function `FuseGTestAllCc`: D401: First line should be in imperative mood (perhaps 'Scan', not 'Scans')\n"}
[0.619207] (serverpublisher) StdoutLine: {'line': b'2: ./vendor/googletest/googletest/scripts/fuse_gtest_files.py:230 in public function `FuseGTest`: D202: No blank lines allowed after function docstring (found 1)\n'}
[0.619292] (serverpublisher) StdoutLine: {'line': b'2: checking ./vendor/googletest/googletest/scripts/gen_gtest_pred_impl.py\n'}
[0.619349] (serverpublisher) StdoutLine: {'line': b'2: ./vendor/googletest/googletest/scripts/gen_gtest_pred_impl.py: Cannot parse file.\n'}
[0.619401] (serverpublisher) StdoutLine: {'line': b'2: checking ./vendor/googletest/googletest/scripts/pump.py\n'}
[0.619453] (serverpublisher) StdoutLine: {'line': b'2: ./vendor/googletest/googletest/scripts/pump.py: Cannot parse file.\n'}
[0.619513] (serverpublisher) StdoutLine: {'line': b'2: checking ./vendor/googletest/googletest/scripts/release_docs.py\n'}
[0.619565] (serverpublisher) StdoutLine: {'line': b'2: ./vendor/googletest/googletest/scripts/release_docs.py: Cannot parse file.\n'}
[0.619615] (serverpublisher) StdoutLine: {'line': b'2: checking ./vendor/googletest/googletest/scripts/upload.py\n'}
[0.619665] (serverpublisher) StdoutLine: {'line': b'2: ./vendor/googletest/googletest/scripts/upload.py: Cannot parse file.\n'}
[0.619715] (serverpublisher) StdoutLine: {'line': b'2: checking ./vendor/googletest/googletest/scripts/upload_gtest.py\n'}
[0.619766] (serverpublisher) StdoutLine: {'line': b'2: ./vendor/googletest/googletest/scripts/upload_gtest.py:32 at module level: D213: Multi-line docstring summary should start at the second line\n'}
[0.619816] (serverpublisher) StdoutLine: {'line': b'2: checking ./vendor/googletest/googletest/test/gtest_break_on_failure_unittest.py\n'}
[0.619867] (serverpublisher) StdoutLine: {'line': b'2: ./vendor/googletest/googletest/test/gtest_break_on_failure_unittest.py:32 at module level: D213: Multi-line docstring summary should start at the second line\n'}
[0.619918] (serverpublisher) StdoutLine: {'line': b'2: ./vendor/googletest/googletest/test/gtest_break_on_failure_unittest.py:81 in public function `Run`: D202: No blank lines allowed after function docstring (found 1)\n'}
[0.620019] (serverpublisher) StdoutLine: {'line': b"2: ./vendor/googletest/googletest/test/gtest_break_on_failure_unittest.py:81 in public function `Run`: D401: First line should be in imperative mood (perhaps 'Run', not 'Runs')\n"}
[0.620099] (serverpublisher) StdoutLine: {'line': b'2: ./vendor/googletest/googletest/test/gtest_break_on_failure_unittest.py:94 in public class `GTestBreakOnFailureUnitTest`: D205: 1 blank line required between summary line and description (found 0)\n'}
[0.620181] (serverpublisher) StdoutLine: {'line': b'2: ./vendor/googletest/googletest/test/gtest_break_on_failure_unittest.py:94 in public class `GTestBreakOnFailureUnitTest`: D213: Multi-line docstring summary should start at the second line\n'}
[0.620257] (serverpublisher) StdoutLine: {'line': b"2: ./vendor/googletest/googletest/test/gtest_break_on_failure_unittest.py:94 in public class `GTestBreakOnFailureUnitTest`: D400: First line should end with a period (not 'r')\n"}
[0.620335] (serverpublisher) StdoutLine: {'line': b"2: ./vendor/googletest/googletest/test/gtest_break_on_failure_unittest.py:94 in public class `GTestBreakOnFailureUnitTest`: D415: First line should end with a period, question mark, or exclamation point (not 'r')\n"}
[0.620391] (serverpublisher) StdoutLine: {'line': b'2: ./vendor/googletest/googletest/test/gtest_break_on_failure_unittest.py:100 in public method `RunAndVerify`: D202: No blank lines allowed after function docstring (found 1)\n'}
[0.620444] (serverpublisher) StdoutLine: {'line': b'2: ./vendor/googletest/googletest/test/gtest_break_on_failure_unittest.py:100 in public method `RunAndVerify`: D205: 1 blank line required between summary line and description (found 0)\n'}
[0.620506] (serverpublisher) StdoutLine: {'line': b'2: ./vendor/googletest/googletest/test/gtest_break_on_failure_unittest.py:100 in public method `RunAndVerify`: D213: Multi-line docstring summary should start at the second line\n'}
[0.620560] (serverpublisher) StdoutLine: {'line': b"2: ./vendor/googletest/googletest/test/gtest_break_on_failure_unittest.py:100 in public method `RunAndVerify`: D400: First line should end with a period (not 's')\n"}
[0.620615] (serverpublisher) StdoutLine: {'line': b"2: ./vendor/googletest/googletest/test/gtest_break_on_failure_unittest.py:100 in public method `RunAndVerify`: D415: First line should end with a period, question mark, or exclamation point (not 's')\n"}
[0.620668] (serverpublisher) StdoutLine: {'line': b"2: ./vendor/googletest/googletest/test/gtest_break_on_failure_unittest.py:100 in public method `RunAndVerify`: D401: First line should be in imperative mood (perhaps 'Run', not 'Runs')\n"}
[0.620720] (serverpublisher) StdoutLine: {'line': b"2: ./vendor/googletest/googletest/test/gtest_break_on_failure_unittest.py:100 in public method `RunAndVerify`: D413: Missing blank line after last section ('Args')\n"}
[0.620772] (serverpublisher) StdoutLine: {'line': b"2: ./vendor/googletest/googletest/test/gtest_break_on_failure_unittest.py:100 in public method `RunAndVerify`: D407: Missing dashed underline after section ('Args')\n"}
[0.620823] (serverpublisher) StdoutLine: {'line': b'2: ./vendor/googletest/googletest/test/gtest_break_on_failure_unittest.py:145 in public method `testDefaultBehavior`: D202: No blank lines allowed after function docstring (found 1)\n'}
[0.620874] (serverpublisher) StdoutLine: {'line': b'2: ./vendor/googletest/googletest/test/gtest_break_on_failure_unittest.py:152 in public method `testEnvVar`: D202: No blank lines allowed after function docstring (found 1)\n'}
[0.620925] (serverpublisher) StdoutLine: {'line': b'2: ./vendor/googletest/googletest/test/gtest_break_on_failure_unittest.py:162 in public method `testFlag`: D202: No blank lines allowed after function docstring (found 1)\n'}
[0.621010] (serverpublisher) StdoutLine: {'line': b'2: ./vendor/googletest/googletest/test/gtest_break_on_failure_unittest.py:172 in public method `testFlagOverridesEnvVar`: D202: No blank lines allowed after function docstring (found 1)\n'}
[0.621088] (serverpublisher) StdoutLine: {'line': b'2: ./vendor/googletest/googletest/test/gtest_break_on_failure_unittest.py:188 in public method `testBreakOnFailureOverridesThrowOnFailure`: D202: No blank lines allowed after function docstring (found 1)\n'}
[0.621175] (serverpublisher) StdoutLine: {'line': b'2: ./vendor/googletest/googletest/test/gtest_break_on_failure_unittest.py:200 in public method `testCatchExceptionsDoesNotInterfere`: D202: No blank lines allowed after function docstring (found 1)\n'}
[0.621252] (serverpublisher) StdoutLine: {'line': b'2: checking ./vendor/googletest/googletest/test/gtest_catch_exceptions_test.py\n'}
[0.621327] (serverpublisher) StdoutLine: {'line': b'2: ./vendor/googletest/googletest/test/gtest_catch_exceptions_test.py:31 at module level: D213: Multi-line docstring summary should start at the second line\n'}
[0.621381] (serverpublisher) StdoutLine: {'line': b'2: ./vendor/googletest/googletest/test/gtest_catch_exceptions_test.py:86 in public class `CatchSehExceptionsTest`: D204: 1 blank line required after class docstring (found 2)\n'}
[0.642568] (serverpublisher) StdoutLine: {'line': b'2: ./vendor/googletest/googletest/test/gtest_catch_exceptions_test.py:115 in public class `CatchCxxExceptionsTest`: D208: Docstring is over-indented\n'}
[0.642818] (serverpublisher) StdoutLine: {'line': b'2: ./vendor/googletest/googletest/test/gtest_catch_exceptions_test.py:115 in public class `CatchCxxExceptionsTest`: D213: Multi-line docstring summary should start at the second line\n'}
[0.642891] (serverpublisher) StdoutLine: {'line': b'2: checking ./vendor/googletest/googletest/test/gtest_color_test.py\n'}
[0.642959] (serverpublisher) StdoutLine: {'line': b'2: ./vendor/googletest/googletest/test/gtest_color_test.py:48 in public function `SetEnvVar`: D202: No blank lines allowed after function docstring (found 1)\n'}
[0.643057] (serverpublisher) StdoutLine: {'line': b"2: ./vendor/googletest/googletest/test/gtest_color_test.py:48 in public function `SetEnvVar`: D401: First line should be in imperative mood (perhaps 'Set', not 'Sets')\n"}
[0.643138] (serverpublisher) StdoutLine: {'line': b'2: ./vendor/googletest/googletest/test/gtest_color_test.py:57 in public function `UsesColor`: D202: No blank lines allowed after function docstring (found 1)\n'}
[0.643216] (serverpublisher) StdoutLine: {'line': b"2: ./vendor/googletest/googletest/test/gtest_color_test.py:57 in public function `UsesColor`: D401: First line should be in imperative mood (perhaps 'Run', not 'Runs')\n"}
[0.643292] (serverpublisher) StdoutLine: {'line': b'2: ./vendor/googletest/googletest/test/gtest_color_test.py:72 in public method `testNoEnvVarNoFlag`: D202: No blank lines allowed after function docstring (found 1)\n'}
[0.643370] (serverpublisher) StdoutLine: {'line': b'2: ./vendor/googletest/googletest/test/gtest_color_test.py:87 in public method `testFlagOnly`: D202: No blank lines allowed after function docstring (found 1)\n'}
[0.643426] (serverpublisher) StdoutLine: {'line': b'2: ./vendor/googletest/googletest/test/gtest_color_test.py:98 in public method `testEnvVarOnly`: D202: No blank lines allowed after function docstring (found 1)\n'}
[0.643480] (serverpublisher) StdoutLine: {'line': b'2: ./vendor/googletest/googletest/test/gtest_color_test.py:109 in public method `testEnvVarAndFlag`: D202: No blank lines allowed after function docstring (found 1)\n'}
[0.643533] (serverpublisher) StdoutLine: {'line': b'2: ./vendor/googletest/googletest/test/gtest_color_test.py:116 in public method `testAliasesOfYesAndNo`: D202: No blank lines allowed after function docstring (found 1)\n'}
[0.643585] (serverpublisher) StdoutLine: {'line': b'2: checking ./vendor/googletest/googletest/test/gtest_env_var_test.py\n'}
[0.643637] (serverpublisher) StdoutLine: {'line': b'2: ./vendor/googletest/googletest/test/gtest_env_var_test.py:56 in public function `SetEnvVar`: D202: No blank lines allowed after function docstring (found 1)\n'}
[0.643689] (serverpublisher) StdoutLine: {'line': b"2: ./vendor/googletest/googletest/test/gtest_env_var_test.py:56 in public function `SetEnvVar`: D401: First line should be in imperative mood (perhaps 'Set', not 'Sets')\n"}
[0.643742] (serverpublisher) StdoutLine: {'line': b'2: ./vendor/googletest/googletest/test/gtest_env_var_test.py:65 in public function `GetFlag`: D202: No blank lines allowed after function docstring (found 1)\n'}
[0.643806] (serverpublisher) StdoutLine: {'line': b"2: ./vendor/googletest/googletest/test/gtest_env_var_test.py:65 in public function `GetFlag`: D401: First line should be in imperative mood (perhaps 'Run', not 'Runs')\n"}
[0.643859] (serverpublisher) StdoutLine: {'line': b'2: ./vendor/googletest/googletest/test/gtest_env_var_test.py:74 in public function `TestFlag`: D202: No blank lines allowed after function docstring (found 1)\n'}
[0.643910] (serverpublisher) StdoutLine: {'line': b"2: ./vendor/googletest/googletest/test/gtest_env_var_test.py:74 in public function `TestFlag`: D401: First line should be in imperative mood (perhaps 'Verify', not 'Verifies')\n"}
[0.644017] (serverpublisher) StdoutLine: {'line': b'2: ./vendor/googletest/googletest/test/gtest_env_var_test.py:85 in public method `testEnvVarAffectsFlag`: D202: No blank lines allowed after function docstring (found 1)\n'}
[0.644105] (serverpublisher) StdoutLine: {'line': b'2: ./vendor/googletest/googletest/test/gtest_env_var_test.py:103 in public method `testXmlOutputFile`: D202: No blank lines allowed after function docstring (found 1)\n'}
[0.644185] (serverpublisher) StdoutLine: {'line': b'2: ./vendor/googletest/googletest/test/gtest_env_var_test.py:110 in public method `testXmlOutputFileOverride`: D202: No blank lines allowed after function docstring (found 1)\n'}
[0.644282] (serverpublisher) StdoutLine: {'line': b"2: ./vendor/googletest/googletest/test/gtest_env_var_test.py:110 in public method `testXmlOutputFileOverride`: D400: First line should end with a period (not 'T')\n"}
[0.644364] (serverpublisher) StdoutLine: {'line': b"2: ./vendor/googletest/googletest/test/gtest_env_var_test.py:110 in public method `testXmlOutputFileOverride`: D415: First line should end with a period, question mark, or exclamation point (not 'T')\n"}
[0.644419] (serverpublisher) StdoutLine: {'line': b'2: checking ./vendor/googletest/googletest/test/gtest_filter_unittest.py\n'}
[0.644469] (serverpublisher) StdoutLine: {'line': b'2: ./vendor/googletest/googletest/test/gtest_filter_unittest.py:31 at module level: D213: Multi-line docstring summary should start at the second line\n'}
[0.644520] (serverpublisher) StdoutLine: {'line': b'2: ./vendor/googletest/googletest/test/gtest_filter_unittest.py:173 in public function `SetEnvVar`: D202: No blank lines allowed after function docstring (found 1)\n'}
[0.644577] (serverpublisher) StdoutLine: {'line': b"2: ./vendor/googletest/googletest/test/gtest_filter_unittest.py:173 in public function `SetEnvVar`: D401: First line should be in imperative mood (perhaps 'Set', not 'Sets')\n"}
[0.644629] (serverpublisher) StdoutLine: {'line': b'2: ./vendor/googletest/googletest/test/gtest_filter_unittest.py:182 in public function `RunAndReturnOutput`: D202: No blank lines allowed after function docstring (found 1)\n'}
[0.644680] (serverpublisher) StdoutLine: {'line': b"2: ./vendor/googletest/googletest/test/gtest_filter_unittest.py:182 in public function `RunAndReturnOutput`: D401: First line should be in imperative mood (perhaps 'Run', not 'Runs')\n"}
[0.644729] (serverpublisher) StdoutLine: {'line': b'2: ./vendor/googletest/googletest/test/gtest_filter_unittest.py:189 in public function `RunAndExtractTestList`: D202: No blank lines allowed after function docstring (found 1)\n'}
[0.644779] (serverpublisher) StdoutLine: {'line': b"2: ./vendor/googletest/googletest/test/gtest_filter_unittest.py:189 in public function `RunAndExtractTestList`: D401: First line should be in imperative mood (perhaps 'Run', not 'Runs')\n"}
[0.644830] (serverpublisher) StdoutLine: {'line': b"2: ./vendor/googletest/googletest/test/gtest_filter_unittest.py:208 in public function `InvokeWithModifiedEnv`: D401: First line should be in imperative mood (perhaps 'Run', not 'Runs')\n"}
[0.644880] (serverpublisher) StdoutLine: {'line': b'2: ./vendor/googletest/googletest/test/gtest_filter_unittest.py:219 in public function `RunWithSharding`: D202: No blank lines allowed after function docstring (found 1)\n'}
[0.644929] (serverpublisher) StdoutLine: {'line': b"2: ./vendor/googletest/googletest/test/gtest_filter_unittest.py:219 in public function `RunWithSharding`: D401: First line should be in imperative mood (perhaps 'Run', not 'Runs')\n"}
[0.645014] (serverpublisher) StdoutLine: {'line': b'2: ./vendor/googletest/googletest/test/gtest_filter_unittest.py:234 in public method `AssertSetEqual`: D202: No blank lines allowed after function docstring (found 1)\n'}
[0.645090] (serverpublisher) StdoutLine: {'line': b"2: ./vendor/googletest/googletest/test/gtest_filter_unittest.py:234 in public method `AssertSetEqual`: D401: First line should be in imperative mood (perhaps 'Assert', not 'Asserts')\n"}
[0.645164] (serverpublisher) StdoutLine: {'line': b'2: ./vendor/googletest/googletest/test/gtest_filter_unittest.py:243 in public method `AssertPartitionIsValid`: D202: No blank lines allowed after function docstring (found 1)\n'}
[0.645239] (serverpublisher) StdoutLine: {'line': b"2: ./vendor/googletest/googletest/test/gtest_filter_unittest.py:243 in public method `AssertPartitionIsValid`: D401: First line should be in imperative mood (perhaps 'Assert', not 'Asserts')\n"}
[0.645317] (serverpublisher) StdoutLine: {'line': b'2: ./vendor/googletest/googletest/test/gtest_filter_unittest.py:252 in public method `AdjustForParameterizedTests`: D202: No blank lines allowed after function docstring (found 1)\n'}
[0.645371] (serverpublisher) StdoutLine: {'line': b'2: ./vendor/googletest/googletest/test/gtest_filter_unittest.py:261 in public method `RunAndVerify`: D202: No blank lines allowed after function docstring (found 1)\n'}
[0.645428] (serverpublisher) StdoutLine: {'line': b"2: ./vendor/googletest/googletest/test/gtest_filter_unittest.py:261 in public method `RunAndVerify`: D401: First line should be in imperative mood (perhaps 'Check', not 'Checks')\n"}
[0.645480] (serverpublisher) StdoutLine: {'line': b'2: ./vendor/googletest/googletest/test/gtest_filter_unittest.py:292 in public method `RunAndVerifyWithSharding`: D202: No blank lines allowed after function docstring (found 1)\n'}
[0.645532] (serverpublisher) StdoutLine: {'line': b'2: ./vendor/googletest/googletest/test/gtest_filter_unittest.py:292 in public method `RunAndVerifyWithSharding`: D213: Multi-line docstring summary should start at the second line\n'}
[0.645583] (serverpublisher) StdoutLine: {'line': b"2: ./vendor/googletest/googletest/test/gtest_filter_unittest.py:292 in public method `RunAndVerifyWithSharding`: D401: First line should be in imperative mood (perhaps 'Check', not 'Checks')\n"}
[0.645636] (serverpublisher) StdoutLine: {'line': b"2: ./vendor/googletest/googletest/test/gtest_filter_unittest.py:292 in public method `RunAndVerifyWithSharding`: D413: Missing blank line after last section ('Args')\n"}
[0.645695] (serverpublisher) StdoutLine: {'line': b"2: ./vendor/googletest/googletest/test/gtest_filter_unittest.py:292 in public method `RunAndVerifyWithSharding`: D407: Missing dashed underline after section ('Args')\n"}
[0.645745] (serverpublisher) StdoutLine: {'line': b'2: ./vendor/googletest/googletest/test/gtest_filter_unittest.py:329 in public method `RunAndVerifyAllowingDisabled`: D202: No blank lines allowed after function docstring (found 1)\n'}
[0.645795] (serverpublisher) StdoutLine: {'line': b'2: ./vendor/googletest/googletest/test/gtest_filter_unittest.py:329 in public method `RunAndVerifyAllowingDisabled`: D213: Multi-line docstring summary should start at the second line\n'}
[0.645848] (serverpublisher) StdoutLine: {'line': b"2: ./vendor/googletest/googletest/test/gtest_filter_unittest.py:329 in public method `RunAndVerifyAllowingDisabled`: D401: First line should be in imperative mood (perhaps 'Check', not 'Checks')\n"}
[0.649696] (serverpublisher) StdoutLine: {'line': b"2: ./vendor/googletest/googletest/test/gtest_filter_unittest.py:329 in public method `RunAndVerifyAllowingDisabled`: D413: Missing blank line after last section ('Args')\n"}
[0.649896] (serverpublisher) StdoutLine: {'line': b"2: ./vendor/googletest/googletest/test/gtest_filter_unittest.py:329 in public method `RunAndVerifyAllowingDisabled`: D407: Missing dashed underline after section ('Args')\n"}
[0.649972] (serverpublisher) StdoutLine: {'line': b'2: ./vendor/googletest/googletest/test/gtest_filter_unittest.py:350 in public method `setUp`: D202: No blank lines allowed after function docstring (found 1)\n'}
[0.650057] (serverpublisher) StdoutLine: {'line': b'2: ./vendor/googletest/googletest/test/gtest_filter_unittest.py:350 in public method `setUp`: D213: Multi-line docstring summary should start at the second line\n'}
[0.650134] (serverpublisher) StdoutLine: {'line': b"2: ./vendor/googletest/googletest/test/gtest_filter_unittest.py:350 in public method `setUp`: D401: First line should be in imperative mood (perhaps 'Set', not 'Sets')\n"}
[0.650210] (serverpublisher) StdoutLine: {'line': b'2: ./vendor/googletest/googletest/test/gtest_filter_unittest.py:362 in public method `testDefaultBehavior`: D202: No blank lines allowed after function docstring (found 1)\n'}
[0.650295] (serverpublisher) StdoutLine: {'line': b'2: ./vendor/googletest/googletest/test/gtest_filter_unittest.py:367 in public method `testDefaultBehaviorWithShards`: D202: No blank lines allowed after function docstring (found 1)\n'}
[0.650354] (serverpublisher) StdoutLine: {'line': b'2: ./vendor/googletest/googletest/test/gtest_filter_unittest.py:376 in public method `testEmptyFilter`: D202: No blank lines allowed after function docstring (found 1)\n'}
[0.650416] (serverpublisher) StdoutLine: {'line': b'2: ./vendor/googletest/googletest/test/gtest_filter_unittest.py:383 in public method `testBadFilter`: D202: No blank lines allowed after function docstring (found 1)\n'}
[0.650469] (serverpublisher) StdoutLine: {'line': b'2: ./vendor/googletest/googletest/test/gtest_filter_unittest.py:389 in public method `testFullName`: D202: No blank lines allowed after function docstring (found 1)\n'}
[0.650520] (serverpublisher) StdoutLine: {'line': b'2: ./vendor/googletest/googletest/test/gtest_filter_unittest.py:396 in public method `testUniversalFilters`: D202: No blank lines allowed after function docstring (found 1)\n'}
[0.650570] (serverpublisher) StdoutLine: {'line': b'2: ./vendor/googletest/googletest/test/gtest_filter_unittest.py:405 in public method `testFilterByTestCase`: D202: No blank lines allowed after function docstring (found 1)\n'}
[0.650620] (serverpublisher) StdoutLine: {'line': b'2: ./vendor/googletest/googletest/test/gtest_filter_unittest.py:415 in public method `testFilterByTest`: D202: No blank lines allowed after function docstring (found 1)\n'}
[0.650670] (serverpublisher) StdoutLine: {'line': b'2: ./vendor/googletest/googletest/test/gtest_filter_unittest.py:420 in public method `testFilterDisabledTests`: D202: No blank lines allowed after function docstring (found 1)\n'}
[0.650722] (serverpublisher) StdoutLine: {'line': b'2: ./vendor/googletest/googletest/test/gtest_filter_unittest.py:445 in public method `testWildcardInTestCaseName`: D202: No blank lines allowed after function docstring (found 1)\n'}
[0.650773] (serverpublisher) StdoutLine: {'line': b'2: ./vendor/googletest/googletest/test/gtest_filter_unittest.py:457 in public method `testWildcardInTestName`: D202: No blank lines allowed after function docstring (found 1)\n'}
[0.650824] (serverpublisher) StdoutLine: {'line': b'2: ./vendor/googletest/googletest/test/gtest_filter_unittest.py:462 in public method `testFilterWithoutDot`: D202: No blank lines allowed after function docstring (found 1)\n'}
[0.650875] (serverpublisher) StdoutLine: {'line': b'2: ./vendor/googletest/googletest/test/gtest_filter_unittest.py:473 in public method `testTwoPatterns`: D202: No blank lines allowed after function docstring (found 1)\n'}
[0.650925] (serverpublisher) StdoutLine: {'line': b'2: ./vendor/googletest/googletest/test/gtest_filter_unittest.py:486 in public method `testThreePatterns`: D202: No blank lines allowed after function docstring (found 1)\n'}
[0.651006] (serverpublisher) StdoutLine: {'line': b'2: ./vendor/googletest/googletest/test/gtest_filter_unittest.py:567 in public method `testFlagOverridesEnvVar`: D202: No blank lines allowed after function docstring (found 1)\n'}
[0.651094] (serverpublisher) StdoutLine: {'line': b'2: ./vendor/googletest/googletest/test/gtest_filter_unittest.py:577 in public method `testShardStatusFileIsCreated`: D202: No blank lines allowed after function docstring (found 1)\n'}
[0.651189] (serverpublisher) StdoutLine: {'line': b'2: ./vendor/googletest/googletest/test/gtest_filter_unittest.py:591 in public method `testShardStatusFileIsCreatedWithListTests`: D202: No blank lines allowed after function docstring (found 1)\n'}
[0.651279] (serverpublisher) StdoutLine: {'line': b'2: ./vendor/googletest/googletest/test/gtest_filter_unittest.py:615 in public method `testShardingWorksWithDeathTests`: D202: No blank lines allowed after function docstring (found 1)\n'}
[0.651354] (serverpublisher) StdoutLine: {'line': b'2: checking ./vendor/googletest/googletest/test/gtest_help_test.py\n'}
[0.651416] (serverpublisher) StdoutLine: {'line': b'2: ./vendor/googletest/googletest/test/gtest_help_test.py:32 at module level: D213: Multi-line docstring summary should start at the second line\n'}
[0.651469] (serverpublisher) StdoutLine: {'line': b'2: ./vendor/googletest/googletest/test/gtest_help_test.py:82 in public function `RunWithFlag`: D202: No blank lines allowed after function docstring (found 1)\n'}
[0.651520] (serverpublisher) StdoutLine: {'line': b'2: ./vendor/googletest/googletest/test/gtest_help_test.py:82 in public function `RunWithFlag`: D213: Multi-line docstring summary should start at the second line\n'}
[0.651577] (serverpublisher) StdoutLine: {'line': b"2: ./vendor/googletest/googletest/test/gtest_help_test.py:82 in public function `RunWithFlag`: D401: First line should be in imperative mood (perhaps 'Run', not 'Runs')\n"}
[0.651629] (serverpublisher) StdoutLine: {'line': b"2: ./vendor/googletest/googletest/test/gtest_help_test.py:82 in public function `RunWithFlag`: D413: Missing blank line after last section ('Returns')\n"}
[0.651680] (serverpublisher) StdoutLine: {'line': b"2: ./vendor/googletest/googletest/test/gtest_help_test.py:82 in public function `RunWithFlag`: D407: Missing dashed underline after section ('Returns')\n"}
[0.651729] (serverpublisher) StdoutLine: {'line': b"2: ./vendor/googletest/googletest/test/gtest_help_test.py:82 in public function `RunWithFlag`: D406: Section name should end with a newline ('Returns', not 'Returns:')\n"}
[0.651780] (serverpublisher) StdoutLine: {'line': b'2: ./vendor/googletest/googletest/test/gtest_help_test.py:102 in public method `TestHelpFlag`: D202: No blank lines allowed after function docstring (found 1)\n'}
[0.651830] (serverpublisher) StdoutLine: {'line': b'2: ./vendor/googletest/googletest/test/gtest_help_test.py:102 in public method `TestHelpFlag`: D213: Multi-line docstring summary should start at the second line\n'}
[0.651881] (serverpublisher) StdoutLine: {'line': b"2: ./vendor/googletest/googletest/test/gtest_help_test.py:102 in public method `TestHelpFlag`: D401: First line should be in imperative mood (perhaps 'Verify', not 'Verifies')\n"}
[0.651941] (serverpublisher) StdoutLine: {'line': b"2: ./vendor/googletest/googletest/test/gtest_help_test.py:102 in public method `TestHelpFlag`: D413: Missing blank line after last section ('Args')\n"}
[0.652035] (serverpublisher) StdoutLine: {'line': b"2: ./vendor/googletest/googletest/test/gtest_help_test.py:102 in public method `TestHelpFlag`: D407: Missing dashed underline after section ('Args')\n"}
[0.652119] (serverpublisher) StdoutLine: {'line': b'2: ./vendor/googletest/googletest/test/gtest_help_test.py:126 in public method `TestNonHelpFlag`: D202: No blank lines allowed after function docstring (found 1)\n'}
[0.652193] (serverpublisher) StdoutLine: {'line': b'2: ./vendor/googletest/googletest/test/gtest_help_test.py:126 in public method `TestNonHelpFlag`: D213: Multi-line docstring summary should start at the second line\n'}
[0.652266] (serverpublisher) StdoutLine: {'line': b"2: ./vendor/googletest/googletest/test/gtest_help_test.py:126 in public method `TestNonHelpFlag`: D401: First line should be in imperative mood (perhaps 'Verify', not 'Verifies')\n"}
[0.652342] (serverpublisher) StdoutLine: {'line': b"2: ./vendor/googletest/googletest/test/gtest_help_test.py:126 in public method `TestNonHelpFlag`: D413: Missing blank line after last section ('Args')\n"}
[0.652407] (serverpublisher) StdoutLine: {'line': b"2: ./vendor/googletest/googletest/test/gtest_help_test.py:126 in public method `TestNonHelpFlag`: D407: Missing dashed underline after section ('Args')\n"}
[0.652459] (serverpublisher) StdoutLine: {'line': b'2: ./vendor/googletest/googletest/test/gtest_help_test.py:159 in public method `testRunsTestsWithoutHelpFlag`: D202: No blank lines allowed after function docstring (found 1)\n'}
[0.652510] (serverpublisher) StdoutLine: {'line': b'2: ./vendor/googletest/googletest/test/gtest_help_test.py:159 in public method `testRunsTestsWithoutHelpFlag`: D205: 1 blank line required between summary line and description (found 0)\n'}
[0.652560] (serverpublisher) StdoutLine: {'line': b'2: ./vendor/googletest/googletest/test/gtest_help_test.py:159 in public method `testRunsTestsWithoutHelpFlag`: D209: Multi-line docstring closing quotes should be on a separate line\n'}
[0.652610] (serverpublisher) StdoutLine: {'line': b'2: ./vendor/googletest/googletest/test/gtest_help_test.py:159 in public method `testRunsTestsWithoutHelpFlag`: D213: Multi-line docstring summary should start at the second line\n'}
[0.652679] (serverpublisher) StdoutLine: {'line': b"2: ./vendor/googletest/googletest/test/gtest_help_test.py:159 in public method `testRunsTestsWithoutHelpFlag`: D400: First line should end with a period (not 'n')\n"}
[0.652733] (serverpublisher) StdoutLine: {'line': b"2: ./vendor/googletest/googletest/test/gtest_help_test.py:159 in public method `testRunsTestsWithoutHelpFlag`: D415: First line should end with a period, question mark, or exclamation point (not 'n')\n"}
[0.652784] (serverpublisher) StdoutLine: {'line': b'2: ./vendor/googletest/googletest/test/gtest_help_test.py:165 in public method `testRunsTestsWithGtestInternalFlag`: D202: No blank lines allowed after function docstring (found 1)\n'}
[0.652835] (serverpublisher) StdoutLine: {'line': b'2: ./vendor/googletest/googletest/test/gtest_help_test.py:165 in public method `testRunsTestsWithGtestInternalFlag`: D205: 1 blank line required between summary line and description (found 0)\n'}
[0.663124] (serverpublisher) StdoutLine: {'line': b'2: ./vendor/googletest/googletest/test/gtest_help_test.py:165 in public method `testRunsTestsWithGtestInternalFlag`: D209: Multi-line docstring closing quotes should be on a separate line\n'}
[0.663372] (serverpublisher) StdoutLine: {'line': b'2: ./vendor/googletest/googletest/test/gtest_help_test.py:165 in public method `testRunsTestsWithGtestInternalFlag`: D213: Multi-line docstring summary should start at the second line\n'}
[0.663433] (serverpublisher) StdoutLine: {'line': b"2: ./vendor/googletest/googletest/test/gtest_help_test.py:165 in public method `testRunsTestsWithGtestInternalFlag`: D400: First line should end with a period (not 'n')\n"}
[0.663489] (serverpublisher) StdoutLine: {'line': b"2: ./vendor/googletest/googletest/test/gtest_help_test.py:165 in public method `testRunsTestsWithGtestInternalFlag`: D415: First line should end with a period, question mark, or exclamation point (not 'n')\n"}
[0.663543] (serverpublisher) StdoutLine: {'line': b'2: checking ./vendor/googletest/googletest/test/gtest_list_tests_unittest.py\n'}
[0.663595] (serverpublisher) StdoutLine: {'line': b'2: ./vendor/googletest/googletest/test/gtest_list_tests_unittest.py:32 at module level: D213: Multi-line docstring summary should start at the second line\n'}
[0.663646] (serverpublisher) StdoutLine: {'line': b'2: ./vendor/googletest/googletest/test/gtest_list_tests_unittest.py:118 in public function `Run`: D202: No blank lines allowed after function docstring (found 1)\n'}
[0.663697] (serverpublisher) StdoutLine: {'line': b"2: ./vendor/googletest/googletest/test/gtest_list_tests_unittest.py:118 in public function `Run`: D401: First line should be in imperative mood (perhaps 'Run', not 'Runs')\n"}
[0.663747] (serverpublisher) StdoutLine: {'line': b'2: ./vendor/googletest/googletest/test/gtest_list_tests_unittest.py:130 in public method `RunAndVerify`: D202: No blank lines allowed after function docstring (found 1)\n'}
[0.663798] (serverpublisher) StdoutLine: {'line': b'2: ./vendor/googletest/googletest/test/gtest_list_tests_unittest.py:130 in public method `RunAndVerify`: D205: 1 blank line required between summary line and description (found 0)\n'}
[0.663850] (serverpublisher) StdoutLine: {'line': b'2: ./vendor/googletest/googletest/test/gtest_list_tests_unittest.py:130 in public method `RunAndVerify`: D213: Multi-line docstring summary should start at the second line\n'}
[0.663901] (serverpublisher) StdoutLine: {'line': b"2: ./vendor/googletest/googletest/test/gtest_list_tests_unittest.py:130 in public method `RunAndVerify`: D400: First line should end with a period (not 's')\n"}
[0.663975] (serverpublisher) StdoutLine: {'line': b"2: ./vendor/googletest/googletest/test/gtest_list_tests_unittest.py:130 in public method `RunAndVerify`: D415: First line should end with a period, question mark, or exclamation point (not 's')\n"}
[0.664060] (serverpublisher) StdoutLine: {'line': b"2: ./vendor/googletest/googletest/test/gtest_list_tests_unittest.py:130 in public method `RunAndVerify`: D401: First line should be in imperative mood (perhaps 'Run', not 'Runs')\n"}
[0.664150] (serverpublisher) StdoutLine: {'line': b"2: ./vendor/googletest/googletest/test/gtest_list_tests_unittest.py:130 in public method `RunAndVerify`: D413: Missing blank line after last section ('Args')\n"}
[0.664226] (serverpublisher) StdoutLine: {'line': b"2: ./vendor/googletest/googletest/test/gtest_list_tests_unittest.py:130 in public method `RunAndVerify`: D407: Missing dashed underline after section ('Args')\n"}
[0.664311] (serverpublisher) StdoutLine: {'line': b'2: ./vendor/googletest/googletest/test/gtest_list_tests_unittest.py:174 in public method `testDefaultBehavior`: D202: No blank lines allowed after function docstring (found 1)\n'}
[0.664366] (serverpublisher) StdoutLine: {'line': b'2: ./vendor/googletest/googletest/test/gtest_list_tests_unittest.py:181 in public method `testFlag`: D202: No blank lines allowed after function docstring (found 1)\n'}
[0.664418] (serverpublisher) StdoutLine: {'line': b'2: ./vendor/googletest/googletest/test/gtest_list_tests_unittest.py:191 in public method `testOverrideNonFilterFlags`: D202: No blank lines allowed after function docstring (found 1)\n'}
[0.664477] (serverpublisher) StdoutLine: {'line': b'2: ./vendor/googletest/googletest/test/gtest_list_tests_unittest.py:198 in public method `testWithFilterFlags`: D202: No blank lines allowed after function docstring (found 1)\n'}
[0.664537] (serverpublisher) StdoutLine: {'line': b'2: ./vendor/googletest/googletest/test/gtest_list_tests_unittest.py:198 in public method `testWithFilterFlags`: D205: 1 blank line required between summary line and description (found 0)\n'}
[0.664590] (serverpublisher) StdoutLine: {'line': b'2: ./vendor/googletest/googletest/test/gtest_list_tests_unittest.py:198 in public method `testWithFilterFlags`: D209: Multi-line docstring closing quotes should be on a separate line\n'}
[0.664640] (serverpublisher) StdoutLine: {'line': b'2: ./vendor/googletest/googletest/test/gtest_list_tests_unittest.py:198 in public method `testWithFilterFlags`: D213: Multi-line docstring summary should start at the second line\n'}
[0.664691] (serverpublisher) StdoutLine: {'line': b"2: ./vendor/googletest/googletest/test/gtest_list_tests_unittest.py:198 in public method `testWithFilterFlags`: D400: First line should end with a period (not 'e')\n"}
[0.664742] (serverpublisher) StdoutLine: {'line': b"2: ./vendor/googletest/googletest/test/gtest_list_tests_unittest.py:198 in public method `testWithFilterFlags`: D415: First line should end with a period, question mark, or exclamation point (not 'e')\n"}
[0.664793] (serverpublisher) StdoutLine: {'line': b'2: checking ./vendor/googletest/googletest/test/gtest_output_test.py\n'}
[0.664842] (serverpublisher) StdoutLine: {'line': b'2: ./vendor/googletest/googletest/test/gtest_output_test.py:32 at module level: D213: Multi-line docstring summary should start at the second line\n'}
[0.664893] (serverpublisher) StdoutLine: {'line': b'2: ./vendor/googletest/googletest/test/gtest_output_test.py:84 in public function `ToUnixLineEnding`: D202: No blank lines allowed after function docstring (found 1)\n'}
[0.664949] (serverpublisher) StdoutLine: {'line': b"2: ./vendor/googletest/googletest/test/gtest_output_test.py:84 in public function `ToUnixLineEnding`: D401: First line should be in imperative mood (perhaps 'Change', not 'Changes')\n"}
[0.665037] (serverpublisher) StdoutLine: {'line': b'2: ./vendor/googletest/googletest/test/gtest_output_test.py:90 in public function `RemoveLocations`: D202: No blank lines allowed after function docstring (found 1)\n'}
[0.665112] (serverpublisher) StdoutLine: {'line': b'2: ./vendor/googletest/googletest/test/gtest_output_test.py:90 in public function `RemoveLocations`: D213: Multi-line docstring summary should start at the second line\n'}
[0.665186] (serverpublisher) StdoutLine: {'line': b'2: ./vendor/googletest/googletest/test/gtest_output_test.py:90 in public function `RemoveLocations`: D301: Use r""" if any backslashes in a docstring\n'}
[0.665260] (serverpublisher) StdoutLine: {'line': b"2: ./vendor/googletest/googletest/test/gtest_output_test.py:90 in public function `RemoveLocations`: D401: First line should be in imperative mood (perhaps 'Remove', not 'Removes')\n"}
[0.665340] (serverpublisher) StdoutLine: {'line': b"2: ./vendor/googletest/googletest/test/gtest_output_test.py:90 in public function `RemoveLocations`: D413: Missing blank line after last section ('Returns')\n"}
[0.665394] (serverpublisher) StdoutLine: {'line': b"2: ./vendor/googletest/googletest/test/gtest_output_test.py:90 in public function `RemoveLocations`: D407: Missing dashed underline after section ('Returns')\n"}
[0.665448] (serverpublisher) StdoutLine: {'line': b"2: ./vendor/googletest/googletest/test/gtest_output_test.py:90 in public function `RemoveLocations`: D406: Section name should end with a newline ('Returns', not 'Returns:')\n"}
[0.665501] (serverpublisher) StdoutLine: {'line': b'2: ./vendor/googletest/googletest/test/gtest_output_test.py:106 in public function `RemoveStackTraceDetails`: D202: No blank lines allowed after function docstring (found 1)\n'}
[0.665552] (serverpublisher) StdoutLine: {'line': b"2: ./vendor/googletest/googletest/test/gtest_output_test.py:106 in public function `RemoveStackTraceDetails`: D401: First line should be in imperative mood (perhaps 'Remove', not 'Removes')\n"}
[0.665606] (serverpublisher) StdoutLine: {'line': b'2: ./vendor/googletest/googletest/test/gtest_output_test.py:114 in public function `RemoveStackTraces`: D202: No blank lines allowed after function docstring (found 1)\n'}
[0.665658] (serverpublisher) StdoutLine: {'line': b"2: ./vendor/googletest/googletest/test/gtest_output_test.py:114 in public function `RemoveStackTraces`: D401: First line should be in imperative mood (perhaps 'Remove', not 'Removes')\n"}
[0.665709] (serverpublisher) StdoutLine: {'line': b'2: ./vendor/googletest/googletest/test/gtest_output_test.py:121 in public function `RemoveTime`: D202: No blank lines allowed after function docstring (found 1)\n'}
[0.665759] (serverpublisher) StdoutLine: {'line': b"2: ./vendor/googletest/googletest/test/gtest_output_test.py:121 in public function `RemoveTime`: D401: First line should be in imperative mood (perhaps 'Remove', not 'Removes')\n"}
[0.665815] (serverpublisher) StdoutLine: {'line': b'2: ./vendor/googletest/googletest/test/gtest_output_test.py:127 in public function `RemoveTypeInfoDetails`: D202: No blank lines allowed after function docstring (found 1)\n'}
[0.665867] (serverpublisher) StdoutLine: {'line': b'2: ./vendor/googletest/googletest/test/gtest_output_test.py:127 in public function `RemoveTypeInfoDetails`: D213: Multi-line docstring summary should start at the second line\n'}
[0.665925] (serverpublisher) StdoutLine: {'line': b"2: ./vendor/googletest/googletest/test/gtest_output_test.py:127 in public function `RemoveTypeInfoDetails`: D401: First line should be in imperative mood (perhaps 'Remove', not 'Removes')\n"}
[0.666006] (serverpublisher) StdoutLine: {'line': b"2: ./vendor/googletest/googletest/test/gtest_output_test.py:127 in public function `RemoveTypeInfoDetails`: D413: Missing blank line after last section ('Returns')\n"}
[0.666084] (serverpublisher) StdoutLine: {'line': b"2: ./vendor/googletest/googletest/test/gtest_output_test.py:127 in public function `RemoveTypeInfoDetails`: D407: Missing dashed underline after section ('Returns')\n"}
[0.666158] (serverpublisher) StdoutLine: {'line': b"2: ./vendor/googletest/googletest/test/gtest_output_test.py:127 in public function `RemoveTypeInfoDetails`: D406: Section name should end with a newline ('Returns', not 'Returns:')\n"}
[0.666232] (serverpublisher) StdoutLine: {'line': b'2: ./vendor/googletest/googletest/test/gtest_output_test.py:141 in public function `NormalizeToCurrentPlatform`: D202: No blank lines allowed after function docstring (found 1)\n'}
[0.681773] (serverpublisher) StdoutLine: {'line': b"2: ./vendor/googletest/googletest/test/gtest_output_test.py:141 in public function `NormalizeToCurrentPlatform`: D401: First line should be in imperative mood (perhaps 'Normalize', not 'Normalizes')\n"}
[0.681979] (serverpublisher) StdoutLine: {'line': b'2: ./vendor/googletest/googletest/test/gtest_output_test.py:155 in public function `RemoveTestCounts`: D202: No blank lines allowed after function docstring (found 1)\n'}
[0.682077] (serverpublisher) StdoutLine: {'line': b"2: ./vendor/googletest/googletest/test/gtest_output_test.py:155 in public function `RemoveTestCounts`: D401: First line should be in imperative mood (perhaps 'Remove', not 'Removes')\n"}
[0.682155] (serverpublisher) StdoutLine: {'line': b'2: ./vendor/googletest/googletest/test/gtest_output_test.py:169 in public function `RemoveMatchingTests`: D202: No blank lines allowed after function docstring (found 1)\n'}
[0.682230] (serverpublisher) StdoutLine: {'line': b'2: ./vendor/googletest/googletest/test/gtest_output_test.py:169 in public function `RemoveMatchingTests`: D213: Multi-line docstring summary should start at the second line\n'}
[0.682309] (serverpublisher) StdoutLine: {'line': b"2: ./vendor/googletest/googletest/test/gtest_output_test.py:169 in public function `RemoveMatchingTests`: D401: First line should be in imperative mood (perhaps 'Remove', not 'Removes')\n"}
[0.682364] (serverpublisher) StdoutLine: {'line': b"2: ./vendor/googletest/googletest/test/gtest_output_test.py:169 in public function `RemoveMatchingTests`: D413: Missing blank line after last section ('Returns')\n"}
[0.682416] (serverpublisher) StdoutLine: {'line': b"2: ./vendor/googletest/googletest/test/gtest_output_test.py:169 in public function `RemoveMatchingTests`: D407: Missing dashed underline after section ('Returns')\n"}
[0.682468] (serverpublisher) StdoutLine: {'line': b"2: ./vendor/googletest/googletest/test/gtest_output_test.py:169 in public function `RemoveMatchingTests`: D406: Section name should end with a newline ('Returns', not 'Returns:')\n"}
[0.682519] (serverpublisher) StdoutLine: {'line': b'2: ./vendor/googletest/googletest/test/gtest_output_test.py:192 in public function `NormalizeOutput`: D202: No blank lines allowed after function docstring (found 1)\n'}
[0.682569] (serverpublisher) StdoutLine: {'line': b"2: ./vendor/googletest/googletest/test/gtest_output_test.py:192 in public function `NormalizeOutput`: D401: First line should be in imperative mood (perhaps 'Normalize', not 'Normalizes')\n"}
[0.682623] (serverpublisher) StdoutLine: {'line': b'2: ./vendor/googletest/googletest/test/gtest_output_test.py:202 in public function `GetShellCommandOutput`: D202: No blank lines allowed after function docstring (found 1)\n'}
[0.682675] (serverpublisher) StdoutLine: {'line': b'2: ./vendor/googletest/googletest/test/gtest_output_test.py:202 in public function `GetShellCommandOutput`: D213: Multi-line docstring summary should start at the second line\n'}
[0.682725] (serverpublisher) StdoutLine: {'line': b"2: ./vendor/googletest/googletest/test/gtest_output_test.py:202 in public function `GetShellCommandOutput`: D401: First line should be in imperative mood (perhaps 'Run', not 'Runs')\n"}
[0.682776] (serverpublisher) StdoutLine: {'line': b"2: ./vendor/googletest/googletest/test/gtest_output_test.py:202 in public function `GetShellCommandOutput`: D413: Missing blank line after last section ('Returns')\n"}
[0.682831] (serverpublisher) StdoutLine: {'line': b"2: ./vendor/googletest/googletest/test/gtest_output_test.py:202 in public function `GetShellCommandOutput`: D407: Missing dashed underline after section ('Returns')\n"}
[0.682883] (serverpublisher) StdoutLine: {'line': b"2: ./vendor/googletest/googletest/test/gtest_output_test.py:202 in public function `GetShellCommandOutput`: D406: Section name should end with a newline ('Returns', not 'Returns:')\n"}
[0.682933] (serverpublisher) StdoutLine: {'line': b'2: ./vendor/googletest/googletest/test/gtest_output_test.py:223 in public function `GetCommandOutput`: D202: No blank lines allowed after function docstring (found 1)\n'}
[0.683033] (serverpublisher) StdoutLine: {'line': b'2: ./vendor/googletest/googletest/test/gtest_output_test.py:223 in public function `GetCommandOutput`: D205: 1 blank line required between summary line and description (found 0)\n'}
[0.683118] (serverpublisher) StdoutLine: {'line': b'2: ./vendor/googletest/googletest/test/gtest_output_test.py:223 in public function `GetCommandOutput`: D213: Multi-line docstring summary should start at the second line\n'}
[0.683194] (serverpublisher) StdoutLine: {'line': b"2: ./vendor/googletest/googletest/test/gtest_output_test.py:223 in public function `GetCommandOutput`: D400: First line should end with a period (not 'n')\n"}
[0.683269] (serverpublisher) StdoutLine: {'line': b"2: ./vendor/googletest/googletest/test/gtest_output_test.py:223 in public function `GetCommandOutput`: D415: First line should end with a period, question mark, or exclamation point (not 'n')\n"}
[0.683344] (serverpublisher) StdoutLine: {'line': b"2: ./vendor/googletest/googletest/test/gtest_output_test.py:223 in public function `GetCommandOutput`: D401: First line should be in imperative mood (perhaps 'Run', not 'Runs')\n"}
[0.683398] (serverpublisher) StdoutLine: {'line': b"2: ./vendor/googletest/googletest/test/gtest_output_test.py:223 in public function `GetCommandOutput`: D413: Missing blank line after last section ('Args')\n"}
[0.683449] (serverpublisher) StdoutLine: {'line': b"2: ./vendor/googletest/googletest/test/gtest_output_test.py:223 in public function `GetCommandOutput`: D407: Missing dashed underline after section ('Args')\n"}
[0.683500] (serverpublisher) StdoutLine: {'line': b'2: ./vendor/googletest/googletest/test/gtest_output_test.py:240 in public function `GetOutputOfAllCommands`: D202: No blank lines allowed after function docstring (found 1)\n'}
[0.683550] (serverpublisher) StdoutLine: {'line': b"2: ./vendor/googletest/googletest/test/gtest_output_test.py:240 in public function `GetOutputOfAllCommands`: D401: First line should be in imperative mood (perhaps 'Return', not 'Returns')\n"}
[0.683602] (serverpublisher) StdoutLine: {'line': b'2: checking ./vendor/googletest/googletest/test/gtest_shuffle_test.py\n'}
[0.683652] (serverpublisher) StdoutLine: {'line': b'2: ./vendor/googletest/googletest/test/gtest_shuffle_test.py:79 in public function `RunAndReturnOutput`: D202: No blank lines allowed after function docstring (found 1)\n'}
[0.683704] (serverpublisher) StdoutLine: {'line': b"2: ./vendor/googletest/googletest/test/gtest_shuffle_test.py:79 in public function `RunAndReturnOutput`: D401: First line should be in imperative mood (perhaps 'Run', not 'Runs')\n"}
[0.683755] (serverpublisher) StdoutLine: {'line': b'2: ./vendor/googletest/googletest/test/gtest_shuffle_test.py:88 in public function `GetTestsForAllIterations`: D202: No blank lines allowed after function docstring (found 1)\n'}
[0.683805] (serverpublisher) StdoutLine: {'line': b'2: ./vendor/googletest/googletest/test/gtest_shuffle_test.py:88 in public function `GetTestsForAllIterations`: D213: Multi-line docstring summary should start at the second line\n'}
[0.683854] (serverpublisher) StdoutLine: {'line': b"2: ./vendor/googletest/googletest/test/gtest_shuffle_test.py:88 in public function `GetTestsForAllIterations`: D401: First line should be in imperative mood (perhaps 'Run', not 'Runs')\n"}
[0.683906] (serverpublisher) StdoutLine: {'line': b"2: ./vendor/googletest/googletest/test/gtest_shuffle_test.py:88 in public function `GetTestsForAllIterations`: D413: Missing blank line after last section ('Returns')\n"}
[0.683991] (serverpublisher) StdoutLine: {'line': b"2: ./vendor/googletest/googletest/test/gtest_shuffle_test.py:88 in public function `GetTestsForAllIterations`: D407: Missing dashed underline after section ('Returns')\n"}
[0.684074] (serverpublisher) StdoutLine: {'line': b"2: ./vendor/googletest/googletest/test/gtest_shuffle_test.py:88 in public function `GetTestsForAllIterations`: D406: Section name should end with a newline ('Returns', not 'Returns:')\n"}
[0.684149] (serverpublisher) StdoutLine: {'line': b'2: ./vendor/googletest/googletest/test/gtest_shuffle_test.py:111 in public function `GetTestCases`: D202: No blank lines allowed after function docstring (found 1)\n'}
[0.684224] (serverpublisher) StdoutLine: {'line': b'2: ./vendor/googletest/googletest/test/gtest_shuffle_test.py:111 in public function `GetTestCases`: D213: Multi-line docstring summary should start at the second line\n'}
[0.684312] (serverpublisher) StdoutLine: {'line': b"2: ./vendor/googletest/googletest/test/gtest_shuffle_test.py:111 in public function `GetTestCases`: D401: First line should be in imperative mood (perhaps 'Return', not 'Returns')\n"}
[0.684373] (serverpublisher) StdoutLine: {'line': b"2: ./vendor/googletest/googletest/test/gtest_shuffle_test.py:111 in public function `GetTestCases`: D413: Missing blank line after last section ('Returns')\n"}
[0.684427] (serverpublisher) StdoutLine: {'line': b"2: ./vendor/googletest/googletest/test/gtest_shuffle_test.py:111 in public function `GetTestCases`: D407: Missing dashed underline after section ('Returns')\n"}
[0.684479] (serverpublisher) StdoutLine: {'line': b"2: ./vendor/googletest/googletest/test/gtest_shuffle_test.py:111 in public function `GetTestCases`: D406: Section name should end with a newline ('Returns', not 'Returns:')\n"}
[0.684531] (serverpublisher) StdoutLine: {'line': b'2: ./vendor/googletest/googletest/test/gtest_shuffle_test.py:131 in public function `CalculateTestLists`: D202: No blank lines allowed after function docstring (found 1)\n'}
[0.684590] (serverpublisher) StdoutLine: {'line': b"2: ./vendor/googletest/googletest/test/gtest_shuffle_test.py:131 in public function `CalculateTestLists`: D401: First line should be in imperative mood (perhaps 'Calculate', not 'Calculates')\n"}
[0.684643] (serverpublisher) StdoutLine: {'line': b'2: checking ./vendor/googletest/googletest/test/gtest_test_utils.py\n'}
[0.684694] (serverpublisher) StdoutLine: {'line': b'2: ./vendor/googletest/googletest/test/gtest_test_utils.py:66 in public function `SetEnvVar`: D202: No blank lines allowed after function docstring (found 1)\n'}
[0.684746] (serverpublisher) StdoutLine: {'line': b'2: ./vendor/googletest/googletest/test/gtest_test_utils.py:87 in private function `_ParseAndStripGTestFlags`: D202: No blank lines allowed after function docstring (found 1)\n'}
[0.684798] (serverpublisher) StdoutLine: {'line': b"2: ./vendor/googletest/googletest/test/gtest_test_utils.py:87 in private function `_ParseAndStripGTestFlags`: D401: First line should be in imperative mood (perhaps 'Parse', not 'Parses')\n"}
[0.684849] (serverpublisher) StdoutLine: {'line': b'2: ./vendor/googletest/googletest/test/gtest_test_utils.py:116 in public function `GetFlag`: D202: No blank lines allowed after function docstring (found 1)\n'}
[0.689909] (serverpublisher) StdoutLine: {'line': b"2: ./vendor/googletest/googletest/test/gtest_test_utils.py:116 in public function `GetFlag`: D401: First line should be in imperative mood (perhaps 'Return', not 'Returns')\n"}
[0.690214] (serverpublisher) StdoutLine: {'line': b'2: ./vendor/googletest/googletest/test/gtest_test_utils.py:127 in public function `GetSourceDir`: D202: No blank lines allowed after function docstring (found 1)\n'}
[0.690318] (serverpublisher) StdoutLine: {'line': b"2: ./vendor/googletest/googletest/test/gtest_test_utils.py:127 in public function `GetSourceDir`: D401: First line should be in imperative mood (perhaps 'Return', not 'Returns')\n"}
[0.690418] (serverpublisher) StdoutLine: {'line': b'2: ./vendor/googletest/googletest/test/gtest_test_utils.py:133 in public function `GetBuildDir`: D202: No blank lines allowed after function docstring (found 1)\n'}
[0.690487] (serverpublisher) StdoutLine: {'line': b"2: ./vendor/googletest/googletest/test/gtest_test_utils.py:133 in public function `GetBuildDir`: D401: First line should be in imperative mood (perhaps 'Return', not 'Returns')\n"}
[0.690555] (serverpublisher) StdoutLine: {'line': b'2: ./vendor/googletest/googletest/test/gtest_test_utils.py:148 in public function `GetTempDir`: D202: No blank lines allowed after function docstring (found 1)\n'}
[0.690620] (serverpublisher) StdoutLine: {'line': b"2: ./vendor/googletest/googletest/test/gtest_test_utils.py:148 in public function `GetTempDir`: D401: First line should be in imperative mood (perhaps 'Return', not 'Returns')\n"}
[0.690695] (serverpublisher) StdoutLine: {'line': b'2: ./vendor/googletest/googletest/test/gtest_test_utils.py:157 in public function `GetTestExecutablePath`: D202: No blank lines allowed after function docstring (found 1)\n'}
[0.690765] (serverpublisher) StdoutLine: {'line': b'2: ./vendor/googletest/googletest/test/gtest_test_utils.py:157 in public function `GetTestExecutablePath`: D213: Multi-line docstring summary should start at the second line\n'}
[0.690831] (serverpublisher) StdoutLine: {'line': b"2: ./vendor/googletest/googletest/test/gtest_test_utils.py:157 in public function `GetTestExecutablePath`: D401: First line should be in imperative mood (perhaps 'Return', not 'Returns')\n"}
[0.690897] (serverpublisher) StdoutLine: {'line': b"2: ./vendor/googletest/googletest/test/gtest_test_utils.py:157 in public function `GetTestExecutablePath`: D413: Missing blank line after last section ('Returns')\n"}
[0.690990] (serverpublisher) StdoutLine: {'line': b"2: ./vendor/googletest/googletest/test/gtest_test_utils.py:157 in public function `GetTestExecutablePath`: D407: Missing dashed underline after section ('Returns')\n"}
[0.691129] (serverpublisher) StdoutLine: {'line': b"2: ./vendor/googletest/googletest/test/gtest_test_utils.py:157 in public function `GetTestExecutablePath`: D406: Section name should end with a newline ('Returns', not 'Returns:')\n"}
[0.691268] (serverpublisher) StdoutLine: {'line': b'2: ./vendor/googletest/googletest/test/gtest_test_utils.py:188 in public function `GetExitStatus`: D202: No blank lines allowed after function docstring (found 1)\n'}
[0.691400] (serverpublisher) StdoutLine: {'line': b'2: ./vendor/googletest/googletest/test/gtest_test_utils.py:188 in public function `GetExitStatus`: D213: Multi-line docstring summary should start at the second line\n'}
[0.691517] (serverpublisher) StdoutLine: {'line': b"2: ./vendor/googletest/googletest/test/gtest_test_utils.py:188 in public function `GetExitStatus`: D401: First line should be in imperative mood (perhaps 'Return', not 'Returns')\n"}
[0.691590] (serverpublisher) StdoutLine: {'line': b"2: ./vendor/googletest/googletest/test/gtest_test_utils.py:188 in public function `GetExitStatus`: D413: Missing blank line after last section ('Args')\n"}
[0.691669] (serverpublisher) StdoutLine: {'line': b"2: ./vendor/googletest/googletest/test/gtest_test_utils.py:188 in public function `GetExitStatus`: D407: Missing dashed underline after section ('Args')\n"}
[0.691722] (serverpublisher) StdoutLine: {'line': b'2: ./vendor/googletest/googletest/test/gtest_test_utils.py:209 in public method `__init__`: D202: No blank lines allowed after function docstring (found 1)\n'}
[0.691780] (serverpublisher) StdoutLine: {'line': b'2: ./vendor/googletest/googletest/test/gtest_test_utils.py:209 in public method `__init__`: D213: Multi-line docstring summary should start at the second line\n'}
[0.691833] (serverpublisher) StdoutLine: {'line': b"2: ./vendor/googletest/googletest/test/gtest_test_utils.py:209 in public method `__init__`: D401: First line should be in imperative mood (perhaps 'Change', not 'Changes')\n"}
[0.691883] (serverpublisher) StdoutLine: {'line': b"2: ./vendor/googletest/googletest/test/gtest_test_utils.py:209 in public method `__init__`: D413: Missing blank line after last section ('Returns')\n"}
[0.691942] (serverpublisher) StdoutLine: {'line': b"2: ./vendor/googletest/googletest/test/gtest_test_utils.py:209 in public method `__init__`: D407: Missing dashed underline after section ('Returns')\n"}
[0.692034] (serverpublisher) StdoutLine: {'line': b"2: ./vendor/googletest/googletest/test/gtest_test_utils.py:209 in public method `__init__`: D406: Section name should end with a newline ('Returns', not 'Returns:')\n"}
[0.692109] (serverpublisher) StdoutLine: {'line': b'2: ./vendor/googletest/googletest/test/gtest_test_utils.py:307 in public function `Main`: D202: No blank lines allowed after function docstring (found 1)\n'}
[0.692182] (serverpublisher) StdoutLine: {'line': b"2: ./vendor/googletest/googletest/test/gtest_test_utils.py:307 in public function `Main`: D401: First line should be in imperative mood (perhaps 'Run', not 'Runs')\n"}
[0.692268] (serverpublisher) StdoutLine: {'line': b'2: checking ./vendor/googletest/googletest/test/gtest_throw_on_failure_test.py\n'}
[0.692332] (serverpublisher) StdoutLine: {'line': b'2: ./vendor/googletest/googletest/test/gtest_throw_on_failure_test.py:32 at module level: D213: Multi-line docstring summary should start at the second line\n'}
[0.692384] (serverpublisher) StdoutLine: {'line': b'2: ./vendor/googletest/googletest/test/gtest_throw_on_failure_test.py:59 in public function `SetEnvVar`: D202: No blank lines allowed after function docstring (found 1)\n'}
[0.692434] (serverpublisher) StdoutLine: {'line': b'2: ./vendor/googletest/googletest/test/gtest_throw_on_failure_test.py:59 in public function `SetEnvVar`: D205: 1 blank line required between summary line and description (found 0)\n'}
[0.692485] (serverpublisher) StdoutLine: {'line': b'2: ./vendor/googletest/googletest/test/gtest_throw_on_failure_test.py:59 in public function `SetEnvVar`: D213: Multi-line docstring summary should start at the second line\n'}
[0.692534] (serverpublisher) StdoutLine: {'line': b"2: ./vendor/googletest/googletest/test/gtest_throw_on_failure_test.py:59 in public function `SetEnvVar`: D400: First line should end with a period (not 'e')\n"}
[0.692583] (serverpublisher) StdoutLine: {'line': b"2: ./vendor/googletest/googletest/test/gtest_throw_on_failure_test.py:59 in public function `SetEnvVar`: D415: First line should end with a period, question mark, or exclamation point (not 'e')\n"}
[0.692635] (serverpublisher) StdoutLine: {'line': b"2: ./vendor/googletest/googletest/test/gtest_throw_on_failure_test.py:59 in public function `SetEnvVar`: D401: First line should be in imperative mood (perhaps 'Set', not 'Sets')\n"}
[0.692685] (serverpublisher) StdoutLine: {'line': b'2: ./vendor/googletest/googletest/test/gtest_throw_on_failure_test.py:71 in public function `Run`: D202: No blank lines allowed after function docstring (found 1)\n'}
[0.692734] (serverpublisher) StdoutLine: {'line': b"2: ./vendor/googletest/googletest/test/gtest_throw_on_failure_test.py:71 in public function `Run`: D401: First line should be in imperative mood (perhaps 'Run', not 'Runs')\n"}
[0.692785] (serverpublisher) StdoutLine: {'line': b'2: ./vendor/googletest/googletest/test/gtest_throw_on_failure_test.py:84 in public method `RunAndVerify`: D202: No blank lines allowed after function docstring (found 1)\n'}
[0.692840] (serverpublisher) StdoutLine: {'line': b'2: ./vendor/googletest/googletest/test/gtest_throw_on_failure_test.py:84 in public method `RunAndVerify`: D205: 1 blank line required between summary line and description (found 0)\n'}
[0.692891] (serverpublisher) StdoutLine: {'line': b'2: ./vendor/googletest/googletest/test/gtest_throw_on_failure_test.py:84 in public method `RunAndVerify`: D213: Multi-line docstring summary should start at the second line\n'}
[0.692943] (serverpublisher) StdoutLine: {'line': b"2: ./vendor/googletest/googletest/test/gtest_throw_on_failure_test.py:84 in public method `RunAndVerify`: D400: First line should end with a period (not 's')\n"}
[0.693028] (serverpublisher) StdoutLine: {'line': b"2: ./vendor/googletest/googletest/test/gtest_throw_on_failure_test.py:84 in public method `RunAndVerify`: D415: First line should end with a period, question mark, or exclamation point (not 's')\n"}
[0.693104] (serverpublisher) StdoutLine: {'line': b"2: ./vendor/googletest/googletest/test/gtest_throw_on_failure_test.py:84 in public method `RunAndVerify`: D401: First line should be in imperative mood (perhaps 'Run', not 'Runs')\n"}
[0.693181] (serverpublisher) StdoutLine: {'line': b"2: ./vendor/googletest/googletest/test/gtest_throw_on_failure_test.py:84 in public method `RunAndVerify`: D413: Missing blank line after last section ('Args')\n"}
[0.693257] (serverpublisher) StdoutLine: {'line': b"2: ./vendor/googletest/googletest/test/gtest_throw_on_failure_test.py:84 in public method `RunAndVerify`: D407: Missing dashed underline after section ('Args')\n"}
[0.693343] (serverpublisher) StdoutLine: {'line': b'2: ./vendor/googletest/googletest/test/gtest_throw_on_failure_test.py:129 in public method `testDefaultBehavior`: D202: No blank lines allowed after function docstring (found 1)\n'}
[0.693400] (serverpublisher) StdoutLine: {'line': b'2: ./vendor/googletest/googletest/test/gtest_throw_on_failure_test.py:134 in public method `testThrowOnFailureEnvVar`: D202: No blank lines allowed after function docstring (found 1)\n'}
[0.693452] (serverpublisher) StdoutLine: {'line': b'2: ./vendor/googletest/googletest/test/gtest_throw_on_failure_test.py:144 in public method `testThrowOnFailureFlag`: D202: No blank lines allowed after function docstring (found 1)\n'}
[0.693502] (serverpublisher) StdoutLine: {'line': b'2: ./vendor/googletest/googletest/test/gtest_throw_on_failure_test.py:154 in public method `testThrowOnFailureFlagOverridesEnvVar`: D202: No blank lines allowed after function docstring (found 1)\n'}
[0.693552] (serverpublisher) StdoutLine: {'line': b'2: checking ./vendor/googletest/googletest/test/gtest_uninitialized_test.py\n'}
[0.693601] (serverpublisher) StdoutLine: {'line': b'2: ./vendor/googletest/googletest/test/gtest_uninitialized_test.py:55 in public function `TestExitCodeAndOutput`: D202: No blank lines allowed after function docstring (found 1)\n'}
[0.700177] (-) TimerEvent: {}
[0.707213] (serverpublisher) StdoutLine: {'line': b'2: Error in file ./vendor/googletest/googletest/xcode/Scripts/versiongenerate.py: Cannot parse file.\n'}
[0.707352] (serverpublisher) StdoutLine: {'line': b"2: ./vendor/googletest/googletest/test/gtest_uninitialized_test.py:55 in public function `TestExitCodeAndOutput`: D401: First line should be in imperative mood (perhaps 'Run', not 'Runs')\n"}
[0.707447] (serverpublisher) StdoutLine: {'line': b'2: checking ./vendor/googletest/googletest/test/gtest_xml_outfiles_test.py\n'}
[0.707600] (serverpublisher) StdoutLine: {'line': b'2: checking ./vendor/googletest/googletest/test/gtest_xml_output_unittest.py\n'}
[0.707657] (serverpublisher) StdoutLine: {'line': b"2: ./vendor/googletest/googletest/test/gtest_xml_output_unittest.py:32 at module level: D400: First line should end with a period (not 'e')\n"}
[0.707711] (serverpublisher) StdoutLine: {'line': b"2: ./vendor/googletest/googletest/test/gtest_xml_output_unittest.py:32 at module level: D415: First line should end with a period, question mark, or exclamation point (not 'e')\n"}
[0.707766] (serverpublisher) StdoutLine: {'line': b'2: ./vendor/googletest/googletest/test/gtest_xml_output_unittest.py:153 in public class `GTestXMLOutputUnitTest`: D200: One-line docstring should fit on one line with quotes (found 3)\n'}
[0.707819] (serverpublisher) StdoutLine: {'line': b'2: ./vendor/googletest/googletest/test/gtest_xml_output_unittest.py:161 in public method `testNonEmptyXmlOutput`: D205: 1 blank line required between summary line and description (found 0)\n'}
[0.707877] (serverpublisher) StdoutLine: {'line': b"2: ./vendor/googletest/googletest/test/gtest_xml_output_unittest.py:161 in public method `testNonEmptyXmlOutput`: D400: First line should end with a period (not 'd')\n"}
[0.707939] (serverpublisher) StdoutLine: {'line': b"2: ./vendor/googletest/googletest/test/gtest_xml_output_unittest.py:161 in public method `testNonEmptyXmlOutput`: D415: First line should end with a period, question mark, or exclamation point (not 'd')\n"}
[0.708035] (serverpublisher) StdoutLine: {'line': b'2: ./vendor/googletest/googletest/test/gtest_xml_output_unittest.py:168 in public method `testEmptyXmlOutput`: D202: No blank lines allowed after function docstring (found 1)\n'}
[0.708121] (serverpublisher) StdoutLine: {'line': b'2: ./vendor/googletest/googletest/test/gtest_xml_output_unittest.py:168 in public method `testEmptyXmlOutput`: D213: Multi-line docstring summary should start at the second line\n'}
[0.708197] (serverpublisher) StdoutLine: {'line': b'2: ./vendor/googletest/googletest/test/gtest_xml_output_unittest.py:177 in public method `testTimestampValue`: D213: Multi-line docstring summary should start at the second line\n'}
[0.708286] (serverpublisher) StdoutLine: {'line': b'2: ./vendor/googletest/googletest/test/gtest_xml_output_unittest.py:202 in public method `testDefaultOutputFile`: D205: 1 blank line required between summary line and description (found 0)\n'}
[0.708345] (serverpublisher) StdoutLine: {'line': b"2: ./vendor/googletest/googletest/test/gtest_xml_output_unittest.py:202 in public method `testDefaultOutputFile`: D400: First line should end with a period (not 'd')\n"}
[0.708397] (serverpublisher) StdoutLine: {'line': b"2: ./vendor/googletest/googletest/test/gtest_xml_output_unittest.py:202 in public method `testDefaultOutputFile`: D415: First line should end with a period, question mark, or exclamation point (not 'd')\n"}
[0.708448] (serverpublisher) StdoutLine: {'line': b'2: ./vendor/googletest/googletest/test/gtest_xml_output_unittest.py:225 in public method `testSuppressedXmlOutput`: D202: No blank lines allowed after function docstring (found 1)\n'}
[0.708497] (serverpublisher) StdoutLine: {'line': b'2: ./vendor/googletest/googletest/test/gtest_xml_output_unittest.py:225 in public method `testSuppressedXmlOutput`: D205: 1 blank line required between summary line and description (found 0)\n'}
[0.708558] (serverpublisher) StdoutLine: {'line': b"2: ./vendor/googletest/googletest/test/gtest_xml_output_unittest.py:225 in public method `testSuppressedXmlOutput`: D400: First line should end with a period (not 's')\n"}
[0.708609] (serverpublisher) StdoutLine: {'line': b"2: ./vendor/googletest/googletest/test/gtest_xml_output_unittest.py:225 in public method `testSuppressedXmlOutput`: D415: First line should end with a period, question mark, or exclamation point (not 's')\n"}
[0.708658] (serverpublisher) StdoutLine: {'line': b'2: ./vendor/googletest/googletest/test/gtest_xml_output_unittest.py:254 in public method `testFilteredTestXmlOutput`: D202: No blank lines allowed after function docstring (found 1)\n'}
[0.708709] (serverpublisher) StdoutLine: {'line': b'2: ./vendor/googletest/googletest/test/gtest_xml_output_unittest.py:254 in public method `testFilteredTestXmlOutput`: D213: Multi-line docstring summary should start at the second line\n'}
[0.708760] (serverpublisher) StdoutLine: {'line': b'2: ./vendor/googletest/googletest/test/gtest_xml_output_unittest.py:264 in private method `_GetXmlOutput`: D205: 1 blank line required between summary line and description (found 0)\n'}
[0.708811] (serverpublisher) StdoutLine: {'line': b"2: ./vendor/googletest/googletest/test/gtest_xml_output_unittest.py:264 in private method `_GetXmlOutput`: D401: First line should be in imperative mood (perhaps 'Return', not 'Returns')\n"}
[0.708862] (serverpublisher) StdoutLine: {'line': b'2: ./vendor/googletest/googletest/test/gtest_xml_output_unittest.py:289 in private method `_TestXmlOutput`: D202: No blank lines allowed after function docstring (found 1)\n'}
[0.708912] (serverpublisher) StdoutLine: {'line': b'2: ./vendor/googletest/googletest/test/gtest_xml_output_unittest.py:289 in private method `_TestXmlOutput`: D205: 1 blank line required between summary line and description (found 0)\n'}
[0.708983] (serverpublisher) StdoutLine: {'line': b"2: ./vendor/googletest/googletest/test/gtest_xml_output_unittest.py:289 in private method `_TestXmlOutput`: D400: First line should end with a period (not 'm')\n"}
[0.709065] (serverpublisher) StdoutLine: {'line': b"2: ./vendor/googletest/googletest/test/gtest_xml_output_unittest.py:289 in private method `_TestXmlOutput`: D415: First line should end with a period, question mark, or exclamation point (not 'm')\n"}
[0.709140] (serverpublisher) StdoutLine: {'line': b"2: ./vendor/googletest/googletest/test/gtest_xml_output_unittest.py:289 in private method `_TestXmlOutput`: D401: First line should be in imperative mood (perhaps 'Assert', not 'Asserts')\n"}
[0.709213] (serverpublisher) StdoutLine: {'line': b'2: checking ./vendor/googletest/googletest/test/gtest_xml_test_utils.py\n'}
[0.709293] (serverpublisher) StdoutLine: {'line': b"2: ./vendor/googletest/googletest/test/gtest_xml_test_utils.py:32 at module level: D400: First line should end with a period (not 't')\n"}
[0.709362] (serverpublisher) StdoutLine: {'line': b"2: ./vendor/googletest/googletest/test/gtest_xml_test_utils.py:32 at module level: D415: First line should end with a period, question mark, or exclamation point (not 't')\n"}
[0.709415] (serverpublisher) StdoutLine: {'line': b'2: ./vendor/googletest/googletest/test/gtest_xml_test_utils.py:46 in public class `GTestXMLTestCase`: D200: One-line docstring should fit on one line with quotes (found 3)\n'}
[0.709470] (serverpublisher) StdoutLine: {'line': b'2: ./vendor/googletest/googletest/test/gtest_xml_test_utils.py:46 in public class `GTestXMLTestCase`: D204: 1 blank line required after class docstring (found 2)\n'}
[0.709523] (serverpublisher) StdoutLine: {'line': b'2: ./vendor/googletest/googletest/test/gtest_xml_test_utils.py:52 in public method `AssertEquivalentNodes`: D202: No blank lines allowed after function docstring (found 1)\n'}
[0.709574] (serverpublisher) StdoutLine: {'line': b'2: ./vendor/googletest/googletest/test/gtest_xml_test_utils.py:52 in public method `AssertEquivalentNodes`: D205: 1 blank line required between summary line and description (found 0)\n'}
[0.709624] (serverpublisher) StdoutLine: {'line': b"2: ./vendor/googletest/googletest/test/gtest_xml_test_utils.py:52 in public method `AssertEquivalentNodes`: D400: First line should end with a period (not 'o')\n"}
[0.709675] (serverpublisher) StdoutLine: {'line': b"2: ./vendor/googletest/googletest/test/gtest_xml_test_utils.py:52 in public method `AssertEquivalentNodes`: D415: First line should end with a period, question mark, or exclamation point (not 'o')\n"}
[0.709726] (serverpublisher) StdoutLine: {'line': b"2: ./vendor/googletest/googletest/test/gtest_xml_test_utils.py:52 in public method `AssertEquivalentNodes`: D401: First line should be in imperative mood (perhaps 'Assert', not 'Asserts')\n"}
[0.709776] (serverpublisher) StdoutLine: {'line': b'2: ./vendor/googletest/googletest/test/gtest_xml_test_utils.py:118 in private method `_GetChildren`: D202: No blank lines allowed after function docstring (found 1)\n'}
[0.709826] (serverpublisher) StdoutLine: {'line': b'2: ./vendor/googletest/googletest/test/gtest_xml_test_utils.py:118 in private method `_GetChildren`: D205: 1 blank line required between summary line and description (found 0)\n'}
[0.709876] (serverpublisher) StdoutLine: {'line': b"2: ./vendor/googletest/googletest/test/gtest_xml_test_utils.py:118 in private method `_GetChildren`: D401: First line should be in imperative mood (perhaps 'Fetch', not 'Fetches')\n"}
[0.709936] (serverpublisher) StdoutLine: {'line': b'2: ./vendor/googletest/googletest/test/gtest_xml_test_utils.py:151 in public method `NormalizeXml`: D202: No blank lines allowed after function docstring (found 1)\n'}
[0.710023] (serverpublisher) StdoutLine: {'line': b'2: ./vendor/googletest/googletest/test/gtest_xml_test_utils.py:151 in public method `NormalizeXml`: D205: 1 blank line required between summary line and description (found 0)\n'}
[0.710102] (serverpublisher) StdoutLine: {'line': b"2: ./vendor/googletest/googletest/test/gtest_xml_test_utils.py:151 in public method `NormalizeXml`: D400: First line should end with a period (not 't')\n"}
[0.710176] (serverpublisher) StdoutLine: {'line': b"2: ./vendor/googletest/googletest/test/gtest_xml_test_utils.py:151 in public method `NormalizeXml`: D415: First line should end with a period, question mark, or exclamation point (not 't')\n"}
[0.710251] (serverpublisher) StdoutLine: {'line': b"2: ./vendor/googletest/googletest/test/gtest_xml_test_utils.py:151 in public method `NormalizeXml`: D401: First line should be in imperative mood (perhaps 'Normalize', not 'Normalizes')\n"}
[0.710327] (serverpublisher) StdoutLine: {'line': b'2: checking ./vendor/googletest/googletest/xcode/Scripts/versiongenerate.py\n'}
[0.710382] (serverpublisher) StdoutLine: {'line': b'2: ./vendor/googletest/googletest/xcode/Scripts/versiongenerate.py: Cannot parse file.\n'}
[0.710433] (serverpublisher) StdoutLine: {'line': b'2: 453 errors\n'}
[0.722374] (serverpublisher) StdoutLine: {'line': b'2: Traceback (most recent call last):\n'}
[0.722517] (serverpublisher) StdoutLine: {'line': b'2:   File "/opt/ros/humble/bin/ament_pep257", line 33, in <module>\n'}
[0.722580] (serverpublisher) StdoutLine: {'line': b"2:     sys.exit(load_entry_point('ament-pep257==0.12.4', 'console_scripts', 'ament_pep257')())\n"}
[0.722637] (serverpublisher) StdoutLine: {'line': b'2:   File "/opt/ros/humble/lib/python3.10/site-packages/ament_pep257/main.py", line 149, in main\n'}
[0.722693] (serverpublisher) StdoutLine: {'line': b'2:     xml = get_xunit_content(report, testname, time.time() - start_time)\n'}
[0.722747] (serverpublisher) StdoutLine: {'line': b'2:   File "/opt/ros/humble/lib/python3.10/site-packages/ament_pep257/main.py", line 259, in get_xunit_content\n'}
[0.722801] (serverpublisher) StdoutLine: {'line': b"2:     '%s (%s:%d)' % (\n"}
[0.722854] (serverpublisher) StdoutLine: {'line': b'2: TypeError: %d format: a real number is required, not str\n'}
[0.735912] (serverpublisher) StdoutLine: {'line': b'2: -- run_test.py: return code 1\n'}
[0.736149] (serverpublisher) StdoutLine: {'line': b"2: -- run_test.py: generate result file '/home/chotu/Beginner_Tutorials_Ros2/build/serverpublisher/test_results/serverpublisher/pep257.xunit.xml' with failed test\n"}
[0.736595] (serverpublisher) StdoutLine: {'line': b"2: -- run_test.py: verify result file '/home/chotu/Beginner_Tutorials_Ros2/build/serverpublisher/test_results/serverpublisher/pep257.xunit.xml'\n"}
[0.745458] (serverpublisher) StdoutLine: {'line': b'2/2 Test #2: pep257 ...........................***Failed    0.55 sec\n'}
[0.745876] (serverpublisher) StdoutLine: {'line': b'\n'}
[0.746018] (serverpublisher) StdoutLine: {'line': b'50% tests passed\x1b[0;0m, \x1b[0;31m1 tests failed\x1b[0;0m out of 2\n'}
[0.746132] (serverpublisher) StdoutLine: {'line': b'\n'}
[0.746235] (serverpublisher) StdoutLine: {'line': b'Label Time Summary:\n'}
[0.746337] (serverpublisher) StdoutLine: {'line': b'gtest     =   0.17 sec*proc (1 test)\n'}
[0.746458] (serverpublisher) StdoutLine: {'line': b'linter    =   0.55 sec*proc (1 test)\n'}
[0.746546] (serverpublisher) StdoutLine: {'line': b'pep257    =   0.55 sec*proc (1 test)\n'}
[0.746618] (serverpublisher) StdoutLine: {'line': b'\n'}
[0.746671] (serverpublisher) StdoutLine: {'line': b'Total Test time (real) =   0.72 sec\n'}
[0.746720] (serverpublisher) StdoutLine: {'line': b'\n'}
[0.746769] (serverpublisher) StdoutLine: {'line': b'The following tests FAILED:\n'}
[0.746818] (serverpublisher) StdoutLine: {'line': b'\t\x1b[0;31m  2 - pep257 (Failed)\x1b[0;0m\n'}
[0.766492] (serverpublisher) StderrLine: {'line': b'Errors while running CTest\n'}
[0.766695] (serverpublisher) StderrLine: {'line': b'Output from these tests are in: /home/chotu/Beginner_Tutorials_Ros2/build/serverpublisher/Testing/Temporary/LastTest.log\n'}
[0.766760] (serverpublisher) StderrLine: {'line': b'Use "--rerun-failed --output-on-failure" to re-run the failed cases verbosely.\n'}
[0.767879] (serverpublisher) CommandEnded: {'returncode': 8}
[0.768302] (serverpublisher) TestFailure: {'identifier': 'serverpublisher'}
[0.768355] (serverpublisher) JobEnded: {'identifier': 'serverpublisher', 'rc': 0}
[0.768731] (-) EventReactorShutdown: {}
